[4.288s] DEBUG:colcon:Command line arguments: ['/usr/bin/colcon', 'list', '-p', '--base-paths', '/home/ignatj/ros2_ws']
[4.288s] DEBUG:colcon:Parsed command line arguments: Namespace(log_base=None, log_level=None, verb_name='list', build_base='build', ignore_user_meta=False, metas=['./colcon.meta'], base_paths=['/home/ignatj/ros2_ws'], packages_ignore=None, packages_ignore_regex=None, paths=None, packages_up_to=None, packages_up_to_regex=None, packages_above=None, packages_above_and_dependencies=None, packages_above_depth=None, packages_select_by_dep=None, packages_skip_by_dep=None, packages_skip_up_to=None, packages_select_build_failed=False, packages_skip_build_finished=False, packages_select_test_failures=False, packages_skip_test_passed=False, packages_select=None, packages_skip=None, packages_select_regex=None, packages_skip_regex=None, packages_start=None, packages_end=None, allow_overriding=[], topological_order=False, names_only=False, paths_only=True, topological_graph=False, topological_graph_dot=False, topological_graph_density=False, topological_graph_legend=False, topological_graph_dot_cluster=False, topological_graph_dot_include_skipped=False, verb_parser=<colcon_defaults.argument_parser.defaults.DefaultArgumentsDecorator object at 0x7ba131fb7a60>, verb_extension=<colcon_package_information.verb.list.ListVerb object at 0x7ba131fb6c50>, main=<bound method ListVerb.main of <colcon_package_information.verb.list.ListVerb object at 0x7ba131fb6c50>>)
[4.482s] Level 1:colcon.colcon_core.package_discovery:discover_packages(colcon_meta) check parameters
[4.482s] Level 1:colcon.colcon_core.package_discovery:discover_packages(recursive) check parameters
[4.482s] Level 1:colcon.colcon_core.package_discovery:discover_packages(ignore) check parameters
[4.482s] Level 1:colcon.colcon_core.package_discovery:discover_packages(path) check parameters
[4.482s] Level 1:colcon.colcon_core.package_discovery:discover_packages(recursive) discover
[4.483s] INFO:colcon.colcon_core.package_discovery:Crawling recursively for packages in '/home/ignatj/ros2_ws'
[4.483s] Level 1:colcon.colcon_core.package_identification:_identify(/home/ignatj/ros2_ws) by extensions ['ignore', 'ignore_ament_install']
[4.483s] Level 1:colcon.colcon_core.package_identification:_identify(/home/ignatj/ros2_ws) by extension 'ignore'
[4.483s] Level 1:colcon.colcon_core.package_identification:_identify(/home/ignatj/ros2_ws) by extension 'ignore_ament_install'
[4.484s] Level 1:colcon.colcon_core.package_identification:_identify(/home/ignatj/ros2_ws) by extensions ['colcon_pkg']
[4.484s] Level 1:colcon.colcon_core.package_identification:_identify(/home/ignatj/ros2_ws) by extension 'colcon_pkg'
[4.484s] Level 1:colcon.colcon_core.package_identification:_identify(/home/ignatj/ros2_ws) by extensions ['colcon_meta']
[4.484s] Level 1:colcon.colcon_core.package_identification:_identify(/home/ignatj/ros2_ws) by extension 'colcon_meta'
[4.484s] Level 1:colcon.colcon_core.package_identification:_identify(/home/ignatj/ros2_ws) by extensions ['ros']
[4.484s] Level 1:colcon.colcon_core.package_identification:_identify(/home/ignatj/ros2_ws) by extension 'ros'
[4.512s] Level 1:colcon.colcon_core.package_identification:_identify(/home/ignatj/ros2_ws) by extensions ['cmake', 'python']
[4.512s] Level 1:colcon.colcon_core.package_identification:_identify(/home/ignatj/ros2_ws) by extension 'cmake'
[4.512s] Level 1:colcon.colcon_core.package_identification:_identify(/home/ignatj/ros2_ws) by extension 'python'
[4.512s] Level 1:colcon.colcon_core.package_identification:_identify(/home/ignatj/ros2_ws) by extensions ['python_setup_py']
[4.513s] Level 1:colcon.colcon_core.package_identification:_identify(/home/ignatj/ros2_ws) by extension 'python_setup_py'
[4.513s] Level 1:colcon.colcon_core.package_identification:_identify(/home/ignatj/ros2_ws/build) by extensions ['ignore', 'ignore_ament_install']
[4.513s] Level 1:colcon.colcon_core.package_identification:_identify(/home/ignatj/ros2_ws/build) by extension 'ignore'
[4.514s] Level 1:colcon.colcon_core.package_identification:_identify(/home/ignatj/ros2_ws/build) ignored
[4.514s] Level 1:colcon.colcon_core.package_identification:_identify(/home/ignatj/ros2_ws/install) by extensions ['ignore', 'ignore_ament_install']
[4.515s] Level 1:colcon.colcon_core.package_identification:_identify(/home/ignatj/ros2_ws/install) by extension 'ignore'
[4.515s] Level 1:colcon.colcon_core.package_identification:_identify(/home/ignatj/ros2_ws/install) ignored
[4.515s] Level 1:colcon.colcon_core.package_identification:_identify(/home/ignatj/ros2_ws/log) by extensions ['ignore', 'ignore_ament_install']
[4.516s] Level 1:colcon.colcon_core.package_identification:_identify(/home/ignatj/ros2_ws/log) by extension 'ignore'
[4.516s] Level 1:colcon.colcon_core.package_identification:_identify(/home/ignatj/ros2_ws/log) ignored
[4.517s] Level 1:colcon.colcon_core.package_identification:_identify(/home/ignatj/ros2_ws/src) by extensions ['ignore', 'ignore_ament_install']
[4.517s] Level 1:colcon.colcon_core.package_identification:_identify(/home/ignatj/ros2_ws/src) by extension 'ignore'
[4.518s] Level 1:colcon.colcon_core.package_identification:_identify(/home/ignatj/ros2_ws/src) by extension 'ignore_ament_install'
[4.518s] Level 1:colcon.colcon_core.package_identification:_identify(/home/ignatj/ros2_ws/src) by extensions ['colcon_pkg']
[4.518s] Level 1:colcon.colcon_core.package_identification:_identify(/home/ignatj/ros2_ws/src) by extension 'colcon_pkg'
[4.518s] Level 1:colcon.colcon_core.package_identification:_identify(/home/ignatj/ros2_ws/src) by extensions ['colcon_meta']
[4.518s] Level 1:colcon.colcon_core.package_identification:_identify(/home/ignatj/ros2_ws/src) by extension 'colcon_meta'
[4.518s] Level 1:colcon.colcon_core.package_identification:_identify(/home/ignatj/ros2_ws/src) by extensions ['ros']
[4.519s] Level 1:colcon.colcon_core.package_identification:_identify(/home/ignatj/ros2_ws/src) by extension 'ros'
[4.519s] Level 1:colcon.colcon_core.package_identification:_identify(/home/ignatj/ros2_ws/src) by extensions ['cmake', 'python']
[4.519s] Level 1:colcon.colcon_core.package_identification:_identify(/home/ignatj/ros2_ws/src) by extension 'cmake'
[4.519s] Level 1:colcon.colcon_core.package_identification:_identify(/home/ignatj/ros2_ws/src) by extension 'python'
[4.519s] Level 1:colcon.colcon_core.package_identification:_identify(/home/ignatj/ros2_ws/src) by extensions ['python_setup_py']
[4.519s] Level 1:colcon.colcon_core.package_identification:_identify(/home/ignatj/ros2_ws/src) by extension 'python_setup_py'
[4.519s] Level 1:colcon.colcon_core.package_identification:_identify(/home/ignatj/ros2_ws/src/my_robot_controller) by extensions ['ignore', 'ignore_ament_install']
[4.520s] Level 1:colcon.colcon_core.package_identification:_identify(/home/ignatj/ros2_ws/src/my_robot_controller) by extension 'ignore'
[4.520s] Level 1:colcon.colcon_core.package_identification:_identify(/home/ignatj/ros2_ws/src/my_robot_controller) by extension 'ignore_ament_install'
[4.520s] Level 1:colcon.colcon_core.package_identification:_identify(/home/ignatj/ros2_ws/src/my_robot_controller) by extensions ['colcon_pkg']
[4.520s] Level 1:colcon.colcon_core.package_identification:_identify(/home/ignatj/ros2_ws/src/my_robot_controller) by extension 'colcon_pkg'
[4.520s] Level 1:colcon.colcon_core.package_identification:_identify(/home/ignatj/ros2_ws/src/my_robot_controller) by extensions ['colcon_meta']
[4.520s] Level 1:colcon.colcon_core.package_identification:_identify(/home/ignatj/ros2_ws/src/my_robot_controller) by extension 'colcon_meta'
[4.521s] Level 1:colcon.colcon_core.package_identification:_identify(/home/ignatj/ros2_ws/src/my_robot_controller) by extensions ['ros']
[4.521s] Level 1:colcon.colcon_core.package_identification:_identify(/home/ignatj/ros2_ws/src/my_robot_controller) by extension 'ros'
[4.528s] DEBUG:colcon.colcon_core.package_identification:Package '/home/ignatj/ros2_ws/src/my_robot_controller' with type 'ros.ament_python' and name 'my_robot_controller'
[4.529s] Level 1:colcon.colcon_core.package_identification:_identify(/home/ignatj/ros2_ws/src/ros_tutorials) by extensions ['ignore', 'ignore_ament_install']
[4.529s] Level 1:colcon.colcon_core.package_identification:_identify(/home/ignatj/ros2_ws/src/ros_tutorials) by extension 'ignore'
[4.529s] Level 1:colcon.colcon_core.package_identification:_identify(/home/ignatj/ros2_ws/src/ros_tutorials) by extension 'ignore_ament_install'
[4.529s] Level 1:colcon.colcon_core.package_identification:_identify(/home/ignatj/ros2_ws/src/ros_tutorials) by extensions ['colcon_pkg']
[4.529s] Level 1:colcon.colcon_core.package_identification:_identify(/home/ignatj/ros2_ws/src/ros_tutorials) by extension 'colcon_pkg'
[4.530s] Level 1:colcon.colcon_core.package_identification:_identify(/home/ignatj/ros2_ws/src/ros_tutorials) by extensions ['colcon_meta']
[4.530s] Level 1:colcon.colcon_core.package_identification:_identify(/home/ignatj/ros2_ws/src/ros_tutorials) by extension 'colcon_meta'
[4.530s] Level 1:colcon.colcon_core.package_identification:_identify(/home/ignatj/ros2_ws/src/ros_tutorials) by extensions ['ros']
[4.530s] Level 1:colcon.colcon_core.package_identification:_identify(/home/ignatj/ros2_ws/src/ros_tutorials) by extension 'ros'
[4.531s] Level 1:colcon.colcon_core.package_identification:_identify(/home/ignatj/ros2_ws/src/ros_tutorials) by extensions ['cmake', 'python']
[4.531s] Level 1:colcon.colcon_core.package_identification:_identify(/home/ignatj/ros2_ws/src/ros_tutorials) by extension 'cmake'
[4.531s] Level 1:colcon.colcon_core.package_identification:_identify(/home/ignatj/ros2_ws/src/ros_tutorials) by extension 'python'
[4.531s] Level 1:colcon.colcon_core.package_identification:_identify(/home/ignatj/ros2_ws/src/ros_tutorials) by extensions ['python_setup_py']
[4.531s] Level 1:colcon.colcon_core.package_identification:_identify(/home/ignatj/ros2_ws/src/ros_tutorials) by extension 'python_setup_py'
[4.531s] Level 1:colcon.colcon_core.package_identification:_identify(/home/ignatj/ros2_ws/src/ros_tutorials/ros_tutorials) by extensions ['ignore', 'ignore_ament_install']
[4.532s] Level 1:colcon.colcon_core.package_identification:_identify(/home/ignatj/ros2_ws/src/ros_tutorials/ros_tutorials) by extension 'ignore'
[4.532s] Level 1:colcon.colcon_core.package_identification:_identify(/home/ignatj/ros2_ws/src/ros_tutorials/ros_tutorials) ignored
[4.532s] Level 1:colcon.colcon_core.package_identification:_identify(/home/ignatj/ros2_ws/src/ros_tutorials/roscpp_tutorials) by extensions ['ignore', 'ignore_ament_install']
[4.532s] Level 1:colcon.colcon_core.package_identification:_identify(/home/ignatj/ros2_ws/src/ros_tutorials/roscpp_tutorials) by extension 'ignore'
[4.533s] Level 1:colcon.colcon_core.package_identification:_identify(/home/ignatj/ros2_ws/src/ros_tutorials/roscpp_tutorials) ignored
[4.533s] Level 1:colcon.colcon_core.package_identification:_identify(/home/ignatj/ros2_ws/src/ros_tutorials/rospy_tutorials) by extensions ['ignore', 'ignore_ament_install']
[4.533s] Level 1:colcon.colcon_core.package_identification:_identify(/home/ignatj/ros2_ws/src/ros_tutorials/rospy_tutorials) by extension 'ignore'
[4.534s] Level 1:colcon.colcon_core.package_identification:_identify(/home/ignatj/ros2_ws/src/ros_tutorials/rospy_tutorials) ignored
[4.534s] Level 1:colcon.colcon_core.package_identification:_identify(/home/ignatj/ros2_ws/src/ros_tutorials/turtlesim) by extensions ['ignore', 'ignore_ament_install']
[4.535s] Level 1:colcon.colcon_core.package_identification:_identify(/home/ignatj/ros2_ws/src/ros_tutorials/turtlesim) by extension 'ignore'
[4.535s] Level 1:colcon.colcon_core.package_identification:_identify(/home/ignatj/ros2_ws/src/ros_tutorials/turtlesim) by extension 'ignore_ament_install'
[4.535s] Level 1:colcon.colcon_core.package_identification:_identify(/home/ignatj/ros2_ws/src/ros_tutorials/turtlesim) by extensions ['colcon_pkg']
[4.535s] Level 1:colcon.colcon_core.package_identification:_identify(/home/ignatj/ros2_ws/src/ros_tutorials/turtlesim) by extension 'colcon_pkg'
[4.535s] Level 1:colcon.colcon_core.package_identification:_identify(/home/ignatj/ros2_ws/src/ros_tutorials/turtlesim) by extensions ['colcon_meta']
[4.535s] Level 1:colcon.colcon_core.package_identification:_identify(/home/ignatj/ros2_ws/src/ros_tutorials/turtlesim) by extension 'colcon_meta'
[4.535s] Level 1:colcon.colcon_core.package_identification:_identify(/home/ignatj/ros2_ws/src/ros_tutorials/turtlesim) by extensions ['ros']
[4.535s] Level 1:colcon.colcon_core.package_identification:_identify(/home/ignatj/ros2_ws/src/ros_tutorials/turtlesim) by extension 'ros'
[4.539s] DEBUG:colcon.colcon_core.package_identification:Package '/home/ignatj/ros2_ws/src/ros_tutorials/turtlesim' with type 'ros.ament_cmake' and name 'turtlesim'
[4.539s] Level 1:colcon.colcon_core.package_identification:_identify(/home/ignatj/ros2_ws/src/turtlebot3) by extensions ['ignore', 'ignore_ament_install']
[4.540s] Level 1:colcon.colcon_core.package_identification:_identify(/home/ignatj/ros2_ws/src/turtlebot3) by extension 'ignore'
[4.540s] Level 1:colcon.colcon_core.package_identification:_identify(/home/ignatj/ros2_ws/src/turtlebot3) by extension 'ignore_ament_install'
[4.540s] Level 1:colcon.colcon_core.package_identification:_identify(/home/ignatj/ros2_ws/src/turtlebot3) by extensions ['colcon_pkg']
[4.540s] Level 1:colcon.colcon_core.package_identification:_identify(/home/ignatj/ros2_ws/src/turtlebot3) by extension 'colcon_pkg'
[4.540s] Level 1:colcon.colcon_core.package_identification:_identify(/home/ignatj/ros2_ws/src/turtlebot3) by extensions ['colcon_meta']
[4.540s] Level 1:colcon.colcon_core.package_identification:_identify(/home/ignatj/ros2_ws/src/turtlebot3) by extension 'colcon_meta'
[4.541s] Level 1:colcon.colcon_core.package_identification:_identify(/home/ignatj/ros2_ws/src/turtlebot3) by extensions ['ros']
[4.541s] Level 1:colcon.colcon_core.package_identification:_identify(/home/ignatj/ros2_ws/src/turtlebot3) by extension 'ros'
[4.541s] Level 1:colcon.colcon_core.package_identification:_identify(/home/ignatj/ros2_ws/src/turtlebot3) by extensions ['cmake', 'python']
[4.541s] Level 1:colcon.colcon_core.package_identification:_identify(/home/ignatj/ros2_ws/src/turtlebot3) by extension 'cmake'
[4.541s] Level 1:colcon.colcon_core.package_identification:_identify(/home/ignatj/ros2_ws/src/turtlebot3) by extension 'python'
[4.542s] Level 1:colcon.colcon_core.package_identification:_identify(/home/ignatj/ros2_ws/src/turtlebot3) by extensions ['python_setup_py']
[4.542s] Level 1:colcon.colcon_core.package_identification:_identify(/home/ignatj/ros2_ws/src/turtlebot3) by extension 'python_setup_py'
[4.542s] Level 1:colcon.colcon_core.package_identification:_identify(/home/ignatj/ros2_ws/src/turtlebot3/turtlebot3) by extensions ['ignore', 'ignore_ament_install']
[4.543s] Level 1:colcon.colcon_core.package_identification:_identify(/home/ignatj/ros2_ws/src/turtlebot3/turtlebot3) by extension 'ignore'
[4.543s] Level 1:colcon.colcon_core.package_identification:_identify(/home/ignatj/ros2_ws/src/turtlebot3/turtlebot3) by extension 'ignore_ament_install'
[4.543s] Level 1:colcon.colcon_core.package_identification:_identify(/home/ignatj/ros2_ws/src/turtlebot3/turtlebot3) by extensions ['colcon_pkg']
[4.543s] Level 1:colcon.colcon_core.package_identification:_identify(/home/ignatj/ros2_ws/src/turtlebot3/turtlebot3) by extension 'colcon_pkg'
[4.543s] Level 1:colcon.colcon_core.package_identification:_identify(/home/ignatj/ros2_ws/src/turtlebot3/turtlebot3) by extensions ['colcon_meta']
[4.544s] Level 1:colcon.colcon_core.package_identification:_identify(/home/ignatj/ros2_ws/src/turtlebot3/turtlebot3) by extension 'colcon_meta'
[4.544s] Level 1:colcon.colcon_core.package_identification:_identify(/home/ignatj/ros2_ws/src/turtlebot3/turtlebot3) by extensions ['ros']
[4.544s] Level 1:colcon.colcon_core.package_identification:_identify(/home/ignatj/ros2_ws/src/turtlebot3/turtlebot3) by extension 'ros'
[4.546s] DEBUG:colcon.colcon_core.package_identification:Package '/home/ignatj/ros2_ws/src/turtlebot3/turtlebot3' with type 'ros.ament_cmake' and name 'turtlebot3'
[4.547s] Level 1:colcon.colcon_core.package_identification:_identify(/home/ignatj/ros2_ws/src/turtlebot3/turtlebot3_bringup) by extensions ['ignore', 'ignore_ament_install']
[4.547s] Level 1:colcon.colcon_core.package_identification:_identify(/home/ignatj/ros2_ws/src/turtlebot3/turtlebot3_bringup) by extension 'ignore'
[4.547s] Level 1:colcon.colcon_core.package_identification:_identify(/home/ignatj/ros2_ws/src/turtlebot3/turtlebot3_bringup) by extension 'ignore_ament_install'
[4.547s] Level 1:colcon.colcon_core.package_identification:_identify(/home/ignatj/ros2_ws/src/turtlebot3/turtlebot3_bringup) by extensions ['colcon_pkg']
[4.547s] Level 1:colcon.colcon_core.package_identification:_identify(/home/ignatj/ros2_ws/src/turtlebot3/turtlebot3_bringup) by extension 'colcon_pkg'
[4.548s] Level 1:colcon.colcon_core.package_identification:_identify(/home/ignatj/ros2_ws/src/turtlebot3/turtlebot3_bringup) by extensions ['colcon_meta']
[4.548s] Level 1:colcon.colcon_core.package_identification:_identify(/home/ignatj/ros2_ws/src/turtlebot3/turtlebot3_bringup) by extension 'colcon_meta'
[4.548s] Level 1:colcon.colcon_core.package_identification:_identify(/home/ignatj/ros2_ws/src/turtlebot3/turtlebot3_bringup) by extensions ['ros']
[4.548s] Level 1:colcon.colcon_core.package_identification:_identify(/home/ignatj/ros2_ws/src/turtlebot3/turtlebot3_bringup) by extension 'ros'
[4.551s] DEBUG:colcon.colcon_core.package_identification:Package '/home/ignatj/ros2_ws/src/turtlebot3/turtlebot3_bringup' with type 'ros.ament_cmake' and name 'turtlebot3_bringup'
[4.552s] Level 1:colcon.colcon_core.package_identification:_identify(/home/ignatj/ros2_ws/src/turtlebot3/turtlebot3_cartographer) by extensions ['ignore', 'ignore_ament_install']
[4.552s] Level 1:colcon.colcon_core.package_identification:_identify(/home/ignatj/ros2_ws/src/turtlebot3/turtlebot3_cartographer) by extension 'ignore'
[4.552s] Level 1:colcon.colcon_core.package_identification:_identify(/home/ignatj/ros2_ws/src/turtlebot3/turtlebot3_cartographer) by extension 'ignore_ament_install'
[4.552s] Level 1:colcon.colcon_core.package_identification:_identify(/home/ignatj/ros2_ws/src/turtlebot3/turtlebot3_cartographer) by extensions ['colcon_pkg']
[4.552s] Level 1:colcon.colcon_core.package_identification:_identify(/home/ignatj/ros2_ws/src/turtlebot3/turtlebot3_cartographer) by extension 'colcon_pkg'
[4.552s] Level 1:colcon.colcon_core.package_identification:_identify(/home/ignatj/ros2_ws/src/turtlebot3/turtlebot3_cartographer) by extensions ['colcon_meta']
[4.552s] Level 1:colcon.colcon_core.package_identification:_identify(/home/ignatj/ros2_ws/src/turtlebot3/turtlebot3_cartographer) by extension 'colcon_meta'
[4.553s] Level 1:colcon.colcon_core.package_identification:_identify(/home/ignatj/ros2_ws/src/turtlebot3/turtlebot3_cartographer) by extensions ['ros']
[4.553s] Level 1:colcon.colcon_core.package_identification:_identify(/home/ignatj/ros2_ws/src/turtlebot3/turtlebot3_cartographer) by extension 'ros'
[4.554s] DEBUG:colcon.colcon_core.package_identification:Package '/home/ignatj/ros2_ws/src/turtlebot3/turtlebot3_cartographer' with type 'ros.ament_cmake' and name 'turtlebot3_cartographer'
[4.555s] Level 1:colcon.colcon_core.package_identification:_identify(/home/ignatj/ros2_ws/src/turtlebot3/turtlebot3_description) by extensions ['ignore', 'ignore_ament_install']
[4.556s] Level 1:colcon.colcon_core.package_identification:_identify(/home/ignatj/ros2_ws/src/turtlebot3/turtlebot3_description) by extension 'ignore'
[4.556s] Level 1:colcon.colcon_core.package_identification:_identify(/home/ignatj/ros2_ws/src/turtlebot3/turtlebot3_description) by extension 'ignore_ament_install'
[4.556s] Level 1:colcon.colcon_core.package_identification:_identify(/home/ignatj/ros2_ws/src/turtlebot3/turtlebot3_description) by extensions ['colcon_pkg']
[4.556s] Level 1:colcon.colcon_core.package_identification:_identify(/home/ignatj/ros2_ws/src/turtlebot3/turtlebot3_description) by extension 'colcon_pkg'
[4.557s] Level 1:colcon.colcon_core.package_identification:_identify(/home/ignatj/ros2_ws/src/turtlebot3/turtlebot3_description) by extensions ['colcon_meta']
[4.557s] Level 1:colcon.colcon_core.package_identification:_identify(/home/ignatj/ros2_ws/src/turtlebot3/turtlebot3_description) by extension 'colcon_meta'
[4.557s] Level 1:colcon.colcon_core.package_identification:_identify(/home/ignatj/ros2_ws/src/turtlebot3/turtlebot3_description) by extensions ['ros']
[4.557s] Level 1:colcon.colcon_core.package_identification:_identify(/home/ignatj/ros2_ws/src/turtlebot3/turtlebot3_description) by extension 'ros'
[4.559s] DEBUG:colcon.colcon_core.package_identification:Package '/home/ignatj/ros2_ws/src/turtlebot3/turtlebot3_description' with type 'ros.ament_cmake' and name 'turtlebot3_description'
[4.560s] Level 1:colcon.colcon_core.package_identification:_identify(/home/ignatj/ros2_ws/src/turtlebot3/turtlebot3_example) by extensions ['ignore', 'ignore_ament_install']
[4.560s] Level 1:colcon.colcon_core.package_identification:_identify(/home/ignatj/ros2_ws/src/turtlebot3/turtlebot3_example) by extension 'ignore'
[4.560s] Level 1:colcon.colcon_core.package_identification:_identify(/home/ignatj/ros2_ws/src/turtlebot3/turtlebot3_example) by extension 'ignore_ament_install'
[4.560s] Level 1:colcon.colcon_core.package_identification:_identify(/home/ignatj/ros2_ws/src/turtlebot3/turtlebot3_example) by extensions ['colcon_pkg']
[4.561s] Level 1:colcon.colcon_core.package_identification:_identify(/home/ignatj/ros2_ws/src/turtlebot3/turtlebot3_example) by extension 'colcon_pkg'
[4.561s] Level 1:colcon.colcon_core.package_identification:_identify(/home/ignatj/ros2_ws/src/turtlebot3/turtlebot3_example) by extensions ['colcon_meta']
[4.561s] Level 1:colcon.colcon_core.package_identification:_identify(/home/ignatj/ros2_ws/src/turtlebot3/turtlebot3_example) by extension 'colcon_meta'
[4.561s] Level 1:colcon.colcon_core.package_identification:_identify(/home/ignatj/ros2_ws/src/turtlebot3/turtlebot3_example) by extensions ['ros']
[4.561s] Level 1:colcon.colcon_core.package_identification:_identify(/home/ignatj/ros2_ws/src/turtlebot3/turtlebot3_example) by extension 'ros'
[4.564s] DEBUG:colcon.colcon_core.package_identification:Package '/home/ignatj/ros2_ws/src/turtlebot3/turtlebot3_example' with type 'ros.ament_python' and name 'turtlebot3_example'
[4.564s] Level 1:colcon.colcon_core.package_identification:_identify(/home/ignatj/ros2_ws/src/turtlebot3/turtlebot3_navigation2) by extensions ['ignore', 'ignore_ament_install']
[4.564s] Level 1:colcon.colcon_core.package_identification:_identify(/home/ignatj/ros2_ws/src/turtlebot3/turtlebot3_navigation2) by extension 'ignore'
[4.565s] Level 1:colcon.colcon_core.package_identification:_identify(/home/ignatj/ros2_ws/src/turtlebot3/turtlebot3_navigation2) by extension 'ignore_ament_install'
[4.565s] Level 1:colcon.colcon_core.package_identification:_identify(/home/ignatj/ros2_ws/src/turtlebot3/turtlebot3_navigation2) by extensions ['colcon_pkg']
[4.565s] Level 1:colcon.colcon_core.package_identification:_identify(/home/ignatj/ros2_ws/src/turtlebot3/turtlebot3_navigation2) by extension 'colcon_pkg'
[4.565s] Level 1:colcon.colcon_core.package_identification:_identify(/home/ignatj/ros2_ws/src/turtlebot3/turtlebot3_navigation2) by extensions ['colcon_meta']
[4.565s] Level 1:colcon.colcon_core.package_identification:_identify(/home/ignatj/ros2_ws/src/turtlebot3/turtlebot3_navigation2) by extension 'colcon_meta'
[4.566s] Level 1:colcon.colcon_core.package_identification:_identify(/home/ignatj/ros2_ws/src/turtlebot3/turtlebot3_navigation2) by extensions ['ros']
[4.566s] Level 1:colcon.colcon_core.package_identification:_identify(/home/ignatj/ros2_ws/src/turtlebot3/turtlebot3_navigation2) by extension 'ros'
[4.568s] DEBUG:colcon.colcon_core.package_identification:Package '/home/ignatj/ros2_ws/src/turtlebot3/turtlebot3_navigation2' with type 'ros.ament_cmake' and name 'turtlebot3_navigation2'
[4.569s] Level 1:colcon.colcon_core.package_identification:_identify(/home/ignatj/ros2_ws/src/turtlebot3/turtlebot3_node) by extensions ['ignore', 'ignore_ament_install']
[4.569s] Level 1:colcon.colcon_core.package_identification:_identify(/home/ignatj/ros2_ws/src/turtlebot3/turtlebot3_node) by extension 'ignore'
[4.570s] Level 1:colcon.colcon_core.package_identification:_identify(/home/ignatj/ros2_ws/src/turtlebot3/turtlebot3_node) by extension 'ignore_ament_install'
[4.570s] Level 1:colcon.colcon_core.package_identification:_identify(/home/ignatj/ros2_ws/src/turtlebot3/turtlebot3_node) by extensions ['colcon_pkg']
[4.570s] Level 1:colcon.colcon_core.package_identification:_identify(/home/ignatj/ros2_ws/src/turtlebot3/turtlebot3_node) by extension 'colcon_pkg'
[4.570s] Level 1:colcon.colcon_core.package_identification:_identify(/home/ignatj/ros2_ws/src/turtlebot3/turtlebot3_node) by extensions ['colcon_meta']
[4.570s] Level 1:colcon.colcon_core.package_identification:_identify(/home/ignatj/ros2_ws/src/turtlebot3/turtlebot3_node) by extension 'colcon_meta'
[4.571s] Level 1:colcon.colcon_core.package_identification:_identify(/home/ignatj/ros2_ws/src/turtlebot3/turtlebot3_node) by extensions ['ros']
[4.571s] Level 1:colcon.colcon_core.package_identification:_identify(/home/ignatj/ros2_ws/src/turtlebot3/turtlebot3_node) by extension 'ros'
[4.576s] DEBUG:colcon.colcon_core.package_identification:Package '/home/ignatj/ros2_ws/src/turtlebot3/turtlebot3_node' with type 'ros.ament_cmake' and name 'turtlebot3_node'
[4.576s] Level 1:colcon.colcon_core.package_identification:_identify(/home/ignatj/ros2_ws/src/turtlebot3/turtlebot3_teleop) by extensions ['ignore', 'ignore_ament_install']
[4.577s] Level 1:colcon.colcon_core.package_identification:_identify(/home/ignatj/ros2_ws/src/turtlebot3/turtlebot3_teleop) by extension 'ignore'
[4.577s] Level 1:colcon.colcon_core.package_identification:_identify(/home/ignatj/ros2_ws/src/turtlebot3/turtlebot3_teleop) by extension 'ignore_ament_install'
[4.577s] Level 1:colcon.colcon_core.package_identification:_identify(/home/ignatj/ros2_ws/src/turtlebot3/turtlebot3_teleop) by extensions ['colcon_pkg']
[4.577s] Level 1:colcon.colcon_core.package_identification:_identify(/home/ignatj/ros2_ws/src/turtlebot3/turtlebot3_teleop) by extension 'colcon_pkg'
[4.577s] Level 1:colcon.colcon_core.package_identification:_identify(/home/ignatj/ros2_ws/src/turtlebot3/turtlebot3_teleop) by extensions ['colcon_meta']
[4.577s] Level 1:colcon.colcon_core.package_identification:_identify(/home/ignatj/ros2_ws/src/turtlebot3/turtlebot3_teleop) by extension 'colcon_meta'
[4.577s] Level 1:colcon.colcon_core.package_identification:_identify(/home/ignatj/ros2_ws/src/turtlebot3/turtlebot3_teleop) by extensions ['ros']
[4.577s] Level 1:colcon.colcon_core.package_identification:_identify(/home/ignatj/ros2_ws/src/turtlebot3/turtlebot3_teleop) by extension 'ros'
[4.579s] DEBUG:colcon.colcon_core.package_identification:Package '/home/ignatj/ros2_ws/src/turtlebot3/turtlebot3_teleop' with type 'ros.ament_python' and name 'turtlebot3_teleop'
[4.579s] Level 1:colcon.colcon_core.package_identification:_identify(/home/ignatj/ros2_ws/src/turtlebot3_simulations) by extensions ['ignore', 'ignore_ament_install']
[4.580s] Level 1:colcon.colcon_core.package_identification:_identify(/home/ignatj/ros2_ws/src/turtlebot3_simulations) by extension 'ignore'
[4.580s] Level 1:colcon.colcon_core.package_identification:_identify(/home/ignatj/ros2_ws/src/turtlebot3_simulations) by extension 'ignore_ament_install'
[4.580s] Level 1:colcon.colcon_core.package_identification:_identify(/home/ignatj/ros2_ws/src/turtlebot3_simulations) by extensions ['colcon_pkg']
[4.580s] Level 1:colcon.colcon_core.package_identification:_identify(/home/ignatj/ros2_ws/src/turtlebot3_simulations) by extension 'colcon_pkg'
[4.580s] Level 1:colcon.colcon_core.package_identification:_identify(/home/ignatj/ros2_ws/src/turtlebot3_simulations) by extensions ['colcon_meta']
[4.580s] Level 1:colcon.colcon_core.package_identification:_identify(/home/ignatj/ros2_ws/src/turtlebot3_simulations) by extension 'colcon_meta'
[4.581s] Level 1:colcon.colcon_core.package_identification:_identify(/home/ignatj/ros2_ws/src/turtlebot3_simulations) by extensions ['ros']
[4.581s] Level 1:colcon.colcon_core.package_identification:_identify(/home/ignatj/ros2_ws/src/turtlebot3_simulations) by extension 'ros'
[4.581s] Level 1:colcon.colcon_core.package_identification:_identify(/home/ignatj/ros2_ws/src/turtlebot3_simulations) by extensions ['cmake', 'python']
[4.581s] Level 1:colcon.colcon_core.package_identification:_identify(/home/ignatj/ros2_ws/src/turtlebot3_simulations) by extension 'cmake'
[4.581s] Level 1:colcon.colcon_core.package_identification:_identify(/home/ignatj/ros2_ws/src/turtlebot3_simulations) by extension 'python'
[4.581s] Level 1:colcon.colcon_core.package_identification:_identify(/home/ignatj/ros2_ws/src/turtlebot3_simulations) by extensions ['python_setup_py']
[4.581s] Level 1:colcon.colcon_core.package_identification:_identify(/home/ignatj/ros2_ws/src/turtlebot3_simulations) by extension 'python_setup_py'
[4.582s] Level 1:colcon.colcon_core.package_identification:_identify(/home/ignatj/ros2_ws/src/turtlebot3_simulations/turtlebot3_fake_node) by extensions ['ignore', 'ignore_ament_install']
[4.582s] Level 1:colcon.colcon_core.package_identification:_identify(/home/ignatj/ros2_ws/src/turtlebot3_simulations/turtlebot3_fake_node) by extension 'ignore'
[4.582s] Level 1:colcon.colcon_core.package_identification:_identify(/home/ignatj/ros2_ws/src/turtlebot3_simulations/turtlebot3_fake_node) by extension 'ignore_ament_install'
[4.583s] Level 1:colcon.colcon_core.package_identification:_identify(/home/ignatj/ros2_ws/src/turtlebot3_simulations/turtlebot3_fake_node) by extensions ['colcon_pkg']
[4.583s] Level 1:colcon.colcon_core.package_identification:_identify(/home/ignatj/ros2_ws/src/turtlebot3_simulations/turtlebot3_fake_node) by extension 'colcon_pkg'
[4.583s] Level 1:colcon.colcon_core.package_identification:_identify(/home/ignatj/ros2_ws/src/turtlebot3_simulations/turtlebot3_fake_node) by extensions ['colcon_meta']
[4.583s] Level 1:colcon.colcon_core.package_identification:_identify(/home/ignatj/ros2_ws/src/turtlebot3_simulations/turtlebot3_fake_node) by extension 'colcon_meta'
[4.583s] Level 1:colcon.colcon_core.package_identification:_identify(/home/ignatj/ros2_ws/src/turtlebot3_simulations/turtlebot3_fake_node) by extensions ['ros']
[4.583s] Level 1:colcon.colcon_core.package_identification:_identify(/home/ignatj/ros2_ws/src/turtlebot3_simulations/turtlebot3_fake_node) by extension 'ros'
[4.586s] DEBUG:colcon.colcon_core.package_identification:Package '/home/ignatj/ros2_ws/src/turtlebot3_simulations/turtlebot3_fake_node' with type 'ros.ament_cmake' and name 'turtlebot3_fake_node'
[4.587s] Level 1:colcon.colcon_core.package_identification:_identify(/home/ignatj/ros2_ws/src/turtlebot3_simulations/turtlebot3_gazebo) by extensions ['ignore', 'ignore_ament_install']
[4.587s] Level 1:colcon.colcon_core.package_identification:_identify(/home/ignatj/ros2_ws/src/turtlebot3_simulations/turtlebot3_gazebo) by extension 'ignore'
[4.587s] Level 1:colcon.colcon_core.package_identification:_identify(/home/ignatj/ros2_ws/src/turtlebot3_simulations/turtlebot3_gazebo) by extension 'ignore_ament_install'
[4.587s] Level 1:colcon.colcon_core.package_identification:_identify(/home/ignatj/ros2_ws/src/turtlebot3_simulations/turtlebot3_gazebo) by extensions ['colcon_pkg']
[4.587s] Level 1:colcon.colcon_core.package_identification:_identify(/home/ignatj/ros2_ws/src/turtlebot3_simulations/turtlebot3_gazebo) by extension 'colcon_pkg'
[4.588s] Level 1:colcon.colcon_core.package_identification:_identify(/home/ignatj/ros2_ws/src/turtlebot3_simulations/turtlebot3_gazebo) by extensions ['colcon_meta']
[4.588s] Level 1:colcon.colcon_core.package_identification:_identify(/home/ignatj/ros2_ws/src/turtlebot3_simulations/turtlebot3_gazebo) by extension 'colcon_meta'
[4.588s] Level 1:colcon.colcon_core.package_identification:_identify(/home/ignatj/ros2_ws/src/turtlebot3_simulations/turtlebot3_gazebo) by extensions ['ros']
[4.588s] Level 1:colcon.colcon_core.package_identification:_identify(/home/ignatj/ros2_ws/src/turtlebot3_simulations/turtlebot3_gazebo) by extension 'ros'
[4.593s] DEBUG:colcon.colcon_core.package_identification:Package '/home/ignatj/ros2_ws/src/turtlebot3_simulations/turtlebot3_gazebo' with type 'ros.ament_cmake' and name 'turtlebot3_gazebo'
[4.594s] Level 1:colcon.colcon_core.package_identification:_identify(/home/ignatj/ros2_ws/src/turtlebot3_simulations/turtlebot3_simulations) by extensions ['ignore', 'ignore_ament_install']
[4.595s] Level 1:colcon.colcon_core.package_identification:_identify(/home/ignatj/ros2_ws/src/turtlebot3_simulations/turtlebot3_simulations) by extension 'ignore'
[4.595s] Level 1:colcon.colcon_core.package_identification:_identify(/home/ignatj/ros2_ws/src/turtlebot3_simulations/turtlebot3_simulations) by extension 'ignore_ament_install'
[4.595s] Level 1:colcon.colcon_core.package_identification:_identify(/home/ignatj/ros2_ws/src/turtlebot3_simulations/turtlebot3_simulations) by extensions ['colcon_pkg']
[4.595s] Level 1:colcon.colcon_core.package_identification:_identify(/home/ignatj/ros2_ws/src/turtlebot3_simulations/turtlebot3_simulations) by extension 'colcon_pkg'
[4.595s] Level 1:colcon.colcon_core.package_identification:_identify(/home/ignatj/ros2_ws/src/turtlebot3_simulations/turtlebot3_simulations) by extensions ['colcon_meta']
[4.595s] Level 1:colcon.colcon_core.package_identification:_identify(/home/ignatj/ros2_ws/src/turtlebot3_simulations/turtlebot3_simulations) by extension 'colcon_meta'
[4.596s] Level 1:colcon.colcon_core.package_identification:_identify(/home/ignatj/ros2_ws/src/turtlebot3_simulations/turtlebot3_simulations) by extensions ['ros']
[4.596s] Level 1:colcon.colcon_core.package_identification:_identify(/home/ignatj/ros2_ws/src/turtlebot3_simulations/turtlebot3_simulations) by extension 'ros'
[4.597s] DEBUG:colcon.colcon_core.package_identification:Package '/home/ignatj/ros2_ws/src/turtlebot3_simulations/turtlebot3_simulations' with type 'ros.ament_cmake' and name 'turtlebot3_simulations'
[4.598s] Level 1:colcon.colcon_core.package_discovery:discover_packages(recursive) using defaults
