[3.705s] Invoking command in '/home/ignatj/ros2_ws/build/turtlebot3_teleop': PYTHONPATH=/home/ignatj/ros2_ws/build/turtlebot3_teleop/prefix_override:/home/ignatj/ros2_ws/install/turtlebot3_teleop/lib/python3.10/site-packages:${PYTHONPATH} /usr/bin/python3 setup.py develop --editable --build-directory /home/ignatj/ros2_ws/build/turtlebot3_teleop/build --no-deps install_data
[4.930s] running develop
[4.931s] /usr/lib/python3/dist-packages/setuptools/command/easy_install.py:158: EasyInstallDeprecationWarning: easy_install command is deprecated. Use build and pip and other standards-based tools.
[4.931s]   warnings.warn(
[4.935s] /usr/lib/python3/dist-packages/setuptools/command/install.py:34: SetuptoolsDeprecationWarning: setup.py install is deprecated. Use build and pip and other standards-based tools.
[4.936s]   warnings.warn(
[5.556s] running egg_info
[5.556s] creating turtlebot3_teleop.egg-info
[5.557s] writing turtlebot3_teleop.egg-info/PKG-INFO
[5.557s] writing dependency_links to turtlebot3_teleop.egg-info/dependency_links.txt
[5.558s] writing entry points to turtlebot3_teleop.egg-info/entry_points.txt
[5.560s] writing requirements to turtlebot3_teleop.egg-info/requires.txt
[5.561s] writing top-level names to turtlebot3_teleop.egg-info/top_level.txt
[5.561s] writing manifest file 'turtlebot3_teleop.egg-info/SOURCES.txt'
[5.565s] reading manifest file 'turtlebot3_teleop.egg-info/SOURCES.txt'
[5.567s] writing manifest file 'turtlebot3_teleop.egg-info/SOURCES.txt'
[5.572s] running build_ext
[5.572s] Creating /home/ignatj/ros2_ws/install/turtlebot3_teleop/lib/python3.10/site-packages/turtlebot3-teleop.egg-link (link to .)
[5.574s] Installing teleop_keyboard script to /home/ignatj/ros2_ws/install/turtlebot3_teleop/lib/turtlebot3_teleop
[5.575s] 
[5.576s] Installed /home/ignatj/ros2_ws/build/turtlebot3_teleop
[5.577s] running install_data
[5.577s] creating /home/ignatj/ros2_ws/install/turtlebot3_teleop/share/ament_index
[5.577s] creating /home/ignatj/ros2_ws/install/turtlebot3_teleop/share/ament_index/resource_index
[5.578s] creating /home/ignatj/ros2_ws/install/turtlebot3_teleop/share/ament_index/resource_index/packages
[5.578s] copying resource/turtlebot3_teleop -> /home/ignatj/ros2_ws/install/turtlebot3_teleop/share/ament_index/resource_index/packages
[5.578s] copying package.xml -> /home/ignatj/ros2_ws/install/turtlebot3_teleop/share/turtlebot3_teleop
[5.893s] Invoked command in '/home/ignatj/ros2_ws/build/turtlebot3_teleop' returned '0': PYTHONPATH=/home/ignatj/ros2_ws/build/turtlebot3_teleop/prefix_override:/home/ignatj/ros2_ws/install/turtlebot3_teleop/lib/python3.10/site-packages:${PYTHONPATH} /usr/bin/python3 setup.py develop --editable --build-directory /home/ignatj/ros2_ws/build/turtlebot3_teleop/build --no-deps install_data
