[0.708s] Invoking command in '/home/ignatj/ros2_ws/build/turtlebot3_navigation2': CMAKE_PREFIX_PATH=/opt/ros/humble /usr/bin/cmake /home/ignatj/ros2_ws/src/turtlebot3/turtlebot3_navigation2 -DCMAKE_INSTALL_PREFIX=/home/ignatj/ros2_ws/install/turtlebot3_navigation2
[0.761s] -- Found ament_cmake: 1.3.7 (/opt/ros/humble/share/ament_cmake/cmake)
[1.115s] -- Override CMake install command with custom implementation using symlinks instead of copying resources
[1.328s] -- Configuring done
[1.336s] -- Generating done
[1.343s] -- Build files have been written to: /home/ignatj/ros2_ws/build/turtlebot3_navigation2
[1.595s] Invoked command in '/home/ignatj/ros2_ws/build/turtlebot3_navigation2' returned '0': CMAKE_PREFIX_PATH=/opt/ros/humble /usr/bin/cmake /home/ignatj/ros2_ws/src/turtlebot3/turtlebot3_navigation2 -DCMAKE_INSTALL_PREFIX=/home/ignatj/ros2_ws/install/turtlebot3_navigation2
[1.598s] Invoking command in '/home/ignatj/ros2_ws/build/turtlebot3_navigation2': CMAKE_PREFIX_PATH=/opt/ros/humble /usr/bin/cmake --build /home/ignatj/ros2_ws/build/turtlebot3_navigation2 -- -j6 -l6
[1.751s] Invoked command in '/home/ignatj/ros2_ws/build/turtlebot3_navigation2' returned '0': CMAKE_PREFIX_PATH=/opt/ros/humble /usr/bin/cmake --build /home/ignatj/ros2_ws/build/turtlebot3_navigation2 -- -j6 -l6
[1.843s] Invoking command in '/home/ignatj/ros2_ws/build/turtlebot3_navigation2': CMAKE_PREFIX_PATH=/opt/ros/humble /usr/bin/cmake --install /home/ignatj/ros2_ws/build/turtlebot3_navigation2
[1.868s] -- Install configuration: ""
[1.870s] -- Execute custom install script
[1.871s] -- Up-to-date symlink: /home/ignatj/ros2_ws/install/turtlebot3_navigation2/share/turtlebot3_navigation2/launch/navigation2.launch.py
[1.872s] -- Up-to-date symlink: /home/ignatj/ros2_ws/install/turtlebot3_navigation2/share/turtlebot3_navigation2/map/map.pgm
[1.872s] -- Up-to-date symlink: /home/ignatj/ros2_ws/install/turtlebot3_navigation2/share/turtlebot3_navigation2/map/map.yaml
[1.874s] -- Up-to-date symlink: /home/ignatj/ros2_ws/install/turtlebot3_navigation2/share/turtlebot3_navigation2/param/burger.yaml
[1.874s] -- Up-to-date symlink: /home/ignatj/ros2_ws/install/turtlebot3_navigation2/share/turtlebot3_navigation2/param/waffle.yaml
[1.874s] -- Up-to-date symlink: /home/ignatj/ros2_ws/install/turtlebot3_navigation2/share/turtlebot3_navigation2/param/waffle_pi.yaml
[1.874s] -- Up-to-date symlink: /home/ignatj/ros2_ws/install/turtlebot3_navigation2/share/turtlebot3_navigation2/rviz/tb3_navigation2.rviz
[1.875s] -- Up-to-date symlink: /home/ignatj/ros2_ws/install/turtlebot3_navigation2/share/ament_index/resource_index/package_run_dependencies/turtlebot3_navigation2
[1.875s] -- Up-to-date symlink: /home/ignatj/ros2_ws/install/turtlebot3_navigation2/share/ament_index/resource_index/parent_prefix_path/turtlebot3_navigation2
[1.876s] -- Up-to-date symlink: /home/ignatj/ros2_ws/install/turtlebot3_navigation2/share/turtlebot3_navigation2/environment/ament_prefix_path.sh
[1.877s] -- Up-to-date symlink: /home/ignatj/ros2_ws/install/turtlebot3_navigation2/share/turtlebot3_navigation2/environment/ament_prefix_path.dsv
[1.877s] -- Up-to-date symlink: /home/ignatj/ros2_ws/install/turtlebot3_navigation2/share/turtlebot3_navigation2/environment/path.sh
[1.878s] -- Up-to-date symlink: /home/ignatj/ros2_ws/install/turtlebot3_navigation2/share/turtlebot3_navigation2/environment/path.dsv
[1.878s] -- Up-to-date symlink: /home/ignatj/ros2_ws/install/turtlebot3_navigation2/share/turtlebot3_navigation2/local_setup.bash
[1.879s] -- Up-to-date symlink: /home/ignatj/ros2_ws/install/turtlebot3_navigation2/share/turtlebot3_navigation2/local_setup.sh
[1.880s] -- Up-to-date symlink: /home/ignatj/ros2_ws/install/turtlebot3_navigation2/share/turtlebot3_navigation2/local_setup.zsh
[1.882s] -- Up-to-date symlink: /home/ignatj/ros2_ws/install/turtlebot3_navigation2/share/turtlebot3_navigation2/local_setup.dsv
[1.882s] -- Symlinking: /home/ignatj/ros2_ws/install/turtlebot3_navigation2/share/turtlebot3_navigation2/package.dsv
[1.912s] -- Up-to-date symlink: /home/ignatj/ros2_ws/install/turtlebot3_navigation2/share/ament_index/resource_index/packages/turtlebot3_navigation2
[1.914s] -- Up-to-date symlink: /home/ignatj/ros2_ws/install/turtlebot3_navigation2/share/turtlebot3_navigation2/cmake/turtlebot3_navigation2Config.cmake
[1.914s] -- Up-to-date symlink: /home/ignatj/ros2_ws/install/turtlebot3_navigation2/share/turtlebot3_navigation2/cmake/turtlebot3_navigation2Config-version.cmake
[1.915s] -- Up-to-date symlink: /home/ignatj/ros2_ws/install/turtlebot3_navigation2/share/turtlebot3_navigation2/package.xml
[1.933s] Invoked command in '/home/ignatj/ros2_ws/build/turtlebot3_navigation2' returned '0': CMAKE_PREFIX_PATH=/opt/ros/humble /usr/bin/cmake --install /home/ignatj/ros2_ws/build/turtlebot3_navigation2
