[4.341s] Invoking command in '/home/ignatj/ros2_ws/build/examples_rclpy_minimal_action_server': PYTHONPATH=/home/ignatj/ros2_ws/build/examples_rclpy_minimal_action_server/prefix_override:/home/ignatj/ros2_ws/install/examples_rclpy_minimal_action_server/lib/python3.10/site-packages:${PYTHONPATH} /usr/bin/python3 setup.py develop --editable --build-directory /home/ignatj/ros2_ws/build/examples_rclpy_minimal_action_server/build --no-deps install_data
[5.700s] /usr/lib/python3/dist-packages/setuptools/command/easy_install.py:158: EasyInstallDeprecationWarning: easy_install command is deprecated. Use build and pip and other standards-based tools.
[5.701s]   warnings.warn(
[5.703s] /usr/lib/python3/dist-packages/setuptools/command/install.py:34: SetuptoolsDeprecationWarning: setup.py install is deprecated. Use build and pip and other standards-based tools.
[5.703s]   warnings.warn(
[5.707s] running develop
[5.707s] running egg_info
[5.708s] writing examples_rclpy_minimal_action_server.egg-info/PKG-INFO
[5.708s] writing dependency_links to examples_rclpy_minimal_action_server.egg-info/dependency_links.txt
[5.708s] writing entry points to examples_rclpy_minimal_action_server.egg-info/entry_points.txt
[5.709s] writing requirements to examples_rclpy_minimal_action_server.egg-info/requires.txt
[5.709s] writing top-level names to examples_rclpy_minimal_action_server.egg-info/top_level.txt
[5.709s] reading manifest file 'examples_rclpy_minimal_action_server.egg-info/SOURCES.txt'
[5.709s] writing manifest file 'examples_rclpy_minimal_action_server.egg-info/SOURCES.txt'
[5.710s] running build_ext
[5.710s] Creating /home/ignatj/ros2_ws/install/examples_rclpy_minimal_action_server/lib/python3.10/site-packages/examples-rclpy-minimal-action-server.egg-link (link to .)
[5.711s] Installing server script to /home/ignatj/ros2_ws/install/examples_rclpy_minimal_action_server/lib/examples_rclpy_minimal_action_server
[5.711s] Installing server_defer script to /home/ignatj/ros2_ws/install/examples_rclpy_minimal_action_server/lib/examples_rclpy_minimal_action_server
[5.712s] Installing server_not_composable script to /home/ignatj/ros2_ws/install/examples_rclpy_minimal_action_server/lib/examples_rclpy_minimal_action_server
[5.712s] Installing server_queue_goals script to /home/ignatj/ros2_ws/install/examples_rclpy_minimal_action_server/lib/examples_rclpy_minimal_action_server
[5.713s] Installing server_single_goal script to /home/ignatj/ros2_ws/install/examples_rclpy_minimal_action_server/lib/examples_rclpy_minimal_action_server
[5.713s] 
[5.713s] Installed /home/ignatj/ros2_ws/build/examples_rclpy_minimal_action_server
[5.713s] running install_data
[5.867s] Invoked command in '/home/ignatj/ros2_ws/build/examples_rclpy_minimal_action_server' returned '0': PYTHONPATH=/home/ignatj/ros2_ws/build/examples_rclpy_minimal_action_server/prefix_override:/home/ignatj/ros2_ws/install/examples_rclpy_minimal_action_server/lib/python3.10/site-packages:${PYTHONPATH} /usr/bin/python3 setup.py develop --editable --build-directory /home/ignatj/ros2_ws/build/examples_rclpy_minimal_action_server/build --no-deps install_data
