[0.690s] Invoking command in '/home/ignatj/ros2_ws/build/turtlebot3_cartographer': CMAKE_PREFIX_PATH=${CMAKE_PREFIX_PATH}:/home/ignatj/ros2_ws/install/turtlebot3_teleop:/home/ignatj/ros2_ws/install/turtlebot3_example:/home/ignatj/ros2_ws/install/my_robot_controller:/opt/ros/humble /usr/bin/cmake --build /home/ignatj/ros2_ws/build/turtlebot3_cartographer -- -j6 -l6
[1.545s] Invoked command in '/home/ignatj/ros2_ws/build/turtlebot3_cartographer' returned '0': CMAKE_PREFIX_PATH=${CMAKE_PREFIX_PATH}:/home/ignatj/ros2_ws/install/turtlebot3_teleop:/home/ignatj/ros2_ws/install/turtlebot3_example:/home/ignatj/ros2_ws/install/my_robot_controller:/opt/ros/humble /usr/bin/cmake --build /home/ignatj/ros2_ws/build/turtlebot3_cartographer -- -j6 -l6
[1.691s] Invoking command in '/home/ignatj/ros2_ws/build/turtlebot3_cartographer': CMAKE_PREFIX_PATH=${CMAKE_PREFIX_PATH}:/home/ignatj/ros2_ws/install/turtlebot3_teleop:/home/ignatj/ros2_ws/install/turtlebot3_example:/home/ignatj/ros2_ws/install/my_robot_controller:/opt/ros/humble /usr/bin/cmake --install /home/ignatj/ros2_ws/build/turtlebot3_cartographer
[1.719s] -- Install configuration: ""
[1.723s] -- Execute custom install script
[1.735s] -- Up-to-date symlink: /home/ignatj/ros2_ws/install/turtlebot3_cartographer/share/turtlebot3_cartographer/config/turtlebot3_lds_2d.lua
[1.736s] -- Up-to-date symlink: /home/ignatj/ros2_ws/install/turtlebot3_cartographer/share/turtlebot3_cartographer/launch/cartographer.launch.py
[1.737s] -- Up-to-date symlink: /home/ignatj/ros2_ws/install/turtlebot3_cartographer/share/turtlebot3_cartographer/launch/occupancy_grid.launch.py
[1.738s] -- Up-to-date symlink: /home/ignatj/ros2_ws/install/turtlebot3_cartographer/share/turtlebot3_cartographer/rviz/tb3_cartographer.rviz
[1.738s] -- Up-to-date symlink: /home/ignatj/ros2_ws/install/turtlebot3_cartographer/share/ament_index/resource_index/package_run_dependencies/turtlebot3_cartographer
[1.740s] -- Up-to-date symlink: /home/ignatj/ros2_ws/install/turtlebot3_cartographer/share/ament_index/resource_index/parent_prefix_path/turtlebot3_cartographer
[1.750s] -- Up-to-date symlink: /home/ignatj/ros2_ws/install/turtlebot3_cartographer/share/turtlebot3_cartographer/environment/ament_prefix_path.sh
[1.751s] -- Up-to-date symlink: /home/ignatj/ros2_ws/install/turtlebot3_cartographer/share/turtlebot3_cartographer/environment/ament_prefix_path.dsv
[1.751s] -- Up-to-date symlink: /home/ignatj/ros2_ws/install/turtlebot3_cartographer/share/turtlebot3_cartographer/environment/path.sh
[1.751s] -- Up-to-date symlink: /home/ignatj/ros2_ws/install/turtlebot3_cartographer/share/turtlebot3_cartographer/environment/path.dsv
[1.752s] -- Up-to-date symlink: /home/ignatj/ros2_ws/install/turtlebot3_cartographer/share/turtlebot3_cartographer/local_setup.bash
[1.761s] -- Up-to-date symlink: /home/ignatj/ros2_ws/install/turtlebot3_cartographer/share/turtlebot3_cartographer/local_setup.sh
[1.761s] -- Up-to-date symlink: /home/ignatj/ros2_ws/install/turtlebot3_cartographer/share/turtlebot3_cartographer/local_setup.zsh
[1.761s] -- Up-to-date symlink: /home/ignatj/ros2_ws/install/turtlebot3_cartographer/share/turtlebot3_cartographer/local_setup.dsv
[1.761s] -- Symlinking: /home/ignatj/ros2_ws/install/turtlebot3_cartographer/share/turtlebot3_cartographer/package.dsv
[1.797s] -- Up-to-date symlink: /home/ignatj/ros2_ws/install/turtlebot3_cartographer/share/ament_index/resource_index/packages/turtlebot3_cartographer
[1.798s] -- Up-to-date symlink: /home/ignatj/ros2_ws/install/turtlebot3_cartographer/share/turtlebot3_cartographer/cmake/turtlebot3_cartographerConfig.cmake
[1.798s] -- Up-to-date symlink: /home/ignatj/ros2_ws/install/turtlebot3_cartographer/share/turtlebot3_cartographer/cmake/turtlebot3_cartographerConfig-version.cmake
[1.799s] -- Up-to-date symlink: /home/ignatj/ros2_ws/install/turtlebot3_cartographer/share/turtlebot3_cartographer/package.xml
[2.046s] Invoked command in '/home/ignatj/ros2_ws/build/turtlebot3_cartographer' returned '0': CMAKE_PREFIX_PATH=${CMAKE_PREFIX_PATH}:/home/ignatj/ros2_ws/install/turtlebot3_teleop:/home/ignatj/ros2_ws/install/turtlebot3_example:/home/ignatj/ros2_ws/install/my_robot_controller:/opt/ros/humble /usr/bin/cmake --install /home/ignatj/ros2_ws/build/turtlebot3_cartographer
