[0.828s] Invoking command in '/home/ignatj/ros2_ws/build/turtlebot3_fake_node': CMAKE_PREFIX_PATH=/opt/ros/humble /usr/bin/cmake /home/ignatj/ros2_ws/src/turtlebot3_simulations/turtlebot3_fake_node -DCMAKE_INSTALL_PREFIX=/home/ignatj/ros2_ws/install/turtlebot3_fake_node
[1.364s] -- Found ament_cmake: 1.3.7 (/opt/ros/humble/share/ament_cmake/cmake)
[2.359s] -- Override CMake install command with custom implementation using symlinks instead of copying resources
[2.400s] -- Found geometry_msgs: 4.2.3 (/opt/ros/humble/share/geometry_msgs/cmake)
[2.518s] -- Found rosidl_generator_c: 3.1.5 (/opt/ros/humble/share/rosidl_generator_c/cmake)
[2.533s] -- Found rosidl_adapter: 3.1.5 (/opt/ros/humble/share/rosidl_adapter/cmake)
[2.570s] -- Found rosidl_generator_cpp: 3.1.5 (/opt/ros/humble/share/rosidl_generator_cpp/cmake)
[2.622s] -- Using all available rosidl_typesupport_c: rosidl_typesupport_fastrtps_c;rosidl_typesupport_introspection_c
[2.687s] -- Using all available rosidl_typesupport_cpp: rosidl_typesupport_fastrtps_cpp;rosidl_typesupport_introspection_cpp
[3.202s] -- Found nav_msgs: 4.2.3 (/opt/ros/humble/share/nav_msgs/cmake)
[3.517s] -- Found rclcpp: 16.0.8 (/opt/ros/humble/share/rclcpp/cmake)
[3.677s] -- Found rmw_implementation_cmake: 6.1.1 (/opt/ros/humble/share/rmw_implementation_cmake/cmake)
[3.687s] -- Found rmw_fastrtps_cpp: 6.2.6 (/opt/ros/humble/share/rmw_fastrtps_cpp/cmake)
[4.139s] -- Using RMW implementation 'rmw_fastrtps_cpp' as default
[4.611s] -- Found sensor_msgs: 4.2.3 (/opt/ros/humble/share/sensor_msgs/cmake)
[4.951s] -- Found tf2: 0.25.5 (/opt/ros/humble/share/tf2/cmake)
[5.005s] -- Found tf2_msgs: 0.25.5 (/opt/ros/humble/share/tf2_msgs/cmake)
[5.578s] -- Found turtlebot3_msgs: 2.2.3 (/opt/ros/humble/share/turtlebot3_msgs/cmake)
[6.117s] -- Configuring done
[6.202s] -- Generating done
[6.220s] -- Build files have been written to: /home/ignatj/ros2_ws/build/turtlebot3_fake_node
[6.647s] Invoked command in '/home/ignatj/ros2_ws/build/turtlebot3_fake_node' returned '0': CMAKE_PREFIX_PATH=/opt/ros/humble /usr/bin/cmake /home/ignatj/ros2_ws/src/turtlebot3_simulations/turtlebot3_fake_node -DCMAKE_INSTALL_PREFIX=/home/ignatj/ros2_ws/install/turtlebot3_fake_node
[6.649s] Invoking command in '/home/ignatj/ros2_ws/build/turtlebot3_fake_node': CMAKE_PREFIX_PATH=/opt/ros/humble /usr/bin/cmake --build /home/ignatj/ros2_ws/build/turtlebot3_fake_node -- -j6 -l6
[6.824s] [35m[1mConsolidate compiler generated dependencies of target turtlebot3_fake_node[0m
[6.856s] [100%] Built target turtlebot3_fake_node
[7.536s] Invoked command in '/home/ignatj/ros2_ws/build/turtlebot3_fake_node' returned '0': CMAKE_PREFIX_PATH=/opt/ros/humble /usr/bin/cmake --build /home/ignatj/ros2_ws/build/turtlebot3_fake_node -- -j6 -l6
[8.048s] Invoking command in '/home/ignatj/ros2_ws/build/turtlebot3_fake_node': CMAKE_PREFIX_PATH=/opt/ros/humble /usr/bin/cmake --install /home/ignatj/ros2_ws/build/turtlebot3_fake_node
[8.325s] -- Install configuration: ""
[8.325s] -- Execute custom install script
[8.326s] -- Up-to-date symlink: /home/ignatj/ros2_ws/install/turtlebot3_fake_node/lib/turtlebot3_fake_node/turtlebot3_fake_node
[8.327s] -- Up-to-date symlink: /home/ignatj/ros2_ws/install/turtlebot3_fake_node/share/turtlebot3_fake_node/launch/rviz2.launch.py
[8.328s] -- Up-to-date symlink: /home/ignatj/ros2_ws/install/turtlebot3_fake_node/share/turtlebot3_fake_node/launch/turtlebot3_fake_node.launch.py
[8.329s] -- Up-to-date symlink: /home/ignatj/ros2_ws/install/turtlebot3_fake_node/share/turtlebot3_fake_node/param/burger.yaml
[8.329s] -- Up-to-date symlink: /home/ignatj/ros2_ws/install/turtlebot3_fake_node/share/turtlebot3_fake_node/param/waffle.yaml
[8.330s] -- Up-to-date symlink: /home/ignatj/ros2_ws/install/turtlebot3_fake_node/share/turtlebot3_fake_node/param/waffle_pi.yaml
[8.330s] -- Up-to-date symlink: /home/ignatj/ros2_ws/install/turtlebot3_fake_node/include//turtlebot3_fake_node/turtlebot3_fake_node.hpp
[8.331s] -- Up-to-date symlink: /home/ignatj/ros2_ws/install/turtlebot3_fake_node/share/ament_index/resource_index/package_run_dependencies/turtlebot3_fake_node
[8.332s] -- Up-to-date symlink: /home/ignatj/ros2_ws/install/turtlebot3_fake_node/share/ament_index/resource_index/parent_prefix_path/turtlebot3_fake_node
[8.333s] -- Up-to-date symlink: /home/ignatj/ros2_ws/install/turtlebot3_fake_node/share/turtlebot3_fake_node/environment/ament_prefix_path.sh
[8.334s] -- Up-to-date symlink: /home/ignatj/ros2_ws/install/turtlebot3_fake_node/share/turtlebot3_fake_node/environment/ament_prefix_path.dsv
[8.334s] -- Up-to-date symlink: /home/ignatj/ros2_ws/install/turtlebot3_fake_node/share/turtlebot3_fake_node/environment/path.sh
[8.335s] -- Up-to-date symlink: /home/ignatj/ros2_ws/install/turtlebot3_fake_node/share/turtlebot3_fake_node/environment/path.dsv
[8.335s] -- Up-to-date symlink: /home/ignatj/ros2_ws/install/turtlebot3_fake_node/share/turtlebot3_fake_node/local_setup.bash
[8.336s] -- Up-to-date symlink: /home/ignatj/ros2_ws/install/turtlebot3_fake_node/share/turtlebot3_fake_node/local_setup.sh
[8.336s] -- Up-to-date symlink: /home/ignatj/ros2_ws/install/turtlebot3_fake_node/share/turtlebot3_fake_node/local_setup.zsh
[8.337s] -- Up-to-date symlink: /home/ignatj/ros2_ws/install/turtlebot3_fake_node/share/turtlebot3_fake_node/local_setup.dsv
[8.337s] -- Symlinking: /home/ignatj/ros2_ws/install/turtlebot3_fake_node/share/turtlebot3_fake_node/package.dsv
[8.338s] -- Up-to-date symlink: /home/ignatj/ros2_ws/install/turtlebot3_fake_node/share/ament_index/resource_index/packages/turtlebot3_fake_node
[8.339s] -- Up-to-date symlink: /home/ignatj/ros2_ws/install/turtlebot3_fake_node/share/turtlebot3_fake_node/cmake/ament_cmake_export_include_directories-extras.cmake
[8.339s] -- Up-to-date symlink: /home/ignatj/ros2_ws/install/turtlebot3_fake_node/share/turtlebot3_fake_node/cmake/ament_cmake_export_dependencies-extras.cmake
[8.340s] -- Up-to-date symlink: /home/ignatj/ros2_ws/install/turtlebot3_fake_node/share/turtlebot3_fake_node/cmake/turtlebot3_fake_nodeConfig.cmake
[8.341s] -- Up-to-date symlink: /home/ignatj/ros2_ws/install/turtlebot3_fake_node/share/turtlebot3_fake_node/cmake/turtlebot3_fake_nodeConfig-version.cmake
[8.342s] -- Up-to-date symlink: /home/ignatj/ros2_ws/install/turtlebot3_fake_node/share/turtlebot3_fake_node/package.xml
[8.524s] Invoked command in '/home/ignatj/ros2_ws/build/turtlebot3_fake_node' returned '0': CMAKE_PREFIX_PATH=/opt/ros/humble /usr/bin/cmake --install /home/ignatj/ros2_ws/build/turtlebot3_fake_node
