[0.731s] Invoking command in '/home/ignatj/ros2_ws/build/examples_rclcpp_minimal_publisher': CMAKE_PREFIX_PATH=/opt/ros/humble /usr/bin/cmake /home/ignatj/ros2_ws/src/examples/rclcpp/topics/minimal_publisher -DAMENT_CMAKE_SYMLINK_INSTALL=1 -DCMAKE_INSTALL_PREFIX=/home/ignatj/ros2_ws/install/examples_rclcpp_minimal_publisher
[3.352s] -- The C compiler identification is GNU 11.4.0
[5.071s] -- The CXX compiler identification is GNU 11.4.0
[5.288s] -- Detecting C compiler ABI info
[7.103s] -- Detecting C compiler ABI info - done
[7.150s] -- Check for working C compiler: /usr/bin/cc - skipped
[7.165s] -- Detecting C compile features
[7.169s] -- Detecting C compile features - done
[7.195s] -- Detecting CXX compiler ABI info
[8.507s] -- Detecting CXX compiler ABI info - done
[8.569s] -- Check for working CXX compiler: /usr/bin/c++ - skipped
[8.575s] -- Detecting CXX compile features
[8.577s] -- Detecting CXX compile features - done
[8.708s] -- Found ament_cmake: 1.3.7 (/opt/ros/humble/share/ament_cmake/cmake)
[10.849s] -- Found Python3: /usr/bin/python3.10 (found version "3.10.12") found components: Interpreter 
[11.859s] -- Override CMake install command with custom implementation using symlinks instead of copying resources
[12.321s] -- Found rclcpp: 16.0.8 (/opt/ros/humble/share/rclcpp/cmake)
[12.843s] -- Found rosidl_generator_c: 3.1.5 (/opt/ros/humble/share/rosidl_generator_c/cmake)
[12.928s] -- Found rosidl_adapter: 3.1.5 (/opt/ros/humble/share/rosidl_adapter/cmake)
[13.096s] -- Found rosidl_generator_cpp: 3.1.5 (/opt/ros/humble/share/rosidl_generator_cpp/cmake)
[13.305s] -- Using all available rosidl_typesupport_c: rosidl_typesupport_fastrtps_c;rosidl_typesupport_introspection_c
[13.530s] -- Using all available rosidl_typesupport_cpp: rosidl_typesupport_fastrtps_cpp;rosidl_typesupport_introspection_cpp
[14.379s] -- Found rmw_implementation_cmake: 6.1.1 (/opt/ros/humble/share/rmw_implementation_cmake/cmake)
[14.469s] -- Found rmw_fastrtps_cpp: 6.2.6 (/opt/ros/humble/share/rmw_fastrtps_cpp/cmake)
[15.564s] -- Found OpenSSL: /usr/lib/x86_64-linux-gnu/libcrypto.so (found version "3.0.2")  
[15.760s] -- Found FastRTPS: /opt/ros/humble/include  
[16.278s] -- Using RMW implementation 'rmw_fastrtps_cpp' as default
[16.475s] -- Looking for pthread.h
[17.320s] -- Looking for pthread.h - found
[17.322s] -- Performing Test CMAKE_HAVE_LIBC_PTHREAD
[18.017s] -- Performing Test CMAKE_HAVE_LIBC_PTHREAD - Success
[18.021s] -- Found Threads: TRUE  
[19.944s] -- Found ament_lint_auto: 0.12.10 (/opt/ros/humble/share/ament_lint_auto/cmake)
[21.256s] -- Added test 'copyright' to check source files copyright and LICENSE
[21.263s] -- Added test 'cppcheck' to perform static code analysis on C / C++ code
[21.277s] -- Configured cppcheck include dirs: 
[21.277s] -- Configured cppcheck exclude dirs and/or files: 
[21.293s] -- Added test 'cpplint' to check C / C++ code against the Google style
[21.294s] -- Configured cpplint exclude dirs and/or files: 
[21.303s] -- Added test 'lint_cmake' to check CMake code style
[21.314s] -- Added test 'uncrustify' to check C / C++ code style
[21.315s] -- Configured uncrustify additional arguments: 
[21.322s] -- Added test 'xmllint' to check XML markup files
[21.376s] -- Configuring done
[21.810s] -- Generating done
[21.832s] -- Build files have been written to: /home/ignatj/ros2_ws/build/examples_rclcpp_minimal_publisher
[21.932s] Invoked command in '/home/ignatj/ros2_ws/build/examples_rclcpp_minimal_publisher' returned '0': CMAKE_PREFIX_PATH=/opt/ros/humble /usr/bin/cmake /home/ignatj/ros2_ws/src/examples/rclcpp/topics/minimal_publisher -DAMENT_CMAKE_SYMLINK_INSTALL=1 -DCMAKE_INSTALL_PREFIX=/home/ignatj/ros2_ws/install/examples_rclcpp_minimal_publisher
[21.949s] Invoking command in '/home/ignatj/ros2_ws/build/examples_rclcpp_minimal_publisher': CMAKE_PREFIX_PATH=/opt/ros/humble /usr/bin/cmake --build /home/ignatj/ros2_ws/build/examples_rclcpp_minimal_publisher -- -j6 -l6
[29.296s] [  8%] [32mBuilding CXX object CMakeFiles/publisher_lambda.dir/lambda.cpp.o[0m
[49.905s] [ 16%] [32m[1mLinking CXX executable publisher_lambda[0m
[50.725s] [ 16%] Built target publisher_lambda
[50.806s] [ 25%] [32mBuilding CXX object CMakeFiles/publisher_not_composable.dir/not_composable.cpp.o[0m
[65.856s] [ 33%] [32m[1mLinking CXX executable publisher_not_composable[0m
[66.810s] [ 33%] Built target publisher_not_composable
[66.880s] [ 41%] [32mBuilding CXX object CMakeFiles/publisher_wait_for_all_acked.dir/member_function_with_wait_for_all_acked.cpp.o[0m
[84.100s] [ 50%] [32m[1mLinking CXX executable publisher_wait_for_all_acked[0m
[84.979s] [ 50%] Built target publisher_wait_for_all_acked
[85.057s] [ 58%] [32mBuilding CXX object CMakeFiles/publisher_member_function_with_unique_network_flow_endpoints.dir/member_function_with_unique_network_flow_endpoints.cpp.o[0m
[102.876s] [ 66%] [32m[1mLinking CXX executable publisher_member_function_with_unique_network_flow_endpoints[0m
[103.535s] [ 66%] Built target publisher_member_function_with_unique_network_flow_endpoints
[103.598s] [ 75%] [32mBuilding CXX object CMakeFiles/publisher_member_function_with_type_adapter.dir/member_function_with_type_adapter.cpp.o[0m
[115.812s] [ 83%] [32m[1mLinking CXX executable publisher_member_function_with_type_adapter[0m
[116.448s] [ 83%] Built target publisher_member_function_with_type_adapter
[116.547s] [ 91%] [32mBuilding CXX object CMakeFiles/publisher_member_function.dir/member_function.cpp.o[0m
[129.248s] [100%] [32m[1mLinking CXX executable publisher_member_function[0m
[129.967s] [100%] Built target publisher_member_function
[130.043s] Invoked command in '/home/ignatj/ros2_ws/build/examples_rclcpp_minimal_publisher' returned '0': CMAKE_PREFIX_PATH=/opt/ros/humble /usr/bin/cmake --build /home/ignatj/ros2_ws/build/examples_rclcpp_minimal_publisher -- -j6 -l6
[130.312s] Invoking command in '/home/ignatj/ros2_ws/build/examples_rclcpp_minimal_publisher': CMAKE_PREFIX_PATH=/opt/ros/humble /usr/bin/cmake --install /home/ignatj/ros2_ws/build/examples_rclcpp_minimal_publisher
[130.339s] -- Install configuration: ""
[130.341s] -- Execute custom install script
[130.342s] -- Symlinking: /home/ignatj/ros2_ws/install/examples_rclcpp_minimal_publisher/lib/examples_rclcpp_minimal_publisher/publisher_lambda
[130.377s] -- Symlinking: /home/ignatj/ros2_ws/install/examples_rclcpp_minimal_publisher/lib/examples_rclcpp_minimal_publisher/publisher_member_function
[130.409s] -- Symlinking: /home/ignatj/ros2_ws/install/examples_rclcpp_minimal_publisher/lib/examples_rclcpp_minimal_publisher/publisher_member_function_with_type_adapter
[130.449s] -- Symlinking: /home/ignatj/ros2_ws/install/examples_rclcpp_minimal_publisher/lib/examples_rclcpp_minimal_publisher/publisher_member_function_with_unique_network_flow_endpoints
[130.480s] -- Symlinking: /home/ignatj/ros2_ws/install/examples_rclcpp_minimal_publisher/lib/examples_rclcpp_minimal_publisher/publisher_wait_for_all_acked
[130.547s] -- Symlinking: /home/ignatj/ros2_ws/install/examples_rclcpp_minimal_publisher/lib/examples_rclcpp_minimal_publisher/publisher_not_composable
[130.581s] -- Symlinking: /home/ignatj/ros2_ws/install/examples_rclcpp_minimal_publisher/share/ament_index/resource_index/package_run_dependencies/examples_rclcpp_minimal_publisher
[130.617s] -- Symlinking: /home/ignatj/ros2_ws/install/examples_rclcpp_minimal_publisher/share/ament_index/resource_index/parent_prefix_path/examples_rclcpp_minimal_publisher
[130.650s] -- Symlinking: /home/ignatj/ros2_ws/install/examples_rclcpp_minimal_publisher/share/examples_rclcpp_minimal_publisher/environment/ament_prefix_path.sh
[130.683s] -- Symlinking: /home/ignatj/ros2_ws/install/examples_rclcpp_minimal_publisher/share/examples_rclcpp_minimal_publisher/environment/ament_prefix_path.dsv
[130.714s] -- Symlinking: /home/ignatj/ros2_ws/install/examples_rclcpp_minimal_publisher/share/examples_rclcpp_minimal_publisher/environment/path.sh
[130.747s] -- Symlinking: /home/ignatj/ros2_ws/install/examples_rclcpp_minimal_publisher/share/examples_rclcpp_minimal_publisher/environment/path.dsv
[130.782s] -- Symlinking: /home/ignatj/ros2_ws/install/examples_rclcpp_minimal_publisher/share/examples_rclcpp_minimal_publisher/local_setup.bash
[130.815s] -- Symlinking: /home/ignatj/ros2_ws/install/examples_rclcpp_minimal_publisher/share/examples_rclcpp_minimal_publisher/local_setup.sh
[130.848s] -- Symlinking: /home/ignatj/ros2_ws/install/examples_rclcpp_minimal_publisher/share/examples_rclcpp_minimal_publisher/local_setup.zsh
[130.883s] -- Symlinking: /home/ignatj/ros2_ws/install/examples_rclcpp_minimal_publisher/share/examples_rclcpp_minimal_publisher/local_setup.dsv
[130.918s] -- Symlinking: /home/ignatj/ros2_ws/install/examples_rclcpp_minimal_publisher/share/examples_rclcpp_minimal_publisher/package.dsv
[130.962s] -- Symlinking: /home/ignatj/ros2_ws/install/examples_rclcpp_minimal_publisher/share/ament_index/resource_index/packages/examples_rclcpp_minimal_publisher
[130.997s] -- Symlinking: /home/ignatj/ros2_ws/install/examples_rclcpp_minimal_publisher/share/examples_rclcpp_minimal_publisher/cmake/examples_rclcpp_minimal_publisherConfig.cmake
[131.030s] -- Symlinking: /home/ignatj/ros2_ws/install/examples_rclcpp_minimal_publisher/share/examples_rclcpp_minimal_publisher/cmake/examples_rclcpp_minimal_publisherConfig-version.cmake
[131.068s] -- Symlinking: /home/ignatj/ros2_ws/install/examples_rclcpp_minimal_publisher/share/examples_rclcpp_minimal_publisher/package.xml
[131.119s] Invoked command in '/home/ignatj/ros2_ws/build/examples_rclcpp_minimal_publisher' returned '0': CMAKE_PREFIX_PATH=/opt/ros/humble /usr/bin/cmake --install /home/ignatj/ros2_ws/build/examples_rclcpp_minimal_publisher
