[1.025s] Invoking command in '/home/ignatj/ros2_ws/build/examples_rclcpp_minimal_client': CMAKE_PREFIX_PATH=/opt/ros/humble /usr/bin/cmake --build /home/ignatj/ros2_ws/build/examples_rclcpp_minimal_client -- -j6 -l6
[1.493s] [100%] Built target client_main
[1.580s] Invoked command in '/home/ignatj/ros2_ws/build/examples_rclcpp_minimal_client' returned '0': CMAKE_PREFIX_PATH=/opt/ros/humble /usr/bin/cmake --build /home/ignatj/ros2_ws/build/examples_rclcpp_minimal_client -- -j6 -l6
[1.857s] Invoking command in '/home/ignatj/ros2_ws/build/examples_rclcpp_minimal_client': CMAKE_PREFIX_PATH=/opt/ros/humble /usr/bin/cmake --install /home/ignatj/ros2_ws/build/examples_rclcpp_minimal_client
[1.885s] -- Install configuration: ""
[1.889s] -- Execute custom install script
[1.895s] -- Up-to-date symlink: /home/ignatj/ros2_ws/install/examples_rclcpp_minimal_client/lib/examples_rclcpp_minimal_client/client_main
[1.900s] -- Up-to-date symlink: /home/ignatj/ros2_ws/install/examples_rclcpp_minimal_client/share/ament_index/resource_index/package_run_dependencies/examples_rclcpp_minimal_client
[1.904s] -- Up-to-date symlink: /home/ignatj/ros2_ws/install/examples_rclcpp_minimal_client/share/ament_index/resource_index/parent_prefix_path/examples_rclcpp_minimal_client
[1.908s] -- Up-to-date symlink: /home/ignatj/ros2_ws/install/examples_rclcpp_minimal_client/share/examples_rclcpp_minimal_client/environment/ament_prefix_path.sh
[1.909s] -- Up-to-date symlink: /home/ignatj/ros2_ws/install/examples_rclcpp_minimal_client/share/examples_rclcpp_minimal_client/environment/ament_prefix_path.dsv
[1.911s] -- Up-to-date symlink: /home/ignatj/ros2_ws/install/examples_rclcpp_minimal_client/share/examples_rclcpp_minimal_client/environment/path.sh
[1.916s] -- Up-to-date symlink: /home/ignatj/ros2_ws/install/examples_rclcpp_minimal_client/share/examples_rclcpp_minimal_client/environment/path.dsv
[1.920s] -- Up-to-date symlink: /home/ignatj/ros2_ws/install/examples_rclcpp_minimal_client/share/examples_rclcpp_minimal_client/local_setup.bash
[1.922s] -- Up-to-date symlink: /home/ignatj/ros2_ws/install/examples_rclcpp_minimal_client/share/examples_rclcpp_minimal_client/local_setup.sh
[1.926s] -- Up-to-date symlink: /home/ignatj/ros2_ws/install/examples_rclcpp_minimal_client/share/examples_rclcpp_minimal_client/local_setup.zsh
[1.929s] -- Up-to-date symlink: /home/ignatj/ros2_ws/install/examples_rclcpp_minimal_client/share/examples_rclcpp_minimal_client/local_setup.dsv
[1.930s] -- Symlinking: /home/ignatj/ros2_ws/install/examples_rclcpp_minimal_client/share/examples_rclcpp_minimal_client/package.dsv
[1.965s] -- Up-to-date symlink: /home/ignatj/ros2_ws/install/examples_rclcpp_minimal_client/share/ament_index/resource_index/packages/examples_rclcpp_minimal_client
[1.970s] -- Up-to-date symlink: /home/ignatj/ros2_ws/install/examples_rclcpp_minimal_client/share/examples_rclcpp_minimal_client/cmake/examples_rclcpp_minimal_clientConfig.cmake
[1.972s] -- Up-to-date symlink: /home/ignatj/ros2_ws/install/examples_rclcpp_minimal_client/share/examples_rclcpp_minimal_client/cmake/examples_rclcpp_minimal_clientConfig-version.cmake
[1.972s] -- Up-to-date symlink: /home/ignatj/ros2_ws/install/examples_rclcpp_minimal_client/share/examples_rclcpp_minimal_client/package.xml
[1.981s] Invoked command in '/home/ignatj/ros2_ws/build/examples_rclcpp_minimal_client' returned '0': CMAKE_PREFIX_PATH=/opt/ros/humble /usr/bin/cmake --install /home/ignatj/ros2_ws/build/examples_rclcpp_minimal_client
