[0.580s] Invoking command in '/home/ignatj/ros2_ws/build/turtlesim': CMAKE_PREFIX_PATH=/opt/ros/humble /usr/bin/cmake /home/ignatj/ros2_ws/src/ros_tutorials/turtlesim -DAMENT_CMAKE_SYMLINK_INSTALL=1 -DCMAKE_INSTALL_PREFIX=/home/ignatj/ros2_ws/install/turtlesim
[1.204s] -- The C compiler identification is GNU 11.4.0
[1.692s] -- The CXX compiler identification is GNU 11.4.0
[1.761s] -- Detecting C compiler ABI info
[2.773s] -- Detecting C compiler ABI info - done
[2.835s] -- Check for working C compiler: /usr/bin/cc - skipped
[2.836s] -- Detecting C compile features
[2.838s] -- Detecting C compile features - done
[2.881s] -- Detecting CXX compiler ABI info
[4.038s] -- Detecting CXX compiler ABI info - done
[4.108s] -- Check for working CXX compiler: /usr/bin/c++ - skipped
[4.109s] -- Detecting CXX compile features
[4.110s] -- Detecting CXX compile features - done
[4.141s] -- Found ament_cmake: 1.3.7 (/opt/ros/humble/share/ament_cmake/cmake)
[5.557s] -- Found Python3: /usr/bin/python3.10 (found version "3.10.12") found components: Interpreter 
[6.335s] -- Override CMake install command with custom implementation using symlinks instead of copying resources
[6.523s] -- Found ament_index_cpp: 1.4.0 (/opt/ros/humble/share/ament_index_cpp/cmake)
[6.550s] -- Found geometry_msgs: 4.2.3 (/opt/ros/humble/share/geometry_msgs/cmake)
[7.033s] -- Found rosidl_generator_c: 3.1.5 (/opt/ros/humble/share/rosidl_generator_c/cmake)
[7.098s] -- Found rosidl_adapter: 3.1.5 (/opt/ros/humble/share/rosidl_adapter/cmake)
[7.185s] -- Found rosidl_generator_cpp: 3.1.5 (/opt/ros/humble/share/rosidl_generator_cpp/cmake)
[7.285s] -- Using all available rosidl_typesupport_c: rosidl_typesupport_fastrtps_c;rosidl_typesupport_introspection_c
[7.401s] -- Using all available rosidl_typesupport_cpp: rosidl_typesupport_fastrtps_cpp;rosidl_typesupport_introspection_cpp
[8.906s] -- Found rclcpp: 16.0.8 (/opt/ros/humble/share/rclcpp/cmake)
[9.370s] -- Found rmw_implementation_cmake: 6.1.1 (/opt/ros/humble/share/rmw_implementation_cmake/cmake)
[9.393s] -- Found rmw_fastrtps_cpp: 6.2.6 (/opt/ros/humble/share/rmw_fastrtps_cpp/cmake)
[10.518s] -- Found OpenSSL: /usr/lib/x86_64-linux-gnu/libcrypto.so (found version "3.0.2")  
[10.654s] -- Found FastRTPS: /opt/ros/humble/include  
[11.051s] -- Using RMW implementation 'rmw_fastrtps_cpp' as default
[11.125s] -- Looking for pthread.h
[12.922s] -- Looking for pthread.h - found
[12.924s] -- Performing Test CMAKE_HAVE_LIBC_PTHREAD
[13.607s] -- Performing Test CMAKE_HAVE_LIBC_PTHREAD - Success
[13.609s] -- Found Threads: TRUE  
[14.429s] -- Found rclcpp_action: 16.0.8 (/opt/ros/humble/share/rclcpp_action/cmake)
[14.674s] -- Found rosidl_default_generators: 1.2.0 (/opt/ros/humble/share/rosidl_default_generators/cmake)
[14.758s] -- Found std_srvs: 4.2.3 (/opt/ros/humble/share/std_srvs/cmake)
[19.344s] -- Found ament_cmake_ros: 0.10.0 (/opt/ros/humble/share/ament_cmake_ros/cmake)
[21.789s] -- Using all available rosidl_typesupport_c: rosidl_typesupport_fastrtps_c;rosidl_typesupport_introspection_c
[23.012s] -- Using all available rosidl_typesupport_cpp: rosidl_typesupport_fastrtps_cpp;rosidl_typesupport_introspection_cpp
[23.296s] -- Found PythonInterp: /usr/bin/python3 (found suitable version "3.10.12", minimum required is "3.6") 
[23.309s] -- Found python_cmake_module: 0.10.0 (/opt/ros/humble/share/python_cmake_module/cmake)
[23.597s] -- Found PythonLibs: /usr/lib/x86_64-linux-gnu/libpython3.10.so (found suitable version "3.10.12", minimum required is "3.5") 
[23.598s] -- Using PYTHON_EXECUTABLE: /usr/bin/python3
[23.598s] -- Using PYTHON_INCLUDE_DIRS: /usr/include/python3.10
[23.598s] -- Using PYTHON_LIBRARIES: /usr/lib/x86_64-linux-gnu/libpython3.10.so
[23.933s] -- Found PythonExtra: .so  
[24.587s] -- Configuring done
[25.604s] -- Generating done
[25.647s] -- Build files have been written to: /home/ignatj/ros2_ws/build/turtlesim
[25.756s] Invoked command in '/home/ignatj/ros2_ws/build/turtlesim' returned '0': CMAKE_PREFIX_PATH=/opt/ros/humble /usr/bin/cmake /home/ignatj/ros2_ws/src/ros_tutorials/turtlesim -DAMENT_CMAKE_SYMLINK_INSTALL=1 -DCMAKE_INSTALL_PREFIX=/home/ignatj/ros2_ws/install/turtlesim
[25.773s] Invoking command in '/home/ignatj/ros2_ws/build/turtlesim': CMAKE_PREFIX_PATH=/opt/ros/humble /usr/bin/cmake --build /home/ignatj/ros2_ws/build/turtlesim -- -j6 -l6
[26.525s] [  1%] [34m[1mGenerating C code for ROS interfaces[0m
[26.661s] [  2%] [34m[1mGenerating C++ code for ROS interfaces[0m
[27.071s] [  2%] Built target ament_cmake_python_symlink_turtlesim
[32.291s] running egg_info
[32.309s] creating turtlesim.egg-info
[32.310s] writing turtlesim.egg-info/PKG-INFO
[32.311s] writing dependency_links to turtlesim.egg-info/dependency_links.txt
[32.312s] writing top-level names to turtlesim.egg-info/top_level.txt
[32.315s] writing manifest file 'turtlesim.egg-info/SOURCES.txt'
[32.341s] reading manifest file 'turtlesim.egg-info/SOURCES.txt'
[32.365s] writing manifest file 'turtlesim.egg-info/SOURCES.txt'
[32.677s] [  2%] Built target ament_cmake_python_build_turtlesim_egg
[38.017s] [  2%] Built target turtlesim__cpp
[42.543s] [  3%] [32mBuilding C object CMakeFiles/turtlesim__rosidl_generator_c.dir/rosidl_generator_c/turtlesim/action/detail/rotate_absolute__functions.c.o[0m
[47.287s] [  4%] [32mBuilding C object CMakeFiles/turtlesim__rosidl_generator_c.dir/rosidl_generator_c/turtlesim/msg/detail/pose__functions.c.o[0m
[48.176s] [  5%] [32mBuilding C object CMakeFiles/turtlesim__rosidl_generator_c.dir/rosidl_generator_c/turtlesim/srv/detail/kill__functions.c.o[0m
[48.716s] [  6%] [32mBuilding C object CMakeFiles/turtlesim__rosidl_generator_c.dir/rosidl_generator_c/turtlesim/srv/detail/set_pen__functions.c.o[0m
[49.108s] [  7%] [32mBuilding C object CMakeFiles/turtlesim__rosidl_generator_c.dir/rosidl_generator_c/turtlesim/srv/detail/spawn__functions.c.o[0m
[49.742s] [  8%] [32mBuilding C object CMakeFiles/turtlesim__rosidl_generator_c.dir/rosidl_generator_c/turtlesim/srv/detail/teleport_absolute__functions.c.o[0m
[50.369s] [  9%] [32mBuilding C object CMakeFiles/turtlesim__rosidl_generator_c.dir/rosidl_generator_c/turtlesim/srv/detail/teleport_relative__functions.c.o[0m
[50.951s] [ 10%] [32mBuilding C object CMakeFiles/turtlesim__rosidl_generator_c.dir/rosidl_generator_c/turtlesim/msg/detail/color__functions.c.o[0m
[51.475s] [ 11%] [32m[1mLinking C shared library libturtlesim__rosidl_generator_c.so[0m
[51.897s] [ 11%] Built target turtlesim__rosidl_generator_c
[52.068s] [ 12%] [34m[1mGenerating C++ introspection for ROS interfaces[0m
[56.015s] [ 13%] [32mBuilding CXX object CMakeFiles/turtlesim__rosidl_typesupport_introspection_cpp.dir/rosidl_typesupport_introspection_cpp/turtlesim/action/detail/rotate_absolute__type_support.cpp.o[0m
[61.155s] [ 14%] [32mBuilding CXX object CMakeFiles/turtlesim__rosidl_typesupport_introspection_cpp.dir/rosidl_typesupport_introspection_cpp/turtlesim/msg/detail/color__type_support.cpp.o[0m
[63.841s] [ 15%] [32mBuilding CXX object CMakeFiles/turtlesim__rosidl_typesupport_introspection_cpp.dir/rosidl_typesupport_introspection_cpp/turtlesim/msg/detail/pose__type_support.cpp.o[0m
[68.150s] [ 16%] [32mBuilding CXX object CMakeFiles/turtlesim__rosidl_typesupport_introspection_cpp.dir/rosidl_typesupport_introspection_cpp/turtlesim/srv/detail/kill__type_support.cpp.o[0m
[70.792s] [ 17%] [32mBuilding CXX object CMakeFiles/turtlesim__rosidl_typesupport_introspection_cpp.dir/rosidl_typesupport_introspection_cpp/turtlesim/srv/detail/set_pen__type_support.cpp.o[0m
[76.689s] [ 18%] [32mBuilding CXX object CMakeFiles/turtlesim__rosidl_typesupport_introspection_cpp.dir/rosidl_typesupport_introspection_cpp/turtlesim/srv/detail/spawn__type_support.cpp.o[0m
[88.940s] [ 19%] [32mBuilding CXX object CMakeFiles/turtlesim__rosidl_typesupport_introspection_cpp.dir/rosidl_typesupport_introspection_cpp/turtlesim/srv/detail/teleport_absolute__type_support.cpp.o[0m
[92.976s] [ 20%] [32mBuilding CXX object CMakeFiles/turtlesim__rosidl_typesupport_introspection_cpp.dir/rosidl_typesupport_introspection_cpp/turtlesim/srv/detail/teleport_relative__type_support.cpp.o[0m
[96.747s] [ 21%] [32m[1mLinking CXX shared library libturtlesim__rosidl_typesupport_introspection_cpp.so[0m
[98.030s] [ 21%] Built target turtlesim__rosidl_typesupport_introspection_cpp
[98.216s] [ 22%] [34m[1mGenerating C type support dispatch for ROS interfaces[0m
[103.279s] [ 23%] [32mBuilding CXX object CMakeFiles/turtlesim__rosidl_typesupport_c.dir/rosidl_typesupport_c/turtlesim/action/rotate_absolute__type_support.cpp.o[0m
[103.939s] [ 24%] [32mBuilding CXX object CMakeFiles/turtlesim__rosidl_typesupport_c.dir/rosidl_typesupport_c/turtlesim/msg/color__type_support.cpp.o[0m
[104.126s] [ 25%] [32mBuilding CXX object CMakeFiles/turtlesim__rosidl_typesupport_c.dir/rosidl_typesupport_c/turtlesim/msg/pose__type_support.cpp.o[0m
[104.298s] [ 26%] [32mBuilding CXX object CMakeFiles/turtlesim__rosidl_typesupport_c.dir/rosidl_typesupport_c/turtlesim/srv/kill__type_support.cpp.o[0m
[104.770s] [ 27%] [32mBuilding CXX object CMakeFiles/turtlesim__rosidl_typesupport_c.dir/rosidl_typesupport_c/turtlesim/srv/set_pen__type_support.cpp.o[0m
[105.047s] [ 28%] [32mBuilding CXX object CMakeFiles/turtlesim__rosidl_typesupport_c.dir/rosidl_typesupport_c/turtlesim/srv/spawn__type_support.cpp.o[0m
[105.668s] [ 29%] [32mBuilding CXX object CMakeFiles/turtlesim__rosidl_typesupport_c.dir/rosidl_typesupport_c/turtlesim/srv/teleport_absolute__type_support.cpp.o[0m
[106.039s] [ 30%] [32mBuilding CXX object CMakeFiles/turtlesim__rosidl_typesupport_c.dir/rosidl_typesupport_c/turtlesim/srv/teleport_relative__type_support.cpp.o[0m
[106.383s] [ 31%] [32m[1mLinking CXX shared library libturtlesim__rosidl_typesupport_c.so[0m
[106.746s] [ 31%] Built target turtlesim__rosidl_typesupport_c
[106.846s] [ 32%] [34m[1mGenerating C introspection for ROS interfaces[0m
[110.711s] [ 33%] [32mBuilding C object CMakeFiles/turtlesim__rosidl_typesupport_introspection_c.dir/rosidl_typesupport_introspection_c/turtlesim/action/detail/rotate_absolute__type_support.c.o[0m
[111.538s] [ 34%] [32mBuilding C object CMakeFiles/turtlesim__rosidl_typesupport_introspection_c.dir/rosidl_typesupport_introspection_c/turtlesim/msg/detail/pose__type_support.c.o[0m
[111.707s] [ 35%] [32mBuilding C object CMakeFiles/turtlesim__rosidl_typesupport_introspection_c.dir/rosidl_typesupport_introspection_c/turtlesim/srv/detail/kill__type_support.c.o[0m
[111.901s] [ 36%] [32mBuilding C object CMakeFiles/turtlesim__rosidl_typesupport_introspection_c.dir/rosidl_typesupport_introspection_c/turtlesim/srv/detail/set_pen__type_support.c.o[0m
[112.346s] [ 37%] [32mBuilding C object CMakeFiles/turtlesim__rosidl_typesupport_introspection_c.dir/rosidl_typesupport_introspection_c/turtlesim/srv/detail/spawn__type_support.c.o[0m
[112.737s] [ 38%] [32mBuilding C object CMakeFiles/turtlesim__rosidl_typesupport_introspection_c.dir/rosidl_typesupport_introspection_c/turtlesim/srv/detail/teleport_absolute__type_support.c.o[0m
[112.932s] [ 39%] [32mBuilding C object CMakeFiles/turtlesim__rosidl_typesupport_introspection_c.dir/rosidl_typesupport_introspection_c/turtlesim/srv/detail/teleport_relative__type_support.c.o[0m
[113.199s] [ 40%] [32mBuilding C object CMakeFiles/turtlesim__rosidl_typesupport_introspection_c.dir/rosidl_typesupport_introspection_c/turtlesim/msg/detail/color__type_support.c.o[0m
[113.443s] [ 41%] [32m[1mLinking C shared library libturtlesim__rosidl_typesupport_introspection_c.so[0m
[113.720s] [ 41%] Built target turtlesim__rosidl_typesupport_introspection_c
[113.857s] [ 42%] [34m[1mGenerating C type support for eProsima Fast-RTPS[0m
[117.601s] [ 43%] [32mBuilding CXX object CMakeFiles/turtlesim__rosidl_typesupport_fastrtps_c.dir/rosidl_typesupport_fastrtps_c/turtlesim/action/detail/rotate_absolute__type_support_c.cpp.o[0m
[123.968s] [ 44%] [32mBuilding CXX object CMakeFiles/turtlesim__rosidl_typesupport_fastrtps_c.dir/rosidl_typesupport_fastrtps_c/turtlesim/srv/detail/kill__type_support_c.cpp.o[0m
[127.404s] [ 45%] [32mBuilding CXX object CMakeFiles/turtlesim__rosidl_typesupport_fastrtps_c.dir/rosidl_typesupport_fastrtps_c/turtlesim/srv/detail/set_pen__type_support_c.cpp.o[0m
[132.592s] [ 46%] [32mBuilding CXX object CMakeFiles/turtlesim__rosidl_typesupport_fastrtps_c.dir/rosidl_typesupport_fastrtps_c/turtlesim/srv/detail/spawn__type_support_c.cpp.o[0m
[138.769s] [ 47%] [32mBuilding CXX object CMakeFiles/turtlesim__rosidl_typesupport_fastrtps_c.dir/rosidl_typesupport_fastrtps_c/turtlesim/srv/detail/teleport_absolute__type_support_c.cpp.o[0m
[142.826s] [ 48%] [32mBuilding CXX object CMakeFiles/turtlesim__rosidl_typesupport_fastrtps_c.dir/rosidl_typesupport_fastrtps_c/turtlesim/srv/detail/teleport_relative__type_support_c.cpp.o[0m
[144.508s] [ 49%] [32mBuilding CXX object CMakeFiles/turtlesim__rosidl_typesupport_fastrtps_c.dir/rosidl_typesupport_fastrtps_c/turtlesim/msg/detail/pose__type_support_c.cpp.o[0m
[146.067s] [ 50%] [32mBuilding CXX object CMakeFiles/turtlesim__rosidl_typesupport_fastrtps_c.dir/rosidl_typesupport_fastrtps_c/turtlesim/msg/detail/color__type_support_c.cpp.o[0m
[146.995s] [ 51%] [32m[1mLinking CXX shared library libturtlesim__rosidl_typesupport_fastrtps_c.so[0m
[147.438s] [ 51%] Built target turtlesim__rosidl_typesupport_fastrtps_c
[147.521s] [ 52%] [34m[1mGenerating C++ type support for eProsima Fast-RTPS[0m
[150.354s] [ 53%] [32mBuilding CXX object CMakeFiles/turtlesim__rosidl_typesupport_fastrtps_cpp.dir/rosidl_typesupport_fastrtps_cpp/turtlesim/action/detail/dds_fastrtps/rotate_absolute__type_support.cpp.o[0m
[152.261s] [ 54%] [32mBuilding CXX object CMakeFiles/turtlesim__rosidl_typesupport_fastrtps_cpp.dir/rosidl_typesupport_fastrtps_cpp/turtlesim/srv/detail/dds_fastrtps/set_pen__type_support.cpp.o[0m
[153.990s] [ 55%] [32mBuilding CXX object CMakeFiles/turtlesim__rosidl_typesupport_fastrtps_cpp.dir/rosidl_typesupport_fastrtps_cpp/turtlesim/srv/detail/dds_fastrtps/spawn__type_support.cpp.o[0m
[155.419s] [ 56%] [32mBuilding CXX object CMakeFiles/turtlesim__rosidl_typesupport_fastrtps_cpp.dir/rosidl_typesupport_fastrtps_cpp/turtlesim/srv/detail/dds_fastrtps/teleport_absolute__type_support.cpp.o[0m
[156.772s] [ 57%] [32mBuilding CXX object CMakeFiles/turtlesim__rosidl_typesupport_fastrtps_cpp.dir/rosidl_typesupport_fastrtps_cpp/turtlesim/srv/detail/dds_fastrtps/teleport_relative__type_support.cpp.o[0m
[158.097s] [ 58%] [32mBuilding CXX object CMakeFiles/turtlesim__rosidl_typesupport_fastrtps_cpp.dir/rosidl_typesupport_fastrtps_cpp/turtlesim/srv/detail/dds_fastrtps/kill__type_support.cpp.o[0m
[159.675s] [ 59%] [32mBuilding CXX object CMakeFiles/turtlesim__rosidl_typesupport_fastrtps_cpp.dir/rosidl_typesupport_fastrtps_cpp/turtlesim/msg/detail/dds_fastrtps/pose__type_support.cpp.o[0m
[160.876s] [ 60%] [32mBuilding CXX object CMakeFiles/turtlesim__rosidl_typesupport_fastrtps_cpp.dir/rosidl_typesupport_fastrtps_cpp/turtlesim/msg/detail/dds_fastrtps/color__type_support.cpp.o[0m
[162.456s] [ 61%] [32m[1mLinking CXX shared library libturtlesim__rosidl_typesupport_fastrtps_cpp.so[0m
[162.854s] [ 61%] Built target turtlesim__rosidl_typesupport_fastrtps_cpp
[162.913s] [ 62%] [34m[1mGenerating C++ type support dispatch for ROS interfaces[0m
[165.103s] [ 63%] [32mBuilding CXX object CMakeFiles/turtlesim__rosidl_typesupport_cpp.dir/rosidl_typesupport_cpp/turtlesim/action/rotate_absolute__type_support.cpp.o[0m
[167.482s] [ 64%] [32mBuilding CXX object CMakeFiles/turtlesim__rosidl_typesupport_cpp.dir/rosidl_typesupport_cpp/turtlesim/srv/spawn__type_support.cpp.o[0m
[169.190s] [ 65%] [32mBuilding CXX object CMakeFiles/turtlesim__rosidl_typesupport_cpp.dir/rosidl_typesupport_cpp/turtlesim/srv/teleport_absolute__type_support.cpp.o[0m
[170.169s] [ 66%] [32mBuilding CXX object CMakeFiles/turtlesim__rosidl_typesupport_cpp.dir/rosidl_typesupport_cpp/turtlesim/srv/teleport_relative__type_support.cpp.o[0m
[171.261s] [ 67%] [32mBuilding CXX object CMakeFiles/turtlesim__rosidl_typesupport_cpp.dir/rosidl_typesupport_cpp/turtlesim/srv/set_pen__type_support.cpp.o[0m
[172.557s] [ 68%] [32mBuilding CXX object CMakeFiles/turtlesim__rosidl_typesupport_cpp.dir/rosidl_typesupport_cpp/turtlesim/srv/kill__type_support.cpp.o[0m
[173.188s] [ 69%] [32mBuilding CXX object CMakeFiles/turtlesim__rosidl_typesupport_cpp.dir/rosidl_typesupport_cpp/turtlesim/msg/pose__type_support.cpp.o[0m
[173.739s] [ 70%] [32mBuilding CXX object CMakeFiles/turtlesim__rosidl_typesupport_cpp.dir/rosidl_typesupport_cpp/turtlesim/msg/color__type_support.cpp.o[0m
[174.361s] [ 71%] [32m[1mLinking CXX shared library libturtlesim__rosidl_typesupport_cpp.so[0m
[174.484s] [ 71%] Built target turtlesim__rosidl_typesupport_cpp
[174.566s] [ 71%] Built target turtlesim
[174.656s] [ 72%] [32mBuilding CXX object CMakeFiles/mimic.dir/tutorials/mimic.cpp.o[0m
[197.110s] [ 73%] [32m[1mLinking CXX executable mimic[0m
[198.112s] [ 73%] Built target mimic
[198.201s] [ 74%] [34m[1mGenerating Python code for ROS interfaces[0m
[201.251s] [ 74%] Built target turtlesim__py
[201.316s] [ 75%] [32mBuilding CXX object CMakeFiles/turtle_teleop_key.dir/tutorials/teleop_turtle_key.cpp.o[0m
[201.319s] [ 76%] [32mBuilding CXX object CMakeFiles/draw_square.dir/tutorials/draw_square.cpp.o[0m
[215.388s] [ 77%] [32m[1mLinking CXX executable turtle_teleop_key[0m
[216.136s] [ 77%] Built target turtle_teleop_key
[216.182s] [ 78%] [34m[1mGenerating include/turtlesim/moc_turtle_frame.cpp[0m
[216.215s] [ 79%] [32mBuilding C object CMakeFiles/turtlesim__rosidl_generator_py.dir/rosidl_generator_py/turtlesim/action/_rotate_absolute_s.c.o[0m
[216.227s] [ 80%] [32mBuilding C object CMakeFiles/turtlesim__rosidl_generator_py.dir/rosidl_generator_py/turtlesim/msg/_color_s.c.o[0m
[216.227s] [ 81%] [32mBuilding C object CMakeFiles/turtlesim__rosidl_generator_py.dir/rosidl_generator_py/turtlesim/srv/_kill_s.c.o[0m
[216.245s] [ 82%] [32mBuilding C object CMakeFiles/turtlesim__rosidl_generator_py.dir/rosidl_generator_py/turtlesim/msg/_pose_s.c.o[0m
[216.633s] [ 83%] [32mBuilding CXX object CMakeFiles/turtlesim_node.dir/src/turtlesim.cpp.o[0m
[216.781s] [ 84%] [32mBuilding C object CMakeFiles/turtlesim__rosidl_generator_py.dir/rosidl_generator_py/turtlesim/srv/_set_pen_s.c.o[0m
[216.781s] [ 85%] [32mBuilding C object CMakeFiles/turtlesim__rosidl_generator_py.dir/rosidl_generator_py/turtlesim/srv/_teleport_absolute_s.c.o[0m
[216.790s] [ 86%] [32mBuilding C object CMakeFiles/turtlesim__rosidl_generator_py.dir/rosidl_generator_py/turtlesim/srv/_spawn_s.c.o[0m
[216.890s] [ 87%] [32mBuilding C object CMakeFiles/turtlesim__rosidl_generator_py.dir/rosidl_generator_py/turtlesim/srv/_teleport_relative_s.c.o[0m
[217.117s] [ 88%] [32mBuilding CXX object CMakeFiles/turtlesim_node.dir/src/turtle_frame.cpp.o[0m
[217.127s] [ 89%] [32mBuilding CXX object CMakeFiles/turtlesim_node.dir/src/turtle.cpp.o[0m
[217.165s] [ 90%] [32mBuilding CXX object CMakeFiles/turtlesim_node.dir/include/turtlesim/moc_turtle_frame.cpp.o[0m
[217.339s] [ 91%] [32m[1mLinking C shared library rosidl_generator_py/turtlesim/libturtlesim__rosidl_generator_py.so[0m
[217.627s] [ 91%] Built target turtlesim__rosidl_generator_py
[217.730s] [ 92%] [32mBuilding C object CMakeFiles/turtlesim__rosidl_typesupport_fastrtps_c__pyext.dir/rosidl_generator_py/turtlesim/_turtlesim_s.ep.rosidl_typesupport_fastrtps_c.c.o[0m
[218.577s] [ 93%] [32m[1mLinking C shared library rosidl_generator_py/turtlesim/turtlesim_s__rosidl_typesupport_fastrtps_c.cpython-310-x86_64-linux-gnu.so[0m
[218.911s] [ 93%] Built target turtlesim__rosidl_typesupport_fastrtps_c__pyext
[219.068s] [ 94%] [32mBuilding C object CMakeFiles/turtlesim__rosidl_typesupport_introspection_c__pyext.dir/rosidl_generator_py/turtlesim/_turtlesim_s.ep.rosidl_typesupport_introspection_c.c.o[0m
[219.910s] [ 95%] [32m[1mLinking C shared library rosidl_generator_py/turtlesim/turtlesim_s__rosidl_typesupport_introspection_c.cpython-310-x86_64-linux-gnu.so[0m
[220.209s] [ 95%] Built target turtlesim__rosidl_typesupport_introspection_c__pyext
[220.384s] [ 96%] [32mBuilding C object CMakeFiles/turtlesim__rosidl_typesupport_c__pyext.dir/rosidl_generator_py/turtlesim/_turtlesim_s.ep.rosidl_typesupport_c.c.o[0m
[220.969s] [ 97%] [32m[1mLinking C shared library rosidl_generator_py/turtlesim/turtlesim_s__rosidl_typesupport_c.cpython-310-x86_64-linux-gnu.so[0m
[221.266s] [ 97%] Built target turtlesim__rosidl_typesupport_c__pyext
[227.567s] [ 98%] [32m[1mLinking CXX executable draw_square[0m
[229.297s] [ 98%] Built target draw_square
[248.527s] [100%] [32m[1mLinking CXX executable turtlesim_node[0m
[252.814s] [100%] Built target turtlesim_node
[253.014s] Invoked command in '/home/ignatj/ros2_ws/build/turtlesim' returned '0': CMAKE_PREFIX_PATH=/opt/ros/humble /usr/bin/cmake --build /home/ignatj/ros2_ws/build/turtlesim -- -j6 -l6
[253.948s] Invoking command in '/home/ignatj/ros2_ws/build/turtlesim': CMAKE_PREFIX_PATH=/opt/ros/humble /usr/bin/cmake --install /home/ignatj/ros2_ws/build/turtlesim
[253.966s] -- Install configuration: ""
[253.970s] -- Execute custom install script
[253.975s] -- Symlinking: /home/ignatj/ros2_ws/install/turtlesim/share/ament_index/resource_index/rosidl_interfaces/turtlesim
[253.997s] -- Symlinking: /home/ignatj/ros2_ws/install/turtlesim/include/turtlesim/turtlesim/action/detail/rotate_absolute__functions.h
[254.019s] -- Symlinking: /home/ignatj/ros2_ws/install/turtlesim/include/turtlesim/turtlesim/action/detail/rotate_absolute__struct.h
[254.043s] -- Symlinking: /home/ignatj/ros2_ws/install/turtlesim/include/turtlesim/turtlesim/action/detail/rotate_absolute__type_support.h
[254.065s] -- Symlinking: /home/ignatj/ros2_ws/install/turtlesim/include/turtlesim/turtlesim/action/rotate_absolute.h
[254.087s] -- Symlinking: /home/ignatj/ros2_ws/install/turtlesim/include/turtlesim/turtlesim/msg/color.h
[254.111s] -- Symlinking: /home/ignatj/ros2_ws/install/turtlesim/include/turtlesim/turtlesim/msg/detail/color__functions.h
[254.133s] -- Symlinking: /home/ignatj/ros2_ws/install/turtlesim/include/turtlesim/turtlesim/msg/detail/color__struct.h
[254.159s] -- Symlinking: /home/ignatj/ros2_ws/install/turtlesim/include/turtlesim/turtlesim/msg/detail/color__type_support.h
[254.181s] -- Symlinking: /home/ignatj/ros2_ws/install/turtlesim/include/turtlesim/turtlesim/msg/detail/pose__functions.h
[254.202s] -- Symlinking: /home/ignatj/ros2_ws/install/turtlesim/include/turtlesim/turtlesim/msg/detail/pose__struct.h
[254.221s] -- Symlinking: /home/ignatj/ros2_ws/install/turtlesim/include/turtlesim/turtlesim/msg/detail/pose__type_support.h
[254.240s] -- Symlinking: /home/ignatj/ros2_ws/install/turtlesim/include/turtlesim/turtlesim/msg/pose.h
[254.265s] -- Symlinking: /home/ignatj/ros2_ws/install/turtlesim/include/turtlesim/turtlesim/msg/rosidl_generator_c__visibility_control.h
[254.285s] -- Symlinking: /home/ignatj/ros2_ws/install/turtlesim/include/turtlesim/turtlesim/srv/detail/kill__functions.h
[254.309s] -- Symlinking: /home/ignatj/ros2_ws/install/turtlesim/include/turtlesim/turtlesim/srv/detail/kill__struct.h
[254.332s] -- Symlinking: /home/ignatj/ros2_ws/install/turtlesim/include/turtlesim/turtlesim/srv/detail/kill__type_support.h
[254.360s] -- Symlinking: /home/ignatj/ros2_ws/install/turtlesim/include/turtlesim/turtlesim/srv/detail/set_pen__functions.h
[254.386s] -- Symlinking: /home/ignatj/ros2_ws/install/turtlesim/include/turtlesim/turtlesim/srv/detail/set_pen__struct.h
[254.406s] -- Symlinking: /home/ignatj/ros2_ws/install/turtlesim/include/turtlesim/turtlesim/srv/detail/set_pen__type_support.h
[254.434s] -- Symlinking: /home/ignatj/ros2_ws/install/turtlesim/include/turtlesim/turtlesim/srv/detail/spawn__functions.h
[254.462s] -- Symlinking: /home/ignatj/ros2_ws/install/turtlesim/include/turtlesim/turtlesim/srv/detail/spawn__struct.h
[254.486s] -- Symlinking: /home/ignatj/ros2_ws/install/turtlesim/include/turtlesim/turtlesim/srv/detail/spawn__type_support.h
[254.514s] -- Symlinking: /home/ignatj/ros2_ws/install/turtlesim/include/turtlesim/turtlesim/srv/detail/teleport_absolute__functions.h
[254.537s] -- Symlinking: /home/ignatj/ros2_ws/install/turtlesim/include/turtlesim/turtlesim/srv/detail/teleport_absolute__struct.h
[254.563s] -- Symlinking: /home/ignatj/ros2_ws/install/turtlesim/include/turtlesim/turtlesim/srv/detail/teleport_absolute__type_support.h
[254.589s] -- Symlinking: /home/ignatj/ros2_ws/install/turtlesim/include/turtlesim/turtlesim/srv/detail/teleport_relative__functions.h
[254.617s] -- Symlinking: /home/ignatj/ros2_ws/install/turtlesim/include/turtlesim/turtlesim/srv/detail/teleport_relative__struct.h
[254.641s] -- Symlinking: /home/ignatj/ros2_ws/install/turtlesim/include/turtlesim/turtlesim/srv/detail/teleport_relative__type_support.h
[254.668s] -- Symlinking: /home/ignatj/ros2_ws/install/turtlesim/include/turtlesim/turtlesim/srv/kill.h
[254.694s] -- Symlinking: /home/ignatj/ros2_ws/install/turtlesim/include/turtlesim/turtlesim/srv/set_pen.h
[254.719s] -- Symlinking: /home/ignatj/ros2_ws/install/turtlesim/include/turtlesim/turtlesim/srv/spawn.h
[254.745s] -- Symlinking: /home/ignatj/ros2_ws/install/turtlesim/include/turtlesim/turtlesim/srv/teleport_absolute.h
[254.775s] -- Symlinking: /home/ignatj/ros2_ws/install/turtlesim/include/turtlesim/turtlesim/srv/teleport_relative.h
[254.804s] -- Symlinking: /home/ignatj/ros2_ws/install/turtlesim/share/turtlesim/environment/library_path.sh
[254.830s] -- Symlinking: /home/ignatj/ros2_ws/install/turtlesim/share/turtlesim/environment/library_path.dsv
[254.857s] -- Symlinking: /home/ignatj/ros2_ws/install/turtlesim/include/turtlesim/turtlesim/action/detail/rotate_absolute__rosidl_typesupport_fastrtps_c.h
[254.882s] -- Symlinking: /home/ignatj/ros2_ws/install/turtlesim/include/turtlesim/turtlesim/msg/detail/color__rosidl_typesupport_fastrtps_c.h
[254.914s] -- Symlinking: /home/ignatj/ros2_ws/install/turtlesim/include/turtlesim/turtlesim/msg/detail/pose__rosidl_typesupport_fastrtps_c.h
[254.937s] -- Symlinking: /home/ignatj/ros2_ws/install/turtlesim/include/turtlesim/turtlesim/msg/rosidl_typesupport_fastrtps_c__visibility_control.h
[254.968s] -- Symlinking: /home/ignatj/ros2_ws/install/turtlesim/include/turtlesim/turtlesim/srv/detail/kill__rosidl_typesupport_fastrtps_c.h
[254.993s] -- Symlinking: /home/ignatj/ros2_ws/install/turtlesim/include/turtlesim/turtlesim/srv/detail/set_pen__rosidl_typesupport_fastrtps_c.h
[255.016s] -- Symlinking: /home/ignatj/ros2_ws/install/turtlesim/include/turtlesim/turtlesim/srv/detail/spawn__rosidl_typesupport_fastrtps_c.h
[255.042s] -- Symlinking: /home/ignatj/ros2_ws/install/turtlesim/include/turtlesim/turtlesim/srv/detail/teleport_absolute__rosidl_typesupport_fastrtps_c.h
[255.072s] -- Symlinking: /home/ignatj/ros2_ws/install/turtlesim/include/turtlesim/turtlesim/srv/detail/teleport_relative__rosidl_typesupport_fastrtps_c.h
[255.097s] -- Symlinking: /home/ignatj/ros2_ws/install/turtlesim/include/turtlesim/turtlesim/action/detail/rotate_absolute__builder.hpp
[255.120s] -- Symlinking: /home/ignatj/ros2_ws/install/turtlesim/include/turtlesim/turtlesim/action/detail/rotate_absolute__struct.hpp
[255.144s] -- Symlinking: /home/ignatj/ros2_ws/install/turtlesim/include/turtlesim/turtlesim/action/detail/rotate_absolute__traits.hpp
[255.171s] -- Symlinking: /home/ignatj/ros2_ws/install/turtlesim/include/turtlesim/turtlesim/action/rotate_absolute.hpp
[255.197s] -- Symlinking: /home/ignatj/ros2_ws/install/turtlesim/include/turtlesim/turtlesim/msg/color.hpp
[255.220s] -- Symlinking: /home/ignatj/ros2_ws/install/turtlesim/include/turtlesim/turtlesim/msg/detail/color__builder.hpp
[255.245s] -- Symlinking: /home/ignatj/ros2_ws/install/turtlesim/include/turtlesim/turtlesim/msg/detail/color__struct.hpp
[255.272s] -- Symlinking: /home/ignatj/ros2_ws/install/turtlesim/include/turtlesim/turtlesim/msg/detail/color__traits.hpp
[255.299s] -- Symlinking: /home/ignatj/ros2_ws/install/turtlesim/include/turtlesim/turtlesim/msg/detail/pose__builder.hpp
[255.324s] -- Symlinking: /home/ignatj/ros2_ws/install/turtlesim/include/turtlesim/turtlesim/msg/detail/pose__struct.hpp
[255.348s] -- Symlinking: /home/ignatj/ros2_ws/install/turtlesim/include/turtlesim/turtlesim/msg/detail/pose__traits.hpp
[255.374s] -- Symlinking: /home/ignatj/ros2_ws/install/turtlesim/include/turtlesim/turtlesim/msg/pose.hpp
[255.401s] -- Symlinking: /home/ignatj/ros2_ws/install/turtlesim/include/turtlesim/turtlesim/srv/detail/kill__builder.hpp
[255.427s] -- Symlinking: /home/ignatj/ros2_ws/install/turtlesim/include/turtlesim/turtlesim/srv/detail/kill__struct.hpp
[255.451s] -- Symlinking: /home/ignatj/ros2_ws/install/turtlesim/include/turtlesim/turtlesim/srv/detail/kill__traits.hpp
[255.477s] -- Symlinking: /home/ignatj/ros2_ws/install/turtlesim/include/turtlesim/turtlesim/srv/detail/set_pen__builder.hpp
[255.502s] -- Symlinking: /home/ignatj/ros2_ws/install/turtlesim/include/turtlesim/turtlesim/srv/detail/set_pen__struct.hpp
[255.529s] -- Symlinking: /home/ignatj/ros2_ws/install/turtlesim/include/turtlesim/turtlesim/srv/detail/set_pen__traits.hpp
[255.553s] -- Symlinking: /home/ignatj/ros2_ws/install/turtlesim/include/turtlesim/turtlesim/srv/detail/spawn__builder.hpp
[255.576s] -- Symlinking: /home/ignatj/ros2_ws/install/turtlesim/include/turtlesim/turtlesim/srv/detail/spawn__struct.hpp
[255.602s] -- Symlinking: /home/ignatj/ros2_ws/install/turtlesim/include/turtlesim/turtlesim/srv/detail/spawn__traits.hpp
[255.630s] -- Symlinking: /home/ignatj/ros2_ws/install/turtlesim/include/turtlesim/turtlesim/srv/detail/teleport_absolute__builder.hpp
[255.656s] -- Symlinking: /home/ignatj/ros2_ws/install/turtlesim/include/turtlesim/turtlesim/srv/detail/teleport_absolute__struct.hpp
[255.683s] -- Symlinking: /home/ignatj/ros2_ws/install/turtlesim/include/turtlesim/turtlesim/srv/detail/teleport_absolute__traits.hpp
[255.710s] -- Symlinking: /home/ignatj/ros2_ws/install/turtlesim/include/turtlesim/turtlesim/srv/detail/teleport_relative__builder.hpp
[255.737s] -- Symlinking: /home/ignatj/ros2_ws/install/turtlesim/include/turtlesim/turtlesim/srv/detail/teleport_relative__struct.hpp
[255.767s] -- Symlinking: /home/ignatj/ros2_ws/install/turtlesim/include/turtlesim/turtlesim/srv/detail/teleport_relative__traits.hpp
[255.793s] -- Symlinking: /home/ignatj/ros2_ws/install/turtlesim/include/turtlesim/turtlesim/srv/kill.hpp
[255.816s] -- Symlinking: /home/ignatj/ros2_ws/install/turtlesim/include/turtlesim/turtlesim/srv/set_pen.hpp
[255.846s] -- Symlinking: /home/ignatj/ros2_ws/install/turtlesim/include/turtlesim/turtlesim/srv/spawn.hpp
[255.874s] -- Symlinking: /home/ignatj/ros2_ws/install/turtlesim/include/turtlesim/turtlesim/srv/teleport_absolute.hpp
[255.897s] -- Symlinking: /home/ignatj/ros2_ws/install/turtlesim/include/turtlesim/turtlesim/srv/teleport_relative.hpp
[255.920s] -- Symlinking: /home/ignatj/ros2_ws/install/turtlesim/include/turtlesim/turtlesim/action/detail/rotate_absolute__rosidl_typesupport_fastrtps_cpp.hpp
[255.942s] -- Symlinking: /home/ignatj/ros2_ws/install/turtlesim/include/turtlesim/turtlesim/msg/detail/color__rosidl_typesupport_fastrtps_cpp.hpp
[255.967s] -- Symlinking: /home/ignatj/ros2_ws/install/turtlesim/include/turtlesim/turtlesim/msg/detail/pose__rosidl_typesupport_fastrtps_cpp.hpp
[255.991s] -- Symlinking: /home/ignatj/ros2_ws/install/turtlesim/include/turtlesim/turtlesim/msg/rosidl_typesupport_fastrtps_cpp__visibility_control.h
[256.011s] -- Symlinking: /home/ignatj/ros2_ws/install/turtlesim/include/turtlesim/turtlesim/srv/detail/kill__rosidl_typesupport_fastrtps_cpp.hpp
[256.044s] -- Symlinking: /home/ignatj/ros2_ws/install/turtlesim/include/turtlesim/turtlesim/srv/detail/set_pen__rosidl_typesupport_fastrtps_cpp.hpp
[256.064s] -- Symlinking: /home/ignatj/ros2_ws/install/turtlesim/include/turtlesim/turtlesim/srv/detail/spawn__rosidl_typesupport_fastrtps_cpp.hpp
[256.087s] -- Symlinking: /home/ignatj/ros2_ws/install/turtlesim/include/turtlesim/turtlesim/srv/detail/teleport_absolute__rosidl_typesupport_fastrtps_cpp.hpp
[256.111s] -- Symlinking: /home/ignatj/ros2_ws/install/turtlesim/include/turtlesim/turtlesim/srv/detail/teleport_relative__rosidl_typesupport_fastrtps_cpp.hpp
[256.138s] -- Symlinking: /home/ignatj/ros2_ws/install/turtlesim/include/turtlesim/turtlesim/action/detail/rotate_absolute__rosidl_typesupport_introspection_c.h
[256.161s] -- Symlinking: /home/ignatj/ros2_ws/install/turtlesim/include/turtlesim/turtlesim/msg/detail/color__rosidl_typesupport_introspection_c.h
[256.188s] -- Symlinking: /home/ignatj/ros2_ws/install/turtlesim/include/turtlesim/turtlesim/msg/detail/pose__rosidl_typesupport_introspection_c.h
[256.208s] -- Symlinking: /home/ignatj/ros2_ws/install/turtlesim/include/turtlesim/turtlesim/msg/rosidl_typesupport_introspection_c__visibility_control.h
[256.228s] -- Symlinking: /home/ignatj/ros2_ws/install/turtlesim/include/turtlesim/turtlesim/srv/detail/kill__rosidl_typesupport_introspection_c.h
[256.248s] -- Symlinking: /home/ignatj/ros2_ws/install/turtlesim/include/turtlesim/turtlesim/srv/detail/set_pen__rosidl_typesupport_introspection_c.h
[256.274s] -- Symlinking: /home/ignatj/ros2_ws/install/turtlesim/include/turtlesim/turtlesim/srv/detail/spawn__rosidl_typesupport_introspection_c.h
[256.294s] -- Symlinking: /home/ignatj/ros2_ws/install/turtlesim/include/turtlesim/turtlesim/srv/detail/teleport_absolute__rosidl_typesupport_introspection_c.h
[256.313s] -- Symlinking: /home/ignatj/ros2_ws/install/turtlesim/include/turtlesim/turtlesim/srv/detail/teleport_relative__rosidl_typesupport_introspection_c.h
[256.345s] -- Symlinking: /home/ignatj/ros2_ws/install/turtlesim/include/turtlesim/turtlesim/action/detail/rotate_absolute__rosidl_typesupport_introspection_cpp.hpp
[256.364s] -- Symlinking: /home/ignatj/ros2_ws/install/turtlesim/include/turtlesim/turtlesim/msg/detail/color__rosidl_typesupport_introspection_cpp.hpp
[256.385s] -- Symlinking: /home/ignatj/ros2_ws/install/turtlesim/include/turtlesim/turtlesim/msg/detail/pose__rosidl_typesupport_introspection_cpp.hpp
[256.405s] -- Symlinking: /home/ignatj/ros2_ws/install/turtlesim/include/turtlesim/turtlesim/srv/detail/kill__rosidl_typesupport_introspection_cpp.hpp
[256.425s] -- Symlinking: /home/ignatj/ros2_ws/install/turtlesim/include/turtlesim/turtlesim/srv/detail/set_pen__rosidl_typesupport_introspection_cpp.hpp
[256.446s] -- Symlinking: /home/ignatj/ros2_ws/install/turtlesim/include/turtlesim/turtlesim/srv/detail/spawn__rosidl_typesupport_introspection_cpp.hpp
[256.470s] -- Symlinking: /home/ignatj/ros2_ws/install/turtlesim/include/turtlesim/turtlesim/srv/detail/teleport_absolute__rosidl_typesupport_introspection_cpp.hpp
[256.494s] -- Symlinking: /home/ignatj/ros2_ws/install/turtlesim/include/turtlesim/turtlesim/srv/detail/teleport_relative__rosidl_typesupport_introspection_cpp.hpp
[256.513s] -- Symlinking: /home/ignatj/ros2_ws/install/turtlesim/share/turtlesim/environment/pythonpath.sh
[256.533s] -- Symlinking: /home/ignatj/ros2_ws/install/turtlesim/share/turtlesim/environment/pythonpath.dsv
[256.555s] -- Symlinking: /home/ignatj/ros2_ws/install/turtlesim/local/lib/python3.10/dist-packages/turtlesim-1.4.2-py3.10.egg-info/PKG-INFO
[256.582s] -- Symlinking: /home/ignatj/ros2_ws/install/turtlesim/local/lib/python3.10/dist-packages/turtlesim-1.4.2-py3.10.egg-info/SOURCES.txt
[256.604s] -- Symlinking: /home/ignatj/ros2_ws/install/turtlesim/local/lib/python3.10/dist-packages/turtlesim-1.4.2-py3.10.egg-info/dependency_links.txt
[256.625s] -- Symlinking: /home/ignatj/ros2_ws/install/turtlesim/local/lib/python3.10/dist-packages/turtlesim-1.4.2-py3.10.egg-info/top_level.txt
[256.645s] -- Symlinking: /home/ignatj/ros2_ws/install/turtlesim/local/lib/python3.10/dist-packages/turtlesim/__init__.py
[256.664s] -- Symlinking: /home/ignatj/ros2_ws/install/turtlesim/local/lib/python3.10/dist-packages/turtlesim/_turtlesim_s.ep.rosidl_typesupport_c.c
[256.685s] -- Symlinking: /home/ignatj/ros2_ws/install/turtlesim/local/lib/python3.10/dist-packages/turtlesim/_turtlesim_s.ep.rosidl_typesupport_fastrtps_c.c
[256.710s] -- Symlinking: /home/ignatj/ros2_ws/install/turtlesim/local/lib/python3.10/dist-packages/turtlesim/_turtlesim_s.ep.rosidl_typesupport_introspection_c.c
[256.734s] -- Symlinking: /home/ignatj/ros2_ws/install/turtlesim/local/lib/python3.10/dist-packages/turtlesim/action/__init__.py
[256.757s] -- Symlinking: /home/ignatj/ros2_ws/install/turtlesim/local/lib/python3.10/dist-packages/turtlesim/action/_rotate_absolute.py
[256.780s] -- Symlinking: /home/ignatj/ros2_ws/install/turtlesim/local/lib/python3.10/dist-packages/turtlesim/action/_rotate_absolute_s.c
[256.803s] -- Symlinking: /home/ignatj/ros2_ws/install/turtlesim/local/lib/python3.10/dist-packages/turtlesim/libturtlesim__rosidl_generator_py.so
[256.825s] -- Symlinking: /home/ignatj/ros2_ws/install/turtlesim/local/lib/python3.10/dist-packages/turtlesim/msg/__init__.py
[256.850s] -- Symlinking: /home/ignatj/ros2_ws/install/turtlesim/local/lib/python3.10/dist-packages/turtlesim/msg/_color.py
[256.869s] -- Symlinking: /home/ignatj/ros2_ws/install/turtlesim/local/lib/python3.10/dist-packages/turtlesim/msg/_color_s.c
[256.893s] -- Symlinking: /home/ignatj/ros2_ws/install/turtlesim/local/lib/python3.10/dist-packages/turtlesim/msg/_pose.py
[256.912s] -- Symlinking: /home/ignatj/ros2_ws/install/turtlesim/local/lib/python3.10/dist-packages/turtlesim/msg/_pose_s.c
[256.934s] -- Symlinking: /home/ignatj/ros2_ws/install/turtlesim/local/lib/python3.10/dist-packages/turtlesim/srv/__init__.py
[256.953s] -- Symlinking: /home/ignatj/ros2_ws/install/turtlesim/local/lib/python3.10/dist-packages/turtlesim/srv/_kill.py
[256.978s] -- Symlinking: /home/ignatj/ros2_ws/install/turtlesim/local/lib/python3.10/dist-packages/turtlesim/srv/_kill_s.c
[257.001s] -- Symlinking: /home/ignatj/ros2_ws/install/turtlesim/local/lib/python3.10/dist-packages/turtlesim/srv/_set_pen.py
[257.022s] -- Symlinking: /home/ignatj/ros2_ws/install/turtlesim/local/lib/python3.10/dist-packages/turtlesim/srv/_set_pen_s.c
[257.043s] -- Symlinking: /home/ignatj/ros2_ws/install/turtlesim/local/lib/python3.10/dist-packages/turtlesim/srv/_spawn.py
[257.065s] -- Symlinking: /home/ignatj/ros2_ws/install/turtlesim/local/lib/python3.10/dist-packages/turtlesim/srv/_spawn_s.c
[257.088s] -- Symlinking: /home/ignatj/ros2_ws/install/turtlesim/local/lib/python3.10/dist-packages/turtlesim/srv/_teleport_absolute.py
[257.110s] -- Symlinking: /home/ignatj/ros2_ws/install/turtlesim/local/lib/python3.10/dist-packages/turtlesim/srv/_teleport_absolute_s.c
[257.132s] -- Symlinking: /home/ignatj/ros2_ws/install/turtlesim/local/lib/python3.10/dist-packages/turtlesim/srv/_teleport_relative.py
[257.154s] -- Symlinking: /home/ignatj/ros2_ws/install/turtlesim/local/lib/python3.10/dist-packages/turtlesim/srv/_teleport_relative_s.c
[257.177s] -- Symlinking: /home/ignatj/ros2_ws/install/turtlesim/local/lib/python3.10/dist-packages/turtlesim/turtlesim_s__rosidl_typesupport_c.cpython-310-x86_64-linux-gnu.so
[257.198s] -- Symlinking: /home/ignatj/ros2_ws/install/turtlesim/local/lib/python3.10/dist-packages/turtlesim/turtlesim_s__rosidl_typesupport_fastrtps_c.cpython-310-x86_64-linux-gnu.so
[257.221s] -- Symlinking: /home/ignatj/ros2_ws/install/turtlesim/local/lib/python3.10/dist-packages/turtlesim/turtlesim_s__rosidl_typesupport_introspection_c.cpython-310-x86_64-linux-gnu.so
[257.244s] -- Up-to-date symlink: /home/ignatj/ros2_ws/install/turtlesim/local/lib/python3.10/dist-packages/turtlesim/turtlesim_s__rosidl_typesupport_fastrtps_c.cpython-310-x86_64-linux-gnu.so
[257.246s] -- Up-to-date symlink: /home/ignatj/ros2_ws/install/turtlesim/local/lib/python3.10/dist-packages/turtlesim/turtlesim_s__rosidl_typesupport_introspection_c.cpython-310-x86_64-linux-gnu.so
[257.248s] -- Up-to-date symlink: /home/ignatj/ros2_ws/install/turtlesim/local/lib/python3.10/dist-packages/turtlesim/turtlesim_s__rosidl_typesupport_c.cpython-310-x86_64-linux-gnu.so
[257.248s] -- Symlinking: /home/ignatj/ros2_ws/install/turtlesim/share/turtlesim/action/RotateAbsolute.idl
[257.270s] -- Symlinking: /home/ignatj/ros2_ws/install/turtlesim/share/turtlesim/msg/Color.idl
[257.292s] -- Symlinking: /home/ignatj/ros2_ws/install/turtlesim/share/turtlesim/msg/Pose.idl
[257.320s] -- Symlinking: /home/ignatj/ros2_ws/install/turtlesim/share/turtlesim/srv/Kill.idl
[257.340s] -- Symlinking: /home/ignatj/ros2_ws/install/turtlesim/share/turtlesim/srv/SetPen.idl
[257.360s] -- Symlinking: /home/ignatj/ros2_ws/install/turtlesim/share/turtlesim/srv/Spawn.idl
[257.383s] -- Symlinking: /home/ignatj/ros2_ws/install/turtlesim/share/turtlesim/srv/TeleportAbsolute.idl
[257.406s] -- Symlinking: /home/ignatj/ros2_ws/install/turtlesim/share/turtlesim/srv/TeleportRelative.idl
[257.426s] -- Symlinking: /home/ignatj/ros2_ws/install/turtlesim/share/turtlesim/action/RotateAbsolute.action
[257.449s] -- Symlinking: /home/ignatj/ros2_ws/install/turtlesim/share/turtlesim/msg/Color.msg
[257.473s] -- Symlinking: /home/ignatj/ros2_ws/install/turtlesim/share/turtlesim/msg/Pose.msg
[257.497s] -- Symlinking: /home/ignatj/ros2_ws/install/turtlesim/share/turtlesim/srv/Kill.srv
[257.522s] -- Symlinking: /home/ignatj/ros2_ws/install/turtlesim/share/turtlesim/srv/Kill_Request.msg
[257.553s] -- Symlinking: /home/ignatj/ros2_ws/install/turtlesim/share/turtlesim/srv/Kill_Response.msg
[257.585s] -- Symlinking: /home/ignatj/ros2_ws/install/turtlesim/share/turtlesim/srv/SetPen.srv
[257.606s] -- Symlinking: /home/ignatj/ros2_ws/install/turtlesim/share/turtlesim/srv/SetPen_Request.msg
[257.631s] -- Symlinking: /home/ignatj/ros2_ws/install/turtlesim/share/turtlesim/srv/SetPen_Response.msg
[257.653s] -- Symlinking: /home/ignatj/ros2_ws/install/turtlesim/share/turtlesim/srv/Spawn.srv
[257.677s] -- Symlinking: /home/ignatj/ros2_ws/install/turtlesim/share/turtlesim/srv/Spawn_Request.msg
[257.699s] -- Symlinking: /home/ignatj/ros2_ws/install/turtlesim/share/turtlesim/srv/Spawn_Response.msg
[257.720s] -- Symlinking: /home/ignatj/ros2_ws/install/turtlesim/share/turtlesim/srv/TeleportAbsolute.srv
[257.742s] -- Symlinking: /home/ignatj/ros2_ws/install/turtlesim/share/turtlesim/srv/TeleportAbsolute_Request.msg
[257.763s] -- Symlinking: /home/ignatj/ros2_ws/install/turtlesim/share/turtlesim/srv/TeleportAbsolute_Response.msg
[257.789s] -- Symlinking: /home/ignatj/ros2_ws/install/turtlesim/share/turtlesim/srv/TeleportRelative.srv
[257.810s] -- Symlinking: /home/ignatj/ros2_ws/install/turtlesim/share/turtlesim/srv/TeleportRelative_Request.msg
[257.830s] -- Symlinking: /home/ignatj/ros2_ws/install/turtlesim/share/turtlesim/srv/TeleportRelative_Response.msg
[257.852s] -- Symlinking: /home/ignatj/ros2_ws/install/turtlesim/lib/turtlesim/turtlesim_node
[257.876s] -- Symlinking: /home/ignatj/ros2_ws/install/turtlesim/lib/turtlesim/turtle_teleop_key
[257.896s] -- Symlinking: /home/ignatj/ros2_ws/install/turtlesim/lib/turtlesim/draw_square
[257.916s] -- Symlinking: /home/ignatj/ros2_ws/install/turtlesim/lib/turtlesim/mimic
[257.939s] -- Symlinking: /home/ignatj/ros2_ws/install/turtlesim/share/turtlesim/launch/multisim.launch.py
[257.961s] -- Symlinking: /home/ignatj/ros2_ws/install/turtlesim/share/ament_index/resource_index/package_run_dependencies/turtlesim
[257.984s] -- Symlinking: /home/ignatj/ros2_ws/install/turtlesim/share/ament_index/resource_index/parent_prefix_path/turtlesim
[258.005s] -- Symlinking: /home/ignatj/ros2_ws/install/turtlesim/share/turtlesim/environment/ament_prefix_path.sh
[258.025s] -- Symlinking: /home/ignatj/ros2_ws/install/turtlesim/share/turtlesim/environment/ament_prefix_path.dsv
[258.045s] -- Symlinking: /home/ignatj/ros2_ws/install/turtlesim/share/turtlesim/environment/path.sh
[258.069s] -- Symlinking: /home/ignatj/ros2_ws/install/turtlesim/share/turtlesim/environment/path.dsv
[258.102s] -- Symlinking: /home/ignatj/ros2_ws/install/turtlesim/share/turtlesim/local_setup.bash
[258.125s] -- Symlinking: /home/ignatj/ros2_ws/install/turtlesim/share/turtlesim/local_setup.sh
[258.146s] -- Symlinking: /home/ignatj/ros2_ws/install/turtlesim/share/turtlesim/local_setup.zsh
[258.170s] -- Symlinking: /home/ignatj/ros2_ws/install/turtlesim/share/turtlesim/local_setup.dsv
[258.195s] -- Symlinking: /home/ignatj/ros2_ws/install/turtlesim/share/turtlesim/package.dsv
[258.219s] -- Symlinking: /home/ignatj/ros2_ws/install/turtlesim/share/ament_index/resource_index/packages/turtlesim
[258.242s] -- Symlinking: /home/ignatj/ros2_ws/install/turtlesim/share/turtlesim/cmake/rosidl_cmake-extras.cmake
[258.264s] -- Symlinking: /home/ignatj/ros2_ws/install/turtlesim/share/turtlesim/cmake/ament_cmake_export_dependencies-extras.cmake
[258.286s] -- Symlinking: /home/ignatj/ros2_ws/install/turtlesim/share/turtlesim/cmake/ament_cmake_export_include_directories-extras.cmake
[258.311s] -- Symlinking: /home/ignatj/ros2_ws/install/turtlesim/share/turtlesim/cmake/ament_cmake_export_libraries-extras.cmake
[258.335s] -- Symlinking: /home/ignatj/ros2_ws/install/turtlesim/share/turtlesim/cmake/ament_cmake_export_targets-extras.cmake
[258.354s] -- Symlinking: /home/ignatj/ros2_ws/install/turtlesim/share/turtlesim/cmake/rosidl_cmake_export_typesupport_targets-extras.cmake
[258.375s] -- Symlinking: /home/ignatj/ros2_ws/install/turtlesim/share/turtlesim/cmake/rosidl_cmake_export_typesupport_libraries-extras.cmake
[258.402s] -- Symlinking: /home/ignatj/ros2_ws/install/turtlesim/share/turtlesim/cmake/turtlesimConfig.cmake
[258.424s] -- Symlinking: /home/ignatj/ros2_ws/install/turtlesim/share/turtlesim/cmake/turtlesimConfig-version.cmake
[258.447s] -- Symlinking: /home/ignatj/ros2_ws/install/turtlesim/share/turtlesim/package.xml
[258.469s] -- Installing: /home/ignatj/ros2_ws/install/turtlesim/lib/libturtlesim__rosidl_generator_c.so
[258.473s] -- Set runtime path of "/home/ignatj/ros2_ws/install/turtlesim/lib/libturtlesim__rosidl_generator_c.so" to ""
[258.473s] -- Installing: /home/ignatj/ros2_ws/install/turtlesim/lib/libturtlesim__rosidl_typesupport_fastrtps_c.so
[258.475s] -- Set runtime path of "/home/ignatj/ros2_ws/install/turtlesim/lib/libturtlesim__rosidl_typesupport_fastrtps_c.so" to ""
[258.475s] -- Installing: /home/ignatj/ros2_ws/install/turtlesim/lib/libturtlesim__rosidl_typesupport_fastrtps_cpp.so
[258.477s] -- Set runtime path of "/home/ignatj/ros2_ws/install/turtlesim/lib/libturtlesim__rosidl_typesupport_fastrtps_cpp.so" to ""
[258.477s] -- Installing: /home/ignatj/ros2_ws/install/turtlesim/lib/libturtlesim__rosidl_typesupport_introspection_c.so
[258.480s] -- Set runtime path of "/home/ignatj/ros2_ws/install/turtlesim/lib/libturtlesim__rosidl_typesupport_introspection_c.so" to ""
[258.480s] -- Installing: /home/ignatj/ros2_ws/install/turtlesim/lib/libturtlesim__rosidl_typesupport_c.so
[258.482s] -- Set runtime path of "/home/ignatj/ros2_ws/install/turtlesim/lib/libturtlesim__rosidl_typesupport_c.so" to ""
[258.483s] -- Installing: /home/ignatj/ros2_ws/install/turtlesim/lib/libturtlesim__rosidl_typesupport_introspection_cpp.so
[258.486s] -- Set runtime path of "/home/ignatj/ros2_ws/install/turtlesim/lib/libturtlesim__rosidl_typesupport_introspection_cpp.so" to ""
[258.486s] -- Installing: /home/ignatj/ros2_ws/install/turtlesim/lib/libturtlesim__rosidl_typesupport_cpp.so
[258.487s] -- Set runtime path of "/home/ignatj/ros2_ws/install/turtlesim/lib/libturtlesim__rosidl_typesupport_cpp.so" to ""
[258.567s] Listing '/home/ignatj/ros2_ws/install/turtlesim/local/lib/python3.10/dist-packages/turtlesim'...
[258.567s] Compiling '/home/ignatj/ros2_ws/install/turtlesim/local/lib/python3.10/dist-packages/turtlesim/__init__.py'...
[258.568s] Listing '/home/ignatj/ros2_ws/install/turtlesim/local/lib/python3.10/dist-packages/turtlesim/action'...
[258.568s] Compiling '/home/ignatj/ros2_ws/install/turtlesim/local/lib/python3.10/dist-packages/turtlesim/action/__init__.py'...
[258.569s] Compiling '/home/ignatj/ros2_ws/install/turtlesim/local/lib/python3.10/dist-packages/turtlesim/action/_rotate_absolute.py'...
[258.569s] Listing '/home/ignatj/ros2_ws/install/turtlesim/local/lib/python3.10/dist-packages/turtlesim/msg'...
[258.569s] Compiling '/home/ignatj/ros2_ws/install/turtlesim/local/lib/python3.10/dist-packages/turtlesim/msg/__init__.py'...
[258.569s] Compiling '/home/ignatj/ros2_ws/install/turtlesim/local/lib/python3.10/dist-packages/turtlesim/msg/_color.py'...
[258.569s] Compiling '/home/ignatj/ros2_ws/install/turtlesim/local/lib/python3.10/dist-packages/turtlesim/msg/_pose.py'...
[258.569s] Listing '/home/ignatj/ros2_ws/install/turtlesim/local/lib/python3.10/dist-packages/turtlesim/srv'...
[258.569s] Compiling '/home/ignatj/ros2_ws/install/turtlesim/local/lib/python3.10/dist-packages/turtlesim/srv/__init__.py'...
[258.570s] Compiling '/home/ignatj/ros2_ws/install/turtlesim/local/lib/python3.10/dist-packages/turtlesim/srv/_kill.py'...
[258.570s] Compiling '/home/ignatj/ros2_ws/install/turtlesim/local/lib/python3.10/dist-packages/turtlesim/srv/_set_pen.py'...
[258.570s] Compiling '/home/ignatj/ros2_ws/install/turtlesim/local/lib/python3.10/dist-packages/turtlesim/srv/_spawn.py'...
[258.570s] Compiling '/home/ignatj/ros2_ws/install/turtlesim/local/lib/python3.10/dist-packages/turtlesim/srv/_teleport_absolute.py'...
[258.570s] Compiling '/home/ignatj/ros2_ws/install/turtlesim/local/lib/python3.10/dist-packages/turtlesim/srv/_teleport_relative.py'...
[258.576s] -- Installing: /home/ignatj/ros2_ws/install/turtlesim/lib/libturtlesim__rosidl_generator_py.so
[258.578s] -- Set runtime path of "/home/ignatj/ros2_ws/install/turtlesim/lib/libturtlesim__rosidl_generator_py.so" to ""
[258.578s] -- Installing: /home/ignatj/ros2_ws/install/turtlesim/share/turtlesim/images
[258.580s] -- Installing: /home/ignatj/ros2_ws/install/turtlesim/share/turtlesim/images/ardent.png
[258.581s] -- Installing: /home/ignatj/ros2_ws/install/turtlesim/share/turtlesim/images/dashing.png
[258.583s] -- Installing: /home/ignatj/ros2_ws/install/turtlesim/share/turtlesim/images/eloquent.png
[258.585s] -- Installing: /home/ignatj/ros2_ws/install/turtlesim/share/turtlesim/images/bouncy.png
[258.586s] -- Installing: /home/ignatj/ros2_ws/install/turtlesim/share/turtlesim/images/crystal.png
[258.587s] -- Installing: /home/ignatj/ros2_ws/install/turtlesim/share/turtlesim/images/foxy.png
[258.590s] -- Installing: /home/ignatj/ros2_ws/install/turtlesim/share/turtlesim/images/rolling.png
[258.592s] -- Installing: /home/ignatj/ros2_ws/install/turtlesim/share/turtlesim/images/humble.png
[258.593s] -- Installing: /home/ignatj/ros2_ws/install/turtlesim/share/turtlesim/images/galactic.png
[258.598s] -- Installing: /home/ignatj/ros2_ws/install/turtlesim/share/turtlesim/cmake/export_turtlesim__rosidl_generator_cExport.cmake
[258.600s] -- Installing: /home/ignatj/ros2_ws/install/turtlesim/share/turtlesim/cmake/export_turtlesim__rosidl_generator_cExport-noconfig.cmake
[258.602s] -- Installing: /home/ignatj/ros2_ws/install/turtlesim/share/turtlesim/cmake/export_turtlesim__rosidl_typesupport_fastrtps_cExport.cmake
[258.604s] -- Installing: /home/ignatj/ros2_ws/install/turtlesim/share/turtlesim/cmake/export_turtlesim__rosidl_typesupport_fastrtps_cExport-noconfig.cmake
[258.605s] -- Installing: /home/ignatj/ros2_ws/install/turtlesim/share/turtlesim/cmake/export_turtlesim__rosidl_generator_cppExport.cmake
[258.606s] -- Installing: /home/ignatj/ros2_ws/install/turtlesim/share/turtlesim/cmake/export_turtlesim__rosidl_typesupport_fastrtps_cppExport.cmake
[258.608s] -- Installing: /home/ignatj/ros2_ws/install/turtlesim/share/turtlesim/cmake/export_turtlesim__rosidl_typesupport_fastrtps_cppExport-noconfig.cmake
[258.609s] -- Installing: /home/ignatj/ros2_ws/install/turtlesim/share/turtlesim/cmake/turtlesim__rosidl_typesupport_introspection_cExport.cmake
[258.611s] -- Installing: /home/ignatj/ros2_ws/install/turtlesim/share/turtlesim/cmake/turtlesim__rosidl_typesupport_introspection_cExport-noconfig.cmake
[258.612s] -- Installing: /home/ignatj/ros2_ws/install/turtlesim/share/turtlesim/cmake/turtlesim__rosidl_typesupport_cExport.cmake
[258.613s] -- Installing: /home/ignatj/ros2_ws/install/turtlesim/share/turtlesim/cmake/turtlesim__rosidl_typesupport_cExport-noconfig.cmake
[258.615s] -- Installing: /home/ignatj/ros2_ws/install/turtlesim/share/turtlesim/cmake/turtlesim__rosidl_typesupport_introspection_cppExport.cmake
[258.616s] -- Installing: /home/ignatj/ros2_ws/install/turtlesim/share/turtlesim/cmake/turtlesim__rosidl_typesupport_introspection_cppExport-noconfig.cmake
[258.617s] -- Installing: /home/ignatj/ros2_ws/install/turtlesim/share/turtlesim/cmake/turtlesim__rosidl_typesupport_cppExport.cmake
[258.619s] -- Installing: /home/ignatj/ros2_ws/install/turtlesim/share/turtlesim/cmake/turtlesim__rosidl_typesupport_cppExport-noconfig.cmake
[258.620s] -- Installing: /home/ignatj/ros2_ws/install/turtlesim/share/turtlesim/cmake/export_turtlesim__rosidl_generator_pyExport.cmake
[258.622s] -- Installing: /home/ignatj/ros2_ws/install/turtlesim/share/turtlesim/cmake/export_turtlesim__rosidl_generator_pyExport-noconfig.cmake
[258.630s] Invoked command in '/home/ignatj/ros2_ws/build/turtlesim' returned '0': CMAKE_PREFIX_PATH=/opt/ros/humble /usr/bin/cmake --install /home/ignatj/ros2_ws/build/turtlesim
