[3.466s] Invoking command in '/home/ignatj/ros2_ws/src/examples/rclpy/services/minimal_client': PYTHONPATH=/home/ignatj/ros2_ws/build/examples_rclpy_minimal_client/prefix_override:/home/ignatj/ros2_ws/install/examples_rclpy_minimal_client/lib/python3.10/site-packages:${PYTHONPATH} /usr/bin/python3 setup.py egg_info --egg-base ../../../../../build/examples_rclpy_minimal_client build --build-base /home/ignatj/ros2_ws/build/examples_rclpy_minimal_client/build install --record /home/ignatj/ros2_ws/build/examples_rclpy_minimal_client/install.log --single-version-externally-managed
[5.277s] running egg_info
[5.279s] writing ../../../../../build/examples_rclpy_minimal_client/examples_rclpy_minimal_client.egg-info/PKG-INFO
[5.280s] writing dependency_links to ../../../../../build/examples_rclpy_minimal_client/examples_rclpy_minimal_client.egg-info/dependency_links.txt
[5.280s] writing entry points to ../../../../../build/examples_rclpy_minimal_client/examples_rclpy_minimal_client.egg-info/entry_points.txt
[5.281s] writing requirements to ../../../../../build/examples_rclpy_minimal_client/examples_rclpy_minimal_client.egg-info/requires.txt
[5.281s] writing top-level names to ../../../../../build/examples_rclpy_minimal_client/examples_rclpy_minimal_client.egg-info/top_level.txt
[5.282s] reading manifest file '../../../../../build/examples_rclpy_minimal_client/examples_rclpy_minimal_client.egg-info/SOURCES.txt'
[5.283s] writing manifest file '../../../../../build/examples_rclpy_minimal_client/examples_rclpy_minimal_client.egg-info/SOURCES.txt'
[5.284s] running build
[5.284s] running build_py
[5.285s] running install
[5.286s] running install_lib
[5.287s] running install_data
[5.287s] running install_egg_info
[5.290s] removing '/home/ignatj/ros2_ws/install/examples_rclpy_minimal_client/lib/python3.10/site-packages/examples_rclpy_minimal_client-0.15.1-py3.10.egg-info' (and everything under it)
[5.290s] Copying ../../../../../build/examples_rclpy_minimal_client/examples_rclpy_minimal_client.egg-info to /home/ignatj/ros2_ws/install/examples_rclpy_minimal_client/lib/python3.10/site-packages/examples_rclpy_minimal_client-0.15.1-py3.10.egg-info
[5.291s] running install_scripts
[5.292s] Installing client script to /home/ignatj/ros2_ws/install/examples_rclpy_minimal_client/lib/examples_rclpy_minimal_client
[5.292s] Installing client_async script to /home/ignatj/ros2_ws/install/examples_rclpy_minimal_client/lib/examples_rclpy_minimal_client
[5.293s] Installing client_async_callback script to /home/ignatj/ros2_ws/install/examples_rclpy_minimal_client/lib/examples_rclpy_minimal_client
[5.293s] Installing client_async_member_function script to /home/ignatj/ros2_ws/install/examples_rclpy_minimal_client/lib/examples_rclpy_minimal_client
[5.293s] writing list of installed files to '/home/ignatj/ros2_ws/build/examples_rclpy_minimal_client/install.log'
[5.294s] /usr/lib/python3/dist-packages/setuptools/command/install.py:34: SetuptoolsDeprecationWarning: setup.py install is deprecated. Use build and pip and other standards-based tools.
[5.294s]   warnings.warn(
[5.304s] Invoked command in '/home/ignatj/ros2_ws/src/examples/rclpy/services/minimal_client' returned '0': PYTHONPATH=/home/ignatj/ros2_ws/build/examples_rclpy_minimal_client/prefix_override:/home/ignatj/ros2_ws/install/examples_rclpy_minimal_client/lib/python3.10/site-packages:${PYTHONPATH} /usr/bin/python3 setup.py egg_info --egg-base ../../../../../build/examples_rclpy_minimal_client build --build-base /home/ignatj/ros2_ws/build/examples_rclpy_minimal_client/build install --record /home/ignatj/ros2_ws/build/examples_rclpy_minimal_client/install.log --single-version-externally-managed
