[11.476s] Invoking command in '/home/ignatj/ros2_ws/build/examples_rclpy_minimal_service': PYTHONPATH=/home/ignatj/ros2_ws/build/examples_rclpy_minimal_service/prefix_override:/home/ignatj/ros2_ws/install/examples_rclpy_minimal_service/lib/python3.10/site-packages:${PYTHONPATH} /usr/bin/python3 setup.py develop --editable --build-directory /home/ignatj/ros2_ws/build/examples_rclpy_minimal_service/build --no-deps install_data
[15.088s] running develop
[15.091s] /usr/lib/python3/dist-packages/setuptools/command/easy_install.py:158: EasyInstallDeprecationWarning: easy_install command is deprecated. Use build and pip and other standards-based tools.
[15.092s]   warnings.warn(
[15.106s] /usr/lib/python3/dist-packages/setuptools/command/install.py:34: SetuptoolsDeprecationWarning: setup.py install is deprecated. Use build and pip and other standards-based tools.
[15.106s]   warnings.warn(
[15.966s] running egg_info
[15.967s] writing examples_rclpy_minimal_service.egg-info/PKG-INFO
[15.979s] writing dependency_links to examples_rclpy_minimal_service.egg-info/dependency_links.txt
[15.979s] writing entry points to examples_rclpy_minimal_service.egg-info/entry_points.txt
[15.980s] writing requirements to examples_rclpy_minimal_service.egg-info/requires.txt
[15.980s] writing top-level names to examples_rclpy_minimal_service.egg-info/top_level.txt
[15.989s] reading manifest file 'examples_rclpy_minimal_service.egg-info/SOURCES.txt'
[15.994s] writing manifest file 'examples_rclpy_minimal_service.egg-info/SOURCES.txt'
[15.998s] running build_ext
[15.998s] Creating /home/ignatj/ros2_ws/install/examples_rclpy_minimal_service/lib/python3.10/site-packages/examples-rclpy-minimal-service.egg-link (link to .)
[16.000s] Installing service script to /home/ignatj/ros2_ws/install/examples_rclpy_minimal_service/lib/examples_rclpy_minimal_service
[16.000s] Installing service_member_function script to /home/ignatj/ros2_ws/install/examples_rclpy_minimal_service/lib/examples_rclpy_minimal_service
[16.001s] 
[16.002s] Installed /home/ignatj/ros2_ws/build/examples_rclpy_minimal_service
[16.002s] running install_data
[16.979s] Invoked command in '/home/ignatj/ros2_ws/build/examples_rclpy_minimal_service' returned '0': PYTHONPATH=/home/ignatj/ros2_ws/build/examples_rclpy_minimal_service/prefix_override:/home/ignatj/ros2_ws/install/examples_rclpy_minimal_service/lib/python3.10/site-packages:${PYTHONPATH} /usr/bin/python3 setup.py develop --editable --build-directory /home/ignatj/ros2_ws/build/examples_rclpy_minimal_service/build --no-deps install_data
