[4.550s] Invoking command in '/home/ignatj/ros2_ws/build/examples_rclpy_executors': PYTHONPATH=/home/ignatj/ros2_ws/build/examples_rclpy_executors/prefix_override:/home/ignatj/ros2_ws/install/examples_rclpy_executors/lib/python3.10/site-packages:${PYTHONPATH} /usr/bin/python3 setup.py develop --editable --build-directory /home/ignatj/ros2_ws/build/examples_rclpy_executors/build --no-deps install_data
[5.410s] /usr/lib/python3/dist-packages/setuptools/command/easy_install.py:158: EasyInstallDeprecationWarning: easy_install command is deprecated. Use build and pip and other standards-based tools.
[5.413s]   warnings.warn(
[5.416s] /usr/lib/python3/dist-packages/setuptools/command/install.py:34: SetuptoolsDeprecationWarning: setup.py install is deprecated. Use build and pip and other standards-based tools.
[5.418s]   warnings.warn(
[5.430s] running develop
[5.794s] running egg_info
[5.795s] writing examples_rclpy_executors.egg-info/PKG-INFO
[5.803s] writing dependency_links to examples_rclpy_executors.egg-info/dependency_links.txt
[5.804s] writing entry points to examples_rclpy_executors.egg-info/entry_points.txt
[5.804s] writing requirements to examples_rclpy_executors.egg-info/requires.txt
[5.811s] writing top-level names to examples_rclpy_executors.egg-info/top_level.txt
[5.812s] reading manifest file 'examples_rclpy_executors.egg-info/SOURCES.txt'
[5.813s] writing manifest file 'examples_rclpy_executors.egg-info/SOURCES.txt'
[5.816s] running build_ext
[5.822s] Creating /home/ignatj/ros2_ws/install/examples_rclpy_executors/lib/python3.10/site-packages/examples-rclpy-executors.egg-link (link to .)
[5.828s] Installing callback_group script to /home/ignatj/ros2_ws/install/examples_rclpy_executors/lib/examples_rclpy_executors
[5.833s] Installing composed script to /home/ignatj/ros2_ws/install/examples_rclpy_executors/lib/examples_rclpy_executors
[5.840s] Installing custom_callback_group script to /home/ignatj/ros2_ws/install/examples_rclpy_executors/lib/examples_rclpy_executors
[5.842s] Installing custom_executor script to /home/ignatj/ros2_ws/install/examples_rclpy_executors/lib/examples_rclpy_executors
[5.843s] Installing listener script to /home/ignatj/ros2_ws/install/examples_rclpy_executors/lib/examples_rclpy_executors
[5.844s] Installing talker script to /home/ignatj/ros2_ws/install/examples_rclpy_executors/lib/examples_rclpy_executors
[5.844s] 
[5.845s] Installed /home/ignatj/ros2_ws/build/examples_rclpy_executors
[5.845s] running install_data
[6.489s] Invoked command in '/home/ignatj/ros2_ws/build/examples_rclpy_executors' returned '0': PYTHONPATH=/home/ignatj/ros2_ws/build/examples_rclpy_executors/prefix_override:/home/ignatj/ros2_ws/install/examples_rclpy_executors/lib/python3.10/site-packages:${PYTHONPATH} /usr/bin/python3 setup.py develop --editable --build-directory /home/ignatj/ros2_ws/build/examples_rclpy_executors/build --no-deps install_data
