[0.802s] Invoking command in '/home/ignatj/ros2_ws/build/turtlebot3_gazebo': CMAKE_PREFIX_PATH=${CMAKE_PREFIX_PATH}:/home/ignatj/ros2_ws/install/my_robot_controller:/home/ignatj/ros2_ws/install/launch_testing_examples:/home/ignatj/ros2_ws/install/examples_rclpy_pointcloud_publisher:/home/ignatj/ros2_ws/install/examples_rclpy_minimal_subscriber:/home/ignatj/ros2_ws/install/examples_rclpy_minimal_service:/home/ignatj/ros2_ws/install/examples_rclpy_minimal_publisher:/home/ignatj/ros2_ws/install/examples_rclpy_minimal_client:/home/ignatj/ros2_ws/install/examples_rclpy_minimal_action_server:/home/ignatj/ros2_ws/install/examples_rclpy_minimal_action_client:/home/ignatj/ros2_ws/install/examples_rclpy_guard_conditions:/home/ignatj/ros2_ws/install/examples_rclpy_executors:/opt/ros/humble /usr/bin/cmake --build /home/ignatj/ros2_ws/build/turtlebot3_gazebo -- -j6 -l6
[1.323s] [ 25%] Built target turtlebot3_drive
[1.473s] [ 50%] Built target obstacle1
[1.475s] [ 75%] Built target obstacles
[1.485s] [100%] Built target obstacle2
[1.563s] Invoked command in '/home/ignatj/ros2_ws/build/turtlebot3_gazebo' returned '0': CMAKE_PREFIX_PATH=${CMAKE_PREFIX_PATH}:/home/ignatj/ros2_ws/install/my_robot_controller:/home/ignatj/ros2_ws/install/launch_testing_examples:/home/ignatj/ros2_ws/install/examples_rclpy_pointcloud_publisher:/home/ignatj/ros2_ws/install/examples_rclpy_minimal_subscriber:/home/ignatj/ros2_ws/install/examples_rclpy_minimal_service:/home/ignatj/ros2_ws/install/examples_rclpy_minimal_publisher:/home/ignatj/ros2_ws/install/examples_rclpy_minimal_client:/home/ignatj/ros2_ws/install/examples_rclpy_minimal_action_server:/home/ignatj/ros2_ws/install/examples_rclpy_minimal_action_client:/home/ignatj/ros2_ws/install/examples_rclpy_guard_conditions:/home/ignatj/ros2_ws/install/examples_rclpy_executors:/opt/ros/humble /usr/bin/cmake --build /home/ignatj/ros2_ws/build/turtlebot3_gazebo -- -j6 -l6
[2.427s] Invoking command in '/home/ignatj/ros2_ws/build/turtlebot3_gazebo': CMAKE_PREFIX_PATH=${CMAKE_PREFIX_PATH}:/home/ignatj/ros2_ws/install/my_robot_controller:/home/ignatj/ros2_ws/install/launch_testing_examples:/home/ignatj/ros2_ws/install/examples_rclpy_pointcloud_publisher:/home/ignatj/ros2_ws/install/examples_rclpy_minimal_subscriber:/home/ignatj/ros2_ws/install/examples_rclpy_minimal_service:/home/ignatj/ros2_ws/install/examples_rclpy_minimal_publisher:/home/ignatj/ros2_ws/install/examples_rclpy_minimal_client:/home/ignatj/ros2_ws/install/examples_rclpy_minimal_action_server:/home/ignatj/ros2_ws/install/examples_rclpy_minimal_action_client:/home/ignatj/ros2_ws/install/examples_rclpy_guard_conditions:/home/ignatj/ros2_ws/install/examples_rclpy_executors:/opt/ros/humble /usr/bin/cmake --install /home/ignatj/ros2_ws/build/turtlebot3_gazebo
[2.634s] -- Install configuration: ""
[2.635s] -- Execute custom install script
[2.635s] -- Up-to-date symlink: /home/ignatj/ros2_ws/install/turtlebot3_gazebo/lib/turtlebot3_gazebo/turtlebot3_drive
[2.636s] -- Up-to-date symlink: /home/ignatj/ros2_ws/install/turtlebot3_gazebo/share/turtlebot3_gazebo//launch/empty_world.launch.py
[2.637s] -- Up-to-date symlink: /home/ignatj/ros2_ws/install/turtlebot3_gazebo/share/turtlebot3_gazebo//launch/robot_state_publisher.launch.py
[2.637s] -- Up-to-date symlink: /home/ignatj/ros2_ws/install/turtlebot3_gazebo/share/turtlebot3_gazebo//launch/spawn_turtlebot3.launch.py
[2.638s] -- Up-to-date symlink: /home/ignatj/ros2_ws/install/turtlebot3_gazebo/share/turtlebot3_gazebo//launch/turtlebot3_dqn_stage1.launch.py
[2.640s] -- Up-to-date symlink: /home/ignatj/ros2_ws/install/turtlebot3_gazebo/share/turtlebot3_gazebo//launch/turtlebot3_dqn_stage2.launch.py
[2.640s] -- Up-to-date symlink: /home/ignatj/ros2_ws/install/turtlebot3_gazebo/share/turtlebot3_gazebo//launch/turtlebot3_dqn_stage3.launch.py
[2.640s] -- Up-to-date symlink: /home/ignatj/ros2_ws/install/turtlebot3_gazebo/share/turtlebot3_gazebo//launch/turtlebot3_dqn_stage4.launch.py
[2.641s] -- Up-to-date symlink: /home/ignatj/ros2_ws/install/turtlebot3_gazebo/share/turtlebot3_gazebo//launch/turtlebot3_house.launch.py
[2.642s] -- Up-to-date symlink: /home/ignatj/ros2_ws/install/turtlebot3_gazebo/share/turtlebot3_gazebo//launch/turtlebot3_world.launch.py
[2.642s] -- Up-to-date symlink: /home/ignatj/ros2_ws/install/turtlebot3_gazebo/share/turtlebot3_gazebo//models/turtlebot3_burger/model-1_4.sdf
[2.643s] -- Up-to-date symlink: /home/ignatj/ros2_ws/install/turtlebot3_gazebo/share/turtlebot3_gazebo//models/turtlebot3_burger/model.config
[2.644s] -- Up-to-date symlink: /home/ignatj/ros2_ws/install/turtlebot3_gazebo/share/turtlebot3_gazebo//models/turtlebot3_burger/model.sdf
[2.644s] -- Up-to-date symlink: /home/ignatj/ros2_ws/install/turtlebot3_gazebo/share/turtlebot3_gazebo//models/turtlebot3_common/meshes/burger_base.dae
[2.644s] -- Up-to-date symlink: /home/ignatj/ros2_ws/install/turtlebot3_gazebo/share/turtlebot3_gazebo//models/turtlebot3_common/meshes/lds.dae
[2.645s] -- Up-to-date symlink: /home/ignatj/ros2_ws/install/turtlebot3_gazebo/share/turtlebot3_gazebo//models/turtlebot3_common/meshes/r200.dae
[2.645s] -- Up-to-date symlink: /home/ignatj/ros2_ws/install/turtlebot3_gazebo/share/turtlebot3_gazebo//models/turtlebot3_common/meshes/tire.dae
[2.645s] -- Up-to-date symlink: /home/ignatj/ros2_ws/install/turtlebot3_gazebo/share/turtlebot3_gazebo//models/turtlebot3_common/meshes/waffle_base.dae
[2.646s] -- Up-to-date symlink: /home/ignatj/ros2_ws/install/turtlebot3_gazebo/share/turtlebot3_gazebo//models/turtlebot3_common/meshes/waffle_pi_base.dae
[2.646s] -- Up-to-date symlink: /home/ignatj/ros2_ws/install/turtlebot3_gazebo/share/turtlebot3_gazebo//models/turtlebot3_common/model.config
[2.646s] -- Up-to-date symlink: /home/ignatj/ros2_ws/install/turtlebot3_gazebo/share/turtlebot3_gazebo//models/turtlebot3_dqn_world/goal_box/model.config
[2.647s] -- Up-to-date symlink: /home/ignatj/ros2_ws/install/turtlebot3_gazebo/share/turtlebot3_gazebo//models/turtlebot3_dqn_world/goal_box/model.sdf
[2.647s] -- Up-to-date symlink: /home/ignatj/ros2_ws/install/turtlebot3_gazebo/share/turtlebot3_gazebo//models/turtlebot3_dqn_world/inner_walls/model.config
[2.647s] -- Up-to-date symlink: /home/ignatj/ros2_ws/install/turtlebot3_gazebo/share/turtlebot3_gazebo//models/turtlebot3_dqn_world/inner_walls/model.sdf
[2.648s] -- Up-to-date symlink: /home/ignatj/ros2_ws/install/turtlebot3_gazebo/share/turtlebot3_gazebo//models/turtlebot3_dqn_world/model.config
[2.648s] -- Up-to-date symlink: /home/ignatj/ros2_ws/install/turtlebot3_gazebo/share/turtlebot3_gazebo//models/turtlebot3_dqn_world/model.sdf
[2.649s] -- Up-to-date symlink: /home/ignatj/ros2_ws/install/turtlebot3_gazebo/share/turtlebot3_gazebo//models/turtlebot3_dqn_world/obstacle1/model.config
[2.649s] -- Up-to-date symlink: /home/ignatj/ros2_ws/install/turtlebot3_gazebo/share/turtlebot3_gazebo//models/turtlebot3_dqn_world/obstacle1/model.sdf
[2.650s] -- Up-to-date symlink: /home/ignatj/ros2_ws/install/turtlebot3_gazebo/share/turtlebot3_gazebo//models/turtlebot3_dqn_world/obstacle2/model.config
[2.650s] -- Up-to-date symlink: /home/ignatj/ros2_ws/install/turtlebot3_gazebo/share/turtlebot3_gazebo//models/turtlebot3_dqn_world/obstacle2/model.sdf
[2.651s] -- Up-to-date symlink: /home/ignatj/ros2_ws/install/turtlebot3_gazebo/share/turtlebot3_gazebo//models/turtlebot3_dqn_world/obstacle_plugin/CMakeLists.txt
[2.651s] -- Up-to-date symlink: /home/ignatj/ros2_ws/install/turtlebot3_gazebo/share/turtlebot3_gazebo//models/turtlebot3_dqn_world/obstacle_plugin/obstacle1.cc
[2.651s] -- Up-to-date symlink: /home/ignatj/ros2_ws/install/turtlebot3_gazebo/share/turtlebot3_gazebo//models/turtlebot3_dqn_world/obstacle_plugin/obstacle2.cc
[2.652s] -- Up-to-date symlink: /home/ignatj/ros2_ws/install/turtlebot3_gazebo/share/turtlebot3_gazebo//models/turtlebot3_dqn_world/obstacle_plugin/obstacles.cc
[2.652s] -- Up-to-date symlink: /home/ignatj/ros2_ws/install/turtlebot3_gazebo/share/turtlebot3_gazebo//models/turtlebot3_dqn_world/obstacles/model.config
[2.653s] -- Up-to-date symlink: /home/ignatj/ros2_ws/install/turtlebot3_gazebo/share/turtlebot3_gazebo//models/turtlebot3_dqn_world/obstacles/model.sdf
[2.654s] -- Up-to-date symlink: /home/ignatj/ros2_ws/install/turtlebot3_gazebo/share/turtlebot3_gazebo//models/turtlebot3_house/model.config
[2.654s] -- Up-to-date symlink: /home/ignatj/ros2_ws/install/turtlebot3_gazebo/share/turtlebot3_gazebo//models/turtlebot3_house/model.sdf
[2.655s] -- Up-to-date symlink: /home/ignatj/ros2_ws/install/turtlebot3_gazebo/share/turtlebot3_gazebo//models/turtlebot3_waffle/model-1_4.sdf
[2.655s] -- Up-to-date symlink: /home/ignatj/ros2_ws/install/turtlebot3_gazebo/share/turtlebot3_gazebo//models/turtlebot3_waffle/model.config
[2.656s] -- Up-to-date symlink: /home/ignatj/ros2_ws/install/turtlebot3_gazebo/share/turtlebot3_gazebo//models/turtlebot3_waffle/model.sdf
[2.656s] -- Up-to-date symlink: /home/ignatj/ros2_ws/install/turtlebot3_gazebo/share/turtlebot3_gazebo//models/turtlebot3_waffle_pi/model-1_4_.sdf
[2.657s] -- Up-to-date symlink: /home/ignatj/ros2_ws/install/turtlebot3_gazebo/share/turtlebot3_gazebo//models/turtlebot3_waffle_pi/model.config
[2.658s] -- Up-to-date symlink: /home/ignatj/ros2_ws/install/turtlebot3_gazebo/share/turtlebot3_gazebo//models/turtlebot3_waffle_pi/model.sdf
[2.660s] -- Up-to-date symlink: /home/ignatj/ros2_ws/install/turtlebot3_gazebo/share/turtlebot3_gazebo//models/turtlebot3_world/meshes/hexagon.dae
[2.660s] -- Up-to-date symlink: /home/ignatj/ros2_ws/install/turtlebot3_gazebo/share/turtlebot3_gazebo//models/turtlebot3_world/meshes/wall.dae
[2.661s] -- Up-to-date symlink: /home/ignatj/ros2_ws/install/turtlebot3_gazebo/share/turtlebot3_gazebo//models/turtlebot3_world/model-1_4.sdf
[2.662s] -- Up-to-date symlink: /home/ignatj/ros2_ws/install/turtlebot3_gazebo/share/turtlebot3_gazebo//models/turtlebot3_world/model.config
[2.662s] -- Up-to-date symlink: /home/ignatj/ros2_ws/install/turtlebot3_gazebo/share/turtlebot3_gazebo//models/turtlebot3_world/model.sdf
[2.662s] -- Up-to-date symlink: /home/ignatj/ros2_ws/install/turtlebot3_gazebo/share/turtlebot3_gazebo//rviz/tb3_gazebo.rviz
[2.663s] -- Up-to-date symlink: /home/ignatj/ros2_ws/install/turtlebot3_gazebo/share/turtlebot3_gazebo//urdf/common_properties.urdf
[2.664s] -- Up-to-date symlink: /home/ignatj/ros2_ws/install/turtlebot3_gazebo/share/turtlebot3_gazebo//urdf/turtlebot3_burger.urdf
[2.664s] -- Up-to-date symlink: /home/ignatj/ros2_ws/install/turtlebot3_gazebo/share/turtlebot3_gazebo//urdf/turtlebot3_waffle.urdf
[2.665s] -- Up-to-date symlink: /home/ignatj/ros2_ws/install/turtlebot3_gazebo/share/turtlebot3_gazebo//urdf/turtlebot3_waffle_pi.urdf
[2.665s] -- Up-to-date symlink: /home/ignatj/ros2_ws/install/turtlebot3_gazebo/share/turtlebot3_gazebo//worlds/empty_world.world
[2.665s] -- Up-to-date symlink: /home/ignatj/ros2_ws/install/turtlebot3_gazebo/share/turtlebot3_gazebo//worlds/fg.world
[2.666s] -- Up-to-date symlink: /home/ignatj/ros2_ws/install/turtlebot3_gazebo/share/turtlebot3_gazebo//worlds/turtlebot3_dqn_stage1.world
[2.667s] -- Up-to-date symlink: /home/ignatj/ros2_ws/install/turtlebot3_gazebo/share/turtlebot3_gazebo//worlds/turtlebot3_dqn_stage2.world
[2.667s] -- Up-to-date symlink: /home/ignatj/ros2_ws/install/turtlebot3_gazebo/share/turtlebot3_gazebo//worlds/turtlebot3_dqn_stage3.world
[2.668s] -- Up-to-date symlink: /home/ignatj/ros2_ws/install/turtlebot3_gazebo/share/turtlebot3_gazebo//worlds/turtlebot3_dqn_stage4.world
[2.668s] -- Up-to-date symlink: /home/ignatj/ros2_ws/install/turtlebot3_gazebo/share/turtlebot3_gazebo//worlds/turtlebot3_house.world
[2.669s] -- Up-to-date symlink: /home/ignatj/ros2_ws/install/turtlebot3_gazebo/share/turtlebot3_gazebo//worlds/turtlebot3_world.world
[2.670s] -- Up-to-date symlink: /home/ignatj/ros2_ws/install/turtlebot3_gazebo/include//turtlebot3_gazebo/turtlebot3_drive.hpp
[2.671s] -- Up-to-date symlink: /home/ignatj/ros2_ws/install/turtlebot3_gazebo/share/ament_index/resource_index/package_run_dependencies/turtlebot3_gazebo
[2.673s] -- Up-to-date symlink: /home/ignatj/ros2_ws/install/turtlebot3_gazebo/share/ament_index/resource_index/parent_prefix_path/turtlebot3_gazebo
[2.673s] -- Up-to-date symlink: /home/ignatj/ros2_ws/install/turtlebot3_gazebo/share/turtlebot3_gazebo/environment/ament_prefix_path.sh
[2.674s] -- Up-to-date symlink: /home/ignatj/ros2_ws/install/turtlebot3_gazebo/share/turtlebot3_gazebo/environment/ament_prefix_path.dsv
[2.674s] -- Up-to-date symlink: /home/ignatj/ros2_ws/install/turtlebot3_gazebo/share/turtlebot3_gazebo/environment/path.sh
[2.675s] -- Up-to-date symlink: /home/ignatj/ros2_ws/install/turtlebot3_gazebo/share/turtlebot3_gazebo/environment/path.dsv
[2.675s] -- Up-to-date symlink: /home/ignatj/ros2_ws/install/turtlebot3_gazebo/share/turtlebot3_gazebo/local_setup.bash
[2.675s] -- Up-to-date symlink: /home/ignatj/ros2_ws/install/turtlebot3_gazebo/share/turtlebot3_gazebo/local_setup.sh
[2.676s] -- Up-to-date symlink: /home/ignatj/ros2_ws/install/turtlebot3_gazebo/share/turtlebot3_gazebo/local_setup.zsh
[2.676s] -- Up-to-date symlink: /home/ignatj/ros2_ws/install/turtlebot3_gazebo/share/turtlebot3_gazebo/local_setup.dsv
[2.676s] -- Symlinking: /home/ignatj/ros2_ws/install/turtlebot3_gazebo/share/turtlebot3_gazebo/package.dsv
[2.677s] -- Up-to-date symlink: /home/ignatj/ros2_ws/install/turtlebot3_gazebo/share/ament_index/resource_index/packages/turtlebot3_gazebo
[2.677s] -- Up-to-date symlink: /home/ignatj/ros2_ws/install/turtlebot3_gazebo/share/turtlebot3_gazebo/cmake/ament_cmake_export_include_directories-extras.cmake
[2.678s] -- Up-to-date symlink: /home/ignatj/ros2_ws/install/turtlebot3_gazebo/share/turtlebot3_gazebo/cmake/ament_cmake_export_dependencies-extras.cmake
[2.678s] -- Up-to-date symlink: /home/ignatj/ros2_ws/install/turtlebot3_gazebo/share/turtlebot3_gazebo/cmake/turtlebot3_gazeboConfig.cmake
[2.681s] -- Up-to-date symlink: /home/ignatj/ros2_ws/install/turtlebot3_gazebo/share/turtlebot3_gazebo/cmake/turtlebot3_gazeboConfig-version.cmake
[2.681s] -- Up-to-date symlink: /home/ignatj/ros2_ws/install/turtlebot3_gazebo/share/turtlebot3_gazebo/package.xml
[3.463s] Invoked command in '/home/ignatj/ros2_ws/build/turtlebot3_gazebo' returned '0': CMAKE_PREFIX_PATH=${CMAKE_PREFIX_PATH}:/home/ignatj/ros2_ws/install/my_robot_controller:/home/ignatj/ros2_ws/install/launch_testing_examples:/home/ignatj/ros2_ws/install/examples_rclpy_pointcloud_publisher:/home/ignatj/ros2_ws/install/examples_rclpy_minimal_subscriber:/home/ignatj/ros2_ws/install/examples_rclpy_minimal_service:/home/ignatj/ros2_ws/install/examples_rclpy_minimal_publisher:/home/ignatj/ros2_ws/install/examples_rclpy_minimal_client:/home/ignatj/ros2_ws/install/examples_rclpy_minimal_action_server:/home/ignatj/ros2_ws/install/examples_rclpy_minimal_action_client:/home/ignatj/ros2_ws/install/examples_rclpy_guard_conditions:/home/ignatj/ros2_ws/install/examples_rclpy_executors:/opt/ros/humble /usr/bin/cmake --install /home/ignatj/ros2_ws/build/turtlebot3_gazebo
