[0.883s] Invoking command in '/home/ignatj/ros2_ws/build/examples_rclcpp_minimal_client': CMAKE_PREFIX_PATH=/opt/ros/humble /usr/bin/cmake /home/ignatj/ros2_ws/src/examples/rclcpp/services/minimal_client -DAMENT_CMAKE_SYMLINK_INSTALL=1 -DCMAKE_INSTALL_PREFIX=/home/ignatj/ros2_ws/install/examples_rclcpp_minimal_client
[1.003s] -- Found ament_cmake: 1.3.7 (/opt/ros/humble/share/ament_cmake/cmake)
[1.758s] -- Override CMake install command with custom implementation using symlinks instead of copying resources
[1.783s] -- Found example_interfaces: 0.9.3 (/opt/ros/humble/share/example_interfaces/cmake)
[1.865s] -- Found rosidl_generator_c: 3.1.5 (/opt/ros/humble/share/rosidl_generator_c/cmake)
[1.873s] -- Found rosidl_adapter: 3.1.5 (/opt/ros/humble/share/rosidl_adapter/cmake)
[1.899s] -- Found rosidl_generator_cpp: 3.1.5 (/opt/ros/humble/share/rosidl_generator_cpp/cmake)
[1.946s] -- Using all available rosidl_typesupport_c: rosidl_typesupport_fastrtps_c;rosidl_typesupport_introspection_c
[1.991s] -- Using all available rosidl_typesupport_cpp: rosidl_typesupport_fastrtps_cpp;rosidl_typesupport_introspection_cpp
[2.401s] -- Found rclcpp: 16.0.8 (/opt/ros/humble/share/rclcpp/cmake)
[2.520s] -- Found rmw_implementation_cmake: 6.1.1 (/opt/ros/humble/share/rmw_implementation_cmake/cmake)
[2.523s] -- Found rmw_fastrtps_cpp: 6.2.6 (/opt/ros/humble/share/rmw_fastrtps_cpp/cmake)
[2.845s] -- Using RMW implementation 'rmw_fastrtps_cpp' as default
[3.272s] -- Found ament_lint_auto: 0.12.10 (/opt/ros/humble/share/ament_lint_auto/cmake)
[3.510s] -- Added test 'copyright' to check source files copyright and LICENSE
[3.512s] -- Added test 'cppcheck' to perform static code analysis on C / C++ code
[3.513s] -- Configured cppcheck include dirs: 
[3.513s] -- Configured cppcheck exclude dirs and/or files: 
[3.515s] -- Added test 'cpplint' to check C / C++ code against the Google style
[3.516s] -- Configured cpplint exclude dirs and/or files: 
[3.518s] -- Added test 'lint_cmake' to check CMake code style
[3.521s] -- Added test 'uncrustify' to check C / C++ code style
[3.522s] -- Configured uncrustify additional arguments: 
[3.525s] -- Added test 'xmllint' to check XML markup files
[3.536s] -- Configuring done
[3.658s] -- Generating done
[3.675s] -- Build files have been written to: /home/ignatj/ros2_ws/build/examples_rclcpp_minimal_client
[3.733s] Invoked command in '/home/ignatj/ros2_ws/build/examples_rclcpp_minimal_client' returned '0': CMAKE_PREFIX_PATH=/opt/ros/humble /usr/bin/cmake /home/ignatj/ros2_ws/src/examples/rclcpp/services/minimal_client -DAMENT_CMAKE_SYMLINK_INSTALL=1 -DCMAKE_INSTALL_PREFIX=/home/ignatj/ros2_ws/install/examples_rclcpp_minimal_client
[3.734s] Invoking command in '/home/ignatj/ros2_ws/build/examples_rclcpp_minimal_client': CMAKE_PREFIX_PATH=/opt/ros/humble /usr/bin/cmake --build /home/ignatj/ros2_ws/build/examples_rclcpp_minimal_client -- -j6 -l6
[3.903s] [35m[1mConsolidate compiler generated dependencies of target client_main[0m
[3.978s] [100%] Built target client_main
[4.022s] Invoked command in '/home/ignatj/ros2_ws/build/examples_rclcpp_minimal_client' returned '0': CMAKE_PREFIX_PATH=/opt/ros/humble /usr/bin/cmake --build /home/ignatj/ros2_ws/build/examples_rclcpp_minimal_client -- -j6 -l6
[4.319s] Invoking command in '/home/ignatj/ros2_ws/build/examples_rclcpp_minimal_client': CMAKE_PREFIX_PATH=/opt/ros/humble /usr/bin/cmake --install /home/ignatj/ros2_ws/build/examples_rclcpp_minimal_client
[4.353s] -- Install configuration: ""
[4.354s] -- Execute custom install script
[4.357s] -- Up-to-date symlink: /home/ignatj/ros2_ws/install/examples_rclcpp_minimal_client/lib/examples_rclcpp_minimal_client/client_main
[4.362s] -- Up-to-date symlink: /home/ignatj/ros2_ws/install/examples_rclcpp_minimal_client/share/ament_index/resource_index/package_run_dependencies/examples_rclcpp_minimal_client
[4.362s] -- Up-to-date symlink: /home/ignatj/ros2_ws/install/examples_rclcpp_minimal_client/share/ament_index/resource_index/parent_prefix_path/examples_rclcpp_minimal_client
[4.366s] -- Up-to-date symlink: /home/ignatj/ros2_ws/install/examples_rclcpp_minimal_client/share/examples_rclcpp_minimal_client/environment/ament_prefix_path.sh
[4.367s] -- Up-to-date symlink: /home/ignatj/ros2_ws/install/examples_rclcpp_minimal_client/share/examples_rclcpp_minimal_client/environment/ament_prefix_path.dsv
[4.367s] -- Up-to-date symlink: /home/ignatj/ros2_ws/install/examples_rclcpp_minimal_client/share/examples_rclcpp_minimal_client/environment/path.sh
[4.370s] -- Up-to-date symlink: /home/ignatj/ros2_ws/install/examples_rclcpp_minimal_client/share/examples_rclcpp_minimal_client/environment/path.dsv
[4.373s] -- Up-to-date symlink: /home/ignatj/ros2_ws/install/examples_rclcpp_minimal_client/share/examples_rclcpp_minimal_client/local_setup.bash
[4.375s] -- Up-to-date symlink: /home/ignatj/ros2_ws/install/examples_rclcpp_minimal_client/share/examples_rclcpp_minimal_client/local_setup.sh
[4.376s] -- Up-to-date symlink: /home/ignatj/ros2_ws/install/examples_rclcpp_minimal_client/share/examples_rclcpp_minimal_client/local_setup.zsh
[4.378s] -- Up-to-date symlink: /home/ignatj/ros2_ws/install/examples_rclcpp_minimal_client/share/examples_rclcpp_minimal_client/local_setup.dsv
[4.378s] -- Symlinking: /home/ignatj/ros2_ws/install/examples_rclcpp_minimal_client/share/examples_rclcpp_minimal_client/package.dsv
[4.411s] -- Up-to-date symlink: /home/ignatj/ros2_ws/install/examples_rclcpp_minimal_client/share/ament_index/resource_index/packages/examples_rclcpp_minimal_client
[4.413s] -- Up-to-date symlink: /home/ignatj/ros2_ws/install/examples_rclcpp_minimal_client/share/examples_rclcpp_minimal_client/cmake/examples_rclcpp_minimal_clientConfig.cmake
[4.420s] -- Up-to-date symlink: /home/ignatj/ros2_ws/install/examples_rclcpp_minimal_client/share/examples_rclcpp_minimal_client/cmake/examples_rclcpp_minimal_clientConfig-version.cmake
[4.421s] -- Up-to-date symlink: /home/ignatj/ros2_ws/install/examples_rclcpp_minimal_client/share/examples_rclcpp_minimal_client/package.xml
[5.033s] Invoked command in '/home/ignatj/ros2_ws/build/examples_rclcpp_minimal_client' returned '0': CMAKE_PREFIX_PATH=/opt/ros/humble /usr/bin/cmake --install /home/ignatj/ros2_ws/build/examples_rclcpp_minimal_client
