[3.189s] Invoking command in '/home/ignatj/ros2_ws/src/my_robot_controller': PYTHONPATH=/home/ignatj/ros2_ws/build/my_robot_controller/prefix_override:/home/ignatj/ros2_ws/install/my_robot_controller/lib/python3.10/site-packages:${PYTHONPATH} /usr/bin/python3 setup.py egg_info --egg-base ../../build/my_robot_controller build --build-base /home/ignatj/ros2_ws/build/my_robot_controller/build install --record /home/ignatj/ros2_ws/build/my_robot_controller/install.log --single-version-externally-managed
[3.721s] running egg_info
[3.723s] writing ../../build/my_robot_controller/my_robot_controller.egg-info/PKG-INFO
[3.724s] writing dependency_links to ../../build/my_robot_controller/my_robot_controller.egg-info/dependency_links.txt
[3.725s] writing entry points to ../../build/my_robot_controller/my_robot_controller.egg-info/entry_points.txt
[3.725s] writing requirements to ../../build/my_robot_controller/my_robot_controller.egg-info/requires.txt
[3.725s] writing top-level names to ../../build/my_robot_controller/my_robot_controller.egg-info/top_level.txt
[3.730s] reading manifest file '../../build/my_robot_controller/my_robot_controller.egg-info/SOURCES.txt'
[3.731s] writing manifest file '../../build/my_robot_controller/my_robot_controller.egg-info/SOURCES.txt'
[3.731s] running build
[3.731s] running build_py
[3.732s] running install
[3.732s] /usr/lib/python3/dist-packages/setuptools/command/install.py:34: SetuptoolsDeprecationWarning: setup.py install is deprecated. Use build and pip and other standards-based tools.
[3.733s]   warnings.warn(
[3.733s] running install_lib
[3.739s] running install_data
[3.741s] copying package.xml -> /home/ignatj/ros2_ws/install/my_robot_controller/share/my_robot_controller
[3.742s] creating /home/ignatj/ros2_ws/install/my_robot_controller/share/my_robot_controller/launch
[3.742s] copying launch/start_mapping.launch.py -> /home/ignatj/ros2_ws/install/my_robot_controller/share/my_robot_controller/launch
[3.743s] running install_egg_info
[3.746s] removing '/home/ignatj/ros2_ws/install/my_robot_controller/lib/python3.10/site-packages/my_robot_controller-0.0.0-py3.10.egg-info' (and everything under it)
[3.747s] Copying ../../build/my_robot_controller/my_robot_controller.egg-info to /home/ignatj/ros2_ws/install/my_robot_controller/lib/python3.10/site-packages/my_robot_controller-0.0.0-py3.10.egg-info
[3.748s] running install_scripts
[3.783s] Installing mapping script to /home/ignatj/ros2_ws/install/my_robot_controller/lib/my_robot_controller
[3.783s] Installing test_node script to /home/ignatj/ros2_ws/install/my_robot_controller/lib/my_robot_controller
[3.784s] writing list of installed files to '/home/ignatj/ros2_ws/build/my_robot_controller/install.log'
