[0.629s] Invoking command in '/home/ignatj/ros2_ws/build/examples_rclcpp_cbg_executor': CMAKE_PREFIX_PATH=${CMAKE_PREFIX_PATH}:/home/ignatj/ros2_ws/install/my_robot_controller:/home/ignatj/ros2_ws/install/launch_testing_examples:/home/ignatj/ros2_ws/install/examples_rclpy_pointcloud_publisher:/home/ignatj/ros2_ws/install/examples_rclpy_minimal_subscriber:/home/ignatj/ros2_ws/install/examples_rclpy_minimal_service:/home/ignatj/ros2_ws/install/examples_rclpy_minimal_publisher:/home/ignatj/ros2_ws/install/examples_rclpy_minimal_client:/home/ignatj/ros2_ws/install/examples_rclpy_minimal_action_server:/home/ignatj/ros2_ws/install/examples_rclpy_minimal_action_client:/home/ignatj/ros2_ws/install/examples_rclpy_guard_conditions:/home/ignatj/ros2_ws/install/examples_rclpy_executors:/opt/ros/humble /usr/bin/cmake /home/ignatj/ros2_ws/src/examples/rclcpp/executors/cbg_executor -DAMENT_CMAKE_SYMLINK_INSTALL=1 -DCMAKE_INSTALL_PREFIX=/home/ignatj/ros2_ws/install/examples_rclcpp_cbg_executor
[0.673s] -- Found ament_cmake: 1.3.7 (/opt/ros/humble/share/ament_cmake/cmake)
[1.321s] -- Override CMake install command with custom implementation using symlinks instead of copying resources
[1.357s] -- Found rclcpp: 16.0.8 (/opt/ros/humble/share/rclcpp/cmake)
[1.451s] -- Found rosidl_generator_c: 3.1.5 (/opt/ros/humble/share/rosidl_generator_c/cmake)
[1.461s] -- Found rosidl_adapter: 3.1.5 (/opt/ros/humble/share/rosidl_adapter/cmake)
[1.485s] -- Found rosidl_generator_cpp: 3.1.5 (/opt/ros/humble/share/rosidl_generator_cpp/cmake)
[1.526s] -- Using all available rosidl_typesupport_c: rosidl_typesupport_fastrtps_c;rosidl_typesupport_introspection_c
[1.585s] -- Using all available rosidl_typesupport_cpp: rosidl_typesupport_fastrtps_cpp;rosidl_typesupport_introspection_cpp
[1.802s] -- Found rmw_implementation_cmake: 6.1.1 (/opt/ros/humble/share/rmw_implementation_cmake/cmake)
[1.812s] -- Found rmw_fastrtps_cpp: 6.2.6 (/opt/ros/humble/share/rmw_fastrtps_cpp/cmake)
[2.264s] -- Using RMW implementation 'rmw_fastrtps_cpp' as default
[2.774s] -- Found ament_lint_auto: 0.12.10 (/opt/ros/humble/share/ament_lint_auto/cmake)
[3.141s] -- Added test 'copyright' to check source files copyright and LICENSE
[3.147s] -- Added test 'cppcheck' to perform static code analysis on C / C++ code
[3.148s] -- Configured cppcheck include dirs: /home/ignatj/ros2_ws/src/examples/rclcpp/executors/cbg_executor/include
[3.148s] -- Configured cppcheck exclude dirs and/or files: 
[3.159s] -- Added test 'cpplint' to check C / C++ code against the Google style
[3.161s] -- Configured cpplint exclude dirs and/or files: 
[3.164s] -- Added test 'lint_cmake' to check CMake code style
[3.170s] -- Added test 'uncrustify' to check C / C++ code style
[3.170s] -- Configured uncrustify additional arguments: 
[3.171s] -- Added test 'xmllint' to check XML markup files
[3.184s] -- Configuring done
[3.267s] -- Generating done
[3.284s] -- Build files have been written to: /home/ignatj/ros2_ws/build/examples_rclcpp_cbg_executor
