[0.576s] Invoking command in '/home/ignatj/ros2_ws/build/examples_rclcpp_async_client': CMAKE_PREFIX_PATH=/opt/ros/humble /usr/bin/cmake /home/ignatj/ros2_ws/src/examples/rclcpp/services/async_client -DCMAKE_INSTALL_PREFIX=/home/ignatj/ros2_ws/install/examples_rclcpp_async_client
[1.044s] -- Found ament_cmake: 1.3.7 (/opt/ros/humble/share/ament_cmake/cmake)
[1.979s] -- Override CMake install command with custom implementation using symlinks instead of copying resources
[2.045s] -- Found example_interfaces: 0.9.3 (/opt/ros/humble/share/example_interfaces/cmake)
[2.205s] -- Found rosidl_generator_c: 3.1.5 (/opt/ros/humble/share/rosidl_generator_c/cmake)
[2.225s] -- Found rosidl_adapter: 3.1.5 (/opt/ros/humble/share/rosidl_adapter/cmake)
[2.260s] -- Found rosidl_generator_cpp: 3.1.5 (/opt/ros/humble/share/rosidl_generator_cpp/cmake)
[2.309s] -- Using all available rosidl_typesupport_c: rosidl_typesupport_fastrtps_c;rosidl_typesupport_introspection_c
[2.376s] -- Using all available rosidl_typesupport_cpp: rosidl_typesupport_fastrtps_cpp;rosidl_typesupport_introspection_cpp
[2.965s] -- Found rclcpp: 16.0.8 (/opt/ros/humble/share/rclcpp/cmake)
[3.122s] -- Found rmw_implementation_cmake: 6.1.1 (/opt/ros/humble/share/rmw_implementation_cmake/cmake)
[3.126s] -- Found rmw_fastrtps_cpp: 6.2.6 (/opt/ros/humble/share/rmw_fastrtps_cpp/cmake)
[3.532s] -- Using RMW implementation 'rmw_fastrtps_cpp' as default
[4.127s] -- Found ament_lint_auto: 0.12.10 (/opt/ros/humble/share/ament_lint_auto/cmake)
[4.684s] -- Added test 'copyright' to check source files copyright and LICENSE
[4.687s] -- Added test 'cppcheck' to perform static code analysis on C / C++ code
[4.688s] -- Configured cppcheck include dirs: 
[4.688s] -- Configured cppcheck exclude dirs and/or files: 
[4.689s] -- Added test 'cpplint' to check C / C++ code against the Google style
[4.689s] -- Configured cpplint exclude dirs and/or files: 
[4.705s] -- Added test 'lint_cmake' to check CMake code style
[4.709s] -- Added test 'uncrustify' to check C / C++ code style
[4.710s] -- Configured uncrustify additional arguments: 
[4.712s] -- Added test 'xmllint' to check XML markup files
[4.723s] -- Configuring done
[4.824s] -- Generating done
[4.853s] -- Build files have been written to: /home/ignatj/ros2_ws/build/examples_rclcpp_async_client
[4.900s] Invoked command in '/home/ignatj/ros2_ws/build/examples_rclcpp_async_client' returned '0': CMAKE_PREFIX_PATH=/opt/ros/humble /usr/bin/cmake /home/ignatj/ros2_ws/src/examples/rclcpp/services/async_client -DCMAKE_INSTALL_PREFIX=/home/ignatj/ros2_ws/install/examples_rclcpp_async_client
[4.903s] Invoking command in '/home/ignatj/ros2_ws/build/examples_rclcpp_async_client': CMAKE_PREFIX_PATH=/opt/ros/humble /usr/bin/cmake --build /home/ignatj/ros2_ws/build/examples_rclcpp_async_client -- -j6 -l6
[5.079s] [35m[1mConsolidate compiler generated dependencies of target client_main[0m
[5.159s] [100%] Built target client_main
[5.220s] Invoked command in '/home/ignatj/ros2_ws/build/examples_rclcpp_async_client' returned '0': CMAKE_PREFIX_PATH=/opt/ros/humble /usr/bin/cmake --build /home/ignatj/ros2_ws/build/examples_rclcpp_async_client -- -j6 -l6
[5.439s] Invoking command in '/home/ignatj/ros2_ws/build/examples_rclcpp_async_client': CMAKE_PREFIX_PATH=/opt/ros/humble /usr/bin/cmake --install /home/ignatj/ros2_ws/build/examples_rclcpp_async_client
[5.478s] -- Install configuration: ""
[5.483s] -- Execute custom install script
[5.485s] -- Up-to-date symlink: /home/ignatj/ros2_ws/install/examples_rclcpp_async_client/lib/examples_rclcpp_async_client/client_main
[5.488s] -- Up-to-date symlink: /home/ignatj/ros2_ws/install/examples_rclcpp_async_client/share/ament_index/resource_index/package_run_dependencies/examples_rclcpp_async_client
[5.490s] -- Up-to-date symlink: /home/ignatj/ros2_ws/install/examples_rclcpp_async_client/share/ament_index/resource_index/parent_prefix_path/examples_rclcpp_async_client
[5.493s] -- Up-to-date symlink: /home/ignatj/ros2_ws/install/examples_rclcpp_async_client/share/examples_rclcpp_async_client/environment/ament_prefix_path.sh
[5.494s] -- Up-to-date symlink: /home/ignatj/ros2_ws/install/examples_rclcpp_async_client/share/examples_rclcpp_async_client/environment/ament_prefix_path.dsv
[5.495s] -- Up-to-date symlink: /home/ignatj/ros2_ws/install/examples_rclcpp_async_client/share/examples_rclcpp_async_client/environment/path.sh
[5.498s] -- Up-to-date symlink: /home/ignatj/ros2_ws/install/examples_rclcpp_async_client/share/examples_rclcpp_async_client/environment/path.dsv
[5.503s] -- Up-to-date symlink: /home/ignatj/ros2_ws/install/examples_rclcpp_async_client/share/examples_rclcpp_async_client/local_setup.bash
[5.504s] -- Up-to-date symlink: /home/ignatj/ros2_ws/install/examples_rclcpp_async_client/share/examples_rclcpp_async_client/local_setup.sh
[5.505s] -- Up-to-date symlink: /home/ignatj/ros2_ws/install/examples_rclcpp_async_client/share/examples_rclcpp_async_client/local_setup.zsh
[5.510s] -- Up-to-date symlink: /home/ignatj/ros2_ws/install/examples_rclcpp_async_client/share/examples_rclcpp_async_client/local_setup.dsv
[5.510s] -- Symlinking: /home/ignatj/ros2_ws/install/examples_rclcpp_async_client/share/examples_rclcpp_async_client/package.dsv
[5.552s] -- Up-to-date symlink: /home/ignatj/ros2_ws/install/examples_rclcpp_async_client/share/ament_index/resource_index/packages/examples_rclcpp_async_client
[5.552s] -- Up-to-date symlink: /home/ignatj/ros2_ws/install/examples_rclcpp_async_client/share/examples_rclcpp_async_client/cmake/examples_rclcpp_async_clientConfig.cmake
[5.554s] -- Up-to-date symlink: /home/ignatj/ros2_ws/install/examples_rclcpp_async_client/share/examples_rclcpp_async_client/cmake/examples_rclcpp_async_clientConfig-version.cmake
[5.559s] -- Up-to-date symlink: /home/ignatj/ros2_ws/install/examples_rclcpp_async_client/share/examples_rclcpp_async_client/package.xml
[5.575s] Invoked command in '/home/ignatj/ros2_ws/build/examples_rclcpp_async_client' returned '0': CMAKE_PREFIX_PATH=/opt/ros/humble /usr/bin/cmake --install /home/ignatj/ros2_ws/build/examples_rclcpp_async_client
