[5.552s] Invoking command in '/home/ignatj/ros2_ws/src/examples/rclpy/services/minimal_service': PYTHONPATH=/home/ignatj/ros2_ws/build/examples_rclpy_minimal_service/prefix_override:/home/ignatj/ros2_ws/install/examples_rclpy_minimal_service/lib/python3.10/site-packages:${PYTHONPATH} /usr/bin/python3 setup.py egg_info --egg-base ../../../../../build/examples_rclpy_minimal_service build --build-base /home/ignatj/ros2_ws/build/examples_rclpy_minimal_service/build install --record /home/ignatj/ros2_ws/build/examples_rclpy_minimal_service/install.log --single-version-externally-managed
[6.374s] running egg_info
[6.376s] writing ../../../../../build/examples_rclpy_minimal_service/examples_rclpy_minimal_service.egg-info/PKG-INFO
[6.377s] writing dependency_links to ../../../../../build/examples_rclpy_minimal_service/examples_rclpy_minimal_service.egg-info/dependency_links.txt
[6.378s] writing entry points to ../../../../../build/examples_rclpy_minimal_service/examples_rclpy_minimal_service.egg-info/entry_points.txt
[6.379s] writing requirements to ../../../../../build/examples_rclpy_minimal_service/examples_rclpy_minimal_service.egg-info/requires.txt
[6.380s] writing top-level names to ../../../../../build/examples_rclpy_minimal_service/examples_rclpy_minimal_service.egg-info/top_level.txt
[6.384s] reading manifest file '../../../../../build/examples_rclpy_minimal_service/examples_rclpy_minimal_service.egg-info/SOURCES.txt'
[6.388s] writing manifest file '../../../../../build/examples_rclpy_minimal_service/examples_rclpy_minimal_service.egg-info/SOURCES.txt'
[6.389s] running build
[6.389s] running build_py
[6.393s] running install
[6.394s] /usr/lib/python3/dist-packages/setuptools/command/install.py:34: SetuptoolsDeprecationWarning: setup.py install is deprecated. Use build and pip and other standards-based tools.
[6.394s]   warnings.warn(
[6.395s] running install_lib
[6.399s] running install_data
[6.400s] running install_egg_info
[6.405s] removing '/home/ignatj/ros2_ws/install/examples_rclpy_minimal_service/lib/python3.10/site-packages/examples_rclpy_minimal_service-0.15.1-py3.10.egg-info' (and everything under it)
[6.406s] Copying ../../../../../build/examples_rclpy_minimal_service/examples_rclpy_minimal_service.egg-info to /home/ignatj/ros2_ws/install/examples_rclpy_minimal_service/lib/python3.10/site-packages/examples_rclpy_minimal_service-0.15.1-py3.10.egg-info
[6.411s] running install_scripts
[6.479s] Installing service script to /home/ignatj/ros2_ws/install/examples_rclpy_minimal_service/lib/examples_rclpy_minimal_service
[6.480s] Installing service_member_function script to /home/ignatj/ros2_ws/install/examples_rclpy_minimal_service/lib/examples_rclpy_minimal_service
[6.483s] writing list of installed files to '/home/ignatj/ros2_ws/build/examples_rclpy_minimal_service/install.log'
[7.214s] Invoked command in '/home/ignatj/ros2_ws/src/examples/rclpy/services/minimal_service' returned '0': PYTHONPATH=/home/ignatj/ros2_ws/build/examples_rclpy_minimal_service/prefix_override:/home/ignatj/ros2_ws/install/examples_rclpy_minimal_service/lib/python3.10/site-packages:${PYTHONPATH} /usr/bin/python3 setup.py egg_info --egg-base ../../../../../build/examples_rclpy_minimal_service build --build-base /home/ignatj/ros2_ws/build/examples_rclpy_minimal_service/build install --record /home/ignatj/ros2_ws/build/examples_rclpy_minimal_service/install.log --single-version-externally-managed
