[0.716s] Invoking command in '/home/ignatj/ros2_ws/build/turtlebot3_bringup': CMAKE_PREFIX_PATH=/home/ignatj/ros2_ws/install/turtlebot3_node:/home/ignatj/ros2_ws/install/turtlebot3_description:/home/ignatj/ros2_ws/install/turtlesim:/home/ignatj/ros2_ws/install/turtlebot3:/home/ignatj/ros2_ws/install/turtlebot3_simulations:/home/ignatj/ros2_ws/install/turtlebot3_bringup:/home/ignatj/ros2_ws/install/turtlebot3_navigation2:/home/ignatj/ros2_ws/install/turtlebot3_gazebo:/home/ignatj/ros2_ws/install/turtlebot3_fake_node:/home/ignatj/ros2_ws/install/turtlebot3_cartographer:/home/ignatj/ros2_ws/install/turtlebot3_teleop:/home/ignatj/ros2_ws/install/turtlebot3_example:/home/ignatj/ros2_ws/install/my_robot_controller:/opt/ros/humble /usr/bin/cmake --build /home/ignatj/ros2_ws/build/turtlebot3_bringup -- -j6 -l6
[1.529s] Invoked command in '/home/ignatj/ros2_ws/build/turtlebot3_bringup' returned '0': CMAKE_PREFIX_PATH=/home/ignatj/ros2_ws/install/turtlebot3_node:/home/ignatj/ros2_ws/install/turtlebot3_description:/home/ignatj/ros2_ws/install/turtlesim:/home/ignatj/ros2_ws/install/turtlebot3:/home/ignatj/ros2_ws/install/turtlebot3_simulations:/home/ignatj/ros2_ws/install/turtlebot3_bringup:/home/ignatj/ros2_ws/install/turtlebot3_navigation2:/home/ignatj/ros2_ws/install/turtlebot3_gazebo:/home/ignatj/ros2_ws/install/turtlebot3_fake_node:/home/ignatj/ros2_ws/install/turtlebot3_cartographer:/home/ignatj/ros2_ws/install/turtlebot3_teleop:/home/ignatj/ros2_ws/install/turtlebot3_example:/home/ignatj/ros2_ws/install/my_robot_controller:/opt/ros/humble /usr/bin/cmake --build /home/ignatj/ros2_ws/build/turtlebot3_bringup -- -j6 -l6
[1.797s] Invoking command in '/home/ignatj/ros2_ws/build/turtlebot3_bringup': CMAKE_PREFIX_PATH=/home/ignatj/ros2_ws/install/turtlebot3_node:/home/ignatj/ros2_ws/install/turtlebot3_description:/home/ignatj/ros2_ws/install/turtlesim:/home/ignatj/ros2_ws/install/turtlebot3:/home/ignatj/ros2_ws/install/turtlebot3_simulations:/home/ignatj/ros2_ws/install/turtlebot3_bringup:/home/ignatj/ros2_ws/install/turtlebot3_navigation2:/home/ignatj/ros2_ws/install/turtlebot3_gazebo:/home/ignatj/ros2_ws/install/turtlebot3_fake_node:/home/ignatj/ros2_ws/install/turtlebot3_cartographer:/home/ignatj/ros2_ws/install/turtlebot3_teleop:/home/ignatj/ros2_ws/install/turtlebot3_example:/home/ignatj/ros2_ws/install/my_robot_controller:/opt/ros/humble /usr/bin/cmake --install /home/ignatj/ros2_ws/build/turtlebot3_bringup
[1.834s] -- Install configuration: ""
[1.841s] -- Execute custom install script
[1.846s] -- Up-to-date symlink: /home/ignatj/ros2_ws/install/turtlebot3_bringup/share/turtlebot3_bringup/launch/robot.launch.py
[1.848s] -- Up-to-date symlink: /home/ignatj/ros2_ws/install/turtlebot3_bringup/share/turtlebot3_bringup/launch/rviz2.launch.py
[1.854s] -- Up-to-date symlink: /home/ignatj/ros2_ws/install/turtlebot3_bringup/share/turtlebot3_bringup/launch/turtlebot3_state_publisher.launch.py
[1.858s] -- Up-to-date symlink: /home/ignatj/ros2_ws/install/turtlebot3_bringup/share/turtlebot3_bringup/param/burger.yaml
[1.859s] -- Up-to-date symlink: /home/ignatj/ros2_ws/install/turtlebot3_bringup/share/turtlebot3_bringup/param/waffle.yaml
[1.862s] -- Up-to-date symlink: /home/ignatj/ros2_ws/install/turtlebot3_bringup/share/turtlebot3_bringup/param/waffle_pi.yaml
[1.864s] -- Up-to-date symlink: /home/ignatj/ros2_ws/install/turtlebot3_bringup/share/turtlebot3_bringup/script/99-turtlebot3-cdc.rules
[1.868s] -- Up-to-date symlink: /home/ignatj/ros2_ws/install/turtlebot3_bringup/share/turtlebot3_bringup/script/create_udev_rules
[1.869s] -- Up-to-date symlink: /home/ignatj/ros2_ws/install/turtlebot3_bringup/share/ament_index/resource_index/package_run_dependencies/turtlebot3_bringup
[1.870s] -- Up-to-date symlink: /home/ignatj/ros2_ws/install/turtlebot3_bringup/share/ament_index/resource_index/parent_prefix_path/turtlebot3_bringup
[1.872s] -- Up-to-date symlink: /home/ignatj/ros2_ws/install/turtlebot3_bringup/share/turtlebot3_bringup/environment/ament_prefix_path.sh
[1.874s] -- Up-to-date symlink: /home/ignatj/ros2_ws/install/turtlebot3_bringup/share/turtlebot3_bringup/environment/ament_prefix_path.dsv
[1.876s] -- Up-to-date symlink: /home/ignatj/ros2_ws/install/turtlebot3_bringup/share/turtlebot3_bringup/environment/path.sh
[1.877s] -- Up-to-date symlink: /home/ignatj/ros2_ws/install/turtlebot3_bringup/share/turtlebot3_bringup/environment/path.dsv
[1.884s] -- Up-to-date symlink: /home/ignatj/ros2_ws/install/turtlebot3_bringup/share/turtlebot3_bringup/local_setup.bash
[1.885s] -- Up-to-date symlink: /home/ignatj/ros2_ws/install/turtlebot3_bringup/share/turtlebot3_bringup/local_setup.sh
[1.888s] -- Up-to-date symlink: /home/ignatj/ros2_ws/install/turtlebot3_bringup/share/turtlebot3_bringup/local_setup.zsh
[1.889s] -- Up-to-date symlink: /home/ignatj/ros2_ws/install/turtlebot3_bringup/share/turtlebot3_bringup/local_setup.dsv
[1.890s] -- Symlinking: /home/ignatj/ros2_ws/install/turtlebot3_bringup/share/turtlebot3_bringup/package.dsv
[1.933s] -- Up-to-date symlink: /home/ignatj/ros2_ws/install/turtlebot3_bringup/share/ament_index/resource_index/packages/turtlebot3_bringup
[1.934s] -- Up-to-date symlink: /home/ignatj/ros2_ws/install/turtlebot3_bringup/share/turtlebot3_bringup/cmake/turtlebot3_bringupConfig.cmake
[1.941s] -- Up-to-date symlink: /home/ignatj/ros2_ws/install/turtlebot3_bringup/share/turtlebot3_bringup/cmake/turtlebot3_bringupConfig-version.cmake
[1.942s] -- Up-to-date symlink: /home/ignatj/ros2_ws/install/turtlebot3_bringup/share/turtlebot3_bringup/package.xml
[2.186s] Invoked command in '/home/ignatj/ros2_ws/build/turtlebot3_bringup' returned '0': CMAKE_PREFIX_PATH=/home/ignatj/ros2_ws/install/turtlebot3_node:/home/ignatj/ros2_ws/install/turtlebot3_description:/home/ignatj/ros2_ws/install/turtlesim:/home/ignatj/ros2_ws/install/turtlebot3:/home/ignatj/ros2_ws/install/turtlebot3_simulations:/home/ignatj/ros2_ws/install/turtlebot3_bringup:/home/ignatj/ros2_ws/install/turtlebot3_navigation2:/home/ignatj/ros2_ws/install/turtlebot3_gazebo:/home/ignatj/ros2_ws/install/turtlebot3_fake_node:/home/ignatj/ros2_ws/install/turtlebot3_cartographer:/home/ignatj/ros2_ws/install/turtlebot3_teleop:/home/ignatj/ros2_ws/install/turtlebot3_example:/home/ignatj/ros2_ws/install/my_robot_controller:/opt/ros/humble /usr/bin/cmake --install /home/ignatj/ros2_ws/build/turtlebot3_bringup
