[10.367s] Invoking command in '/home/ignatj/ros2_ws/build/examples_rclpy_pointcloud_publisher': PYTHONPATH=/home/ignatj/ros2_ws/build/examples_rclpy_pointcloud_publisher/prefix_override:/home/ignatj/ros2_ws/install/examples_rclpy_pointcloud_publisher/lib/python3.10/site-packages:${PYTHONPATH} /usr/bin/python3 setup.py develop --editable --build-directory /home/ignatj/ros2_ws/build/examples_rclpy_pointcloud_publisher/build --no-deps install_data
[16.020s] running develop
[16.025s] /usr/lib/python3/dist-packages/setuptools/command/easy_install.py:158: EasyInstallDeprecationWarning: easy_install command is deprecated. Use build and pip and other standards-based tools.
[16.026s]   warnings.warn(
[16.036s] /usr/lib/python3/dist-packages/setuptools/command/install.py:34: SetuptoolsDeprecationWarning: setup.py install is deprecated. Use build and pip and other standards-based tools.
[16.037s]   warnings.warn(
[17.455s] running egg_info
[17.456s] writing examples_rclpy_pointcloud_publisher.egg-info/PKG-INFO
[17.460s] writing dependency_links to examples_rclpy_pointcloud_publisher.egg-info/dependency_links.txt
[17.461s] writing entry points to examples_rclpy_pointcloud_publisher.egg-info/entry_points.txt
[17.461s] writing requirements to examples_rclpy_pointcloud_publisher.egg-info/requires.txt
[17.462s] writing top-level names to examples_rclpy_pointcloud_publisher.egg-info/top_level.txt
[17.477s] reading manifest file 'examples_rclpy_pointcloud_publisher.egg-info/SOURCES.txt'
[17.486s] writing manifest file 'examples_rclpy_pointcloud_publisher.egg-info/SOURCES.txt'
[17.491s] running build_ext
[17.492s] Creating /home/ignatj/ros2_ws/install/examples_rclpy_pointcloud_publisher/lib/python3.10/site-packages/examples-rclpy-pointcloud-publisher.egg-link (link to .)
[17.495s] Installing pointcloud_publisher script to /home/ignatj/ros2_ws/install/examples_rclpy_pointcloud_publisher/lib/examples_rclpy_pointcloud_publisher
[17.528s] 
[17.528s] Installed /home/ignatj/ros2_ws/build/examples_rclpy_pointcloud_publisher
[17.530s] running install_data
[17.751s] Invoked command in '/home/ignatj/ros2_ws/build/examples_rclpy_pointcloud_publisher' returned '0': PYTHONPATH=/home/ignatj/ros2_ws/build/examples_rclpy_pointcloud_publisher/prefix_override:/home/ignatj/ros2_ws/install/examples_rclpy_pointcloud_publisher/lib/python3.10/site-packages:${PYTHONPATH} /usr/bin/python3 setup.py develop --editable --build-directory /home/ignatj/ros2_ws/build/examples_rclpy_pointcloud_publisher/build --no-deps install_data
