[4.223s] Invoking command in '/home/ignatj/ros2_ws/src/turtlebot3/turtlebot3_teleop': PYTHONPATH=/home/ignatj/ros2_ws/build/turtlebot3_teleop/prefix_override:/home/ignatj/ros2_ws/install/turtlebot3_teleop/lib/python3.10/site-packages:${PYTHONPATH} /usr/bin/python3 setup.py egg_info --egg-base ../../../build/turtlebot3_teleop build --build-base /home/ignatj/ros2_ws/build/turtlebot3_teleop/build install --record /home/ignatj/ros2_ws/build/turtlebot3_teleop/install.log --single-version-externally-managed
[4.824s] running egg_info
[4.826s] writing ../../../build/turtlebot3_teleop/turtlebot3_teleop.egg-info/PKG-INFO
[4.827s] writing dependency_links to ../../../build/turtlebot3_teleop/turtlebot3_teleop.egg-info/dependency_links.txt
[4.828s] writing entry points to ../../../build/turtlebot3_teleop/turtlebot3_teleop.egg-info/entry_points.txt
[4.829s] writing requirements to ../../../build/turtlebot3_teleop/turtlebot3_teleop.egg-info/requires.txt
[4.829s] writing top-level names to ../../../build/turtlebot3_teleop/turtlebot3_teleop.egg-info/top_level.txt
[4.835s] reading manifest file '../../../build/turtlebot3_teleop/turtlebot3_teleop.egg-info/SOURCES.txt'
[4.836s] writing manifest file '../../../build/turtlebot3_teleop/turtlebot3_teleop.egg-info/SOURCES.txt'
[4.837s] running build
[4.837s] running build_py
[4.839s] running install
[4.840s] running install_lib
[4.845s] running install_data
[4.847s] running install_egg_info
[4.851s] removing '/home/ignatj/ros2_ws/install/turtlebot3_teleop/lib/python3.10/site-packages/turtlebot3_teleop-2.1.5-py3.10.egg-info' (and everything under it)
[4.853s] Copying ../../../build/turtlebot3_teleop/turtlebot3_teleop.egg-info to /home/ignatj/ros2_ws/install/turtlebot3_teleop/lib/python3.10/site-packages/turtlebot3_teleop-2.1.5-py3.10.egg-info
[4.858s] running install_scripts
[4.910s] Installing teleop_keyboard script to /home/ignatj/ros2_ws/install/turtlebot3_teleop/lib/turtlebot3_teleop
[4.911s] writing list of installed files to '/home/ignatj/ros2_ws/build/turtlebot3_teleop/install.log'
[5.001s] Invoked command in '/home/ignatj/ros2_ws/src/turtlebot3/turtlebot3_teleop' returned '0': PYTHONPATH=/home/ignatj/ros2_ws/build/turtlebot3_teleop/prefix_override:/home/ignatj/ros2_ws/install/turtlebot3_teleop/lib/python3.10/site-packages:${PYTHONPATH} /usr/bin/python3 setup.py egg_info --egg-base ../../../build/turtlebot3_teleop build --build-base /home/ignatj/ros2_ws/build/turtlebot3_teleop/build install --record /home/ignatj/ros2_ws/build/turtlebot3_teleop/install.log --single-version-externally-managed
