[0.297s] Invoking command in '/home/ignatj/ros2_ws/build/turtlebot3': AMENT_PREFIX_PATH=/home/ignatj/ros2_ws/install/turtlebot3_bringup:/home/ignatj/ros2_ws/install/turtlebot3_teleop:/home/ignatj/ros2_ws/install/turtlebot3_node:/home/ignatj/ros2_ws/install/turtlebot3_navigation2:/home/ignatj/ros2_ws/install/turtlebot3_example:/home/ignatj/ros2_ws/install/turtlebot3_description:/home/ignatj/ros2_ws/install/turtlebot3_cartographer:${AMENT_PREFIX_PATH} CMAKE_PREFIX_PATH=/home/ignatj/ros2_ws/install/turtlebot3_bringup:/home/ignatj/ros2_ws/install/turtlebot3_node:/home/ignatj/ros2_ws/install/turtlebot3_navigation2:/home/ignatj/ros2_ws/install/turtlebot3_description:/home/ignatj/ros2_ws/install/turtlebot3_cartographer:/opt/ros/humble PYTHONPATH=/home/ignatj/ros2_ws/build/turtlebot3_teleop:/home/ignatj/ros2_ws/install/turtlebot3_teleop/lib/python3.10/site-packages:/home/ignatj/ros2_ws/build/turtlebot3_example:/home/ignatj/ros2_ws/install/turtlebot3_example/lib/python3.10/site-packages:${PYTHONPATH} /usr/bin/cmake /home/ignatj/ros2_ws/src/turtlebot3/turtlebot3 -DAMENT_CMAKE_SYMLINK_INSTALL=1 -DCMAKE_INSTALL_PREFIX=/home/ignatj/ros2_ws/install/turtlebot3
[0.489s] -- The C compiler identification is GNU 11.4.0
[0.675s] -- The CXX compiler identification is GNU 11.4.0
[0.699s] -- Detecting C compiler ABI info
[0.974s] -- Detecting C compiler ABI info - done
[1.014s] -- Check for working C compiler: /usr/bin/cc - skipped
[1.016s] -- Detecting C compile features
[1.016s] -- Detecting C compile features - done
[1.026s] -- Detecting CXX compiler ABI info
[1.354s] -- Detecting CXX compiler ABI info - done
[1.371s] -- Check for working CXX compiler: /usr/bin/c++ - skipped
[1.372s] -- Detecting CXX compile features
[1.374s] -- Detecting CXX compile features - done
[1.382s] -- Found ament_cmake: 1.3.7 (/opt/ros/humble/share/ament_cmake/cmake)
[1.881s] -- Found Python3: /usr/bin/python3.10 (found version "3.10.12") found components: Interpreter 
[2.040s] -- Override CMake install command with custom implementation using symlinks instead of copying resources
[2.278s] -- Configuring done
[2.291s] -- Generating done
[2.294s] -- Build files have been written to: /home/ignatj/ros2_ws/build/turtlebot3
[2.305s] Invoked command in '/home/ignatj/ros2_ws/build/turtlebot3' returned '0': AMENT_PREFIX_PATH=/home/ignatj/ros2_ws/install/turtlebot3_bringup:/home/ignatj/ros2_ws/install/turtlebot3_teleop:/home/ignatj/ros2_ws/install/turtlebot3_node:/home/ignatj/ros2_ws/install/turtlebot3_navigation2:/home/ignatj/ros2_ws/install/turtlebot3_example:/home/ignatj/ros2_ws/install/turtlebot3_description:/home/ignatj/ros2_ws/install/turtlebot3_cartographer:${AMENT_PREFIX_PATH} CMAKE_PREFIX_PATH=/home/ignatj/ros2_ws/install/turtlebot3_bringup:/home/ignatj/ros2_ws/install/turtlebot3_node:/home/ignatj/ros2_ws/install/turtlebot3_navigation2:/home/ignatj/ros2_ws/install/turtlebot3_description:/home/ignatj/ros2_ws/install/turtlebot3_cartographer:/opt/ros/humble PYTHONPATH=/home/ignatj/ros2_ws/build/turtlebot3_teleop:/home/ignatj/ros2_ws/install/turtlebot3_teleop/lib/python3.10/site-packages:/home/ignatj/ros2_ws/build/turtlebot3_example:/home/ignatj/ros2_ws/install/turtlebot3_example/lib/python3.10/site-packages:${PYTHONPATH} /usr/bin/cmake /home/ignatj/ros2_ws/src/turtlebot3/turtlebot3 -DAMENT_CMAKE_SYMLINK_INSTALL=1 -DCMAKE_INSTALL_PREFIX=/home/ignatj/ros2_ws/install/turtlebot3
[2.312s] Invoking command in '/home/ignatj/ros2_ws/build/turtlebot3': AMENT_PREFIX_PATH=/home/ignatj/ros2_ws/install/turtlebot3_bringup:/home/ignatj/ros2_ws/install/turtlebot3_teleop:/home/ignatj/ros2_ws/install/turtlebot3_node:/home/ignatj/ros2_ws/install/turtlebot3_navigation2:/home/ignatj/ros2_ws/install/turtlebot3_example:/home/ignatj/ros2_ws/install/turtlebot3_description:/home/ignatj/ros2_ws/install/turtlebot3_cartographer:${AMENT_PREFIX_PATH} CMAKE_PREFIX_PATH=/home/ignatj/ros2_ws/install/turtlebot3_bringup:/home/ignatj/ros2_ws/install/turtlebot3_node:/home/ignatj/ros2_ws/install/turtlebot3_navigation2:/home/ignatj/ros2_ws/install/turtlebot3_description:/home/ignatj/ros2_ws/install/turtlebot3_cartographer:/opt/ros/humble PYTHONPATH=/home/ignatj/ros2_ws/build/turtlebot3_teleop:/home/ignatj/ros2_ws/install/turtlebot3_teleop/lib/python3.10/site-packages:/home/ignatj/ros2_ws/build/turtlebot3_example:/home/ignatj/ros2_ws/install/turtlebot3_example/lib/python3.10/site-packages:${PYTHONPATH} /usr/bin/cmake --build /home/ignatj/ros2_ws/build/turtlebot3 -- -j6 -l6
[2.420s] Invoked command in '/home/ignatj/ros2_ws/build/turtlebot3' returned '0': AMENT_PREFIX_PATH=/home/ignatj/ros2_ws/install/turtlebot3_bringup:/home/ignatj/ros2_ws/install/turtlebot3_teleop:/home/ignatj/ros2_ws/install/turtlebot3_node:/home/ignatj/ros2_ws/install/turtlebot3_navigation2:/home/ignatj/ros2_ws/install/turtlebot3_example:/home/ignatj/ros2_ws/install/turtlebot3_description:/home/ignatj/ros2_ws/install/turtlebot3_cartographer:${AMENT_PREFIX_PATH} CMAKE_PREFIX_PATH=/home/ignatj/ros2_ws/install/turtlebot3_bringup:/home/ignatj/ros2_ws/install/turtlebot3_node:/home/ignatj/ros2_ws/install/turtlebot3_navigation2:/home/ignatj/ros2_ws/install/turtlebot3_description:/home/ignatj/ros2_ws/install/turtlebot3_cartographer:/opt/ros/humble PYTHONPATH=/home/ignatj/ros2_ws/build/turtlebot3_teleop:/home/ignatj/ros2_ws/install/turtlebot3_teleop/lib/python3.10/site-packages:/home/ignatj/ros2_ws/build/turtlebot3_example:/home/ignatj/ros2_ws/install/turtlebot3_example/lib/python3.10/site-packages:${PYTHONPATH} /usr/bin/cmake --build /home/ignatj/ros2_ws/build/turtlebot3 -- -j6 -l6
[2.508s] Invoking command in '/home/ignatj/ros2_ws/build/turtlebot3': AMENT_PREFIX_PATH=/home/ignatj/ros2_ws/install/turtlebot3_bringup:/home/ignatj/ros2_ws/install/turtlebot3_teleop:/home/ignatj/ros2_ws/install/turtlebot3_node:/home/ignatj/ros2_ws/install/turtlebot3_navigation2:/home/ignatj/ros2_ws/install/turtlebot3_example:/home/ignatj/ros2_ws/install/turtlebot3_description:/home/ignatj/ros2_ws/install/turtlebot3_cartographer:${AMENT_PREFIX_PATH} CMAKE_PREFIX_PATH=/home/ignatj/ros2_ws/install/turtlebot3_bringup:/home/ignatj/ros2_ws/install/turtlebot3_node:/home/ignatj/ros2_ws/install/turtlebot3_navigation2:/home/ignatj/ros2_ws/install/turtlebot3_description:/home/ignatj/ros2_ws/install/turtlebot3_cartographer:/opt/ros/humble PYTHONPATH=/home/ignatj/ros2_ws/build/turtlebot3_teleop:/home/ignatj/ros2_ws/install/turtlebot3_teleop/lib/python3.10/site-packages:/home/ignatj/ros2_ws/build/turtlebot3_example:/home/ignatj/ros2_ws/install/turtlebot3_example/lib/python3.10/site-packages:${PYTHONPATH} /usr/bin/cmake --install /home/ignatj/ros2_ws/build/turtlebot3
[2.524s] -- Install configuration: ""
[2.525s] -- Execute custom install script
[2.528s] -- Symlinking: /home/ignatj/ros2_ws/install/turtlebot3/share/ament_index/resource_index/package_run_dependencies/turtlebot3
[2.558s] -- Symlinking: /home/ignatj/ros2_ws/install/turtlebot3/share/ament_index/resource_index/parent_prefix_path/turtlebot3
[2.586s] -- Symlinking: /home/ignatj/ros2_ws/install/turtlebot3/share/turtlebot3/environment/ament_prefix_path.sh
[2.614s] -- Symlinking: /home/ignatj/ros2_ws/install/turtlebot3/share/turtlebot3/environment/ament_prefix_path.dsv
[2.643s] -- Symlinking: /home/ignatj/ros2_ws/install/turtlebot3/share/turtlebot3/environment/path.sh
[2.674s] -- Symlinking: /home/ignatj/ros2_ws/install/turtlebot3/share/turtlebot3/environment/path.dsv
[2.703s] -- Symlinking: /home/ignatj/ros2_ws/install/turtlebot3/share/turtlebot3/local_setup.bash
[2.736s] -- Symlinking: /home/ignatj/ros2_ws/install/turtlebot3/share/turtlebot3/local_setup.sh
[2.759s] -- Symlinking: /home/ignatj/ros2_ws/install/turtlebot3/share/turtlebot3/local_setup.zsh
[2.787s] -- Symlinking: /home/ignatj/ros2_ws/install/turtlebot3/share/turtlebot3/local_setup.dsv
[2.815s] -- Symlinking: /home/ignatj/ros2_ws/install/turtlebot3/share/turtlebot3/package.dsv
[2.838s] -- Symlinking: /home/ignatj/ros2_ws/install/turtlebot3/share/ament_index/resource_index/packages/turtlebot3
[2.863s] -- Symlinking: /home/ignatj/ros2_ws/install/turtlebot3/share/turtlebot3/cmake/turtlebot3Config.cmake
[2.890s] -- Symlinking: /home/ignatj/ros2_ws/install/turtlebot3/share/turtlebot3/cmake/turtlebot3Config-version.cmake
[2.918s] -- Symlinking: /home/ignatj/ros2_ws/install/turtlebot3/share/turtlebot3/package.xml
[2.973s] Invoked command in '/home/ignatj/ros2_ws/build/turtlebot3' returned '0': AMENT_PREFIX_PATH=/home/ignatj/ros2_ws/install/turtlebot3_bringup:/home/ignatj/ros2_ws/install/turtlebot3_teleop:/home/ignatj/ros2_ws/install/turtlebot3_node:/home/ignatj/ros2_ws/install/turtlebot3_navigation2:/home/ignatj/ros2_ws/install/turtlebot3_example:/home/ignatj/ros2_ws/install/turtlebot3_description:/home/ignatj/ros2_ws/install/turtlebot3_cartographer:${AMENT_PREFIX_PATH} CMAKE_PREFIX_PATH=/home/ignatj/ros2_ws/install/turtlebot3_bringup:/home/ignatj/ros2_ws/install/turtlebot3_node:/home/ignatj/ros2_ws/install/turtlebot3_navigation2:/home/ignatj/ros2_ws/install/turtlebot3_description:/home/ignatj/ros2_ws/install/turtlebot3_cartographer:/opt/ros/humble PYTHONPATH=/home/ignatj/ros2_ws/build/turtlebot3_teleop:/home/ignatj/ros2_ws/install/turtlebot3_teleop/lib/python3.10/site-packages:/home/ignatj/ros2_ws/build/turtlebot3_example:/home/ignatj/ros2_ws/install/turtlebot3_example/lib/python3.10/site-packages:${PYTHONPATH} /usr/bin/cmake --install /home/ignatj/ros2_ws/build/turtlebot3
