[6.550s] Invoking command in '/home/ignatj/ros2_ws/src/examples/rclpy/topics/minimal_publisher': PYTHONPATH=/home/ignatj/ros2_ws/build/examples_rclpy_minimal_publisher/prefix_override:/home/ignatj/ros2_ws/install/examples_rclpy_minimal_publisher/lib/python3.10/site-packages:${PYTHONPATH} /usr/bin/python3 setup.py egg_info --egg-base ../../../../../build/examples_rclpy_minimal_publisher build --build-base /home/ignatj/ros2_ws/build/examples_rclpy_minimal_publisher/build install --record /home/ignatj/ros2_ws/build/examples_rclpy_minimal_publisher/install.log --single-version-externally-managed
[7.338s] running egg_info
[7.341s] writing ../../../../../build/examples_rclpy_minimal_publisher/examples_rclpy_minimal_publisher.egg-info/PKG-INFO
[7.344s] writing dependency_links to ../../../../../build/examples_rclpy_minimal_publisher/examples_rclpy_minimal_publisher.egg-info/dependency_links.txt
[7.345s] writing entry points to ../../../../../build/examples_rclpy_minimal_publisher/examples_rclpy_minimal_publisher.egg-info/entry_points.txt
[7.346s] writing requirements to ../../../../../build/examples_rclpy_minimal_publisher/examples_rclpy_minimal_publisher.egg-info/requires.txt
[7.347s] writing top-level names to ../../../../../build/examples_rclpy_minimal_publisher/examples_rclpy_minimal_publisher.egg-info/top_level.txt
[7.357s] reading manifest file '../../../../../build/examples_rclpy_minimal_publisher/examples_rclpy_minimal_publisher.egg-info/SOURCES.txt'
[7.360s] writing manifest file '../../../../../build/examples_rclpy_minimal_publisher/examples_rclpy_minimal_publisher.egg-info/SOURCES.txt'
[7.362s] running build
[7.363s] running build_py
[7.371s] running install
[7.372s] /usr/lib/python3/dist-packages/setuptools/command/install.py:34: SetuptoolsDeprecationWarning: setup.py install is deprecated. Use build and pip and other standards-based tools.
[7.372s]   warnings.warn(
[7.372s] running install_lib
[7.380s] running install_data
[7.384s] running install_egg_info
[7.388s] removing '/home/ignatj/ros2_ws/install/examples_rclpy_minimal_publisher/lib/python3.10/site-packages/examples_rclpy_minimal_publisher-0.15.1-py3.10.egg-info' (and everything under it)
[7.390s] Copying ../../../../../build/examples_rclpy_minimal_publisher/examples_rclpy_minimal_publisher.egg-info to /home/ignatj/ros2_ws/install/examples_rclpy_minimal_publisher/lib/python3.10/site-packages/examples_rclpy_minimal_publisher-0.15.1-py3.10.egg-info
[7.397s] running install_scripts
[7.455s] Installing publisher_local_function script to /home/ignatj/ros2_ws/install/examples_rclpy_minimal_publisher/lib/examples_rclpy_minimal_publisher
[7.458s] Installing publisher_member_function script to /home/ignatj/ros2_ws/install/examples_rclpy_minimal_publisher/lib/examples_rclpy_minimal_publisher
[7.459s] Installing publisher_old_school script to /home/ignatj/ros2_ws/install/examples_rclpy_minimal_publisher/lib/examples_rclpy_minimal_publisher
[7.461s] writing list of installed files to '/home/ignatj/ros2_ws/build/examples_rclpy_minimal_publisher/install.log'
[8.148s] Invoked command in '/home/ignatj/ros2_ws/src/examples/rclpy/topics/minimal_publisher' returned '0': PYTHONPATH=/home/ignatj/ros2_ws/build/examples_rclpy_minimal_publisher/prefix_override:/home/ignatj/ros2_ws/install/examples_rclpy_minimal_publisher/lib/python3.10/site-packages:${PYTHONPATH} /usr/bin/python3 setup.py egg_info --egg-base ../../../../../build/examples_rclpy_minimal_publisher build --build-base /home/ignatj/ros2_ws/build/examples_rclpy_minimal_publisher/build install --record /home/ignatj/ros2_ws/build/examples_rclpy_minimal_publisher/install.log --single-version-externally-managed
