[10.039s] Invoking command in '/home/ignatj/ros2_ws/build/examples_rclpy_minimal_action_client': PYTHONPATH=/home/ignatj/ros2_ws/build/examples_rclpy_minimal_action_client/prefix_override:/home/ignatj/ros2_ws/install/examples_rclpy_minimal_action_client/lib/python3.10/site-packages:${PYTHONPATH} /usr/bin/python3 setup.py develop --editable --build-directory /home/ignatj/ros2_ws/build/examples_rclpy_minimal_action_client/build --no-deps install_data
[11.431s] running develop
[11.434s] /usr/lib/python3/dist-packages/setuptools/command/easy_install.py:158: EasyInstallDeprecationWarning: easy_install command is deprecated. Use build and pip and other standards-based tools.
[11.435s]   warnings.warn(
[11.440s] /usr/lib/python3/dist-packages/setuptools/command/install.py:34: SetuptoolsDeprecationWarning: setup.py install is deprecated. Use build and pip and other standards-based tools.
[11.440s]   warnings.warn(
[12.419s] running egg_info
[12.419s] writing examples_rclpy_minimal_action_client.egg-info/PKG-INFO
[12.431s] writing dependency_links to examples_rclpy_minimal_action_client.egg-info/dependency_links.txt
[12.431s] writing entry points to examples_rclpy_minimal_action_client.egg-info/entry_points.txt
[12.433s] writing requirements to examples_rclpy_minimal_action_client.egg-info/requires.txt
[12.435s] writing top-level names to examples_rclpy_minimal_action_client.egg-info/top_level.txt
[12.449s] reading manifest file 'examples_rclpy_minimal_action_client.egg-info/SOURCES.txt'
[12.476s] writing manifest file 'examples_rclpy_minimal_action_client.egg-info/SOURCES.txt'
[12.493s] running build_ext
[12.494s] Creating /home/ignatj/ros2_ws/install/examples_rclpy_minimal_action_client/lib/python3.10/site-packages/examples-rclpy-minimal-action-client.egg-link (link to .)
[12.506s] Installing client script to /home/ignatj/ros2_ws/install/examples_rclpy_minimal_action_client/lib/examples_rclpy_minimal_action_client
[12.507s] Installing client_asyncio script to /home/ignatj/ros2_ws/install/examples_rclpy_minimal_action_client/lib/examples_rclpy_minimal_action_client
[12.515s] Installing client_cancel script to /home/ignatj/ros2_ws/install/examples_rclpy_minimal_action_client/lib/examples_rclpy_minimal_action_client
[12.516s] Installing client_not_composable script to /home/ignatj/ros2_ws/install/examples_rclpy_minimal_action_client/lib/examples_rclpy_minimal_action_client
[12.516s] 
[12.516s] Installed /home/ignatj/ros2_ws/build/examples_rclpy_minimal_action_client
[12.517s] running install_data
[14.187s] Invoked command in '/home/ignatj/ros2_ws/build/examples_rclpy_minimal_action_client' returned '0': PYTHONPATH=/home/ignatj/ros2_ws/build/examples_rclpy_minimal_action_client/prefix_override:/home/ignatj/ros2_ws/install/examples_rclpy_minimal_action_client/lib/python3.10/site-packages:${PYTHONPATH} /usr/bin/python3 setup.py develop --editable --build-directory /home/ignatj/ros2_ws/build/examples_rclpy_minimal_action_client/build --no-deps install_data
