[0.215s] Invoking command in '/home/ignatj/ros2_ws/build/turtlebot3_simulations': CMAKE_PREFIX_PATH=/home/ignatj/ros2_ws/install/turtlebot3_gazebo:/home/ignatj/ros2_ws/install/turtlebot3_fake_node:/home/ignatj/ros2_ws/install/turtlesim:/home/ignatj/ros2_ws/install/turtlebot3:/home/ignatj/ros2_ws/install/turtlebot3_simulations:/home/ignatj/ros2_ws/install/turtlebot3_bringup:/home/ignatj/ros2_ws/install/turtlebot3_node:/home/ignatj/ros2_ws/install/turtlebot3_navigation2:/home/ignatj/ros2_ws/install/turtlebot3_description:/home/ignatj/ros2_ws/install/turtlebot3_cartographer:/home/ignatj/ros2_ws/install/turtlebot3_teleop:/home/ignatj/ros2_ws/install/turtlebot3_example:/home/ignatj/ros2_ws/install/my_robot_controller:/opt/ros/humble /usr/bin/cmake --build /home/ignatj/ros2_ws/build/turtlebot3_simulations -- -j6 -l6
[0.492s] Invoked command in '/home/ignatj/ros2_ws/build/turtlebot3_simulations' returned '0': CMAKE_PREFIX_PATH=/home/ignatj/ros2_ws/install/turtlebot3_gazebo:/home/ignatj/ros2_ws/install/turtlebot3_fake_node:/home/ignatj/ros2_ws/install/turtlesim:/home/ignatj/ros2_ws/install/turtlebot3:/home/ignatj/ros2_ws/install/turtlebot3_simulations:/home/ignatj/ros2_ws/install/turtlebot3_bringup:/home/ignatj/ros2_ws/install/turtlebot3_node:/home/ignatj/ros2_ws/install/turtlebot3_navigation2:/home/ignatj/ros2_ws/install/turtlebot3_description:/home/ignatj/ros2_ws/install/turtlebot3_cartographer:/home/ignatj/ros2_ws/install/turtlebot3_teleop:/home/ignatj/ros2_ws/install/turtlebot3_example:/home/ignatj/ros2_ws/install/my_robot_controller:/opt/ros/humble /usr/bin/cmake --build /home/ignatj/ros2_ws/build/turtlebot3_simulations -- -j6 -l6
[1.071s] Invoking command in '/home/ignatj/ros2_ws/build/turtlebot3_simulations': CMAKE_PREFIX_PATH=/home/ignatj/ros2_ws/install/turtlebot3_gazebo:/home/ignatj/ros2_ws/install/turtlebot3_fake_node:/home/ignatj/ros2_ws/install/turtlesim:/home/ignatj/ros2_ws/install/turtlebot3:/home/ignatj/ros2_ws/install/turtlebot3_simulations:/home/ignatj/ros2_ws/install/turtlebot3_bringup:/home/ignatj/ros2_ws/install/turtlebot3_node:/home/ignatj/ros2_ws/install/turtlebot3_navigation2:/home/ignatj/ros2_ws/install/turtlebot3_description:/home/ignatj/ros2_ws/install/turtlebot3_cartographer:/home/ignatj/ros2_ws/install/turtlebot3_teleop:/home/ignatj/ros2_ws/install/turtlebot3_example:/home/ignatj/ros2_ws/install/my_robot_controller:/opt/ros/humble /usr/bin/cmake --install /home/ignatj/ros2_ws/build/turtlebot3_simulations
[1.111s] -- Install configuration: ""
[1.115s] -- Execute custom install script
[1.115s] -- Up-to-date symlink: /home/ignatj/ros2_ws/install/turtlebot3_simulations/share/ament_index/resource_index/package_run_dependencies/turtlebot3_simulations
[1.117s] -- Up-to-date symlink: /home/ignatj/ros2_ws/install/turtlebot3_simulations/share/ament_index/resource_index/parent_prefix_path/turtlebot3_simulations
[1.119s] -- Up-to-date symlink: /home/ignatj/ros2_ws/install/turtlebot3_simulations/share/turtlebot3_simulations/environment/ament_prefix_path.sh
[1.120s] -- Up-to-date symlink: /home/ignatj/ros2_ws/install/turtlebot3_simulations/share/turtlebot3_simulations/environment/ament_prefix_path.dsv
[1.122s] -- Up-to-date symlink: /home/ignatj/ros2_ws/install/turtlebot3_simulations/share/turtlebot3_simulations/environment/path.sh
[1.124s] -- Up-to-date symlink: /home/ignatj/ros2_ws/install/turtlebot3_simulations/share/turtlebot3_simulations/environment/path.dsv
[1.125s] -- Up-to-date symlink: /home/ignatj/ros2_ws/install/turtlebot3_simulations/share/turtlebot3_simulations/local_setup.bash
[1.127s] -- Up-to-date symlink: /home/ignatj/ros2_ws/install/turtlebot3_simulations/share/turtlebot3_simulations/local_setup.sh
[1.129s] -- Up-to-date symlink: /home/ignatj/ros2_ws/install/turtlebot3_simulations/share/turtlebot3_simulations/local_setup.zsh
[1.131s] -- Up-to-date symlink: /home/ignatj/ros2_ws/install/turtlebot3_simulations/share/turtlebot3_simulations/local_setup.dsv
[1.131s] -- Symlinking: /home/ignatj/ros2_ws/install/turtlebot3_simulations/share/turtlebot3_simulations/package.dsv
[1.169s] -- Up-to-date symlink: /home/ignatj/ros2_ws/install/turtlebot3_simulations/share/ament_index/resource_index/packages/turtlebot3_simulations
[1.170s] -- Up-to-date symlink: /home/ignatj/ros2_ws/install/turtlebot3_simulations/share/turtlebot3_simulations/cmake/turtlebot3_simulationsConfig.cmake
[1.172s] -- Up-to-date symlink: /home/ignatj/ros2_ws/install/turtlebot3_simulations/share/turtlebot3_simulations/cmake/turtlebot3_simulationsConfig-version.cmake
[1.173s] -- Up-to-date symlink: /home/ignatj/ros2_ws/install/turtlebot3_simulations/share/turtlebot3_simulations/package.xml
[1.348s] Invoked command in '/home/ignatj/ros2_ws/build/turtlebot3_simulations' returned '0': CMAKE_PREFIX_PATH=/home/ignatj/ros2_ws/install/turtlebot3_gazebo:/home/ignatj/ros2_ws/install/turtlebot3_fake_node:/home/ignatj/ros2_ws/install/turtlesim:/home/ignatj/ros2_ws/install/turtlebot3:/home/ignatj/ros2_ws/install/turtlebot3_simulations:/home/ignatj/ros2_ws/install/turtlebot3_bringup:/home/ignatj/ros2_ws/install/turtlebot3_node:/home/ignatj/ros2_ws/install/turtlebot3_navigation2:/home/ignatj/ros2_ws/install/turtlebot3_description:/home/ignatj/ros2_ws/install/turtlebot3_cartographer:/home/ignatj/ros2_ws/install/turtlebot3_teleop:/home/ignatj/ros2_ws/install/turtlebot3_example:/home/ignatj/ros2_ws/install/my_robot_controller:/opt/ros/humble /usr/bin/cmake --install /home/ignatj/ros2_ws/build/turtlebot3_simulations
