[5.148s] Invoking command in '/home/ignatj/ros2_ws/build/examples_rclpy_minimal_client': PYTHONPATH=/home/ignatj/ros2_ws/build/examples_rclpy_minimal_client/prefix_override:/home/ignatj/ros2_ws/install/examples_rclpy_minimal_client/lib/python3.10/site-packages:${PYTHONPATH} /usr/bin/python3 setup.py develop --editable --build-directory /home/ignatj/ros2_ws/build/examples_rclpy_minimal_client/build --no-deps install_data
[5.914s] running develop
[5.919s] /usr/lib/python3/dist-packages/setuptools/command/easy_install.py:158: EasyInstallDeprecationWarning: easy_install command is deprecated. Use build and pip and other standards-based tools.
[5.921s]   warnings.warn(
[5.921s] /usr/lib/python3/dist-packages/setuptools/command/install.py:34: SetuptoolsDeprecationWarning: setup.py install is deprecated. Use build and pip and other standards-based tools.
[5.921s]   warnings.warn(
[6.270s] running egg_info
[6.271s] writing examples_rclpy_minimal_client.egg-info/PKG-INFO
[6.272s] writing dependency_links to examples_rclpy_minimal_client.egg-info/dependency_links.txt
[6.274s] writing entry points to examples_rclpy_minimal_client.egg-info/entry_points.txt
[6.275s] writing requirements to examples_rclpy_minimal_client.egg-info/requires.txt
[6.276s] writing top-level names to examples_rclpy_minimal_client.egg-info/top_level.txt
[6.286s] reading manifest file 'examples_rclpy_minimal_client.egg-info/SOURCES.txt'
[6.292s] writing manifest file 'examples_rclpy_minimal_client.egg-info/SOURCES.txt'
[6.295s] running build_ext
[6.296s] Creating /home/ignatj/ros2_ws/install/examples_rclpy_minimal_client/lib/python3.10/site-packages/examples-rclpy-minimal-client.egg-link (link to .)
[6.299s] Installing client script to /home/ignatj/ros2_ws/install/examples_rclpy_minimal_client/lib/examples_rclpy_minimal_client
[6.300s] Installing client_async script to /home/ignatj/ros2_ws/install/examples_rclpy_minimal_client/lib/examples_rclpy_minimal_client
[6.301s] Installing client_async_callback script to /home/ignatj/ros2_ws/install/examples_rclpy_minimal_client/lib/examples_rclpy_minimal_client
[6.302s] Installing client_async_member_function script to /home/ignatj/ros2_ws/install/examples_rclpy_minimal_client/lib/examples_rclpy_minimal_client
[6.302s] 
[6.303s] Installed /home/ignatj/ros2_ws/build/examples_rclpy_minimal_client
[6.304s] running install_data
[6.432s] Invoked command in '/home/ignatj/ros2_ws/build/examples_rclpy_minimal_client' returned '0': PYTHONPATH=/home/ignatj/ros2_ws/build/examples_rclpy_minimal_client/prefix_override:/home/ignatj/ros2_ws/install/examples_rclpy_minimal_client/lib/python3.10/site-packages:${PYTHONPATH} /usr/bin/python3 setup.py develop --editable --build-directory /home/ignatj/ros2_ws/build/examples_rclpy_minimal_client/build --no-deps install_data
