[6.152s] Invoking command in '/home/ignatj/ros2_ws/build/examples_rclpy_minimal_client': PYTHONPATH=/home/ignatj/ros2_ws/build/examples_rclpy_minimal_client/prefix_override:/home/ignatj/ros2_ws/install/examples_rclpy_minimal_client/lib/python3.10/site-packages:${PYTHONPATH} /usr/bin/python3 setup.py develop --uninstall --editable --build-directory /home/ignatj/ros2_ws/build/examples_rclpy_minimal_client/build
[7.033s] running develop
[7.034s] /usr/lib/python3/dist-packages/setuptools/command/easy_install.py:158: EasyInstallDeprecationWarning: easy_install command is deprecated. Use build and pip and other standards-based tools.
[7.034s]   warnings.warn(
[7.039s] /usr/lib/python3/dist-packages/setuptools/command/install.py:34: SetuptoolsDeprecationWarning: setup.py install is deprecated. Use build and pip and other standards-based tools.
[7.039s]   warnings.warn(
[7.745s] Removing /home/ignatj/ros2_ws/install/examples_rclpy_minimal_client/lib/python3.10/site-packages/examples-rclpy-minimal-client.egg-link (link to .)
[9.233s] Invoked command in '/home/ignatj/ros2_ws/build/examples_rclpy_minimal_client' returned '0': PYTHONPATH=/home/ignatj/ros2_ws/build/examples_rclpy_minimal_client/prefix_override:/home/ignatj/ros2_ws/install/examples_rclpy_minimal_client/lib/python3.10/site-packages:${PYTHONPATH} /usr/bin/python3 setup.py develop --uninstall --editable --build-directory /home/ignatj/ros2_ws/build/examples_rclpy_minimal_client/build
[9.235s] Invoking command in '/home/ignatj/ros2_ws/src/examples/rclpy/services/minimal_client': PYTHONPATH=/home/ignatj/ros2_ws/build/examples_rclpy_minimal_client/prefix_override:/home/ignatj/ros2_ws/install/examples_rclpy_minimal_client/lib/python3.10/site-packages:${PYTHONPATH} /usr/bin/python3 setup.py egg_info --egg-base ../../../../../build/examples_rclpy_minimal_client build --build-base /home/ignatj/ros2_ws/build/examples_rclpy_minimal_client/build install --record /home/ignatj/ros2_ws/build/examples_rclpy_minimal_client/install.log --single-version-externally-managed
[10.204s] running egg_info
[10.208s] writing ../../../../../build/examples_rclpy_minimal_client/examples_rclpy_minimal_client.egg-info/PKG-INFO
[10.215s] writing dependency_links to ../../../../../build/examples_rclpy_minimal_client/examples_rclpy_minimal_client.egg-info/dependency_links.txt
[10.215s] writing entry points to ../../../../../build/examples_rclpy_minimal_client/examples_rclpy_minimal_client.egg-info/entry_points.txt
[10.216s] writing requirements to ../../../../../build/examples_rclpy_minimal_client/examples_rclpy_minimal_client.egg-info/requires.txt
[10.216s] writing top-level names to ../../../../../build/examples_rclpy_minimal_client/examples_rclpy_minimal_client.egg-info/top_level.txt
[10.221s] reading manifest file '../../../../../build/examples_rclpy_minimal_client/examples_rclpy_minimal_client.egg-info/SOURCES.txt'
[10.227s] writing manifest file '../../../../../build/examples_rclpy_minimal_client/examples_rclpy_minimal_client.egg-info/SOURCES.txt'
[10.231s] running build
[10.232s] running build_py
[10.244s] creating /home/ignatj/ros2_ws/build/examples_rclpy_minimal_client/build
[10.244s] creating /home/ignatj/ros2_ws/build/examples_rclpy_minimal_client/build/lib
[10.245s] creating /home/ignatj/ros2_ws/build/examples_rclpy_minimal_client/build/lib/examples_rclpy_minimal_client
[10.245s] copying examples_rclpy_minimal_client/client_async.py -> /home/ignatj/ros2_ws/build/examples_rclpy_minimal_client/build/lib/examples_rclpy_minimal_client
[10.245s] copying examples_rclpy_minimal_client/client_async_member_function.py -> /home/ignatj/ros2_ws/build/examples_rclpy_minimal_client/build/lib/examples_rclpy_minimal_client
[10.250s] copying examples_rclpy_minimal_client/client.py -> /home/ignatj/ros2_ws/build/examples_rclpy_minimal_client/build/lib/examples_rclpy_minimal_client
[10.251s] copying examples_rclpy_minimal_client/client_async_callback.py -> /home/ignatj/ros2_ws/build/examples_rclpy_minimal_client/build/lib/examples_rclpy_minimal_client
[10.256s] copying examples_rclpy_minimal_client/__init__.py -> /home/ignatj/ros2_ws/build/examples_rclpy_minimal_client/build/lib/examples_rclpy_minimal_client
[10.257s] running install
[10.257s] /usr/lib/python3/dist-packages/setuptools/command/install.py:34: SetuptoolsDeprecationWarning: setup.py install is deprecated. Use build and pip and other standards-based tools.
[10.257s]   warnings.warn(
[10.258s] running install_lib
[10.272s] creating /home/ignatj/ros2_ws/install/examples_rclpy_minimal_client/lib/python3.10/site-packages/examples_rclpy_minimal_client
[10.272s] copying /home/ignatj/ros2_ws/build/examples_rclpy_minimal_client/build/lib/examples_rclpy_minimal_client/client_async.py -> /home/ignatj/ros2_ws/install/examples_rclpy_minimal_client/lib/python3.10/site-packages/examples_rclpy_minimal_client
[10.272s] copying /home/ignatj/ros2_ws/build/examples_rclpy_minimal_client/build/lib/examples_rclpy_minimal_client/client_async_member_function.py -> /home/ignatj/ros2_ws/install/examples_rclpy_minimal_client/lib/python3.10/site-packages/examples_rclpy_minimal_client
[10.272s] copying /home/ignatj/ros2_ws/build/examples_rclpy_minimal_client/build/lib/examples_rclpy_minimal_client/client.py -> /home/ignatj/ros2_ws/install/examples_rclpy_minimal_client/lib/python3.10/site-packages/examples_rclpy_minimal_client
[10.273s] copying /home/ignatj/ros2_ws/build/examples_rclpy_minimal_client/build/lib/examples_rclpy_minimal_client/client_async_callback.py -> /home/ignatj/ros2_ws/install/examples_rclpy_minimal_client/lib/python3.10/site-packages/examples_rclpy_minimal_client
[10.273s] copying /home/ignatj/ros2_ws/build/examples_rclpy_minimal_client/build/lib/examples_rclpy_minimal_client/__init__.py -> /home/ignatj/ros2_ws/install/examples_rclpy_minimal_client/lib/python3.10/site-packages/examples_rclpy_minimal_client
[10.274s] byte-compiling /home/ignatj/ros2_ws/install/examples_rclpy_minimal_client/lib/python3.10/site-packages/examples_rclpy_minimal_client/client_async.py to client_async.cpython-310.pyc
[10.274s] byte-compiling /home/ignatj/ros2_ws/install/examples_rclpy_minimal_client/lib/python3.10/site-packages/examples_rclpy_minimal_client/client_async_member_function.py to client_async_member_function.cpython-310.pyc
[10.275s] byte-compiling /home/ignatj/ros2_ws/install/examples_rclpy_minimal_client/lib/python3.10/site-packages/examples_rclpy_minimal_client/client.py to client.cpython-310.pyc
[10.277s] byte-compiling /home/ignatj/ros2_ws/install/examples_rclpy_minimal_client/lib/python3.10/site-packages/examples_rclpy_minimal_client/client_async_callback.py to client_async_callback.cpython-310.pyc
[10.280s] byte-compiling /home/ignatj/ros2_ws/install/examples_rclpy_minimal_client/lib/python3.10/site-packages/examples_rclpy_minimal_client/__init__.py to __init__.cpython-310.pyc
[10.282s] running install_data
[10.285s] running install_egg_info
[10.291s] Copying ../../../../../build/examples_rclpy_minimal_client/examples_rclpy_minimal_client.egg-info to /home/ignatj/ros2_ws/install/examples_rclpy_minimal_client/lib/python3.10/site-packages/examples_rclpy_minimal_client-0.15.1-py3.10.egg-info
[10.298s] running install_scripts
[10.399s] Installing client script to /home/ignatj/ros2_ws/install/examples_rclpy_minimal_client/lib/examples_rclpy_minimal_client
[10.401s] Installing client_async script to /home/ignatj/ros2_ws/install/examples_rclpy_minimal_client/lib/examples_rclpy_minimal_client
[10.403s] Installing client_async_callback script to /home/ignatj/ros2_ws/install/examples_rclpy_minimal_client/lib/examples_rclpy_minimal_client
[10.406s] Installing client_async_member_function script to /home/ignatj/ros2_ws/install/examples_rclpy_minimal_client/lib/examples_rclpy_minimal_client
[10.409s] writing list of installed files to '/home/ignatj/ros2_ws/build/examples_rclpy_minimal_client/install.log'
[10.892s] Invoked command in '/home/ignatj/ros2_ws/src/examples/rclpy/services/minimal_client' returned '0': PYTHONPATH=/home/ignatj/ros2_ws/build/examples_rclpy_minimal_client/prefix_override:/home/ignatj/ros2_ws/install/examples_rclpy_minimal_client/lib/python3.10/site-packages:${PYTHONPATH} /usr/bin/python3 setup.py egg_info --egg-base ../../../../../build/examples_rclpy_minimal_client build --build-base /home/ignatj/ros2_ws/build/examples_rclpy_minimal_client/build install --record /home/ignatj/ros2_ws/build/examples_rclpy_minimal_client/install.log --single-version-externally-managed
