[1.186s] Invoking command in '/home/ignatj/ros2_ws/build/turtlebot3_navigation2': CMAKE_PREFIX_PATH=/opt/ros/humble /usr/bin/cmake --build /home/ignatj/ros2_ws/build/turtlebot3_navigation2 -- -j6 -l6
[3.302s] Invoked command in '/home/ignatj/ros2_ws/build/turtlebot3_navigation2' returned '0': CMAKE_PREFIX_PATH=/opt/ros/humble /usr/bin/cmake --build /home/ignatj/ros2_ws/build/turtlebot3_navigation2 -- -j6 -l6
[4.522s] Invoking command in '/home/ignatj/ros2_ws/build/turtlebot3_navigation2': CMAKE_PREFIX_PATH=/opt/ros/humble /usr/bin/cmake --install /home/ignatj/ros2_ws/build/turtlebot3_navigation2
[4.560s] -- Install configuration: ""
[4.567s] -- Execute custom install script
[4.570s] -- Up-to-date symlink: /home/ignatj/ros2_ws/install/turtlebot3_navigation2/share/turtlebot3_navigation2/launch/navigation2.launch.py
[4.577s] -- Up-to-date symlink: /home/ignatj/ros2_ws/install/turtlebot3_navigation2/share/turtlebot3_navigation2/map/map.pgm
[4.580s] -- Up-to-date symlink: /home/ignatj/ros2_ws/install/turtlebot3_navigation2/share/turtlebot3_navigation2/map/map.yaml
[4.584s] -- Up-to-date symlink: /home/ignatj/ros2_ws/install/turtlebot3_navigation2/share/turtlebot3_navigation2/param/burger.yaml
[4.586s] -- Up-to-date symlink: /home/ignatj/ros2_ws/install/turtlebot3_navigation2/share/turtlebot3_navigation2/param/waffle.yaml
[4.589s] -- Up-to-date symlink: /home/ignatj/ros2_ws/install/turtlebot3_navigation2/share/turtlebot3_navigation2/param/waffle_pi.yaml
[4.591s] -- Up-to-date symlink: /home/ignatj/ros2_ws/install/turtlebot3_navigation2/share/turtlebot3_navigation2/rviz/tb3_navigation2.rviz
[4.593s] -- Up-to-date symlink: /home/ignatj/ros2_ws/install/turtlebot3_navigation2/share/ament_index/resource_index/package_run_dependencies/turtlebot3_navigation2
[4.596s] -- Up-to-date symlink: /home/ignatj/ros2_ws/install/turtlebot3_navigation2/share/ament_index/resource_index/parent_prefix_path/turtlebot3_navigation2
[4.597s] -- Up-to-date symlink: /home/ignatj/ros2_ws/install/turtlebot3_navigation2/share/turtlebot3_navigation2/environment/ament_prefix_path.sh
[4.599s] -- Up-to-date symlink: /home/ignatj/ros2_ws/install/turtlebot3_navigation2/share/turtlebot3_navigation2/environment/ament_prefix_path.dsv
[4.600s] -- Up-to-date symlink: /home/ignatj/ros2_ws/install/turtlebot3_navigation2/share/turtlebot3_navigation2/environment/path.sh
[4.602s] -- Up-to-date symlink: /home/ignatj/ros2_ws/install/turtlebot3_navigation2/share/turtlebot3_navigation2/environment/path.dsv
[4.604s] -- Up-to-date symlink: /home/ignatj/ros2_ws/install/turtlebot3_navigation2/share/turtlebot3_navigation2/local_setup.bash
[4.606s] -- Up-to-date symlink: /home/ignatj/ros2_ws/install/turtlebot3_navigation2/share/turtlebot3_navigation2/local_setup.sh
[4.608s] -- Up-to-date symlink: /home/ignatj/ros2_ws/install/turtlebot3_navigation2/share/turtlebot3_navigation2/local_setup.zsh
[4.610s] -- Up-to-date symlink: /home/ignatj/ros2_ws/install/turtlebot3_navigation2/share/turtlebot3_navigation2/local_setup.dsv
[4.612s] -- Symlinking: /home/ignatj/ros2_ws/install/turtlebot3_navigation2/share/turtlebot3_navigation2/package.dsv
[4.655s] -- Up-to-date symlink: /home/ignatj/ros2_ws/install/turtlebot3_navigation2/share/ament_index/resource_index/packages/turtlebot3_navigation2
[4.659s] -- Up-to-date symlink: /home/ignatj/ros2_ws/install/turtlebot3_navigation2/share/turtlebot3_navigation2/cmake/turtlebot3_navigation2Config.cmake
[4.662s] -- Up-to-date symlink: /home/ignatj/ros2_ws/install/turtlebot3_navigation2/share/turtlebot3_navigation2/cmake/turtlebot3_navigation2Config-version.cmake
[4.662s] -- Up-to-date symlink: /home/ignatj/ros2_ws/install/turtlebot3_navigation2/share/turtlebot3_navigation2/package.xml
[4.680s] Invoked command in '/home/ignatj/ros2_ws/build/turtlebot3_navigation2' returned '0': CMAKE_PREFIX_PATH=/opt/ros/humble /usr/bin/cmake --install /home/ignatj/ros2_ws/build/turtlebot3_navigation2
