[0.658s] Invoking command in '/home/ignatj/ros2_ws/build/examples_rclcpp_multithreaded_executor': CMAKE_PREFIX_PATH=/opt/ros/humble /usr/bin/cmake --build /home/ignatj/ros2_ws/build/examples_rclcpp_multithreaded_executor -- -j6 -l6
[0.991s] [100%] Built target multithreaded_executor
[1.052s] Invoked command in '/home/ignatj/ros2_ws/build/examples_rclcpp_multithreaded_executor' returned '0': CMAKE_PREFIX_PATH=/opt/ros/humble /usr/bin/cmake --build /home/ignatj/ros2_ws/build/examples_rclcpp_multithreaded_executor -- -j6 -l6
[1.504s] Invoking command in '/home/ignatj/ros2_ws/build/examples_rclcpp_multithreaded_executor': CMAKE_PREFIX_PATH=/opt/ros/humble /usr/bin/cmake --install /home/ignatj/ros2_ws/build/examples_rclcpp_multithreaded_executor
[1.531s] -- Install configuration: ""
[1.540s] -- Execute custom install script
[1.541s] -- Up-to-date symlink: /home/ignatj/ros2_ws/install/examples_rclcpp_multithreaded_executor/lib/examples_rclcpp_multithreaded_executor/multithreaded_executor
[1.541s] -- Up-to-date symlink: /home/ignatj/ros2_ws/install/examples_rclcpp_multithreaded_executor/share/ament_index/resource_index/package_run_dependencies/examples_rclcpp_multithreaded_executor
[1.542s] -- Up-to-date symlink: /home/ignatj/ros2_ws/install/examples_rclcpp_multithreaded_executor/share/ament_index/resource_index/parent_prefix_path/examples_rclcpp_multithreaded_executor
[1.551s] -- Up-to-date symlink: /home/ignatj/ros2_ws/install/examples_rclcpp_multithreaded_executor/share/examples_rclcpp_multithreaded_executor/environment/ament_prefix_path.sh
[1.551s] -- Up-to-date symlink: /home/ignatj/ros2_ws/install/examples_rclcpp_multithreaded_executor/share/examples_rclcpp_multithreaded_executor/environment/ament_prefix_path.dsv
[1.551s] -- Up-to-date symlink: /home/ignatj/ros2_ws/install/examples_rclcpp_multithreaded_executor/share/examples_rclcpp_multithreaded_executor/environment/path.sh
[1.552s] -- Up-to-date symlink: /home/ignatj/ros2_ws/install/examples_rclcpp_multithreaded_executor/share/examples_rclcpp_multithreaded_executor/environment/path.dsv
[1.552s] -- Up-to-date symlink: /home/ignatj/ros2_ws/install/examples_rclcpp_multithreaded_executor/share/examples_rclcpp_multithreaded_executor/local_setup.bash
[1.553s] -- Up-to-date symlink: /home/ignatj/ros2_ws/install/examples_rclcpp_multithreaded_executor/share/examples_rclcpp_multithreaded_executor/local_setup.sh
[1.555s] -- Up-to-date symlink: /home/ignatj/ros2_ws/install/examples_rclcpp_multithreaded_executor/share/examples_rclcpp_multithreaded_executor/local_setup.zsh
[1.562s] -- Up-to-date symlink: /home/ignatj/ros2_ws/install/examples_rclcpp_multithreaded_executor/share/examples_rclcpp_multithreaded_executor/local_setup.dsv
[1.565s] -- Symlinking: /home/ignatj/ros2_ws/install/examples_rclcpp_multithreaded_executor/share/examples_rclcpp_multithreaded_executor/package.dsv
[1.617s] -- Up-to-date symlink: /home/ignatj/ros2_ws/install/examples_rclcpp_multithreaded_executor/share/ament_index/resource_index/packages/examples_rclcpp_multithreaded_executor
[1.617s] -- Up-to-date symlink: /home/ignatj/ros2_ws/install/examples_rclcpp_multithreaded_executor/share/examples_rclcpp_multithreaded_executor/cmake/examples_rclcpp_multithreaded_executorConfig.cmake
[1.618s] -- Up-to-date symlink: /home/ignatj/ros2_ws/install/examples_rclcpp_multithreaded_executor/share/examples_rclcpp_multithreaded_executor/cmake/examples_rclcpp_multithreaded_executorConfig-version.cmake
[1.618s] -- Up-to-date symlink: /home/ignatj/ros2_ws/install/examples_rclcpp_multithreaded_executor/share/examples_rclcpp_multithreaded_executor/package.xml
[2.021s] Invoked command in '/home/ignatj/ros2_ws/build/examples_rclcpp_multithreaded_executor' returned '0': CMAKE_PREFIX_PATH=/opt/ros/humble /usr/bin/cmake --install /home/ignatj/ros2_ws/build/examples_rclcpp_multithreaded_executor
