[0.564s] Invoking command in '/home/ignatj/ros2_ws/build/examples_rclcpp_minimal_action_client': CMAKE_PREFIX_PATH=/opt/ros/humble /usr/bin/cmake /home/ignatj/ros2_ws/src/examples/rclcpp/actions/minimal_action_client -DAMENT_CMAKE_SYMLINK_INSTALL=1 -DCMAKE_INSTALL_PREFIX=/home/ignatj/ros2_ws/install/examples_rclcpp_minimal_action_client
[1.136s] -- The C compiler identification is GNU 11.4.0
[1.670s] -- The CXX compiler identification is GNU 11.4.0
[1.712s] -- Detecting C compiler ABI info
[2.045s] -- Detecting C compiler ABI info - done
[2.070s] -- Check for working C compiler: /usr/bin/cc - skipped
[2.071s] -- Detecting C compile features
[2.073s] -- Detecting C compile features - done
[2.080s] -- Detecting CXX compiler ABI info
[2.391s] -- Detecting CXX compiler ABI info - done
[2.424s] -- Check for working CXX compiler: /usr/bin/c++ - skipped
[2.425s] -- Detecting CXX compile features
[2.428s] -- Detecting CXX compile features - done
[2.435s] -- Found ament_cmake: 1.3.7 (/opt/ros/humble/share/ament_cmake/cmake)
[3.298s] -- Found Python3: /usr/bin/python3.10 (found version "3.10.12") found components: Interpreter 
[3.572s] -- Override CMake install command with custom implementation using symlinks instead of copying resources
[3.681s] -- Found example_interfaces: 0.9.3 (/opt/ros/humble/share/example_interfaces/cmake)
[3.894s] -- Found rosidl_generator_c: 3.1.5 (/opt/ros/humble/share/rosidl_generator_c/cmake)
[3.920s] -- Found rosidl_adapter: 3.1.5 (/opt/ros/humble/share/rosidl_adapter/cmake)
[3.964s] -- Found rosidl_generator_cpp: 3.1.5 (/opt/ros/humble/share/rosidl_generator_cpp/cmake)
[4.049s] -- Using all available rosidl_typesupport_c: rosidl_typesupport_fastrtps_c;rosidl_typesupport_introspection_c
[4.140s] -- Using all available rosidl_typesupport_cpp: rosidl_typesupport_fastrtps_cpp;rosidl_typesupport_introspection_cpp
[4.745s] -- Found rclcpp: 16.0.8 (/opt/ros/humble/share/rclcpp/cmake)
[4.939s] -- Found rmw_implementation_cmake: 6.1.1 (/opt/ros/humble/share/rmw_implementation_cmake/cmake)
[4.946s] -- Found rmw_fastrtps_cpp: 6.2.6 (/opt/ros/humble/share/rmw_fastrtps_cpp/cmake)
[5.328s] -- Found OpenSSL: /usr/lib/x86_64-linux-gnu/libcrypto.so (found version "3.0.2")  
[5.413s] -- Found FastRTPS: /opt/ros/humble/include  
[5.573s] -- Using RMW implementation 'rmw_fastrtps_cpp' as default
[5.606s] -- Looking for pthread.h
[5.933s] -- Looking for pthread.h - found
[5.935s] -- Performing Test CMAKE_HAVE_LIBC_PTHREAD
[6.258s] -- Performing Test CMAKE_HAVE_LIBC_PTHREAD - Success
[6.268s] -- Found Threads: TRUE  
[6.841s] -- Found rclcpp_action: 16.0.8 (/opt/ros/humble/share/rclcpp_action/cmake)
[6.991s] -- Found ament_lint_auto: 0.12.10 (/opt/ros/humble/share/ament_lint_auto/cmake)
[7.289s] -- Added test 'copyright' to check source files copyright and LICENSE
[7.292s] -- Added test 'cppcheck' to perform static code analysis on C / C++ code
[7.294s] -- Configured cppcheck include dirs: 
[7.296s] -- Configured cppcheck exclude dirs and/or files: 
[7.319s] -- Added test 'cpplint' to check C / C++ code against the Google style
[7.320s] -- Configured cpplint exclude dirs and/or files: 
[7.320s] -- Added test 'lint_cmake' to check CMake code style
[7.321s] -- Added test 'uncrustify' to check C / C++ code style
[7.321s] -- Configured uncrustify additional arguments: 
[7.332s] -- Added test 'xmllint' to check XML markup files
[7.333s] -- Configuring done
[7.362s] -- Generating done
[7.369s] -- Build files have been written to: /home/ignatj/ros2_ws/build/examples_rclcpp_minimal_action_client
[7.407s] Invoked command in '/home/ignatj/ros2_ws/build/examples_rclcpp_minimal_action_client' returned '0': CMAKE_PREFIX_PATH=/opt/ros/humble /usr/bin/cmake /home/ignatj/ros2_ws/src/examples/rclcpp/actions/minimal_action_client -DAMENT_CMAKE_SYMLINK_INSTALL=1 -DCMAKE_INSTALL_PREFIX=/home/ignatj/ros2_ws/install/examples_rclcpp_minimal_action_client
[7.409s] Invoking command in '/home/ignatj/ros2_ws/build/examples_rclcpp_minimal_action_client': CMAKE_PREFIX_PATH=/opt/ros/humble /usr/bin/cmake --build /home/ignatj/ros2_ws/build/examples_rclcpp_minimal_action_client -- -j6 -l6
[7.688s] [ 12%] [32mBuilding CXX object CMakeFiles/action_client_member_functions.dir/member_functions.cpp.o[0m
[7.714s] [ 25%] [32mBuilding CXX object CMakeFiles/action_client_not_composable.dir/not_composable.cpp.o[0m
[7.736s] [ 37%] [32mBuilding CXX object CMakeFiles/action_client_not_composable_with_feedback.dir/not_composable_with_feedback.cpp.o[0m
[7.781s] [ 50%] [32mBuilding CXX object CMakeFiles/action_client_not_composable_with_cancel.dir/not_composable_with_cancel.cpp.o[0m
[163.581s] [ 62%] [32m[1mLinking CXX executable action_client_member_functions[0m
[169.084s] [ 62%] Built target action_client_member_functions
[198.969s] [ 75%] [32m[1mLinking CXX executable action_client_not_composable[0m
[202.419s] [ 75%] Built target action_client_not_composable
[206.792s] [ 87%] [32m[1mLinking CXX executable action_client_not_composable_with_feedback[0m
[208.095s] [ 87%] Built target action_client_not_composable_with_feedback
[212.641s] [100%] [32m[1mLinking CXX executable action_client_not_composable_with_cancel[0m
[214.509s] [100%] Built target action_client_not_composable_with_cancel
[215.096s] Invoked command in '/home/ignatj/ros2_ws/build/examples_rclcpp_minimal_action_client' returned '0': CMAKE_PREFIX_PATH=/opt/ros/humble /usr/bin/cmake --build /home/ignatj/ros2_ws/build/examples_rclcpp_minimal_action_client -- -j6 -l6
[219.427s] Invoking command in '/home/ignatj/ros2_ws/build/examples_rclcpp_minimal_action_client': CMAKE_PREFIX_PATH=/opt/ros/humble /usr/bin/cmake --install /home/ignatj/ros2_ws/build/examples_rclcpp_minimal_action_client
[219.663s] -- Install configuration: ""
[219.688s] -- Execute custom install script
[219.694s] -- Symlinking: /home/ignatj/ros2_ws/install/examples_rclcpp_minimal_action_client/lib/examples_rclcpp_minimal_action_client/action_client_member_functions
[219.794s] -- Symlinking: /home/ignatj/ros2_ws/install/examples_rclcpp_minimal_action_client/lib/examples_rclcpp_minimal_action_client/action_client_not_composable
[219.882s] -- Symlinking: /home/ignatj/ros2_ws/install/examples_rclcpp_minimal_action_client/lib/examples_rclcpp_minimal_action_client/action_client_not_composable_with_cancel
[219.943s] -- Symlinking: /home/ignatj/ros2_ws/install/examples_rclcpp_minimal_action_client/lib/examples_rclcpp_minimal_action_client/action_client_not_composable_with_feedback
[220.097s] -- Symlinking: /home/ignatj/ros2_ws/install/examples_rclcpp_minimal_action_client/share/ament_index/resource_index/package_run_dependencies/examples_rclcpp_minimal_action_client
[220.191s] -- Symlinking: /home/ignatj/ros2_ws/install/examples_rclcpp_minimal_action_client/share/ament_index/resource_index/parent_prefix_path/examples_rclcpp_minimal_action_client
[220.303s] -- Symlinking: /home/ignatj/ros2_ws/install/examples_rclcpp_minimal_action_client/share/examples_rclcpp_minimal_action_client/environment/ament_prefix_path.sh
[220.388s] -- Symlinking: /home/ignatj/ros2_ws/install/examples_rclcpp_minimal_action_client/share/examples_rclcpp_minimal_action_client/environment/ament_prefix_path.dsv
[220.545s] -- Symlinking: /home/ignatj/ros2_ws/install/examples_rclcpp_minimal_action_client/share/examples_rclcpp_minimal_action_client/environment/path.sh
[220.574s] -- Symlinking: /home/ignatj/ros2_ws/install/examples_rclcpp_minimal_action_client/share/examples_rclcpp_minimal_action_client/environment/path.dsv
[220.663s] -- Symlinking: /home/ignatj/ros2_ws/install/examples_rclcpp_minimal_action_client/share/examples_rclcpp_minimal_action_client/local_setup.bash
[220.756s] -- Symlinking: /home/ignatj/ros2_ws/install/examples_rclcpp_minimal_action_client/share/examples_rclcpp_minimal_action_client/local_setup.sh
[220.788s] -- Symlinking: /home/ignatj/ros2_ws/install/examples_rclcpp_minimal_action_client/share/examples_rclcpp_minimal_action_client/local_setup.zsh
[220.834s] -- Symlinking: /home/ignatj/ros2_ws/install/examples_rclcpp_minimal_action_client/share/examples_rclcpp_minimal_action_client/local_setup.dsv
[220.875s] -- Symlinking: /home/ignatj/ros2_ws/install/examples_rclcpp_minimal_action_client/share/examples_rclcpp_minimal_action_client/package.dsv
[220.938s] -- Symlinking: /home/ignatj/ros2_ws/install/examples_rclcpp_minimal_action_client/share/ament_index/resource_index/packages/examples_rclcpp_minimal_action_client
[220.993s] -- Symlinking: /home/ignatj/ros2_ws/install/examples_rclcpp_minimal_action_client/share/examples_rclcpp_minimal_action_client/cmake/examples_rclcpp_minimal_action_clientConfig.cmake
[221.037s] -- Symlinking: /home/ignatj/ros2_ws/install/examples_rclcpp_minimal_action_client/share/examples_rclcpp_minimal_action_client/cmake/examples_rclcpp_minimal_action_clientConfig-version.cmake
[221.193s] -- Symlinking: /home/ignatj/ros2_ws/install/examples_rclcpp_minimal_action_client/share/examples_rclcpp_minimal_action_client/package.xml
[221.210s] Invoked command in '/home/ignatj/ros2_ws/build/examples_rclcpp_minimal_action_client' returned '0': CMAKE_PREFIX_PATH=/opt/ros/humble /usr/bin/cmake --install /home/ignatj/ros2_ws/build/examples_rclcpp_minimal_action_client
