[5.006s] Invoking command in '/home/ignatj/ros2_ws/src/examples/rclpy/topics/pointcloud_publisher': PYTHONPATH=/home/ignatj/ros2_ws/build/examples_rclpy_pointcloud_publisher/prefix_override:/home/ignatj/ros2_ws/install/examples_rclpy_pointcloud_publisher/lib/python3.10/site-packages:${PYTHONPATH} /usr/bin/python3 setup.py egg_info --egg-base ../../../../../build/examples_rclpy_pointcloud_publisher build --build-base /home/ignatj/ros2_ws/build/examples_rclpy_pointcloud_publisher/build install --record /home/ignatj/ros2_ws/build/examples_rclpy_pointcloud_publisher/install.log --single-version-externally-managed
[5.739s] running egg_info
[5.739s] writing ../../../../../build/examples_rclpy_pointcloud_publisher/examples_rclpy_pointcloud_publisher.egg-info/PKG-INFO
[5.742s] writing dependency_links to ../../../../../build/examples_rclpy_pointcloud_publisher/examples_rclpy_pointcloud_publisher.egg-info/dependency_links.txt
[5.748s] writing entry points to ../../../../../build/examples_rclpy_pointcloud_publisher/examples_rclpy_pointcloud_publisher.egg-info/entry_points.txt
[5.748s] writing requirements to ../../../../../build/examples_rclpy_pointcloud_publisher/examples_rclpy_pointcloud_publisher.egg-info/requires.txt
[5.748s] writing top-level names to ../../../../../build/examples_rclpy_pointcloud_publisher/examples_rclpy_pointcloud_publisher.egg-info/top_level.txt
[5.748s] reading manifest file '../../../../../build/examples_rclpy_pointcloud_publisher/examples_rclpy_pointcloud_publisher.egg-info/SOURCES.txt'
[5.750s] writing manifest file '../../../../../build/examples_rclpy_pointcloud_publisher/examples_rclpy_pointcloud_publisher.egg-info/SOURCES.txt'
[5.752s] running build
[5.752s] running build_py
[5.754s] running install
[5.754s] /usr/lib/python3/dist-packages/setuptools/command/install.py:34: SetuptoolsDeprecationWarning: setup.py install is deprecated. Use build and pip and other standards-based tools.
[5.754s]   warnings.warn(
[5.755s] running install_lib
[5.761s] running install_data
[5.763s] running install_egg_info
[5.768s] removing '/home/ignatj/ros2_ws/install/examples_rclpy_pointcloud_publisher/lib/python3.10/site-packages/examples_rclpy_pointcloud_publisher-0.15.1-py3.10.egg-info' (and everything under it)
[5.769s] Copying ../../../../../build/examples_rclpy_pointcloud_publisher/examples_rclpy_pointcloud_publisher.egg-info to /home/ignatj/ros2_ws/install/examples_rclpy_pointcloud_publisher/lib/python3.10/site-packages/examples_rclpy_pointcloud_publisher-0.15.1-py3.10.egg-info
[5.772s] running install_scripts
[5.835s] Installing pointcloud_publisher script to /home/ignatj/ros2_ws/install/examples_rclpy_pointcloud_publisher/lib/examples_rclpy_pointcloud_publisher
[5.838s] writing list of installed files to '/home/ignatj/ros2_ws/build/examples_rclpy_pointcloud_publisher/install.log'
[6.268s] Invoked command in '/home/ignatj/ros2_ws/src/examples/rclpy/topics/pointcloud_publisher' returned '0': PYTHONPATH=/home/ignatj/ros2_ws/build/examples_rclpy_pointcloud_publisher/prefix_override:/home/ignatj/ros2_ws/install/examples_rclpy_pointcloud_publisher/lib/python3.10/site-packages:${PYTHONPATH} /usr/bin/python3 setup.py egg_info --egg-base ../../../../../build/examples_rclpy_pointcloud_publisher build --build-base /home/ignatj/ros2_ws/build/examples_rclpy_pointcloud_publisher/build install --record /home/ignatj/ros2_ws/build/examples_rclpy_pointcloud_publisher/install.log --single-version-externally-managed
