[0.627s] Invoking command in '/home/ignatj/ros2_ws/build/examples_rclcpp_minimal_publisher': CMAKE_PREFIX_PATH=/opt/ros/humble /usr/bin/cmake /home/ignatj/ros2_ws/src/examples/rclcpp/topics/minimal_publisher -DCMAKE_INSTALL_PREFIX=/home/ignatj/ros2_ws/install/examples_rclcpp_minimal_publisher
[0.680s] -- Found ament_cmake: 1.3.7 (/opt/ros/humble/share/ament_cmake/cmake)
[1.160s] -- Override CMake install command with custom implementation using symlinks instead of copying resources
[1.191s] -- Found rclcpp: 16.0.8 (/opt/ros/humble/share/rclcpp/cmake)
[1.277s] -- Found rosidl_generator_c: 3.1.5 (/opt/ros/humble/share/rosidl_generator_c/cmake)
[1.285s] -- Found rosidl_adapter: 3.1.5 (/opt/ros/humble/share/rosidl_adapter/cmake)
[1.305s] -- Found rosidl_generator_cpp: 3.1.5 (/opt/ros/humble/share/rosidl_generator_cpp/cmake)
[1.343s] -- Using all available rosidl_typesupport_c: rosidl_typesupport_fastrtps_c;rosidl_typesupport_introspection_c
[1.400s] -- Using all available rosidl_typesupport_cpp: rosidl_typesupport_fastrtps_cpp;rosidl_typesupport_introspection_cpp
[1.589s] -- Found rmw_implementation_cmake: 6.1.1 (/opt/ros/humble/share/rmw_implementation_cmake/cmake)
[1.595s] -- Found rmw_fastrtps_cpp: 6.2.6 (/opt/ros/humble/share/rmw_fastrtps_cpp/cmake)
[2.022s] -- Using RMW implementation 'rmw_fastrtps_cpp' as default
[2.600s] -- Found ament_lint_auto: 0.12.10 (/opt/ros/humble/share/ament_lint_auto/cmake)
[2.853s] -- Added test 'copyright' to check source files copyright and LICENSE
[2.854s] -- Added test 'cppcheck' to perform static code analysis on C / C++ code
[2.863s] -- Configured cppcheck include dirs: 
[2.865s] -- Configured cppcheck exclude dirs and/or files: 
[2.866s] -- Added test 'cpplint' to check C / C++ code against the Google style
[2.866s] -- Configured cpplint exclude dirs and/or files: 
[2.867s] -- Added test 'lint_cmake' to check CMake code style
[2.867s] -- Added test 'uncrustify' to check C / C++ code style
[2.868s] -- Configured uncrustify additional arguments: 
[2.869s] -- Added test 'xmllint' to check XML markup files
[2.869s] -- Configuring done
[3.120s] -- Generating done
[3.140s] -- Build files have been written to: /home/ignatj/ros2_ws/build/examples_rclcpp_minimal_publisher
[3.166s] Invoked command in '/home/ignatj/ros2_ws/build/examples_rclcpp_minimal_publisher' returned '0': CMAKE_PREFIX_PATH=/opt/ros/humble /usr/bin/cmake /home/ignatj/ros2_ws/src/examples/rclcpp/topics/minimal_publisher -DCMAKE_INSTALL_PREFIX=/home/ignatj/ros2_ws/install/examples_rclcpp_minimal_publisher
[3.167s] Invoking command in '/home/ignatj/ros2_ws/build/examples_rclcpp_minimal_publisher': CMAKE_PREFIX_PATH=/opt/ros/humble /usr/bin/cmake --build /home/ignatj/ros2_ws/build/examples_rclcpp_minimal_publisher -- -j6 -l6
[3.387s] [35m[1mConsolidate compiler generated dependencies of target publisher_lambda[0m
[3.416s] [35m[1mConsolidate compiler generated dependencies of target publisher_member_function[0m
[3.450s] [35m[1mConsolidate compiler generated dependencies of target publisher_not_composable[0m
[3.450s] [35m[1mConsolidate compiler generated dependencies of target publisher_member_function_with_unique_network_flow_endpoints[0m
[3.450s] [35m[1mConsolidate compiler generated dependencies of target publisher_member_function_with_type_adapter[0m
[3.457s] [35m[1mConsolidate compiler generated dependencies of target publisher_wait_for_all_acked[0m
[3.550s] [ 16%] Built target publisher_lambda
[3.560s] [ 33%] Built target publisher_wait_for_all_acked
[3.567s] [ 50%] Built target publisher_member_function
[3.576s] [ 66%] Built target publisher_member_function_with_unique_network_flow_endpoints
[3.581s] [ 83%] Built target publisher_not_composable
[3.591s] [100%] Built target publisher_member_function_with_type_adapter
[3.793s] Invoked command in '/home/ignatj/ros2_ws/build/examples_rclcpp_minimal_publisher' returned '0': CMAKE_PREFIX_PATH=/opt/ros/humble /usr/bin/cmake --build /home/ignatj/ros2_ws/build/examples_rclcpp_minimal_publisher -- -j6 -l6
[4.482s] Invoking command in '/home/ignatj/ros2_ws/build/examples_rclcpp_minimal_publisher': CMAKE_PREFIX_PATH=/opt/ros/humble /usr/bin/cmake --install /home/ignatj/ros2_ws/build/examples_rclcpp_minimal_publisher
[4.675s] -- Install configuration: ""
[4.677s] -- Execute custom install script
[4.678s] -- Up-to-date symlink: /home/ignatj/ros2_ws/install/examples_rclcpp_minimal_publisher/lib/examples_rclcpp_minimal_publisher/publisher_lambda
[4.678s] -- Up-to-date symlink: /home/ignatj/ros2_ws/install/examples_rclcpp_minimal_publisher/lib/examples_rclcpp_minimal_publisher/publisher_member_function
[4.679s] -- Up-to-date symlink: /home/ignatj/ros2_ws/install/examples_rclcpp_minimal_publisher/lib/examples_rclcpp_minimal_publisher/publisher_member_function_with_type_adapter
[4.679s] -- Up-to-date symlink: /home/ignatj/ros2_ws/install/examples_rclcpp_minimal_publisher/lib/examples_rclcpp_minimal_publisher/publisher_member_function_with_unique_network_flow_endpoints
[4.680s] -- Up-to-date symlink: /home/ignatj/ros2_ws/install/examples_rclcpp_minimal_publisher/lib/examples_rclcpp_minimal_publisher/publisher_wait_for_all_acked
[4.680s] -- Up-to-date symlink: /home/ignatj/ros2_ws/install/examples_rclcpp_minimal_publisher/lib/examples_rclcpp_minimal_publisher/publisher_not_composable
[4.681s] -- Up-to-date symlink: /home/ignatj/ros2_ws/install/examples_rclcpp_minimal_publisher/share/ament_index/resource_index/package_run_dependencies/examples_rclcpp_minimal_publisher
[4.681s] -- Up-to-date symlink: /home/ignatj/ros2_ws/install/examples_rclcpp_minimal_publisher/share/ament_index/resource_index/parent_prefix_path/examples_rclcpp_minimal_publisher
[4.682s] -- Up-to-date symlink: /home/ignatj/ros2_ws/install/examples_rclcpp_minimal_publisher/share/examples_rclcpp_minimal_publisher/environment/ament_prefix_path.sh
[4.682s] -- Up-to-date symlink: /home/ignatj/ros2_ws/install/examples_rclcpp_minimal_publisher/share/examples_rclcpp_minimal_publisher/environment/ament_prefix_path.dsv
[4.682s] -- Up-to-date symlink: /home/ignatj/ros2_ws/install/examples_rclcpp_minimal_publisher/share/examples_rclcpp_minimal_publisher/environment/path.sh
[4.682s] -- Up-to-date symlink: /home/ignatj/ros2_ws/install/examples_rclcpp_minimal_publisher/share/examples_rclcpp_minimal_publisher/environment/path.dsv
[4.683s] -- Up-to-date symlink: /home/ignatj/ros2_ws/install/examples_rclcpp_minimal_publisher/share/examples_rclcpp_minimal_publisher/local_setup.bash
[4.683s] -- Up-to-date symlink: /home/ignatj/ros2_ws/install/examples_rclcpp_minimal_publisher/share/examples_rclcpp_minimal_publisher/local_setup.sh
[4.683s] -- Up-to-date symlink: /home/ignatj/ros2_ws/install/examples_rclcpp_minimal_publisher/share/examples_rclcpp_minimal_publisher/local_setup.zsh
[4.683s] -- Up-to-date symlink: /home/ignatj/ros2_ws/install/examples_rclcpp_minimal_publisher/share/examples_rclcpp_minimal_publisher/local_setup.dsv
[4.683s] -- Symlinking: /home/ignatj/ros2_ws/install/examples_rclcpp_minimal_publisher/share/examples_rclcpp_minimal_publisher/package.dsv
[4.684s] -- Up-to-date symlink: /home/ignatj/ros2_ws/install/examples_rclcpp_minimal_publisher/share/ament_index/resource_index/packages/examples_rclcpp_minimal_publisher
[4.684s] -- Up-to-date symlink: /home/ignatj/ros2_ws/install/examples_rclcpp_minimal_publisher/share/examples_rclcpp_minimal_publisher/cmake/examples_rclcpp_minimal_publisherConfig.cmake
[4.684s] -- Up-to-date symlink: /home/ignatj/ros2_ws/install/examples_rclcpp_minimal_publisher/share/examples_rclcpp_minimal_publisher/cmake/examples_rclcpp_minimal_publisherConfig-version.cmake
[4.685s] -- Up-to-date symlink: /home/ignatj/ros2_ws/install/examples_rclcpp_minimal_publisher/share/examples_rclcpp_minimal_publisher/package.xml
[5.140s] Invoked command in '/home/ignatj/ros2_ws/build/examples_rclcpp_minimal_publisher' returned '0': CMAKE_PREFIX_PATH=/opt/ros/humble /usr/bin/cmake --install /home/ignatj/ros2_ws/build/examples_rclcpp_minimal_publisher
