[0.217s] Invoking command in '/home/ignatj/ros2_ws/build/turtlebot3_simulations': CMAKE_PREFIX_PATH=/home/ignatj/ros2_ws/install/turtlebot3_gazebo:/home/ignatj/ros2_ws/install/turtlebot3_fake_node:/home/ignatj/ros2_ws/install/turtlesim:/home/ignatj/ros2_ws/install/turtlebot3:/home/ignatj/ros2_ws/install/turtlebot3_simulations:/home/ignatj/ros2_ws/install/turtlebot3_bringup:/home/ignatj/ros2_ws/install/turtlebot3_node:/home/ignatj/ros2_ws/install/turtlebot3_navigation2:/home/ignatj/ros2_ws/install/turtlebot3_description:/home/ignatj/ros2_ws/install/turtlebot3_cartographer:/home/ignatj/ros2_ws/install/turtlebot3_teleop:/home/ignatj/ros2_ws/install/turtlebot3_example:/home/ignatj/ros2_ws/install/my_robot_controller:/opt/ros/humble /usr/bin/cmake --build /home/ignatj/ros2_ws/build/turtlebot3_simulations -- -j6 -l6
[0.429s] Invoked command in '/home/ignatj/ros2_ws/build/turtlebot3_simulations' returned '0': CMAKE_PREFIX_PATH=/home/ignatj/ros2_ws/install/turtlebot3_gazebo:/home/ignatj/ros2_ws/install/turtlebot3_fake_node:/home/ignatj/ros2_ws/install/turtlesim:/home/ignatj/ros2_ws/install/turtlebot3:/home/ignatj/ros2_ws/install/turtlebot3_simulations:/home/ignatj/ros2_ws/install/turtlebot3_bringup:/home/ignatj/ros2_ws/install/turtlebot3_node:/home/ignatj/ros2_ws/install/turtlebot3_navigation2:/home/ignatj/ros2_ws/install/turtlebot3_description:/home/ignatj/ros2_ws/install/turtlebot3_cartographer:/home/ignatj/ros2_ws/install/turtlebot3_teleop:/home/ignatj/ros2_ws/install/turtlebot3_example:/home/ignatj/ros2_ws/install/my_robot_controller:/opt/ros/humble /usr/bin/cmake --build /home/ignatj/ros2_ws/build/turtlebot3_simulations -- -j6 -l6
[0.560s] Invoking command in '/home/ignatj/ros2_ws/build/turtlebot3_simulations': CMAKE_PREFIX_PATH=/home/ignatj/ros2_ws/install/turtlebot3_gazebo:/home/ignatj/ros2_ws/install/turtlebot3_fake_node:/home/ignatj/ros2_ws/install/turtlesim:/home/ignatj/ros2_ws/install/turtlebot3:/home/ignatj/ros2_ws/install/turtlebot3_simulations:/home/ignatj/ros2_ws/install/turtlebot3_bringup:/home/ignatj/ros2_ws/install/turtlebot3_node:/home/ignatj/ros2_ws/install/turtlebot3_navigation2:/home/ignatj/ros2_ws/install/turtlebot3_description:/home/ignatj/ros2_ws/install/turtlebot3_cartographer:/home/ignatj/ros2_ws/install/turtlebot3_teleop:/home/ignatj/ros2_ws/install/turtlebot3_example:/home/ignatj/ros2_ws/install/my_robot_controller:/opt/ros/humble /usr/bin/cmake --install /home/ignatj/ros2_ws/build/turtlebot3_simulations
[0.618s] -- Install configuration: ""
[0.629s] -- Execute custom install script
[0.629s] -- Up-to-date symlink: /home/ignatj/ros2_ws/install/turtlebot3_simulations/share/ament_index/resource_index/package_run_dependencies/turtlebot3_simulations
[0.630s] -- Up-to-date symlink: /home/ignatj/ros2_ws/install/turtlebot3_simulations/share/ament_index/resource_index/parent_prefix_path/turtlebot3_simulations
[0.631s] -- Up-to-date symlink: /home/ignatj/ros2_ws/install/turtlebot3_simulations/share/turtlebot3_simulations/environment/ament_prefix_path.sh
[0.631s] -- Up-to-date symlink: /home/ignatj/ros2_ws/install/turtlebot3_simulations/share/turtlebot3_simulations/environment/ament_prefix_path.dsv
[0.631s] -- Up-to-date symlink: /home/ignatj/ros2_ws/install/turtlebot3_simulations/share/turtlebot3_simulations/environment/path.sh
[0.631s] -- Up-to-date symlink: /home/ignatj/ros2_ws/install/turtlebot3_simulations/share/turtlebot3_simulations/environment/path.dsv
[0.632s] -- Up-to-date symlink: /home/ignatj/ros2_ws/install/turtlebot3_simulations/share/turtlebot3_simulations/local_setup.bash
[0.632s] -- Up-to-date symlink: /home/ignatj/ros2_ws/install/turtlebot3_simulations/share/turtlebot3_simulations/local_setup.sh
[0.633s] -- Up-to-date symlink: /home/ignatj/ros2_ws/install/turtlebot3_simulations/share/turtlebot3_simulations/local_setup.zsh
[0.633s] -- Up-to-date symlink: /home/ignatj/ros2_ws/install/turtlebot3_simulations/share/turtlebot3_simulations/local_setup.dsv
[0.633s] -- Symlinking: /home/ignatj/ros2_ws/install/turtlebot3_simulations/share/turtlebot3_simulations/package.dsv
[0.690s] -- Up-to-date symlink: /home/ignatj/ros2_ws/install/turtlebot3_simulations/share/ament_index/resource_index/packages/turtlebot3_simulations
[0.690s] -- Up-to-date symlink: /home/ignatj/ros2_ws/install/turtlebot3_simulations/share/turtlebot3_simulations/cmake/turtlebot3_simulationsConfig.cmake
[0.691s] -- Up-to-date symlink: /home/ignatj/ros2_ws/install/turtlebot3_simulations/share/turtlebot3_simulations/cmake/turtlebot3_simulationsConfig-version.cmake
[0.692s] -- Up-to-date symlink: /home/ignatj/ros2_ws/install/turtlebot3_simulations/share/turtlebot3_simulations/package.xml
[1.083s] Invoked command in '/home/ignatj/ros2_ws/build/turtlebot3_simulations' returned '0': CMAKE_PREFIX_PATH=/home/ignatj/ros2_ws/install/turtlebot3_gazebo:/home/ignatj/ros2_ws/install/turtlebot3_fake_node:/home/ignatj/ros2_ws/install/turtlesim:/home/ignatj/ros2_ws/install/turtlebot3:/home/ignatj/ros2_ws/install/turtlebot3_simulations:/home/ignatj/ros2_ws/install/turtlebot3_bringup:/home/ignatj/ros2_ws/install/turtlebot3_node:/home/ignatj/ros2_ws/install/turtlebot3_navigation2:/home/ignatj/ros2_ws/install/turtlebot3_description:/home/ignatj/ros2_ws/install/turtlebot3_cartographer:/home/ignatj/ros2_ws/install/turtlebot3_teleop:/home/ignatj/ros2_ws/install/turtlebot3_example:/home/ignatj/ros2_ws/install/my_robot_controller:/opt/ros/humble /usr/bin/cmake --install /home/ignatj/ros2_ws/build/turtlebot3_simulations
