[6.074s] Invoking command in '/home/ignatj/ros2_ws/src/examples/rclpy/guard_conditions': PYTHONPATH=/home/ignatj/ros2_ws/build/examples_rclpy_guard_conditions/prefix_override:/home/ignatj/ros2_ws/install/examples_rclpy_guard_conditions/lib/python3.10/site-packages:${PYTHONPATH} /usr/bin/python3 setup.py egg_info --egg-base ../../../../build/examples_rclpy_guard_conditions build --build-base /home/ignatj/ros2_ws/build/examples_rclpy_guard_conditions/build install --record /home/ignatj/ros2_ws/build/examples_rclpy_guard_conditions/install.log --single-version-externally-managed
[6.767s] running egg_info
[6.774s] writing ../../../../build/examples_rclpy_guard_conditions/examples_rclpy_guard_conditions.egg-info/PKG-INFO
[6.775s] writing dependency_links to ../../../../build/examples_rclpy_guard_conditions/examples_rclpy_guard_conditions.egg-info/dependency_links.txt
[6.775s] writing entry points to ../../../../build/examples_rclpy_guard_conditions/examples_rclpy_guard_conditions.egg-info/entry_points.txt
[6.776s] writing requirements to ../../../../build/examples_rclpy_guard_conditions/examples_rclpy_guard_conditions.egg-info/requires.txt
[6.776s] writing top-level names to ../../../../build/examples_rclpy_guard_conditions/examples_rclpy_guard_conditions.egg-info/top_level.txt
[6.780s] reading manifest file '../../../../build/examples_rclpy_guard_conditions/examples_rclpy_guard_conditions.egg-info/SOURCES.txt'
[6.786s] writing manifest file '../../../../build/examples_rclpy_guard_conditions/examples_rclpy_guard_conditions.egg-info/SOURCES.txt'
[6.787s] running build
[6.787s] running build_py
[6.792s] running install
[6.794s] /usr/lib/python3/dist-packages/setuptools/command/install.py:34: SetuptoolsDeprecationWarning: setup.py install is deprecated. Use build and pip and other standards-based tools.
[6.794s]   warnings.warn(
[6.795s] running install_lib
[6.798s] running install_data
[6.799s] running install_egg_info
[6.804s] removing '/home/ignatj/ros2_ws/install/examples_rclpy_guard_conditions/lib/python3.10/site-packages/examples_rclpy_guard_conditions-0.15.1-py3.10.egg-info' (and everything under it)
[6.805s] Copying ../../../../build/examples_rclpy_guard_conditions/examples_rclpy_guard_conditions.egg-info to /home/ignatj/ros2_ws/install/examples_rclpy_guard_conditions/lib/python3.10/site-packages/examples_rclpy_guard_conditions-0.15.1-py3.10.egg-info
[6.808s] running install_scripts
[6.910s] Installing trigger_guard_condition script to /home/ignatj/ros2_ws/install/examples_rclpy_guard_conditions/lib/examples_rclpy_guard_conditions
[6.911s] writing list of installed files to '/home/ignatj/ros2_ws/build/examples_rclpy_guard_conditions/install.log'
[7.448s] Invoked command in '/home/ignatj/ros2_ws/src/examples/rclpy/guard_conditions' returned '0': PYTHONPATH=/home/ignatj/ros2_ws/build/examples_rclpy_guard_conditions/prefix_override:/home/ignatj/ros2_ws/install/examples_rclpy_guard_conditions/lib/python3.10/site-packages:${PYTHONPATH} /usr/bin/python3 setup.py egg_info --egg-base ../../../../build/examples_rclpy_guard_conditions build --build-base /home/ignatj/ros2_ws/build/examples_rclpy_guard_conditions/build install --record /home/ignatj/ros2_ws/build/examples_rclpy_guard_conditions/install.log --single-version-externally-managed
