[0.623s] Invoking command in '/home/ignatj/ros2_ws/build/examples_rclcpp_minimal_composition': CMAKE_PREFIX_PATH=/opt/ros/humble /usr/bin/cmake /home/ignatj/ros2_ws/src/examples/rclcpp/composition/minimal_composition -DAMENT_CMAKE_SYMLINK_INSTALL=1 -DCMAKE_INSTALL_PREFIX=/home/ignatj/ros2_ws/install/examples_rclcpp_minimal_composition
[0.723s] -- Found ament_cmake: 1.3.7 (/opt/ros/humble/share/ament_cmake/cmake)
[1.463s] -- Override CMake install command with custom implementation using symlinks instead of copying resources
[1.494s] -- Found rclcpp: 16.0.8 (/opt/ros/humble/share/rclcpp/cmake)
[1.600s] -- Found rosidl_generator_c: 3.1.5 (/opt/ros/humble/share/rosidl_generator_c/cmake)
[1.607s] -- Found rosidl_adapter: 3.1.5 (/opt/ros/humble/share/rosidl_adapter/cmake)
[1.626s] -- Found rosidl_generator_cpp: 3.1.5 (/opt/ros/humble/share/rosidl_generator_cpp/cmake)
[1.668s] -- Using all available rosidl_typesupport_c: rosidl_typesupport_fastrtps_c;rosidl_typesupport_introspection_c
[1.712s] -- Using all available rosidl_typesupport_cpp: rosidl_typesupport_fastrtps_cpp;rosidl_typesupport_introspection_cpp
[1.857s] -- Found rmw_implementation_cmake: 6.1.1 (/opt/ros/humble/share/rmw_implementation_cmake/cmake)
[1.860s] -- Found rmw_fastrtps_cpp: 6.2.6 (/opt/ros/humble/share/rmw_fastrtps_cpp/cmake)
[2.220s] -- Using RMW implementation 'rmw_fastrtps_cpp' as default
[2.678s] -- Found rclcpp_components: 16.0.8 (/opt/ros/humble/share/rclcpp_components/cmake)
[2.895s] -- Found ament_lint_auto: 0.12.10 (/opt/ros/humble/share/ament_lint_auto/cmake)
[3.110s] -- Added test 'copyright' to check source files copyright and LICENSE
[3.125s] -- Added test 'cppcheck' to perform static code analysis on C / C++ code
[3.125s] -- Configured cppcheck include dirs: /home/ignatj/ros2_ws/src/examples/rclcpp/composition/minimal_composition/include
[3.126s] -- Configured cppcheck exclude dirs and/or files: 
[3.126s] -- Added test 'cpplint' to check C / C++ code against the Google style
[3.126s] -- Configured cpplint exclude dirs and/or files: 
[3.126s] -- Added test 'lint_cmake' to check CMake code style
[3.128s] -- Added test 'uncrustify' to check C / C++ code style
[3.128s] -- Configured uncrustify additional arguments: 
[3.130s] -- Added test 'xmllint' to check XML markup files
[3.136s] -- Configuring done
[3.237s] -- Generating done
[3.251s] -- Build files have been written to: /home/ignatj/ros2_ws/build/examples_rclcpp_minimal_composition
[3.280s] Invoked command in '/home/ignatj/ros2_ws/build/examples_rclcpp_minimal_composition' returned '0': CMAKE_PREFIX_PATH=/opt/ros/humble /usr/bin/cmake /home/ignatj/ros2_ws/src/examples/rclcpp/composition/minimal_composition -DAMENT_CMAKE_SYMLINK_INSTALL=1 -DCMAKE_INSTALL_PREFIX=/home/ignatj/ros2_ws/install/examples_rclcpp_minimal_composition
[3.290s] Invoking command in '/home/ignatj/ros2_ws/build/examples_rclcpp_minimal_composition': CMAKE_PREFIX_PATH=/opt/ros/humble /usr/bin/cmake --build /home/ignatj/ros2_ws/build/examples_rclcpp_minimal_composition -- -j6 -l6
[3.495s] [35m[1mConsolidate compiler generated dependencies of target composition_nodes[0m
[3.565s] [ 33%] Built target composition_nodes
[3.607s] [35m[1mConsolidate compiler generated dependencies of target composition_subscriber[0m
[3.609s] [35m[1mConsolidate compiler generated dependencies of target composition_publisher[0m
[3.630s] [35m[1mConsolidate compiler generated dependencies of target composition_composed[0m
[3.680s] [ 55%] Built target composition_publisher
[3.702s] [ 77%] Built target composition_composed
[3.702s] [100%] Built target composition_subscriber
[3.733s] Invoked command in '/home/ignatj/ros2_ws/build/examples_rclcpp_minimal_composition' returned '0': CMAKE_PREFIX_PATH=/opt/ros/humble /usr/bin/cmake --build /home/ignatj/ros2_ws/build/examples_rclcpp_minimal_composition -- -j6 -l6
[4.039s] Invoking command in '/home/ignatj/ros2_ws/build/examples_rclcpp_minimal_composition': CMAKE_PREFIX_PATH=/opt/ros/humble /usr/bin/cmake --install /home/ignatj/ros2_ws/build/examples_rclcpp_minimal_composition
[4.061s] -- Install configuration: ""
[4.062s] -- Execute custom install script
[4.067s] -- Up-to-date symlink: /home/ignatj/ros2_ws/install/examples_rclcpp_minimal_composition/share/examples_rclcpp_minimal_composition/environment/library_path.sh
[4.069s] -- Up-to-date symlink: /home/ignatj/ros2_ws/install/examples_rclcpp_minimal_composition/share/examples_rclcpp_minimal_composition/environment/library_path.dsv
[4.070s] -- Up-to-date symlink: /home/ignatj/ros2_ws/install/examples_rclcpp_minimal_composition/lib/libcomposition_nodes.so
[4.073s] -- Up-to-date symlink: /home/ignatj/ros2_ws/install/examples_rclcpp_minimal_composition/lib/examples_rclcpp_minimal_composition/composition_publisher
[4.075s] -- Up-to-date symlink: /home/ignatj/ros2_ws/install/examples_rclcpp_minimal_composition/lib/examples_rclcpp_minimal_composition/composition_subscriber
[4.077s] -- Up-to-date symlink: /home/ignatj/ros2_ws/install/examples_rclcpp_minimal_composition/lib/examples_rclcpp_minimal_composition/composition_composed
[4.080s] -- Up-to-date symlink: /home/ignatj/ros2_ws/install/examples_rclcpp_minimal_composition/share/ament_index/resource_index/package_run_dependencies/examples_rclcpp_minimal_composition
[4.087s] -- Up-to-date symlink: /home/ignatj/ros2_ws/install/examples_rclcpp_minimal_composition/share/ament_index/resource_index/parent_prefix_path/examples_rclcpp_minimal_composition
[4.090s] -- Up-to-date symlink: /home/ignatj/ros2_ws/install/examples_rclcpp_minimal_composition/share/examples_rclcpp_minimal_composition/environment/ament_prefix_path.sh
[4.090s] -- Up-to-date symlink: /home/ignatj/ros2_ws/install/examples_rclcpp_minimal_composition/share/examples_rclcpp_minimal_composition/environment/ament_prefix_path.dsv
[4.091s] -- Up-to-date symlink: /home/ignatj/ros2_ws/install/examples_rclcpp_minimal_composition/share/examples_rclcpp_minimal_composition/environment/path.sh
[4.092s] -- Up-to-date symlink: /home/ignatj/ros2_ws/install/examples_rclcpp_minimal_composition/share/examples_rclcpp_minimal_composition/environment/path.dsv
[4.093s] -- Up-to-date symlink: /home/ignatj/ros2_ws/install/examples_rclcpp_minimal_composition/share/examples_rclcpp_minimal_composition/local_setup.bash
[4.093s] -- Up-to-date symlink: /home/ignatj/ros2_ws/install/examples_rclcpp_minimal_composition/share/examples_rclcpp_minimal_composition/local_setup.sh
[4.094s] -- Up-to-date symlink: /home/ignatj/ros2_ws/install/examples_rclcpp_minimal_composition/share/examples_rclcpp_minimal_composition/local_setup.zsh
[4.096s] -- Up-to-date symlink: /home/ignatj/ros2_ws/install/examples_rclcpp_minimal_composition/share/examples_rclcpp_minimal_composition/local_setup.dsv
[4.097s] -- Symlinking: /home/ignatj/ros2_ws/install/examples_rclcpp_minimal_composition/share/examples_rclcpp_minimal_composition/package.dsv
[4.125s] -- Up-to-date symlink: /home/ignatj/ros2_ws/install/examples_rclcpp_minimal_composition/share/ament_index/resource_index/packages/examples_rclcpp_minimal_composition
[4.127s] -- Up-to-date symlink: /home/ignatj/ros2_ws/install/examples_rclcpp_minimal_composition/share/examples_rclcpp_minimal_composition/cmake/examples_rclcpp_minimal_compositionConfig.cmake
[4.134s] -- Up-to-date symlink: /home/ignatj/ros2_ws/install/examples_rclcpp_minimal_composition/share/examples_rclcpp_minimal_composition/cmake/examples_rclcpp_minimal_compositionConfig-version.cmake
[4.135s] -- Up-to-date symlink: /home/ignatj/ros2_ws/install/examples_rclcpp_minimal_composition/share/examples_rclcpp_minimal_composition/package.xml
[4.615s] Invoked command in '/home/ignatj/ros2_ws/build/examples_rclcpp_minimal_composition' returned '0': CMAKE_PREFIX_PATH=/opt/ros/humble /usr/bin/cmake --install /home/ignatj/ros2_ws/build/examples_rclcpp_minimal_composition
