[12.044s] Invoking command in '/home/ignatj/ros2_ws/build/examples_rclpy_minimal_publisher': PYTHONPATH=/home/ignatj/ros2_ws/build/examples_rclpy_minimal_publisher/prefix_override:/home/ignatj/ros2_ws/install/examples_rclpy_minimal_publisher/lib/python3.10/site-packages:${PYTHONPATH} /usr/bin/python3 setup.py develop --editable --build-directory /home/ignatj/ros2_ws/build/examples_rclpy_minimal_publisher/build --no-deps install_data
[15.570s] running develop
[15.572s] /usr/lib/python3/dist-packages/setuptools/command/easy_install.py:158: EasyInstallDeprecationWarning: easy_install command is deprecated. Use build and pip and other standards-based tools.
[15.573s]   warnings.warn(
[15.576s] /usr/lib/python3/dist-packages/setuptools/command/install.py:34: SetuptoolsDeprecationWarning: setup.py install is deprecated. Use build and pip and other standards-based tools.
[15.577s]   warnings.warn(
[16.459s] running egg_info
[16.473s] writing examples_rclpy_minimal_publisher.egg-info/PKG-INFO
[16.476s] writing dependency_links to examples_rclpy_minimal_publisher.egg-info/dependency_links.txt
[16.479s] writing entry points to examples_rclpy_minimal_publisher.egg-info/entry_points.txt
[16.481s] writing requirements to examples_rclpy_minimal_publisher.egg-info/requires.txt
[16.484s] writing top-level names to examples_rclpy_minimal_publisher.egg-info/top_level.txt
[16.503s] reading manifest file 'examples_rclpy_minimal_publisher.egg-info/SOURCES.txt'
[16.506s] writing manifest file 'examples_rclpy_minimal_publisher.egg-info/SOURCES.txt'
[16.510s] running build_ext
[16.511s] Creating /home/ignatj/ros2_ws/install/examples_rclpy_minimal_publisher/lib/python3.10/site-packages/examples-rclpy-minimal-publisher.egg-link (link to .)
[16.513s] Installing publisher_local_function script to /home/ignatj/ros2_ws/install/examples_rclpy_minimal_publisher/lib/examples_rclpy_minimal_publisher
[16.514s] Installing publisher_member_function script to /home/ignatj/ros2_ws/install/examples_rclpy_minimal_publisher/lib/examples_rclpy_minimal_publisher
[16.514s] Installing publisher_old_school script to /home/ignatj/ros2_ws/install/examples_rclpy_minimal_publisher/lib/examples_rclpy_minimal_publisher
[16.515s] 
[16.515s] Installed /home/ignatj/ros2_ws/build/examples_rclpy_minimal_publisher
[16.515s] running install_data
[19.427s] Invoked command in '/home/ignatj/ros2_ws/build/examples_rclpy_minimal_publisher' returned '0': PYTHONPATH=/home/ignatj/ros2_ws/build/examples_rclpy_minimal_publisher/prefix_override:/home/ignatj/ros2_ws/install/examples_rclpy_minimal_publisher/lib/python3.10/site-packages:${PYTHONPATH} /usr/bin/python3 setup.py develop --editable --build-directory /home/ignatj/ros2_ws/build/examples_rclpy_minimal_publisher/build --no-deps install_data
