[0.999s] Invoking command in '/home/ignatj/ros2_ws/build/turtlebot3_fake_node': CMAKE_PREFIX_PATH=/opt/ros/humble /usr/bin/cmake /home/ignatj/ros2_ws/src/turtlebot3_simulations/turtlebot3_fake_node -DCMAKE_INSTALL_PREFIX=/home/ignatj/ros2_ws/install/turtlebot3_fake_node
[1.286s] -- The C compiler identification is GNU 11.4.0
[1.705s] -- The CXX compiler identification is GNU 11.4.0
[1.735s] -- Detecting C compiler ABI info
[2.080s] -- Detecting C compiler ABI info - done
[2.098s] -- Check for working C compiler: /usr/bin/cc - skipped
[2.100s] -- Detecting C compile features
[2.101s] -- Detecting C compile features - done
[2.105s] -- Detecting CXX compiler ABI info
[2.404s] -- Detecting CXX compiler ABI info - done
[2.429s] -- Check for working CXX compiler: /usr/bin/c++ - skipped
[2.431s] -- Detecting CXX compile features
[2.431s] -- Detecting CXX compile features - done
[2.440s] -- Found ament_cmake: 1.3.7 (/opt/ros/humble/share/ament_cmake/cmake)
[3.144s] -- Found Python3: /usr/bin/python3.10 (found version "3.10.12") found components: Interpreter 
[3.470s] -- Found geometry_msgs: 4.2.3 (/opt/ros/humble/share/geometry_msgs/cmake)
[3.590s] -- Found rosidl_generator_c: 3.1.5 (/opt/ros/humble/share/rosidl_generator_c/cmake)
[3.612s] -- Found rosidl_adapter: 3.1.5 (/opt/ros/humble/share/rosidl_adapter/cmake)
[3.632s] -- Found rosidl_generator_cpp: 3.1.5 (/opt/ros/humble/share/rosidl_generator_cpp/cmake)
[3.693s] -- Using all available rosidl_typesupport_c: rosidl_typesupport_fastrtps_c;rosidl_typesupport_introspection_c
[3.761s] -- Using all available rosidl_typesupport_cpp: rosidl_typesupport_fastrtps_cpp;rosidl_typesupport_introspection_cpp
[4.147s] -- Found nav_msgs: 4.2.3 (/opt/ros/humble/share/nav_msgs/cmake)
[4.423s] -- Found rclcpp: 16.0.8 (/opt/ros/humble/share/rclcpp/cmake)
[4.589s] -- Found rmw_implementation_cmake: 6.1.1 (/opt/ros/humble/share/rmw_implementation_cmake/cmake)
[4.597s] -- Found rmw_fastrtps_cpp: 6.2.6 (/opt/ros/humble/share/rmw_fastrtps_cpp/cmake)
[4.935s] -- Found OpenSSL: /usr/lib/x86_64-linux-gnu/libcrypto.so (found version "3.0.2")  
[5.030s] -- Found FastRTPS: /opt/ros/humble/include  
[5.239s] -- Using RMW implementation 'rmw_fastrtps_cpp' as default
[5.266s] -- Looking for pthread.h
[5.500s] -- Looking for pthread.h - found
[5.500s] -- Performing Test CMAKE_HAVE_LIBC_PTHREAD
[5.705s] -- Performing Test CMAKE_HAVE_LIBC_PTHREAD - Success
[5.708s] -- Found Threads: TRUE  
[6.009s] -- Found sensor_msgs: 4.2.3 (/opt/ros/humble/share/sensor_msgs/cmake)
[6.205s] -- Found tf2: 0.25.5 (/opt/ros/humble/share/tf2/cmake)
[6.245s] -- Found tf2_msgs: 0.25.5 (/opt/ros/humble/share/tf2_msgs/cmake)
[6.605s] [31mCMake Error at CMakeLists.txt:25 (find_package):
[6.606s]   By not providing "Findturtlebot3_msgs.cmake" in CMAKE_MODULE_PATH this
[6.606s]   project has asked CMake to find a package configuration file provided by
[6.606s]   "turtlebot3_msgs", but CMake did not find one.
[6.606s] 
[6.607s]   Could not find a package configuration file provided by "turtlebot3_msgs"
[6.607s]   with any of the following names:
[6.608s] 
[6.608s]     turtlebot3_msgsConfig.cmake
[6.608s]     turtlebot3_msgs-config.cmake
[6.609s] 
[6.609s]   Add the installation prefix of "turtlebot3_msgs" to CMAKE_PREFIX_PATH or
[6.609s]   set "turtlebot3_msgs_DIR" to a directory containing one of the above files.
[6.609s]   If "turtlebot3_msgs" provides a separate development package or SDK, be
[6.609s]   sure it has been installed.
[6.610s] 
[6.610s] [0m
[6.610s] -- Configuring incomplete, errors occurred!
[6.610s] See also "/home/ignatj/ros2_ws/build/turtlebot3_fake_node/CMakeFiles/CMakeOutput.log".
