[0.202s] Invoking command in '/home/ignatj/ros2_ws/build/turtlebot3': AMENT_PREFIX_PATH=/home/ignatj/ros2_ws/install/turtlebot3_bringup:/home/ignatj/ros2_ws/install/turtlebot3_teleop:/home/ignatj/ros2_ws/install/turtlebot3_node:/home/ignatj/ros2_ws/install/turtlebot3_navigation2:/home/ignatj/ros2_ws/install/turtlebot3_example:/home/ignatj/ros2_ws/install/turtlebot3_description:/home/ignatj/ros2_ws/install/turtlebot3_cartographer:${AMENT_PREFIX_PATH} CMAKE_PREFIX_PATH=/home/ignatj/ros2_ws/install/turtlebot3_bringup:/home/ignatj/ros2_ws/install/turtlebot3_node:/home/ignatj/ros2_ws/install/turtlebot3_navigation2:/home/ignatj/ros2_ws/install/turtlebot3_description:/home/ignatj/ros2_ws/install/turtlebot3_cartographer:/opt/ros/humble PYTHONPATH=/home/ignatj/ros2_ws/install/turtlebot3_teleop/lib/python3.10/site-packages:/home/ignatj/ros2_ws/install/turtlebot3_example/lib/python3.10/site-packages:${PYTHONPATH} /usr/bin/cmake /home/ignatj/ros2_ws/src/turtlebot3/turtlebot3 -DCMAKE_INSTALL_PREFIX=/home/ignatj/ros2_ws/install/turtlebot3
[0.231s] -- Found ament_cmake: 1.3.7 (/opt/ros/humble/share/ament_cmake/cmake)
[0.564s] -- Override CMake install command with custom implementation using symlinks instead of copying resources
[0.727s] -- Configuring done
[0.737s] -- Generating done
[0.742s] -- Build files have been written to: /home/ignatj/ros2_ws/build/turtlebot3
[0.821s] Invoked command in '/home/ignatj/ros2_ws/build/turtlebot3' returned '0': AMENT_PREFIX_PATH=/home/ignatj/ros2_ws/install/turtlebot3_bringup:/home/ignatj/ros2_ws/install/turtlebot3_teleop:/home/ignatj/ros2_ws/install/turtlebot3_node:/home/ignatj/ros2_ws/install/turtlebot3_navigation2:/home/ignatj/ros2_ws/install/turtlebot3_example:/home/ignatj/ros2_ws/install/turtlebot3_description:/home/ignatj/ros2_ws/install/turtlebot3_cartographer:${AMENT_PREFIX_PATH} CMAKE_PREFIX_PATH=/home/ignatj/ros2_ws/install/turtlebot3_bringup:/home/ignatj/ros2_ws/install/turtlebot3_node:/home/ignatj/ros2_ws/install/turtlebot3_navigation2:/home/ignatj/ros2_ws/install/turtlebot3_description:/home/ignatj/ros2_ws/install/turtlebot3_cartographer:/opt/ros/humble PYTHONPATH=/home/ignatj/ros2_ws/install/turtlebot3_teleop/lib/python3.10/site-packages:/home/ignatj/ros2_ws/install/turtlebot3_example/lib/python3.10/site-packages:${PYTHONPATH} /usr/bin/cmake /home/ignatj/ros2_ws/src/turtlebot3/turtlebot3 -DCMAKE_INSTALL_PREFIX=/home/ignatj/ros2_ws/install/turtlebot3
[0.823s] Invoking command in '/home/ignatj/ros2_ws/build/turtlebot3': AMENT_PREFIX_PATH=/home/ignatj/ros2_ws/install/turtlebot3_bringup:/home/ignatj/ros2_ws/install/turtlebot3_teleop:/home/ignatj/ros2_ws/install/turtlebot3_node:/home/ignatj/ros2_ws/install/turtlebot3_navigation2:/home/ignatj/ros2_ws/install/turtlebot3_example:/home/ignatj/ros2_ws/install/turtlebot3_description:/home/ignatj/ros2_ws/install/turtlebot3_cartographer:${AMENT_PREFIX_PATH} CMAKE_PREFIX_PATH=/home/ignatj/ros2_ws/install/turtlebot3_bringup:/home/ignatj/ros2_ws/install/turtlebot3_node:/home/ignatj/ros2_ws/install/turtlebot3_navigation2:/home/ignatj/ros2_ws/install/turtlebot3_description:/home/ignatj/ros2_ws/install/turtlebot3_cartographer:/opt/ros/humble PYTHONPATH=/home/ignatj/ros2_ws/install/turtlebot3_teleop/lib/python3.10/site-packages:/home/ignatj/ros2_ws/install/turtlebot3_example/lib/python3.10/site-packages:${PYTHONPATH} /usr/bin/cmake --build /home/ignatj/ros2_ws/build/turtlebot3 -- -j6 -l6
[0.931s] Invoked command in '/home/ignatj/ros2_ws/build/turtlebot3' returned '0': AMENT_PREFIX_PATH=/home/ignatj/ros2_ws/install/turtlebot3_bringup:/home/ignatj/ros2_ws/install/turtlebot3_teleop:/home/ignatj/ros2_ws/install/turtlebot3_node:/home/ignatj/ros2_ws/install/turtlebot3_navigation2:/home/ignatj/ros2_ws/install/turtlebot3_example:/home/ignatj/ros2_ws/install/turtlebot3_description:/home/ignatj/ros2_ws/install/turtlebot3_cartographer:${AMENT_PREFIX_PATH} CMAKE_PREFIX_PATH=/home/ignatj/ros2_ws/install/turtlebot3_bringup:/home/ignatj/ros2_ws/install/turtlebot3_node:/home/ignatj/ros2_ws/install/turtlebot3_navigation2:/home/ignatj/ros2_ws/install/turtlebot3_description:/home/ignatj/ros2_ws/install/turtlebot3_cartographer:/opt/ros/humble PYTHONPATH=/home/ignatj/ros2_ws/install/turtlebot3_teleop/lib/python3.10/site-packages:/home/ignatj/ros2_ws/install/turtlebot3_example/lib/python3.10/site-packages:${PYTHONPATH} /usr/bin/cmake --build /home/ignatj/ros2_ws/build/turtlebot3 -- -j6 -l6
[1.012s] Invoking command in '/home/ignatj/ros2_ws/build/turtlebot3': AMENT_PREFIX_PATH=/home/ignatj/ros2_ws/install/turtlebot3_bringup:/home/ignatj/ros2_ws/install/turtlebot3_teleop:/home/ignatj/ros2_ws/install/turtlebot3_node:/home/ignatj/ros2_ws/install/turtlebot3_navigation2:/home/ignatj/ros2_ws/install/turtlebot3_example:/home/ignatj/ros2_ws/install/turtlebot3_description:/home/ignatj/ros2_ws/install/turtlebot3_cartographer:${AMENT_PREFIX_PATH} CMAKE_PREFIX_PATH=/home/ignatj/ros2_ws/install/turtlebot3_bringup:/home/ignatj/ros2_ws/install/turtlebot3_node:/home/ignatj/ros2_ws/install/turtlebot3_navigation2:/home/ignatj/ros2_ws/install/turtlebot3_description:/home/ignatj/ros2_ws/install/turtlebot3_cartographer:/opt/ros/humble PYTHONPATH=/home/ignatj/ros2_ws/install/turtlebot3_teleop/lib/python3.10/site-packages:/home/ignatj/ros2_ws/install/turtlebot3_example/lib/python3.10/site-packages:${PYTHONPATH} /usr/bin/cmake --install /home/ignatj/ros2_ws/build/turtlebot3
[1.027s] -- Install configuration: ""
[1.029s] -- Execute custom install script
[1.029s] -- Up-to-date symlink: /home/ignatj/ros2_ws/install/turtlebot3/share/ament_index/resource_index/package_run_dependencies/turtlebot3
[1.030s] -- Up-to-date symlink: /home/ignatj/ros2_ws/install/turtlebot3/share/ament_index/resource_index/parent_prefix_path/turtlebot3
[1.031s] -- Up-to-date symlink: /home/ignatj/ros2_ws/install/turtlebot3/share/turtlebot3/environment/ament_prefix_path.sh
[1.031s] -- Up-to-date symlink: /home/ignatj/ros2_ws/install/turtlebot3/share/turtlebot3/environment/ament_prefix_path.dsv
[1.032s] -- Up-to-date symlink: /home/ignatj/ros2_ws/install/turtlebot3/share/turtlebot3/environment/path.sh
[1.033s] -- Up-to-date symlink: /home/ignatj/ros2_ws/install/turtlebot3/share/turtlebot3/environment/path.dsv
[1.033s] -- Up-to-date symlink: /home/ignatj/ros2_ws/install/turtlebot3/share/turtlebot3/local_setup.bash
[1.033s] -- Up-to-date symlink: /home/ignatj/ros2_ws/install/turtlebot3/share/turtlebot3/local_setup.sh
[1.033s] -- Up-to-date symlink: /home/ignatj/ros2_ws/install/turtlebot3/share/turtlebot3/local_setup.zsh
[1.033s] -- Up-to-date symlink: /home/ignatj/ros2_ws/install/turtlebot3/share/turtlebot3/local_setup.dsv
[1.033s] -- Symlinking: /home/ignatj/ros2_ws/install/turtlebot3/share/turtlebot3/package.dsv
[1.056s] -- Up-to-date symlink: /home/ignatj/ros2_ws/install/turtlebot3/share/ament_index/resource_index/packages/turtlebot3
[1.057s] -- Up-to-date symlink: /home/ignatj/ros2_ws/install/turtlebot3/share/turtlebot3/cmake/turtlebot3Config.cmake
[1.057s] -- Up-to-date symlink: /home/ignatj/ros2_ws/install/turtlebot3/share/turtlebot3/cmake/turtlebot3Config-version.cmake
[1.058s] -- Up-to-date symlink: /home/ignatj/ros2_ws/install/turtlebot3/share/turtlebot3/package.xml
[1.065s] Invoked command in '/home/ignatj/ros2_ws/build/turtlebot3' returned '0': AMENT_PREFIX_PATH=/home/ignatj/ros2_ws/install/turtlebot3_bringup:/home/ignatj/ros2_ws/install/turtlebot3_teleop:/home/ignatj/ros2_ws/install/turtlebot3_node:/home/ignatj/ros2_ws/install/turtlebot3_navigation2:/home/ignatj/ros2_ws/install/turtlebot3_example:/home/ignatj/ros2_ws/install/turtlebot3_description:/home/ignatj/ros2_ws/install/turtlebot3_cartographer:${AMENT_PREFIX_PATH} CMAKE_PREFIX_PATH=/home/ignatj/ros2_ws/install/turtlebot3_bringup:/home/ignatj/ros2_ws/install/turtlebot3_node:/home/ignatj/ros2_ws/install/turtlebot3_navigation2:/home/ignatj/ros2_ws/install/turtlebot3_description:/home/ignatj/ros2_ws/install/turtlebot3_cartographer:/opt/ros/humble PYTHONPATH=/home/ignatj/ros2_ws/install/turtlebot3_teleop/lib/python3.10/site-packages:/home/ignatj/ros2_ws/install/turtlebot3_example/lib/python3.10/site-packages:${PYTHONPATH} /usr/bin/cmake --install /home/ignatj/ros2_ws/build/turtlebot3
