[5.135s] Invoking command in '/home/ignatj/ros2_ws/src/examples/rclpy/actions/minimal_action_client': PYTHONPATH=/home/ignatj/ros2_ws/build/examples_rclpy_minimal_action_client/prefix_override:/home/ignatj/ros2_ws/install/examples_rclpy_minimal_action_client/lib/python3.10/site-packages:${PYTHONPATH} /usr/bin/python3 setup.py egg_info --egg-base ../../../../../build/examples_rclpy_minimal_action_client build --build-base /home/ignatj/ros2_ws/build/examples_rclpy_minimal_action_client/build install --record /home/ignatj/ros2_ws/build/examples_rclpy_minimal_action_client/install.log --single-version-externally-managed
[5.775s] running egg_info
[5.776s] writing ../../../../../build/examples_rclpy_minimal_action_client/examples_rclpy_minimal_action_client.egg-info/PKG-INFO
[5.778s] writing dependency_links to ../../../../../build/examples_rclpy_minimal_action_client/examples_rclpy_minimal_action_client.egg-info/dependency_links.txt
[5.779s] writing entry points to ../../../../../build/examples_rclpy_minimal_action_client/examples_rclpy_minimal_action_client.egg-info/entry_points.txt
[5.786s] writing requirements to ../../../../../build/examples_rclpy_minimal_action_client/examples_rclpy_minimal_action_client.egg-info/requires.txt
[5.787s] writing top-level names to ../../../../../build/examples_rclpy_minimal_action_client/examples_rclpy_minimal_action_client.egg-info/top_level.txt
[5.788s] reading manifest file '../../../../../build/examples_rclpy_minimal_action_client/examples_rclpy_minimal_action_client.egg-info/SOURCES.txt'
[5.789s] writing manifest file '../../../../../build/examples_rclpy_minimal_action_client/examples_rclpy_minimal_action_client.egg-info/SOURCES.txt'
[5.790s] running build
[5.791s] running build_py
[5.800s] /usr/lib/python3/dist-packages/setuptools/command/install.py:34: SetuptoolsDeprecationWarning: setup.py install is deprecated. Use build and pip and other standards-based tools.
[5.801s]   warnings.warn(
[5.802s] running install
[5.803s] running install_lib
[5.805s] running install_data
[5.805s] running install_egg_info
[5.807s] removing '/home/ignatj/ros2_ws/install/examples_rclpy_minimal_action_client/lib/python3.10/site-packages/examples_rclpy_minimal_action_client-0.15.1-py3.10.egg-info' (and everything under it)
[5.808s] Copying ../../../../../build/examples_rclpy_minimal_action_client/examples_rclpy_minimal_action_client.egg-info to /home/ignatj/ros2_ws/install/examples_rclpy_minimal_action_client/lib/python3.10/site-packages/examples_rclpy_minimal_action_client-0.15.1-py3.10.egg-info
[5.810s] running install_scripts
[5.857s] Installing client script to /home/ignatj/ros2_ws/install/examples_rclpy_minimal_action_client/lib/examples_rclpy_minimal_action_client
[5.864s] Installing client_asyncio script to /home/ignatj/ros2_ws/install/examples_rclpy_minimal_action_client/lib/examples_rclpy_minimal_action_client
[5.864s] Installing client_cancel script to /home/ignatj/ros2_ws/install/examples_rclpy_minimal_action_client/lib/examples_rclpy_minimal_action_client
[5.865s] Installing client_not_composable script to /home/ignatj/ros2_ws/install/examples_rclpy_minimal_action_client/lib/examples_rclpy_minimal_action_client
[5.865s] writing list of installed files to '/home/ignatj/ros2_ws/build/examples_rclpy_minimal_action_client/install.log'
[6.672s] Invoked command in '/home/ignatj/ros2_ws/src/examples/rclpy/actions/minimal_action_client' returned '0': PYTHONPATH=/home/ignatj/ros2_ws/build/examples_rclpy_minimal_action_client/prefix_override:/home/ignatj/ros2_ws/install/examples_rclpy_minimal_action_client/lib/python3.10/site-packages:${PYTHONPATH} /usr/bin/python3 setup.py egg_info --egg-base ../../../../../build/examples_rclpy_minimal_action_client build --build-base /home/ignatj/ros2_ws/build/examples_rclpy_minimal_action_client/build install --record /home/ignatj/ros2_ws/build/examples_rclpy_minimal_action_client/install.log --single-version-externally-managed
