[4.075s] Invoking command in '/home/ignatj/ros2_ws/build/examples_rclpy_guard_conditions': PYTHONPATH=/home/ignatj/ros2_ws/build/examples_rclpy_guard_conditions/prefix_override:/home/ignatj/ros2_ws/install/examples_rclpy_guard_conditions/lib/python3.10/site-packages:${PYTHONPATH} /usr/bin/python3 setup.py develop --editable --build-directory /home/ignatj/ros2_ws/build/examples_rclpy_guard_conditions/build --no-deps install_data
[4.936s] running develop
[4.937s] /usr/lib/python3/dist-packages/setuptools/command/easy_install.py:158: EasyInstallDeprecationWarning: easy_install command is deprecated. Use build and pip and other standards-based tools.
[4.937s]   warnings.warn(
[4.941s] /usr/lib/python3/dist-packages/setuptools/command/install.py:34: SetuptoolsDeprecationWarning: setup.py install is deprecated. Use build and pip and other standards-based tools.
[4.942s]   warnings.warn(
[5.330s] running egg_info
[5.331s] writing examples_rclpy_guard_conditions.egg-info/PKG-INFO
[5.332s] writing dependency_links to examples_rclpy_guard_conditions.egg-info/dependency_links.txt
[5.349s] writing entry points to examples_rclpy_guard_conditions.egg-info/entry_points.txt
[5.350s] writing requirements to examples_rclpy_guard_conditions.egg-info/requires.txt
[5.352s] writing top-level names to examples_rclpy_guard_conditions.egg-info/top_level.txt
[5.359s] reading manifest file 'examples_rclpy_guard_conditions.egg-info/SOURCES.txt'
[5.359s] writing manifest file 'examples_rclpy_guard_conditions.egg-info/SOURCES.txt'
[5.363s] running build_ext
[5.363s] Creating /home/ignatj/ros2_ws/install/examples_rclpy_guard_conditions/lib/python3.10/site-packages/examples-rclpy-guard-conditions.egg-link (link to .)
[5.367s] Installing trigger_guard_condition script to /home/ignatj/ros2_ws/install/examples_rclpy_guard_conditions/lib/examples_rclpy_guard_conditions
[5.368s] 
[5.369s] Installed /home/ignatj/ros2_ws/build/examples_rclpy_guard_conditions
[5.369s] running install_data
[5.820s] Invoked command in '/home/ignatj/ros2_ws/build/examples_rclpy_guard_conditions' returned '0': PYTHONPATH=/home/ignatj/ros2_ws/build/examples_rclpy_guard_conditions/prefix_override:/home/ignatj/ros2_ws/install/examples_rclpy_guard_conditions/lib/python3.10/site-packages:${PYTHONPATH} /usr/bin/python3 setup.py develop --editable --build-directory /home/ignatj/ros2_ws/build/examples_rclpy_guard_conditions/build --no-deps install_data
