[3.802s] Invoking command in '/home/ignatj/ros2_ws/src/examples/rclpy/topics/pointcloud_publisher': PYTHONPATH=/home/ignatj/ros2_ws/build/examples_rclpy_pointcloud_publisher/prefix_override:/home/ignatj/ros2_ws/install/examples_rclpy_pointcloud_publisher/lib/python3.10/site-packages:${PYTHONPATH} /usr/bin/python3 setup.py egg_info --egg-base ../../../../../build/examples_rclpy_pointcloud_publisher build --build-base /home/ignatj/ros2_ws/build/examples_rclpy_pointcloud_publisher/build install --record /home/ignatj/ros2_ws/build/examples_rclpy_pointcloud_publisher/install.log --single-version-externally-managed
[4.368s] running egg_info
[4.369s] writing ../../../../../build/examples_rclpy_pointcloud_publisher/examples_rclpy_pointcloud_publisher.egg-info/PKG-INFO
[4.371s] writing dependency_links to ../../../../../build/examples_rclpy_pointcloud_publisher/examples_rclpy_pointcloud_publisher.egg-info/dependency_links.txt
[4.372s] writing entry points to ../../../../../build/examples_rclpy_pointcloud_publisher/examples_rclpy_pointcloud_publisher.egg-info/entry_points.txt
[4.373s] writing requirements to ../../../../../build/examples_rclpy_pointcloud_publisher/examples_rclpy_pointcloud_publisher.egg-info/requires.txt
[4.374s] writing top-level names to ../../../../../build/examples_rclpy_pointcloud_publisher/examples_rclpy_pointcloud_publisher.egg-info/top_level.txt
[4.377s] reading manifest file '../../../../../build/examples_rclpy_pointcloud_publisher/examples_rclpy_pointcloud_publisher.egg-info/SOURCES.txt'
[4.380s] writing manifest file '../../../../../build/examples_rclpy_pointcloud_publisher/examples_rclpy_pointcloud_publisher.egg-info/SOURCES.txt'
[4.381s] running build
[4.382s] running build_py
[4.382s] running install
[4.382s] /usr/lib/python3/dist-packages/setuptools/command/install.py:34: SetuptoolsDeprecationWarning: setup.py install is deprecated. Use build and pip and other standards-based tools.
[4.383s]   warnings.warn(
[4.383s] running install_lib
[4.392s] running install_data
[4.393s] running install_egg_info
[4.398s] removing '/home/ignatj/ros2_ws/install/examples_rclpy_pointcloud_publisher/lib/python3.10/site-packages/examples_rclpy_pointcloud_publisher-0.15.1-py3.10.egg-info' (and everything under it)
[4.399s] Copying ../../../../../build/examples_rclpy_pointcloud_publisher/examples_rclpy_pointcloud_publisher.egg-info to /home/ignatj/ros2_ws/install/examples_rclpy_pointcloud_publisher/lib/python3.10/site-packages/examples_rclpy_pointcloud_publisher-0.15.1-py3.10.egg-info
[4.403s] running install_scripts
[4.449s] Installing pointcloud_publisher script to /home/ignatj/ros2_ws/install/examples_rclpy_pointcloud_publisher/lib/examples_rclpy_pointcloud_publisher
[4.450s] writing list of installed files to '/home/ignatj/ros2_ws/build/examples_rclpy_pointcloud_publisher/install.log'
[5.175s] Invoked command in '/home/ignatj/ros2_ws/src/examples/rclpy/topics/pointcloud_publisher' returned '0': PYTHONPATH=/home/ignatj/ros2_ws/build/examples_rclpy_pointcloud_publisher/prefix_override:/home/ignatj/ros2_ws/install/examples_rclpy_pointcloud_publisher/lib/python3.10/site-packages:${PYTHONPATH} /usr/bin/python3 setup.py egg_info --egg-base ../../../../../build/examples_rclpy_pointcloud_publisher build --build-base /home/ignatj/ros2_ws/build/examples_rclpy_pointcloud_publisher/build install --record /home/ignatj/ros2_ws/build/examples_rclpy_pointcloud_publisher/install.log --single-version-externally-managed
