[5.649s] Invoking command in '/home/ignatj/ros2_ws/build/examples_rclpy_executors': PYTHONPATH=/home/ignatj/ros2_ws/build/examples_rclpy_executors/prefix_override:/home/ignatj/ros2_ws/install/examples_rclpy_executors/lib/python3.10/site-packages:${PYTHONPATH} /usr/bin/python3 setup.py develop --editable --build-directory /home/ignatj/ros2_ws/build/examples_rclpy_executors/build --no-deps install_data
[6.575s] running develop
[6.581s] /usr/lib/python3/dist-packages/setuptools/command/easy_install.py:158: EasyInstallDeprecationWarning: easy_install command is deprecated. Use build and pip and other standards-based tools.
[6.581s]   warnings.warn(
[6.586s] /usr/lib/python3/dist-packages/setuptools/command/install.py:34: SetuptoolsDeprecationWarning: setup.py install is deprecated. Use build and pip and other standards-based tools.
[6.587s]   warnings.warn(
[7.215s] running egg_info
[7.215s] creating examples_rclpy_executors.egg-info
[7.219s] writing examples_rclpy_executors.egg-info/PKG-INFO
[7.224s] writing dependency_links to examples_rclpy_executors.egg-info/dependency_links.txt
[7.225s] writing entry points to examples_rclpy_executors.egg-info/entry_points.txt
[7.227s] writing requirements to examples_rclpy_executors.egg-info/requires.txt
[7.227s] writing top-level names to examples_rclpy_executors.egg-info/top_level.txt
[7.228s] writing manifest file 'examples_rclpy_executors.egg-info/SOURCES.txt'
[7.240s] reading manifest file 'examples_rclpy_executors.egg-info/SOURCES.txt'
[7.244s] writing manifest file 'examples_rclpy_executors.egg-info/SOURCES.txt'
[7.251s] running build_ext
[7.252s] Creating /home/ignatj/ros2_ws/install/examples_rclpy_executors/lib/python3.10/site-packages/examples-rclpy-executors.egg-link (link to .)
[7.256s] Installing callback_group script to /home/ignatj/ros2_ws/install/examples_rclpy_executors/lib/examples_rclpy_executors
[7.258s] Installing composed script to /home/ignatj/ros2_ws/install/examples_rclpy_executors/lib/examples_rclpy_executors
[7.259s] Installing custom_callback_group script to /home/ignatj/ros2_ws/install/examples_rclpy_executors/lib/examples_rclpy_executors
[7.260s] Installing custom_executor script to /home/ignatj/ros2_ws/install/examples_rclpy_executors/lib/examples_rclpy_executors
[7.261s] Installing listener script to /home/ignatj/ros2_ws/install/examples_rclpy_executors/lib/examples_rclpy_executors
[7.262s] Installing talker script to /home/ignatj/ros2_ws/install/examples_rclpy_executors/lib/examples_rclpy_executors
[7.263s] 
[7.264s] Installed /home/ignatj/ros2_ws/build/examples_rclpy_executors
[7.265s] running install_data
[7.266s] creating /home/ignatj/ros2_ws/install/examples_rclpy_executors/share/ament_index
[7.266s] creating /home/ignatj/ros2_ws/install/examples_rclpy_executors/share/ament_index/resource_index
[7.267s] creating /home/ignatj/ros2_ws/install/examples_rclpy_executors/share/ament_index/resource_index/packages
[7.268s] copying resource/examples_rclpy_executors -> /home/ignatj/ros2_ws/install/examples_rclpy_executors/share/ament_index/resource_index/packages
[7.269s] copying package.xml -> /home/ignatj/ros2_ws/install/examples_rclpy_executors/share/examples_rclpy_executors
[7.411s] Invoked command in '/home/ignatj/ros2_ws/build/examples_rclpy_executors' returned '0': PYTHONPATH=/home/ignatj/ros2_ws/build/examples_rclpy_executors/prefix_override:/home/ignatj/ros2_ws/install/examples_rclpy_executors/lib/python3.10/site-packages:${PYTHONPATH} /usr/bin/python3 setup.py develop --editable --build-directory /home/ignatj/ros2_ws/build/examples_rclpy_executors/build --no-deps install_data
