[0.153s] Invoking command in '/home/ignatj/ros2_ws/build/turtlebot3_bringup': AMENT_PREFIX_PATH=/home/ignatj/ros2_ws/install/turtlebot3_node:/home/ignatj/ros2_ws/install/turtlebot3_description:${AMENT_PREFIX_PATH} CMAKE_PREFIX_PATH=/home/ignatj/ros2_ws/install/turtlebot3_node:/home/ignatj/ros2_ws/install/turtlebot3_description:/opt/ros/humble /usr/bin/cmake /home/ignatj/ros2_ws/src/turtlebot3/turtlebot3_bringup -DCMAKE_INSTALL_PREFIX=/home/ignatj/ros2_ws/install/turtlebot3_bringup
[0.180s] -- Found ament_cmake: 1.3.7 (/opt/ros/humble/share/ament_cmake/cmake)
[0.552s] -- Override CMake install command with custom implementation using symlinks instead of copying resources
[0.762s] -- Configuring done
[0.777s] -- Generating done
[0.781s] -- Build files have been written to: /home/ignatj/ros2_ws/build/turtlebot3_bringup
[0.922s] Invoked command in '/home/ignatj/ros2_ws/build/turtlebot3_bringup' returned '0': AMENT_PREFIX_PATH=/home/ignatj/ros2_ws/install/turtlebot3_node:/home/ignatj/ros2_ws/install/turtlebot3_description:${AMENT_PREFIX_PATH} CMAKE_PREFIX_PATH=/home/ignatj/ros2_ws/install/turtlebot3_node:/home/ignatj/ros2_ws/install/turtlebot3_description:/opt/ros/humble /usr/bin/cmake /home/ignatj/ros2_ws/src/turtlebot3/turtlebot3_bringup -DCMAKE_INSTALL_PREFIX=/home/ignatj/ros2_ws/install/turtlebot3_bringup
[0.925s] Invoking command in '/home/ignatj/ros2_ws/build/turtlebot3_bringup': AMENT_PREFIX_PATH=/home/ignatj/ros2_ws/install/turtlebot3_node:/home/ignatj/ros2_ws/install/turtlebot3_description:${AMENT_PREFIX_PATH} CMAKE_PREFIX_PATH=/home/ignatj/ros2_ws/install/turtlebot3_node:/home/ignatj/ros2_ws/install/turtlebot3_description:/opt/ros/humble /usr/bin/cmake --build /home/ignatj/ros2_ws/build/turtlebot3_bringup -- -j6 -l6
[1.158s] Invoked command in '/home/ignatj/ros2_ws/build/turtlebot3_bringup' returned '0': AMENT_PREFIX_PATH=/home/ignatj/ros2_ws/install/turtlebot3_node:/home/ignatj/ros2_ws/install/turtlebot3_description:${AMENT_PREFIX_PATH} CMAKE_PREFIX_PATH=/home/ignatj/ros2_ws/install/turtlebot3_node:/home/ignatj/ros2_ws/install/turtlebot3_description:/opt/ros/humble /usr/bin/cmake --build /home/ignatj/ros2_ws/build/turtlebot3_bringup -- -j6 -l6
[1.256s] Invoking command in '/home/ignatj/ros2_ws/build/turtlebot3_bringup': AMENT_PREFIX_PATH=/home/ignatj/ros2_ws/install/turtlebot3_node:/home/ignatj/ros2_ws/install/turtlebot3_description:${AMENT_PREFIX_PATH} CMAKE_PREFIX_PATH=/home/ignatj/ros2_ws/install/turtlebot3_node:/home/ignatj/ros2_ws/install/turtlebot3_description:/opt/ros/humble /usr/bin/cmake --install /home/ignatj/ros2_ws/build/turtlebot3_bringup
[1.288s] -- Install configuration: ""
[1.288s] -- Execute custom install script
[1.289s] -- Up-to-date symlink: /home/ignatj/ros2_ws/install/turtlebot3_bringup/share/turtlebot3_bringup/launch/robot.launch.py
[1.289s] -- Up-to-date symlink: /home/ignatj/ros2_ws/install/turtlebot3_bringup/share/turtlebot3_bringup/launch/rviz2.launch.py
[1.290s] -- Up-to-date symlink: /home/ignatj/ros2_ws/install/turtlebot3_bringup/share/turtlebot3_bringup/launch/turtlebot3_state_publisher.launch.py
[1.291s] -- Up-to-date symlink: /home/ignatj/ros2_ws/install/turtlebot3_bringup/share/turtlebot3_bringup/param/burger.yaml
[1.291s] -- Up-to-date symlink: /home/ignatj/ros2_ws/install/turtlebot3_bringup/share/turtlebot3_bringup/param/waffle.yaml
[1.292s] -- Up-to-date symlink: /home/ignatj/ros2_ws/install/turtlebot3_bringup/share/turtlebot3_bringup/param/waffle_pi.yaml
[1.293s] -- Up-to-date symlink: /home/ignatj/ros2_ws/install/turtlebot3_bringup/share/turtlebot3_bringup/script/99-turtlebot3-cdc.rules
[1.294s] -- Up-to-date symlink: /home/ignatj/ros2_ws/install/turtlebot3_bringup/share/turtlebot3_bringup/script/create_udev_rules
[1.295s] -- Up-to-date symlink: /home/ignatj/ros2_ws/install/turtlebot3_bringup/share/ament_index/resource_index/package_run_dependencies/turtlebot3_bringup
[1.296s] -- Up-to-date symlink: /home/ignatj/ros2_ws/install/turtlebot3_bringup/share/ament_index/resource_index/parent_prefix_path/turtlebot3_bringup
[1.297s] -- Up-to-date symlink: /home/ignatj/ros2_ws/install/turtlebot3_bringup/share/turtlebot3_bringup/environment/ament_prefix_path.sh
[1.297s] -- Up-to-date symlink: /home/ignatj/ros2_ws/install/turtlebot3_bringup/share/turtlebot3_bringup/environment/ament_prefix_path.dsv
[1.298s] -- Up-to-date symlink: /home/ignatj/ros2_ws/install/turtlebot3_bringup/share/turtlebot3_bringup/environment/path.sh
[1.299s] -- Up-to-date symlink: /home/ignatj/ros2_ws/install/turtlebot3_bringup/share/turtlebot3_bringup/environment/path.dsv
[1.300s] -- Up-to-date symlink: /home/ignatj/ros2_ws/install/turtlebot3_bringup/share/turtlebot3_bringup/local_setup.bash
[1.301s] -- Up-to-date symlink: /home/ignatj/ros2_ws/install/turtlebot3_bringup/share/turtlebot3_bringup/local_setup.sh
[1.302s] -- Up-to-date symlink: /home/ignatj/ros2_ws/install/turtlebot3_bringup/share/turtlebot3_bringup/local_setup.zsh
[1.303s] -- Up-to-date symlink: /home/ignatj/ros2_ws/install/turtlebot3_bringup/share/turtlebot3_bringup/local_setup.dsv
[1.304s] -- Symlinking: /home/ignatj/ros2_ws/install/turtlebot3_bringup/share/turtlebot3_bringup/package.dsv
[1.345s] -- Up-to-date symlink: /home/ignatj/ros2_ws/install/turtlebot3_bringup/share/ament_index/resource_index/packages/turtlebot3_bringup
[1.346s] -- Up-to-date symlink: /home/ignatj/ros2_ws/install/turtlebot3_bringup/share/turtlebot3_bringup/cmake/turtlebot3_bringupConfig.cmake
[1.346s] -- Up-to-date symlink: /home/ignatj/ros2_ws/install/turtlebot3_bringup/share/turtlebot3_bringup/cmake/turtlebot3_bringupConfig-version.cmake
[1.347s] -- Up-to-date symlink: /home/ignatj/ros2_ws/install/turtlebot3_bringup/share/turtlebot3_bringup/package.xml
[1.363s] Invoked command in '/home/ignatj/ros2_ws/build/turtlebot3_bringup' returned '0': AMENT_PREFIX_PATH=/home/ignatj/ros2_ws/install/turtlebot3_node:/home/ignatj/ros2_ws/install/turtlebot3_description:${AMENT_PREFIX_PATH} CMAKE_PREFIX_PATH=/home/ignatj/ros2_ws/install/turtlebot3_node:/home/ignatj/ros2_ws/install/turtlebot3_description:/opt/ros/humble /usr/bin/cmake --install /home/ignatj/ros2_ws/build/turtlebot3_bringup
