[0.660s] Invoking command in '/home/ignatj/ros2_ws/build/turtlebot3_navigation2': CMAKE_PREFIX_PATH=/opt/ros/humble /usr/bin/cmake /home/ignatj/ros2_ws/src/turtlebot3/turtlebot3_navigation2 -DAMENT_CMAKE_SYMLINK_INSTALL=1 -DCMAKE_INSTALL_PREFIX=/home/ignatj/ros2_ws/install/turtlebot3_navigation2
[0.847s] -- The C compiler identification is GNU 11.4.0
[0.973s] -- The CXX compiler identification is GNU 11.4.0
[0.987s] -- Detecting C compiler ABI info
[1.189s] -- Detecting C compiler ABI info - done
[1.205s] -- Check for working C compiler: /usr/bin/cc - skipped
[1.206s] -- Detecting C compile features
[1.207s] -- Detecting C compile features - done
[1.214s] -- Detecting CXX compiler ABI info
[1.463s] -- Detecting CXX compiler ABI info - done
[1.480s] -- Check for working CXX compiler: /usr/bin/c++ - skipped
[1.480s] -- Detecting CXX compile features
[1.481s] -- Detecting CXX compile features - done
[1.487s] -- Found ament_cmake: 1.3.7 (/opt/ros/humble/share/ament_cmake/cmake)
[1.922s] -- Found Python3: /usr/bin/python3.10 (found version "3.10.12") found components: Interpreter 
[2.117s] -- Override CMake install command with custom implementation using symlinks instead of copying resources
[2.357s] -- Configuring done
[2.365s] -- Generating done
[2.367s] -- Build files have been written to: /home/ignatj/ros2_ws/build/turtlebot3_navigation2
[2.649s] Invoked command in '/home/ignatj/ros2_ws/build/turtlebot3_navigation2' returned '0': CMAKE_PREFIX_PATH=/opt/ros/humble /usr/bin/cmake /home/ignatj/ros2_ws/src/turtlebot3/turtlebot3_navigation2 -DAMENT_CMAKE_SYMLINK_INSTALL=1 -DCMAKE_INSTALL_PREFIX=/home/ignatj/ros2_ws/install/turtlebot3_navigation2
[2.651s] Invoking command in '/home/ignatj/ros2_ws/build/turtlebot3_navigation2': CMAKE_PREFIX_PATH=/opt/ros/humble /usr/bin/cmake --build /home/ignatj/ros2_ws/build/turtlebot3_navigation2 -- -j6 -l6
[2.788s] Invoked command in '/home/ignatj/ros2_ws/build/turtlebot3_navigation2' returned '0': CMAKE_PREFIX_PATH=/opt/ros/humble /usr/bin/cmake --build /home/ignatj/ros2_ws/build/turtlebot3_navigation2 -- -j6 -l6
[2.880s] Invoking command in '/home/ignatj/ros2_ws/build/turtlebot3_navigation2': CMAKE_PREFIX_PATH=/opt/ros/humble /usr/bin/cmake --install /home/ignatj/ros2_ws/build/turtlebot3_navigation2
[2.903s] -- Install configuration: ""
[2.904s] -- Execute custom install script
[2.919s] -- Symlinking: /home/ignatj/ros2_ws/install/turtlebot3_navigation2/share/turtlebot3_navigation2/launch/navigation2.launch.py
[2.972s] -- Symlinking: /home/ignatj/ros2_ws/install/turtlebot3_navigation2/share/turtlebot3_navigation2/map/map.pgm
[3.020s] -- Symlinking: /home/ignatj/ros2_ws/install/turtlebot3_navigation2/share/turtlebot3_navigation2/map/map.yaml
[3.072s] -- Symlinking: /home/ignatj/ros2_ws/install/turtlebot3_navigation2/share/turtlebot3_navigation2/param/burger.yaml
[3.143s] -- Symlinking: /home/ignatj/ros2_ws/install/turtlebot3_navigation2/share/turtlebot3_navigation2/param/waffle.yaml
[3.202s] -- Symlinking: /home/ignatj/ros2_ws/install/turtlebot3_navigation2/share/turtlebot3_navigation2/param/waffle_pi.yaml
[3.252s] -- Symlinking: /home/ignatj/ros2_ws/install/turtlebot3_navigation2/share/turtlebot3_navigation2/rviz/tb3_navigation2.rviz
[3.347s] -- Symlinking: /home/ignatj/ros2_ws/install/turtlebot3_navigation2/share/ament_index/resource_index/package_run_dependencies/turtlebot3_navigation2
[3.373s] -- Symlinking: /home/ignatj/ros2_ws/install/turtlebot3_navigation2/share/ament_index/resource_index/parent_prefix_path/turtlebot3_navigation2
[3.404s] -- Symlinking: /home/ignatj/ros2_ws/install/turtlebot3_navigation2/share/turtlebot3_navigation2/environment/ament_prefix_path.sh
[3.438s] -- Symlinking: /home/ignatj/ros2_ws/install/turtlebot3_navigation2/share/turtlebot3_navigation2/environment/ament_prefix_path.dsv
[3.473s] -- Symlinking: /home/ignatj/ros2_ws/install/turtlebot3_navigation2/share/turtlebot3_navigation2/environment/path.sh
[3.521s] -- Symlinking: /home/ignatj/ros2_ws/install/turtlebot3_navigation2/share/turtlebot3_navigation2/environment/path.dsv
[3.607s] -- Symlinking: /home/ignatj/ros2_ws/install/turtlebot3_navigation2/share/turtlebot3_navigation2/local_setup.bash
[3.729s] -- Symlinking: /home/ignatj/ros2_ws/install/turtlebot3_navigation2/share/turtlebot3_navigation2/local_setup.sh
[3.816s] -- Symlinking: /home/ignatj/ros2_ws/install/turtlebot3_navigation2/share/turtlebot3_navigation2/local_setup.zsh
[3.880s] -- Symlinking: /home/ignatj/ros2_ws/install/turtlebot3_navigation2/share/turtlebot3_navigation2/local_setup.dsv
[3.948s] -- Symlinking: /home/ignatj/ros2_ws/install/turtlebot3_navigation2/share/turtlebot3_navigation2/package.dsv
[4.008s] -- Symlinking: /home/ignatj/ros2_ws/install/turtlebot3_navigation2/share/ament_index/resource_index/packages/turtlebot3_navigation2
[4.060s] -- Symlinking: /home/ignatj/ros2_ws/install/turtlebot3_navigation2/share/turtlebot3_navigation2/cmake/turtlebot3_navigation2Config.cmake
[4.132s] -- Symlinking: /home/ignatj/ros2_ws/install/turtlebot3_navigation2/share/turtlebot3_navigation2/cmake/turtlebot3_navigation2Config-version.cmake
[4.244s] -- Symlinking: /home/ignatj/ros2_ws/install/turtlebot3_navigation2/share/turtlebot3_navigation2/package.xml
[4.351s] Invoked command in '/home/ignatj/ros2_ws/build/turtlebot3_navigation2' returned '0': CMAKE_PREFIX_PATH=/opt/ros/humble /usr/bin/cmake --install /home/ignatj/ros2_ws/build/turtlebot3_navigation2
