[0.474s] Invoking command in '/home/ignatj/ros2_ws/build/examples_rclcpp_cbg_executor': CMAKE_PREFIX_PATH=/opt/ros/humble /usr/bin/cmake /home/ignatj/ros2_ws/src/examples/rclcpp/executors/cbg_executor -DCMAKE_INSTALL_PREFIX=/home/ignatj/ros2_ws/install/examples_rclcpp_cbg_executor
[0.920s] -- Found ament_cmake: 1.3.7 (/opt/ros/humble/share/ament_cmake/cmake)
[1.857s] -- Override CMake install command with custom implementation using symlinks instead of copying resources
[1.910s] -- Found rclcpp: 16.0.8 (/opt/ros/humble/share/rclcpp/cmake)
[2.084s] -- Found rosidl_generator_c: 3.1.5 (/opt/ros/humble/share/rosidl_generator_c/cmake)
[2.100s] -- Found rosidl_adapter: 3.1.5 (/opt/ros/humble/share/rosidl_adapter/cmake)
[2.138s] -- Found rosidl_generator_cpp: 3.1.5 (/opt/ros/humble/share/rosidl_generator_cpp/cmake)
[2.185s] -- Using all available rosidl_typesupport_c: rosidl_typesupport_fastrtps_c;rosidl_typesupport_introspection_c
[2.253s] -- Using all available rosidl_typesupport_cpp: rosidl_typesupport_fastrtps_cpp;rosidl_typesupport_introspection_cpp
[2.556s] -- Found rmw_implementation_cmake: 6.1.1 (/opt/ros/humble/share/rmw_implementation_cmake/cmake)
[2.565s] -- Found rmw_fastrtps_cpp: 6.2.6 (/opt/ros/humble/share/rmw_fastrtps_cpp/cmake)
[3.016s] -- Using RMW implementation 'rmw_fastrtps_cpp' as default
[3.596s] -- Found ament_lint_auto: 0.12.10 (/opt/ros/humble/share/ament_lint_auto/cmake)
[4.004s] -- Added test 'copyright' to check source files copyright and LICENSE
[4.015s] -- Added test 'cppcheck' to perform static code analysis on C / C++ code
[4.015s] -- Configured cppcheck include dirs: /home/ignatj/ros2_ws/src/examples/rclcpp/executors/cbg_executor/include
[4.016s] -- Configured cppcheck exclude dirs and/or files: 
[4.019s] -- Added test 'cpplint' to check C / C++ code against the Google style
[4.019s] -- Configured cpplint exclude dirs and/or files: 
[4.023s] -- Added test 'lint_cmake' to check CMake code style
[4.028s] -- Added test 'uncrustify' to check C / C++ code style
[4.030s] -- Configured uncrustify additional arguments: 
[4.033s] -- Added test 'xmllint' to check XML markup files
[4.057s] -- Configuring done
[4.336s] -- Generating done
[4.371s] -- Build files have been written to: /home/ignatj/ros2_ws/build/examples_rclcpp_cbg_executor
[4.425s] Invoked command in '/home/ignatj/ros2_ws/build/examples_rclcpp_cbg_executor' returned '0': CMAKE_PREFIX_PATH=/opt/ros/humble /usr/bin/cmake /home/ignatj/ros2_ws/src/examples/rclcpp/executors/cbg_executor -DCMAKE_INSTALL_PREFIX=/home/ignatj/ros2_ws/install/examples_rclcpp_cbg_executor
[4.427s] Invoking command in '/home/ignatj/ros2_ws/build/examples_rclcpp_cbg_executor': CMAKE_PREFIX_PATH=/opt/ros/humble /usr/bin/cmake --build /home/ignatj/ros2_ws/build/examples_rclcpp_cbg_executor -- -j6 -l6
[4.754s] [35m[1mConsolidate compiler generated dependencies of target ping[0m
[4.754s] [35m[1mConsolidate compiler generated dependencies of target pong[0m
[4.755s] [35m[1mConsolidate compiler generated dependencies of target ping_pong[0m
[4.832s] [ 30%] Built target pong
[4.842s] [ 60%] Built target ping
[4.868s] [100%] Built target ping_pong
[4.922s] Invoked command in '/home/ignatj/ros2_ws/build/examples_rclcpp_cbg_executor' returned '0': CMAKE_PREFIX_PATH=/opt/ros/humble /usr/bin/cmake --build /home/ignatj/ros2_ws/build/examples_rclcpp_cbg_executor -- -j6 -l6
[5.302s] Invoking command in '/home/ignatj/ros2_ws/build/examples_rclcpp_cbg_executor': CMAKE_PREFIX_PATH=/opt/ros/humble /usr/bin/cmake --install /home/ignatj/ros2_ws/build/examples_rclcpp_cbg_executor
[5.334s] -- Install configuration: ""
[5.338s] -- Execute custom install script
[5.340s] -- Up-to-date symlink: /home/ignatj/ros2_ws/install/examples_rclcpp_cbg_executor/lib/examples_rclcpp_cbg_executor/ping
[5.342s] -- Up-to-date symlink: /home/ignatj/ros2_ws/install/examples_rclcpp_cbg_executor/lib/examples_rclcpp_cbg_executor/pong
[5.344s] -- Up-to-date symlink: /home/ignatj/ros2_ws/install/examples_rclcpp_cbg_executor/lib/examples_rclcpp_cbg_executor/ping_pong
[5.348s] -- Up-to-date symlink: /home/ignatj/ros2_ws/install/examples_rclcpp_cbg_executor/include/examples_rclcpp_cbg_executor/ping_node.hpp
[5.350s] -- Up-to-date symlink: /home/ignatj/ros2_ws/install/examples_rclcpp_cbg_executor/include/examples_rclcpp_cbg_executor/pong_node.hpp
[5.353s] -- Up-to-date symlink: /home/ignatj/ros2_ws/install/examples_rclcpp_cbg_executor/share/ament_index/resource_index/package_run_dependencies/examples_rclcpp_cbg_executor
[5.357s] -- Up-to-date symlink: /home/ignatj/ros2_ws/install/examples_rclcpp_cbg_executor/share/ament_index/resource_index/parent_prefix_path/examples_rclcpp_cbg_executor
[5.360s] -- Up-to-date symlink: /home/ignatj/ros2_ws/install/examples_rclcpp_cbg_executor/share/examples_rclcpp_cbg_executor/environment/ament_prefix_path.sh
[5.363s] -- Up-to-date symlink: /home/ignatj/ros2_ws/install/examples_rclcpp_cbg_executor/share/examples_rclcpp_cbg_executor/environment/ament_prefix_path.dsv
[5.366s] -- Up-to-date symlink: /home/ignatj/ros2_ws/install/examples_rclcpp_cbg_executor/share/examples_rclcpp_cbg_executor/environment/path.sh
[5.369s] -- Up-to-date symlink: /home/ignatj/ros2_ws/install/examples_rclcpp_cbg_executor/share/examples_rclcpp_cbg_executor/environment/path.dsv
[5.373s] -- Up-to-date symlink: /home/ignatj/ros2_ws/install/examples_rclcpp_cbg_executor/share/examples_rclcpp_cbg_executor/local_setup.bash
[5.381s] -- Up-to-date symlink: /home/ignatj/ros2_ws/install/examples_rclcpp_cbg_executor/share/examples_rclcpp_cbg_executor/local_setup.sh
[5.381s] -- Up-to-date symlink: /home/ignatj/ros2_ws/install/examples_rclcpp_cbg_executor/share/examples_rclcpp_cbg_executor/local_setup.zsh
[5.385s] -- Up-to-date symlink: /home/ignatj/ros2_ws/install/examples_rclcpp_cbg_executor/share/examples_rclcpp_cbg_executor/local_setup.dsv
[5.387s] -- Symlinking: /home/ignatj/ros2_ws/install/examples_rclcpp_cbg_executor/share/examples_rclcpp_cbg_executor/package.dsv
[5.435s] -- Up-to-date symlink: /home/ignatj/ros2_ws/install/examples_rclcpp_cbg_executor/share/ament_index/resource_index/packages/examples_rclcpp_cbg_executor
[5.438s] -- Up-to-date symlink: /home/ignatj/ros2_ws/install/examples_rclcpp_cbg_executor/share/examples_rclcpp_cbg_executor/cmake/ament_cmake_export_dependencies-extras.cmake
[5.439s] -- Up-to-date symlink: /home/ignatj/ros2_ws/install/examples_rclcpp_cbg_executor/share/examples_rclcpp_cbg_executor/cmake/examples_rclcpp_cbg_executorConfig.cmake
[5.449s] -- Up-to-date symlink: /home/ignatj/ros2_ws/install/examples_rclcpp_cbg_executor/share/examples_rclcpp_cbg_executor/cmake/examples_rclcpp_cbg_executorConfig-version.cmake
[5.450s] -- Up-to-date symlink: /home/ignatj/ros2_ws/install/examples_rclcpp_cbg_executor/share/examples_rclcpp_cbg_executor/package.xml
[5.734s] Invoked command in '/home/ignatj/ros2_ws/build/examples_rclcpp_cbg_executor' returned '0': CMAKE_PREFIX_PATH=/opt/ros/humble /usr/bin/cmake --install /home/ignatj/ros2_ws/build/examples_rclcpp_cbg_executor
