[0.885s] Invoking command in '/home/ignatj/ros2_ws/build/examples_rclcpp_minimal_timer': CMAKE_PREFIX_PATH=/opt/ros/humble /usr/bin/cmake /home/ignatj/ros2_ws/src/examples/rclcpp/timers/minimal_timer -DAMENT_CMAKE_SYMLINK_INSTALL=1 -DCMAKE_INSTALL_PREFIX=/home/ignatj/ros2_ws/install/examples_rclcpp_minimal_timer
[3.673s] -- The C compiler identification is GNU 11.4.0
[3.674s] -- The CXX compiler identification is GNU 11.4.0
[3.676s] -- Detecting C compiler ABI info
[3.677s] -- Detecting C compiler ABI info - done
[3.680s] -- Check for working C compiler: /usr/bin/cc - skipped
[3.682s] -- Detecting C compile features
[3.694s] -- Detecting C compile features - done
[3.695s] -- Detecting CXX compiler ABI info
[3.695s] -- Detecting CXX compiler ABI info - done
[3.696s] -- Check for working CXX compiler: /usr/bin/c++ - skipped
[3.696s] -- Detecting CXX compile features
[3.696s] -- Detecting CXX compile features - done
[3.697s] -- Found ament_cmake: 1.3.7 (/opt/ros/humble/share/ament_cmake/cmake)
[4.713s] -- Found Python3: /usr/bin/python3.10 (found version "3.10.12") found components: Interpreter 
[5.361s] -- Override CMake install command with custom implementation using symlinks instead of copying resources
[5.496s] -- Found rclcpp: 16.0.8 (/opt/ros/humble/share/rclcpp/cmake)
[5.945s] -- Found rosidl_generator_c: 3.1.5 (/opt/ros/humble/share/rosidl_generator_c/cmake)
[5.959s] -- Found rosidl_adapter: 3.1.5 (/opt/ros/humble/share/rosidl_adapter/cmake)
[5.985s] -- Found rosidl_generator_cpp: 3.1.5 (/opt/ros/humble/share/rosidl_generator_cpp/cmake)
[6.051s] -- Using all available rosidl_typesupport_c: rosidl_typesupport_fastrtps_c;rosidl_typesupport_introspection_c
[6.110s] -- Using all available rosidl_typesupport_cpp: rosidl_typesupport_fastrtps_cpp;rosidl_typesupport_introspection_cpp
[6.507s] -- Found rmw_implementation_cmake: 6.1.1 (/opt/ros/humble/share/rmw_implementation_cmake/cmake)
[6.517s] -- Found rmw_fastrtps_cpp: 6.2.6 (/opt/ros/humble/share/rmw_fastrtps_cpp/cmake)
[7.174s] -- Found OpenSSL: /usr/lib/x86_64-linux-gnu/libcrypto.so (found version "3.0.2")  
[7.590s] -- Found FastRTPS: /opt/ros/humble/include  
[7.830s] -- Using RMW implementation 'rmw_fastrtps_cpp' as default
[7.873s] -- Looking for pthread.h
[8.511s] -- Looking for pthread.h - found
[8.514s] -- Performing Test CMAKE_HAVE_LIBC_PTHREAD
[9.526s] -- Performing Test CMAKE_HAVE_LIBC_PTHREAD - Success
[9.530s] -- Found Threads: TRUE  
[11.219s] -- Found ament_lint_auto: 0.12.10 (/opt/ros/humble/share/ament_lint_auto/cmake)
[11.976s] -- Added test 'copyright' to check source files copyright and LICENSE
[11.976s] -- Added test 'cppcheck' to perform static code analysis on C / C++ code
[11.977s] -- Configured cppcheck include dirs: 
[11.977s] -- Configured cppcheck exclude dirs and/or files: 
[11.977s] -- Added test 'cpplint' to check C / C++ code against the Google style
[11.978s] -- Configured cpplint exclude dirs and/or files: 
[11.982s] -- Added test 'lint_cmake' to check CMake code style
[12.004s] -- Added test 'uncrustify' to check C / C++ code style
[12.004s] -- Configured uncrustify additional arguments: 
[12.004s] -- Added test 'xmllint' to check XML markup files
[12.005s] -- Configuring done
[12.263s] -- Generating done
[12.298s] -- Build files have been written to: /home/ignatj/ros2_ws/build/examples_rclcpp_minimal_timer
[12.443s] Invoked command in '/home/ignatj/ros2_ws/build/examples_rclcpp_minimal_timer' returned '0': CMAKE_PREFIX_PATH=/opt/ros/humble /usr/bin/cmake /home/ignatj/ros2_ws/src/examples/rclcpp/timers/minimal_timer -DAMENT_CMAKE_SYMLINK_INSTALL=1 -DCMAKE_INSTALL_PREFIX=/home/ignatj/ros2_ws/install/examples_rclcpp_minimal_timer
[12.444s] Invoking command in '/home/ignatj/ros2_ws/build/examples_rclcpp_minimal_timer': CMAKE_PREFIX_PATH=/opt/ros/humble /usr/bin/cmake --build /home/ignatj/ros2_ws/build/examples_rclcpp_minimal_timer -- -j6 -l6
[29.321s] [ 25%] [32mBuilding CXX object CMakeFiles/timer_lambda.dir/lambda.cpp.o[0m
[30.817s] [ 50%] [32m[1mLinking CXX executable timer_lambda[0m
[31.353s] [ 50%] Built target timer_lambda
[31.432s] [ 75%] [32mBuilding CXX object CMakeFiles/timer_member_function.dir/member_function.cpp.o[0m
[41.593s] [100%] [32m[1mLinking CXX executable timer_member_function[0m
[42.196s] [100%] Built target timer_member_function
[42.252s] Invoked command in '/home/ignatj/ros2_ws/build/examples_rclcpp_minimal_timer' returned '0': CMAKE_PREFIX_PATH=/opt/ros/humble /usr/bin/cmake --build /home/ignatj/ros2_ws/build/examples_rclcpp_minimal_timer -- -j6 -l6
[42.497s] Invoking command in '/home/ignatj/ros2_ws/build/examples_rclcpp_minimal_timer': CMAKE_PREFIX_PATH=/opt/ros/humble /usr/bin/cmake --install /home/ignatj/ros2_ws/build/examples_rclcpp_minimal_timer
[42.524s] -- Install configuration: ""
[42.527s] -- Execute custom install script
[42.529s] -- Symlinking: /home/ignatj/ros2_ws/install/examples_rclcpp_minimal_timer/lib/examples_rclcpp_minimal_timer/timer_lambda
[42.582s] -- Symlinking: /home/ignatj/ros2_ws/install/examples_rclcpp_minimal_timer/lib/examples_rclcpp_minimal_timer/timer_member_function
[42.617s] -- Symlinking: /home/ignatj/ros2_ws/install/examples_rclcpp_minimal_timer/share/ament_index/resource_index/package_run_dependencies/examples_rclcpp_minimal_timer
[42.657s] -- Symlinking: /home/ignatj/ros2_ws/install/examples_rclcpp_minimal_timer/share/ament_index/resource_index/parent_prefix_path/examples_rclcpp_minimal_timer
[42.708s] -- Symlinking: /home/ignatj/ros2_ws/install/examples_rclcpp_minimal_timer/share/examples_rclcpp_minimal_timer/environment/ament_prefix_path.sh
[42.756s] -- Symlinking: /home/ignatj/ros2_ws/install/examples_rclcpp_minimal_timer/share/examples_rclcpp_minimal_timer/environment/ament_prefix_path.dsv
[42.796s] -- Symlinking: /home/ignatj/ros2_ws/install/examples_rclcpp_minimal_timer/share/examples_rclcpp_minimal_timer/environment/path.sh
[42.846s] -- Symlinking: /home/ignatj/ros2_ws/install/examples_rclcpp_minimal_timer/share/examples_rclcpp_minimal_timer/environment/path.dsv
[42.878s] -- Symlinking: /home/ignatj/ros2_ws/install/examples_rclcpp_minimal_timer/share/examples_rclcpp_minimal_timer/local_setup.bash
[42.906s] -- Symlinking: /home/ignatj/ros2_ws/install/examples_rclcpp_minimal_timer/share/examples_rclcpp_minimal_timer/local_setup.sh
[42.940s] -- Symlinking: /home/ignatj/ros2_ws/install/examples_rclcpp_minimal_timer/share/examples_rclcpp_minimal_timer/local_setup.zsh
[42.997s] -- Symlinking: /home/ignatj/ros2_ws/install/examples_rclcpp_minimal_timer/share/examples_rclcpp_minimal_timer/local_setup.dsv
[43.035s] -- Symlinking: /home/ignatj/ros2_ws/install/examples_rclcpp_minimal_timer/share/examples_rclcpp_minimal_timer/package.dsv
[43.070s] -- Symlinking: /home/ignatj/ros2_ws/install/examples_rclcpp_minimal_timer/share/ament_index/resource_index/packages/examples_rclcpp_minimal_timer
[43.106s] -- Symlinking: /home/ignatj/ros2_ws/install/examples_rclcpp_minimal_timer/share/examples_rclcpp_minimal_timer/cmake/examples_rclcpp_minimal_timerConfig.cmake
[43.160s] -- Symlinking: /home/ignatj/ros2_ws/install/examples_rclcpp_minimal_timer/share/examples_rclcpp_minimal_timer/cmake/examples_rclcpp_minimal_timerConfig-version.cmake
[43.191s] -- Symlinking: /home/ignatj/ros2_ws/install/examples_rclcpp_minimal_timer/share/examples_rclcpp_minimal_timer/package.xml
[43.256s] Invoked command in '/home/ignatj/ros2_ws/build/examples_rclcpp_minimal_timer' returned '0': CMAKE_PREFIX_PATH=/opt/ros/humble /usr/bin/cmake --install /home/ignatj/ros2_ws/build/examples_rclcpp_minimal_timer
