[0.547s] Invoking command in '/home/ignatj/ros2_ws/build/turtlebot3_description': CMAKE_PREFIX_PATH=/opt/ros/humble /usr/bin/cmake /home/ignatj/ros2_ws/src/turtlebot3/turtlebot3_description -DAMENT_CMAKE_SYMLINK_INSTALL=1 -DCMAKE_INSTALL_PREFIX=/home/ignatj/ros2_ws/install/turtlebot3_description
[1.324s] -- The C compiler identification is GNU 11.4.0
[1.393s] -- The CXX compiler identification is GNU 11.4.0
[1.433s] -- Detecting C compiler ABI info
[1.719s] -- Detecting C compiler ABI info - done
[1.735s] -- Check for working C compiler: /usr/bin/cc - skipped
[1.737s] -- Detecting C compile features
[1.742s] -- Detecting C compile features - done
[1.753s] -- Detecting CXX compiler ABI info
[2.006s] -- Detecting CXX compiler ABI info - done
[2.023s] -- Check for working CXX compiler: /usr/bin/c++ - skipped
[2.025s] -- Detecting CXX compile features
[2.027s] -- Detecting CXX compile features - done
[2.034s] -- Found ament_cmake: 1.3.7 (/opt/ros/humble/share/ament_cmake/cmake)
[2.563s] -- Found Python3: /usr/bin/python3.10 (found version "3.10.12") found components: Interpreter 
[2.782s] -- Override CMake install command with custom implementation using symlinks instead of copying resources
[2.941s] -- Found urdf: 2.6.0 (/opt/ros/humble/share/urdf/cmake)
[3.324s] -- Configuring done
[3.333s] -- Generating done
[3.335s] -- Build files have been written to: /home/ignatj/ros2_ws/build/turtlebot3_description
[3.356s] Invoked command in '/home/ignatj/ros2_ws/build/turtlebot3_description' returned '0': CMAKE_PREFIX_PATH=/opt/ros/humble /usr/bin/cmake /home/ignatj/ros2_ws/src/turtlebot3/turtlebot3_description -DAMENT_CMAKE_SYMLINK_INSTALL=1 -DCMAKE_INSTALL_PREFIX=/home/ignatj/ros2_ws/install/turtlebot3_description
[3.357s] Invoking command in '/home/ignatj/ros2_ws/build/turtlebot3_description': CMAKE_PREFIX_PATH=/opt/ros/humble /usr/bin/cmake --build /home/ignatj/ros2_ws/build/turtlebot3_description -- -j6 -l6
[3.502s] Invoked command in '/home/ignatj/ros2_ws/build/turtlebot3_description' returned '0': CMAKE_PREFIX_PATH=/opt/ros/humble /usr/bin/cmake --build /home/ignatj/ros2_ws/build/turtlebot3_description -- -j6 -l6
[3.605s] Invoking command in '/home/ignatj/ros2_ws/build/turtlebot3_description': CMAKE_PREFIX_PATH=/opt/ros/humble /usr/bin/cmake --install /home/ignatj/ros2_ws/build/turtlebot3_description
[4.077s] -- Install configuration: ""
[4.078s] -- Execute custom install script
[4.078s] -- Symlinking: /home/ignatj/ros2_ws/install/turtlebot3_description/share/turtlebot3_description/meshes/bases/burger_base.stl
[4.078s] -- Symlinking: /home/ignatj/ros2_ws/install/turtlebot3_description/share/turtlebot3_description/meshes/bases/waffle_base.stl
[4.078s] -- Symlinking: /home/ignatj/ros2_ws/install/turtlebot3_description/share/turtlebot3_description/meshes/bases/waffle_pi_base.stl
[4.078s] -- Symlinking: /home/ignatj/ros2_ws/install/turtlebot3_description/share/turtlebot3_description/meshes/sensors/astra.dae
[4.078s] -- Symlinking: /home/ignatj/ros2_ws/install/turtlebot3_description/share/turtlebot3_description/meshes/sensors/astra.jpg
[4.078s] -- Symlinking: /home/ignatj/ros2_ws/install/turtlebot3_description/share/turtlebot3_description/meshes/sensors/lds.stl
[4.079s] -- Symlinking: /home/ignatj/ros2_ws/install/turtlebot3_description/share/turtlebot3_description/meshes/sensors/r200.dae
[4.079s] -- Symlinking: /home/ignatj/ros2_ws/install/turtlebot3_description/share/turtlebot3_description/meshes/sensors/r200.jpg
[4.079s] -- Symlinking: /home/ignatj/ros2_ws/install/turtlebot3_description/share/turtlebot3_description/meshes/wheels/left_tire.stl
[4.079s] -- Symlinking: /home/ignatj/ros2_ws/install/turtlebot3_description/share/turtlebot3_description/meshes/wheels/right_tire.stl
[4.079s] -- Symlinking: /home/ignatj/ros2_ws/install/turtlebot3_description/share/turtlebot3_description/rviz/model.rviz
[4.080s] -- Symlinking: /home/ignatj/ros2_ws/install/turtlebot3_description/share/turtlebot3_description/urdf/common_properties.urdf
[4.080s] -- Symlinking: /home/ignatj/ros2_ws/install/turtlebot3_description/share/turtlebot3_description/urdf/turtlebot3_burger.urdf
[4.080s] -- Symlinking: /home/ignatj/ros2_ws/install/turtlebot3_description/share/turtlebot3_description/urdf/turtlebot3_waffle.urdf
[4.080s] -- Symlinking: /home/ignatj/ros2_ws/install/turtlebot3_description/share/turtlebot3_description/urdf/turtlebot3_waffle_pi.urdf
[4.080s] -- Symlinking: /home/ignatj/ros2_ws/install/turtlebot3_description/share/ament_index/resource_index/package_run_dependencies/turtlebot3_description
[4.102s] -- Symlinking: /home/ignatj/ros2_ws/install/turtlebot3_description/share/ament_index/resource_index/parent_prefix_path/turtlebot3_description
[4.133s] -- Symlinking: /home/ignatj/ros2_ws/install/turtlebot3_description/share/turtlebot3_description/environment/ament_prefix_path.sh
[4.178s] -- Symlinking: /home/ignatj/ros2_ws/install/turtlebot3_description/share/turtlebot3_description/environment/ament_prefix_path.dsv
[4.204s] -- Symlinking: /home/ignatj/ros2_ws/install/turtlebot3_description/share/turtlebot3_description/environment/path.sh
[4.236s] -- Symlinking: /home/ignatj/ros2_ws/install/turtlebot3_description/share/turtlebot3_description/environment/path.dsv
[4.263s] -- Symlinking: /home/ignatj/ros2_ws/install/turtlebot3_description/share/turtlebot3_description/local_setup.bash
[4.293s] -- Symlinking: /home/ignatj/ros2_ws/install/turtlebot3_description/share/turtlebot3_description/local_setup.sh
[4.323s] -- Symlinking: /home/ignatj/ros2_ws/install/turtlebot3_description/share/turtlebot3_description/local_setup.zsh
[4.351s] -- Symlinking: /home/ignatj/ros2_ws/install/turtlebot3_description/share/turtlebot3_description/local_setup.dsv
[4.379s] -- Symlinking: /home/ignatj/ros2_ws/install/turtlebot3_description/share/turtlebot3_description/package.dsv
[4.410s] -- Symlinking: /home/ignatj/ros2_ws/install/turtlebot3_description/share/ament_index/resource_index/packages/turtlebot3_description
[4.434s] -- Symlinking: /home/ignatj/ros2_ws/install/turtlebot3_description/share/turtlebot3_description/cmake/turtlebot3_descriptionConfig.cmake
[4.456s] -- Symlinking: /home/ignatj/ros2_ws/install/turtlebot3_description/share/turtlebot3_description/cmake/turtlebot3_descriptionConfig-version.cmake
[4.483s] -- Symlinking: /home/ignatj/ros2_ws/install/turtlebot3_description/share/turtlebot3_description/package.xml
[4.934s] Invoked command in '/home/ignatj/ros2_ws/build/turtlebot3_description' returned '0': CMAKE_PREFIX_PATH=/opt/ros/humble /usr/bin/cmake --install /home/ignatj/ros2_ws/build/turtlebot3_description
