[0.847s] Invoking command in '/home/ignatj/ros2_ws/build/turtlebot3_teleop': /usr/bin/cmake /home/ignatj/ros2_ws/src/turtlebot3/turtlebot3_teleop -DCATKIN_INSTALL_INTO_PREFIX_ROOT=0 -DCATKIN_SYMLINK_INSTALL=ON -DCMAKE_INSTALL_PREFIX=/home/ignatj/ros2_ws/install/turtlebot3_teleop
[0.892s] [0mCMake Deprecation Warning at CMakeLists.txt:4 (cmake_minimum_required):
[0.893s]   Compatibility with CMake < 2.8.12 will be removed from a future version of
[0.893s]   CMake.
[0.893s] 
[0.893s]   Update the VERSION argument <min> value or use a ...<max> suffix to tell
[0.893s]   CMake that the project does not need compatibility with older versions.
[0.894s] 
[0.894s] [0m
[1.412s] -- The C compiler identification is GNU 11.4.0
[1.775s] -- The CXX compiler identification is GNU 11.4.0
[1.808s] -- Detecting C compiler ABI info
[2.054s] -- Detecting C compiler ABI info - done
[2.076s] -- Check for working C compiler: /usr/bin/cc - skipped
[2.079s] -- Detecting C compile features
[2.081s] -- Detecting C compile features - done
[2.092s] -- Detecting CXX compiler ABI info
[2.381s] -- Detecting CXX compiler ABI info - done
[2.402s] -- Check for working CXX compiler: /usr/bin/c++ - skipped
[2.402s] -- Detecting CXX compile features
[2.403s] -- Detecting CXX compile features - done
[2.442s] [31mCMake Error at CMakeLists.txt:10 (find_package):
[2.442s]   By not providing "Findcatkin.cmake" in CMAKE_MODULE_PATH this project has
[2.442s]   asked CMake to find a package configuration file provided by "catkin", but
[2.443s]   CMake did not find one.
[2.443s] 
[2.443s]   Could not find a package configuration file provided by "catkin" with any
[2.443s]   of the following names:
[2.444s] 
[2.444s]     catkinConfig.cmake
[2.444s]     catkin-config.cmake
[2.444s] 
[2.444s]   Add the installation prefix of "catkin" to CMAKE_PREFIX_PATH or set
[2.444s]   "catkin_DIR" to a directory containing one of the above files.  If "catkin"
[2.445s]   provides a separate development package or SDK, be sure it has been
[2.445s]   installed.
[2.445s] 
[2.445s] [0m
[2.445s] -- Configuring incomplete, errors occurred!
[2.446s] See also "/home/ignatj/ros2_ws/build/turtlebot3_teleop/CMakeFiles/CMakeOutput.log".
[2.462s] Invoked command in '/home/ignatj/ros2_ws/build/turtlebot3_teleop' returned '1': /usr/bin/cmake /home/ignatj/ros2_ws/src/turtlebot3/turtlebot3_teleop -DCATKIN_INSTALL_INTO_PREFIX_ROOT=0 -DCATKIN_SYMLINK_INSTALL=ON -DCMAKE_INSTALL_PREFIX=/home/ignatj/ros2_ws/install/turtlebot3_teleop
