[4.129s] Invoking command in '/home/ignatj/ros2_ws/src/examples/rclpy/services/minimal_client': PYTHONPATH=/home/ignatj/ros2_ws/build/examples_rclpy_minimal_client/prefix_override:/home/ignatj/ros2_ws/install/examples_rclpy_minimal_client/lib/python3.10/site-packages:${PYTHONPATH} /usr/bin/python3 setup.py egg_info --egg-base ../../../../../build/examples_rclpy_minimal_client build --build-base /home/ignatj/ros2_ws/build/examples_rclpy_minimal_client/build install --record /home/ignatj/ros2_ws/build/examples_rclpy_minimal_client/install.log --single-version-externally-managed
[6.386s] /usr/lib/python3/dist-packages/setuptools/command/install.py:34: SetuptoolsDeprecationWarning: setup.py install is deprecated. Use build and pip and other standards-based tools.
[6.387s]   warnings.warn(
[6.391s] running egg_info
[6.391s] writing ../../../../../build/examples_rclpy_minimal_client/examples_rclpy_minimal_client.egg-info/PKG-INFO
[6.392s] writing dependency_links to ../../../../../build/examples_rclpy_minimal_client/examples_rclpy_minimal_client.egg-info/dependency_links.txt
[6.393s] writing entry points to ../../../../../build/examples_rclpy_minimal_client/examples_rclpy_minimal_client.egg-info/entry_points.txt
[6.394s] writing requirements to ../../../../../build/examples_rclpy_minimal_client/examples_rclpy_minimal_client.egg-info/requires.txt
[6.395s] writing top-level names to ../../../../../build/examples_rclpy_minimal_client/examples_rclpy_minimal_client.egg-info/top_level.txt
[6.395s] reading manifest file '../../../../../build/examples_rclpy_minimal_client/examples_rclpy_minimal_client.egg-info/SOURCES.txt'
[6.396s] writing manifest file '../../../../../build/examples_rclpy_minimal_client/examples_rclpy_minimal_client.egg-info/SOURCES.txt'
[6.396s] running build
[6.396s] running build_py
[6.396s] running install
[6.397s] running install_lib
[6.397s] running install_data
[6.397s] running install_egg_info
[6.398s] removing '/home/ignatj/ros2_ws/install/examples_rclpy_minimal_client/lib/python3.10/site-packages/examples_rclpy_minimal_client-0.15.1-py3.10.egg-info' (and everything under it)
[6.398s] Copying ../../../../../build/examples_rclpy_minimal_client/examples_rclpy_minimal_client.egg-info to /home/ignatj/ros2_ws/install/examples_rclpy_minimal_client/lib/python3.10/site-packages/examples_rclpy_minimal_client-0.15.1-py3.10.egg-info
[6.398s] running install_scripts
[6.398s] Installing client script to /home/ignatj/ros2_ws/install/examples_rclpy_minimal_client/lib/examples_rclpy_minimal_client
[6.398s] Installing client_async script to /home/ignatj/ros2_ws/install/examples_rclpy_minimal_client/lib/examples_rclpy_minimal_client
[6.398s] Installing client_async_callback script to /home/ignatj/ros2_ws/install/examples_rclpy_minimal_client/lib/examples_rclpy_minimal_client
[6.399s] Installing client_async_member_function script to /home/ignatj/ros2_ws/install/examples_rclpy_minimal_client/lib/examples_rclpy_minimal_client
[6.399s] writing list of installed files to '/home/ignatj/ros2_ws/build/examples_rclpy_minimal_client/install.log'
[7.021s] Invoked command in '/home/ignatj/ros2_ws/src/examples/rclpy/services/minimal_client' returned '0': PYTHONPATH=/home/ignatj/ros2_ws/build/examples_rclpy_minimal_client/prefix_override:/home/ignatj/ros2_ws/install/examples_rclpy_minimal_client/lib/python3.10/site-packages:${PYTHONPATH} /usr/bin/python3 setup.py egg_info --egg-base ../../../../../build/examples_rclpy_minimal_client build --build-base /home/ignatj/ros2_ws/build/examples_rclpy_minimal_client/build install --record /home/ignatj/ros2_ws/build/examples_rclpy_minimal_client/install.log --single-version-externally-managed
