[3.005s] Invoking command in '/home/ignatj/ros2_ws/src/my_robot_controller': PYTHONPATH=/home/ignatj/ros2_ws/build/my_robot_controller/prefix_override:/home/ignatj/ros2_ws/install/my_robot_controller/lib/python3.10/site-packages:${PYTHONPATH} /usr/bin/python3 setup.py egg_info --egg-base ../../build/my_robot_controller build --build-base /home/ignatj/ros2_ws/build/my_robot_controller/build install --record /home/ignatj/ros2_ws/build/my_robot_controller/install.log --single-version-externally-managed
[3.472s] running egg_info
[3.473s] writing ../../build/my_robot_controller/my_robot_controller.egg-info/PKG-INFO
[3.475s] writing dependency_links to ../../build/my_robot_controller/my_robot_controller.egg-info/dependency_links.txt
[3.476s] writing entry points to ../../build/my_robot_controller/my_robot_controller.egg-info/entry_points.txt
[3.477s] writing requirements to ../../build/my_robot_controller/my_robot_controller.egg-info/requires.txt
[3.477s] writing top-level names to ../../build/my_robot_controller/my_robot_controller.egg-info/top_level.txt
[3.480s] reading manifest file '../../build/my_robot_controller/my_robot_controller.egg-info/SOURCES.txt'
[3.484s] writing manifest file '../../build/my_robot_controller/my_robot_controller.egg-info/SOURCES.txt'
[3.484s] running build
[3.485s] running build_py
[3.490s] running install
[3.490s] /usr/lib/python3/dist-packages/setuptools/command/install.py:34: SetuptoolsDeprecationWarning: setup.py install is deprecated. Use build and pip and other standards-based tools.
[3.491s]   warnings.warn(
[3.492s] running install_lib
[3.499s] running install_data
[3.500s] running install_egg_info
[3.504s] removing '/home/ignatj/ros2_ws/install/my_robot_controller/lib/python3.10/site-packages/my_robot_controller-0.0.0-py3.10.egg-info' (and everything under it)
[3.505s] Copying ../../build/my_robot_controller/my_robot_controller.egg-info to /home/ignatj/ros2_ws/install/my_robot_controller/lib/python3.10/site-packages/my_robot_controller-0.0.0-py3.10.egg-info
[3.508s] running install_scripts
[3.541s] Installing mapping script to /home/ignatj/ros2_ws/install/my_robot_controller/lib/my_robot_controller
[3.542s] Installing test_node script to /home/ignatj/ros2_ws/install/my_robot_controller/lib/my_robot_controller
[3.542s] writing list of installed files to '/home/ignatj/ros2_ws/build/my_robot_controller/install.log'
