[0.313s] Invoking command in '/home/ignatj/ros2_ws/build/examples_rclcpp_multithreaded_executor': CMAKE_PREFIX_PATH=/opt/ros/humble /usr/bin/cmake /home/ignatj/ros2_ws/src/examples/rclcpp/executors/multithreaded_executor -DAMENT_CMAKE_SYMLINK_INSTALL=1 -DCMAKE_INSTALL_PREFIX=/home/ignatj/ros2_ws/install/examples_rclcpp_multithreaded_executor
[0.520s] -- The C compiler identification is GNU 11.4.0
[0.751s] -- The CXX compiler identification is GNU 11.4.0
[0.775s] -- Detecting C compiler ABI info
[1.093s] -- Detecting C compiler ABI info - done
[1.111s] -- Check for working C compiler: /usr/bin/cc - skipped
[1.116s] -- Detecting C compile features
[1.118s] -- Detecting C compile features - done
[1.149s] -- Detecting CXX compiler ABI info
[1.443s] -- Detecting CXX compiler ABI info - done
[1.462s] -- Check for working CXX compiler: /usr/bin/c++ - skipped
[1.464s] -- Detecting CXX compile features
[1.466s] -- Detecting CXX compile features - done
[1.472s] -- Found ament_cmake: 1.3.7 (/opt/ros/humble/share/ament_cmake/cmake)
[2.052s] -- Found Python3: /usr/bin/python3.10 (found version "3.10.12") found components: Interpreter 
[2.289s] -- Override CMake install command with custom implementation using symlinks instead of copying resources
[2.368s] -- Found rclcpp: 16.0.8 (/opt/ros/humble/share/rclcpp/cmake)
[2.496s] -- Found rosidl_generator_c: 3.1.5 (/opt/ros/humble/share/rosidl_generator_c/cmake)
[2.510s] -- Found rosidl_adapter: 3.1.5 (/opt/ros/humble/share/rosidl_adapter/cmake)
[2.535s] -- Found rosidl_generator_cpp: 3.1.5 (/opt/ros/humble/share/rosidl_generator_cpp/cmake)
[2.580s] -- Using all available rosidl_typesupport_c: rosidl_typesupport_fastrtps_c;rosidl_typesupport_introspection_c
[2.643s] -- Using all available rosidl_typesupport_cpp: rosidl_typesupport_fastrtps_cpp;rosidl_typesupport_introspection_cpp
[2.902s] -- Found rmw_implementation_cmake: 6.1.1 (/opt/ros/humble/share/rmw_implementation_cmake/cmake)
[2.911s] -- Found rmw_fastrtps_cpp: 6.2.6 (/opt/ros/humble/share/rmw_fastrtps_cpp/cmake)
[3.326s] -- Found OpenSSL: /usr/lib/x86_64-linux-gnu/libcrypto.so (found version "3.0.2")  
[3.413s] -- Found FastRTPS: /opt/ros/humble/include  
[3.547s] -- Using RMW implementation 'rmw_fastrtps_cpp' as default
[3.584s] -- Looking for pthread.h
[3.820s] -- Looking for pthread.h - found
[3.822s] -- Performing Test CMAKE_HAVE_LIBC_PTHREAD
[4.111s] -- Performing Test CMAKE_HAVE_LIBC_PTHREAD - Success
[4.115s] -- Found Threads: TRUE  
[4.684s] -- Found ament_lint_auto: 0.12.10 (/opt/ros/humble/share/ament_lint_auto/cmake)
[4.956s] -- Added test 'copyright' to check source files copyright and LICENSE
[4.961s] -- Added test 'cppcheck' to perform static code analysis on C / C++ code
[4.963s] -- Configured cppcheck include dirs: 
[4.964s] -- Configured cppcheck exclude dirs and/or files: 
[4.966s] -- Added test 'cpplint' to check C / C++ code against the Google style
[4.967s] -- Configured cpplint exclude dirs and/or files: 
[4.977s] -- Added test 'lint_cmake' to check CMake code style
[4.982s] -- Added test 'uncrustify' to check C / C++ code style
[4.983s] -- Configured uncrustify additional arguments: 
[4.987s] -- Added test 'xmllint' to check XML markup files
[5.001s] -- Configuring done
[5.037s] -- Generating done
[5.044s] -- Build files have been written to: /home/ignatj/ros2_ws/build/examples_rclcpp_multithreaded_executor
[5.120s] Invoked command in '/home/ignatj/ros2_ws/build/examples_rclcpp_multithreaded_executor' returned '0': CMAKE_PREFIX_PATH=/opt/ros/humble /usr/bin/cmake /home/ignatj/ros2_ws/src/examples/rclcpp/executors/multithreaded_executor -DAMENT_CMAKE_SYMLINK_INSTALL=1 -DCMAKE_INSTALL_PREFIX=/home/ignatj/ros2_ws/install/examples_rclcpp_multithreaded_executor
[5.122s] Invoking command in '/home/ignatj/ros2_ws/build/examples_rclcpp_multithreaded_executor': CMAKE_PREFIX_PATH=/opt/ros/humble /usr/bin/cmake --build /home/ignatj/ros2_ws/build/examples_rclcpp_multithreaded_executor -- -j6 -l6
[6.994s] [ 50%] [32mBuilding CXX object CMakeFiles/multithreaded_executor.dir/multithreaded_executor.cpp.o[0m
[39.366s] [100%] [32m[1mLinking CXX executable multithreaded_executor[0m
[41.007s] [100%] Built target multithreaded_executor
[41.071s] Invoked command in '/home/ignatj/ros2_ws/build/examples_rclcpp_multithreaded_executor' returned '0': CMAKE_PREFIX_PATH=/opt/ros/humble /usr/bin/cmake --build /home/ignatj/ros2_ws/build/examples_rclcpp_multithreaded_executor -- -j6 -l6
[41.288s] Invoking command in '/home/ignatj/ros2_ws/build/examples_rclcpp_multithreaded_executor': CMAKE_PREFIX_PATH=/opt/ros/humble /usr/bin/cmake --install /home/ignatj/ros2_ws/build/examples_rclcpp_multithreaded_executor
[41.317s] -- Install configuration: ""
[41.319s] -- Execute custom install script
[41.320s] -- Symlinking: /home/ignatj/ros2_ws/install/examples_rclcpp_multithreaded_executor/lib/examples_rclcpp_multithreaded_executor/multithreaded_executor
[41.355s] -- Symlinking: /home/ignatj/ros2_ws/install/examples_rclcpp_multithreaded_executor/share/ament_index/resource_index/package_run_dependencies/examples_rclcpp_multithreaded_executor
[41.383s] -- Symlinking: /home/ignatj/ros2_ws/install/examples_rclcpp_multithreaded_executor/share/ament_index/resource_index/parent_prefix_path/examples_rclcpp_multithreaded_executor
[41.419s] -- Symlinking: /home/ignatj/ros2_ws/install/examples_rclcpp_multithreaded_executor/share/examples_rclcpp_multithreaded_executor/environment/ament_prefix_path.sh
[41.458s] -- Symlinking: /home/ignatj/ros2_ws/install/examples_rclcpp_multithreaded_executor/share/examples_rclcpp_multithreaded_executor/environment/ament_prefix_path.dsv
[41.484s] -- Symlinking: /home/ignatj/ros2_ws/install/examples_rclcpp_multithreaded_executor/share/examples_rclcpp_multithreaded_executor/environment/path.sh
[41.511s] -- Symlinking: /home/ignatj/ros2_ws/install/examples_rclcpp_multithreaded_executor/share/examples_rclcpp_multithreaded_executor/environment/path.dsv
[41.537s] -- Symlinking: /home/ignatj/ros2_ws/install/examples_rclcpp_multithreaded_executor/share/examples_rclcpp_multithreaded_executor/local_setup.bash
[41.559s] -- Symlinking: /home/ignatj/ros2_ws/install/examples_rclcpp_multithreaded_executor/share/examples_rclcpp_multithreaded_executor/local_setup.sh
[41.582s] -- Symlinking: /home/ignatj/ros2_ws/install/examples_rclcpp_multithreaded_executor/share/examples_rclcpp_multithreaded_executor/local_setup.zsh
[41.604s] -- Symlinking: /home/ignatj/ros2_ws/install/examples_rclcpp_multithreaded_executor/share/examples_rclcpp_multithreaded_executor/local_setup.dsv
[41.640s] -- Symlinking: /home/ignatj/ros2_ws/install/examples_rclcpp_multithreaded_executor/share/examples_rclcpp_multithreaded_executor/package.dsv
[41.704s] -- Symlinking: /home/ignatj/ros2_ws/install/examples_rclcpp_multithreaded_executor/share/ament_index/resource_index/packages/examples_rclcpp_multithreaded_executor
[41.734s] -- Symlinking: /home/ignatj/ros2_ws/install/examples_rclcpp_multithreaded_executor/share/examples_rclcpp_multithreaded_executor/cmake/examples_rclcpp_multithreaded_executorConfig.cmake
[41.768s] -- Symlinking: /home/ignatj/ros2_ws/install/examples_rclcpp_multithreaded_executor/share/examples_rclcpp_multithreaded_executor/cmake/examples_rclcpp_multithreaded_executorConfig-version.cmake
[41.792s] -- Symlinking: /home/ignatj/ros2_ws/install/examples_rclcpp_multithreaded_executor/share/examples_rclcpp_multithreaded_executor/package.xml
[41.828s] Invoked command in '/home/ignatj/ros2_ws/build/examples_rclcpp_multithreaded_executor' returned '0': CMAKE_PREFIX_PATH=/opt/ros/humble /usr/bin/cmake --install /home/ignatj/ros2_ws/build/examples_rclcpp_multithreaded_executor
