[0.184s] Invoking command in '/home/ignatj/ros2_ws/build/turtlebot3_simulations': AMENT_PREFIX_PATH=/home/ignatj/ros2_ws/install/turtlebot3_gazebo:/home/ignatj/ros2_ws/install/turtlebot3_fake_node:${AMENT_PREFIX_PATH} CMAKE_PREFIX_PATH=/home/ignatj/ros2_ws/install/turtlebot3_gazebo:/home/ignatj/ros2_ws/install/turtlebot3_fake_node:/opt/ros/humble /usr/bin/cmake /home/ignatj/ros2_ws/src/turtlebot3_simulations/turtlebot3_simulations -DCMAKE_INSTALL_PREFIX=/home/ignatj/ros2_ws/install/turtlebot3_simulations
[0.230s] -- Found ament_cmake: 1.3.7 (/opt/ros/humble/share/ament_cmake/cmake)
[0.582s] -- Override CMake install command with custom implementation using symlinks instead of copying resources
[0.757s] -- Configuring done
[0.767s] -- Generating done
[0.772s] -- Build files have been written to: /home/ignatj/ros2_ws/build/turtlebot3_simulations
[0.779s] Invoked command in '/home/ignatj/ros2_ws/build/turtlebot3_simulations' returned '0': AMENT_PREFIX_PATH=/home/ignatj/ros2_ws/install/turtlebot3_gazebo:/home/ignatj/ros2_ws/install/turtlebot3_fake_node:${AMENT_PREFIX_PATH} CMAKE_PREFIX_PATH=/home/ignatj/ros2_ws/install/turtlebot3_gazebo:/home/ignatj/ros2_ws/install/turtlebot3_fake_node:/opt/ros/humble /usr/bin/cmake /home/ignatj/ros2_ws/src/turtlebot3_simulations/turtlebot3_simulations -DCMAKE_INSTALL_PREFIX=/home/ignatj/ros2_ws/install/turtlebot3_simulations
[0.784s] Invoking command in '/home/ignatj/ros2_ws/build/turtlebot3_simulations': AMENT_PREFIX_PATH=/home/ignatj/ros2_ws/install/turtlebot3_gazebo:/home/ignatj/ros2_ws/install/turtlebot3_fake_node:${AMENT_PREFIX_PATH} CMAKE_PREFIX_PATH=/home/ignatj/ros2_ws/install/turtlebot3_gazebo:/home/ignatj/ros2_ws/install/turtlebot3_fake_node:/opt/ros/humble /usr/bin/cmake --build /home/ignatj/ros2_ws/build/turtlebot3_simulations -- -j6 -l6
[1.176s] Invoked command in '/home/ignatj/ros2_ws/build/turtlebot3_simulations' returned '0': AMENT_PREFIX_PATH=/home/ignatj/ros2_ws/install/turtlebot3_gazebo:/home/ignatj/ros2_ws/install/turtlebot3_fake_node:${AMENT_PREFIX_PATH} CMAKE_PREFIX_PATH=/home/ignatj/ros2_ws/install/turtlebot3_gazebo:/home/ignatj/ros2_ws/install/turtlebot3_fake_node:/opt/ros/humble /usr/bin/cmake --build /home/ignatj/ros2_ws/build/turtlebot3_simulations -- -j6 -l6
[1.384s] Invoking command in '/home/ignatj/ros2_ws/build/turtlebot3_simulations': AMENT_PREFIX_PATH=/home/ignatj/ros2_ws/install/turtlebot3_gazebo:/home/ignatj/ros2_ws/install/turtlebot3_fake_node:${AMENT_PREFIX_PATH} CMAKE_PREFIX_PATH=/home/ignatj/ros2_ws/install/turtlebot3_gazebo:/home/ignatj/ros2_ws/install/turtlebot3_fake_node:/opt/ros/humble /usr/bin/cmake --install /home/ignatj/ros2_ws/build/turtlebot3_simulations
[1.409s] -- Install configuration: ""
[1.411s] -- Execute custom install script
[1.412s] -- Up-to-date symlink: /home/ignatj/ros2_ws/install/turtlebot3_simulations/share/ament_index/resource_index/package_run_dependencies/turtlebot3_simulations
[1.412s] -- Up-to-date symlink: /home/ignatj/ros2_ws/install/turtlebot3_simulations/share/ament_index/resource_index/parent_prefix_path/turtlebot3_simulations
[1.413s] -- Up-to-date symlink: /home/ignatj/ros2_ws/install/turtlebot3_simulations/share/turtlebot3_simulations/environment/ament_prefix_path.sh
[1.415s] -- Up-to-date symlink: /home/ignatj/ros2_ws/install/turtlebot3_simulations/share/turtlebot3_simulations/environment/ament_prefix_path.dsv
[1.415s] -- Up-to-date symlink: /home/ignatj/ros2_ws/install/turtlebot3_simulations/share/turtlebot3_simulations/environment/path.sh
[1.416s] -- Up-to-date symlink: /home/ignatj/ros2_ws/install/turtlebot3_simulations/share/turtlebot3_simulations/environment/path.dsv
[1.416s] -- Up-to-date symlink: /home/ignatj/ros2_ws/install/turtlebot3_simulations/share/turtlebot3_simulations/local_setup.bash
[1.417s] -- Up-to-date symlink: /home/ignatj/ros2_ws/install/turtlebot3_simulations/share/turtlebot3_simulations/local_setup.sh
[1.417s] -- Up-to-date symlink: /home/ignatj/ros2_ws/install/turtlebot3_simulations/share/turtlebot3_simulations/local_setup.zsh
[1.417s] -- Up-to-date symlink: /home/ignatj/ros2_ws/install/turtlebot3_simulations/share/turtlebot3_simulations/local_setup.dsv
[1.417s] -- Symlinking: /home/ignatj/ros2_ws/install/turtlebot3_simulations/share/turtlebot3_simulations/package.dsv
[1.442s] -- Up-to-date symlink: /home/ignatj/ros2_ws/install/turtlebot3_simulations/share/ament_index/resource_index/packages/turtlebot3_simulations
[1.443s] -- Up-to-date symlink: /home/ignatj/ros2_ws/install/turtlebot3_simulations/share/turtlebot3_simulations/cmake/turtlebot3_simulationsConfig.cmake
[1.444s] -- Up-to-date symlink: /home/ignatj/ros2_ws/install/turtlebot3_simulations/share/turtlebot3_simulations/cmake/turtlebot3_simulationsConfig-version.cmake
[1.444s] -- Up-to-date symlink: /home/ignatj/ros2_ws/install/turtlebot3_simulations/share/turtlebot3_simulations/package.xml
[1.452s] Invoked command in '/home/ignatj/ros2_ws/build/turtlebot3_simulations' returned '0': AMENT_PREFIX_PATH=/home/ignatj/ros2_ws/install/turtlebot3_gazebo:/home/ignatj/ros2_ws/install/turtlebot3_fake_node:${AMENT_PREFIX_PATH} CMAKE_PREFIX_PATH=/home/ignatj/ros2_ws/install/turtlebot3_gazebo:/home/ignatj/ros2_ws/install/turtlebot3_fake_node:/opt/ros/humble /usr/bin/cmake --install /home/ignatj/ros2_ws/build/turtlebot3_simulations
