[5.370s] Invoking command in '/home/ignatj/ros2_ws/build/examples_rclpy_minimal_service': PYTHONPATH=/home/ignatj/ros2_ws/build/examples_rclpy_minimal_service/prefix_override:/home/ignatj/ros2_ws/install/examples_rclpy_minimal_service/lib/python3.10/site-packages:${PYTHONPATH} /usr/bin/python3 setup.py develop --uninstall --editable --build-directory /home/ignatj/ros2_ws/build/examples_rclpy_minimal_service/build
[6.633s] running develop
[6.634s] /usr/lib/python3/dist-packages/setuptools/command/easy_install.py:158: EasyInstallDeprecationWarning: easy_install command is deprecated. Use build and pip and other standards-based tools.
[6.634s]   warnings.warn(
[6.638s] /usr/lib/python3/dist-packages/setuptools/command/install.py:34: SetuptoolsDeprecationWarning: setup.py install is deprecated. Use build and pip and other standards-based tools.
[6.638s]   warnings.warn(
[7.323s] Removing /home/ignatj/ros2_ws/install/examples_rclpy_minimal_service/lib/python3.10/site-packages/examples-rclpy-minimal-service.egg-link (link to .)
[8.462s] Invoked command in '/home/ignatj/ros2_ws/build/examples_rclpy_minimal_service' returned '0': PYTHONPATH=/home/ignatj/ros2_ws/build/examples_rclpy_minimal_service/prefix_override:/home/ignatj/ros2_ws/install/examples_rclpy_minimal_service/lib/python3.10/site-packages:${PYTHONPATH} /usr/bin/python3 setup.py develop --uninstall --editable --build-directory /home/ignatj/ros2_ws/build/examples_rclpy_minimal_service/build
[8.469s] Invoking command in '/home/ignatj/ros2_ws/src/examples/rclpy/services/minimal_service': PYTHONPATH=/home/ignatj/ros2_ws/build/examples_rclpy_minimal_service/prefix_override:/home/ignatj/ros2_ws/install/examples_rclpy_minimal_service/lib/python3.10/site-packages:${PYTHONPATH} /usr/bin/python3 setup.py egg_info --egg-base ../../../../../build/examples_rclpy_minimal_service build --build-base /home/ignatj/ros2_ws/build/examples_rclpy_minimal_service/build install --record /home/ignatj/ros2_ws/build/examples_rclpy_minimal_service/install.log --single-version-externally-managed
[9.306s] running egg_info
[9.310s] writing ../../../../../build/examples_rclpy_minimal_service/examples_rclpy_minimal_service.egg-info/PKG-INFO
[9.312s] writing dependency_links to ../../../../../build/examples_rclpy_minimal_service/examples_rclpy_minimal_service.egg-info/dependency_links.txt
[9.315s] writing entry points to ../../../../../build/examples_rclpy_minimal_service/examples_rclpy_minimal_service.egg-info/entry_points.txt
[9.317s] writing requirements to ../../../../../build/examples_rclpy_minimal_service/examples_rclpy_minimal_service.egg-info/requires.txt
[9.319s] writing top-level names to ../../../../../build/examples_rclpy_minimal_service/examples_rclpy_minimal_service.egg-info/top_level.txt
[9.329s] reading manifest file '../../../../../build/examples_rclpy_minimal_service/examples_rclpy_minimal_service.egg-info/SOURCES.txt'
[9.333s] writing manifest file '../../../../../build/examples_rclpy_minimal_service/examples_rclpy_minimal_service.egg-info/SOURCES.txt'
[9.334s] running build
[9.335s] running build_py
[9.362s] running install
[9.363s] /usr/lib/python3/dist-packages/setuptools/command/install.py:34: SetuptoolsDeprecationWarning: setup.py install is deprecated. Use build and pip and other standards-based tools.
[9.363s]   warnings.warn(
[9.364s] running install_lib
[9.367s] creating /home/ignatj/ros2_ws/install/examples_rclpy_minimal_service/lib/python3.10/site-packages/examples_rclpy_minimal_service
[9.368s] copying /home/ignatj/ros2_ws/build/examples_rclpy_minimal_service/build/lib/examples_rclpy_minimal_service/service_member_function.py -> /home/ignatj/ros2_ws/install/examples_rclpy_minimal_service/lib/python3.10/site-packages/examples_rclpy_minimal_service
[9.371s] copying /home/ignatj/ros2_ws/build/examples_rclpy_minimal_service/build/lib/examples_rclpy_minimal_service/service.py -> /home/ignatj/ros2_ws/install/examples_rclpy_minimal_service/lib/python3.10/site-packages/examples_rclpy_minimal_service
[9.373s] copying /home/ignatj/ros2_ws/build/examples_rclpy_minimal_service/build/lib/examples_rclpy_minimal_service/__init__.py -> /home/ignatj/ros2_ws/install/examples_rclpy_minimal_service/lib/python3.10/site-packages/examples_rclpy_minimal_service
[9.376s] byte-compiling /home/ignatj/ros2_ws/install/examples_rclpy_minimal_service/lib/python3.10/site-packages/examples_rclpy_minimal_service/service_member_function.py to service_member_function.cpython-310.pyc
[9.378s] byte-compiling /home/ignatj/ros2_ws/install/examples_rclpy_minimal_service/lib/python3.10/site-packages/examples_rclpy_minimal_service/service.py to service.cpython-310.pyc
[9.380s] byte-compiling /home/ignatj/ros2_ws/install/examples_rclpy_minimal_service/lib/python3.10/site-packages/examples_rclpy_minimal_service/__init__.py to __init__.cpython-310.pyc
[9.381s] running install_data
[9.384s] running install_egg_info
[9.389s] Copying ../../../../../build/examples_rclpy_minimal_service/examples_rclpy_minimal_service.egg-info to /home/ignatj/ros2_ws/install/examples_rclpy_minimal_service/lib/python3.10/site-packages/examples_rclpy_minimal_service-0.15.1-py3.10.egg-info
[9.402s] running install_scripts
[9.479s] Installing service script to /home/ignatj/ros2_ws/install/examples_rclpy_minimal_service/lib/examples_rclpy_minimal_service
[9.482s] Installing service_member_function script to /home/ignatj/ros2_ws/install/examples_rclpy_minimal_service/lib/examples_rclpy_minimal_service
[9.485s] writing list of installed files to '/home/ignatj/ros2_ws/build/examples_rclpy_minimal_service/install.log'
[9.583s] Invoked command in '/home/ignatj/ros2_ws/src/examples/rclpy/services/minimal_service' returned '0': PYTHONPATH=/home/ignatj/ros2_ws/build/examples_rclpy_minimal_service/prefix_override:/home/ignatj/ros2_ws/install/examples_rclpy_minimal_service/lib/python3.10/site-packages:${PYTHONPATH} /usr/bin/python3 setup.py egg_info --egg-base ../../../../../build/examples_rclpy_minimal_service build --build-base /home/ignatj/ros2_ws/build/examples_rclpy_minimal_service/build install --record /home/ignatj/ros2_ws/build/examples_rclpy_minimal_service/install.log --single-version-externally-managed
