[0.323s] Invoking command in '/home/ignatj/ros2_ws/build/examples_rclcpp_cbg_executor': CMAKE_PREFIX_PATH=/opt/ros/humble /usr/bin/cmake --build /home/ignatj/ros2_ws/build/examples_rclcpp_cbg_executor -- -j6 -l6
[0.754s] [35m[1mConsolidate compiler generated dependencies of target ping_pong[0m
[0.777s] [35m[1mConsolidate compiler generated dependencies of target pong[0m
[0.801s] [35m[1mConsolidate compiler generated dependencies of target ping[0m
[0.957s] [ 30%] Built target pong
[0.979s] [ 70%] Built target ping_pong
[0.989s] [100%] Built target ping
[1.033s] Invoked command in '/home/ignatj/ros2_ws/build/examples_rclcpp_cbg_executor' returned '0': CMAKE_PREFIX_PATH=/opt/ros/humble /usr/bin/cmake --build /home/ignatj/ros2_ws/build/examples_rclcpp_cbg_executor -- -j6 -l6
[1.188s] Invoking command in '/home/ignatj/ros2_ws/build/examples_rclcpp_cbg_executor': CMAKE_PREFIX_PATH=/opt/ros/humble /usr/bin/cmake --install /home/ignatj/ros2_ws/build/examples_rclcpp_cbg_executor
[1.249s] -- Install configuration: ""
[1.253s] -- Execute custom install script
[1.259s] -- Up-to-date symlink: /home/ignatj/ros2_ws/install/examples_rclcpp_cbg_executor/lib/examples_rclcpp_cbg_executor/ping
[1.260s] -- Up-to-date symlink: /home/ignatj/ros2_ws/install/examples_rclcpp_cbg_executor/lib/examples_rclcpp_cbg_executor/pong
[1.261s] -- Up-to-date symlink: /home/ignatj/ros2_ws/install/examples_rclcpp_cbg_executor/lib/examples_rclcpp_cbg_executor/ping_pong
[1.261s] -- Up-to-date symlink: /home/ignatj/ros2_ws/install/examples_rclcpp_cbg_executor/include/examples_rclcpp_cbg_executor/ping_node.hpp
[1.261s] -- Up-to-date symlink: /home/ignatj/ros2_ws/install/examples_rclcpp_cbg_executor/include/examples_rclcpp_cbg_executor/pong_node.hpp
[1.262s] -- Up-to-date symlink: /home/ignatj/ros2_ws/install/examples_rclcpp_cbg_executor/share/ament_index/resource_index/package_run_dependencies/examples_rclcpp_cbg_executor
[1.263s] -- Up-to-date symlink: /home/ignatj/ros2_ws/install/examples_rclcpp_cbg_executor/share/ament_index/resource_index/parent_prefix_path/examples_rclcpp_cbg_executor
[1.263s] -- Up-to-date symlink: /home/ignatj/ros2_ws/install/examples_rclcpp_cbg_executor/share/examples_rclcpp_cbg_executor/environment/ament_prefix_path.sh
[1.264s] -- Up-to-date symlink: /home/ignatj/ros2_ws/install/examples_rclcpp_cbg_executor/share/examples_rclcpp_cbg_executor/environment/ament_prefix_path.dsv
[1.303s] -- Up-to-date symlink: /home/ignatj/ros2_ws/install/examples_rclcpp_cbg_executor/share/examples_rclcpp_cbg_executor/environment/path.sh
[1.305s] -- Up-to-date symlink: /home/ignatj/ros2_ws/install/examples_rclcpp_cbg_executor/share/examples_rclcpp_cbg_executor/environment/path.dsv
[1.305s] -- Up-to-date symlink: /home/ignatj/ros2_ws/install/examples_rclcpp_cbg_executor/share/examples_rclcpp_cbg_executor/local_setup.bash
[1.306s] -- Up-to-date symlink: /home/ignatj/ros2_ws/install/examples_rclcpp_cbg_executor/share/examples_rclcpp_cbg_executor/local_setup.sh
[1.307s] -- Up-to-date symlink: /home/ignatj/ros2_ws/install/examples_rclcpp_cbg_executor/share/examples_rclcpp_cbg_executor/local_setup.zsh
[1.307s] -- Up-to-date symlink: /home/ignatj/ros2_ws/install/examples_rclcpp_cbg_executor/share/examples_rclcpp_cbg_executor/local_setup.dsv
[1.308s] -- Symlinking: /home/ignatj/ros2_ws/install/examples_rclcpp_cbg_executor/share/examples_rclcpp_cbg_executor/package.dsv
[1.309s] -- Up-to-date symlink: /home/ignatj/ros2_ws/install/examples_rclcpp_cbg_executor/share/ament_index/resource_index/packages/examples_rclcpp_cbg_executor
[1.310s] -- Up-to-date symlink: /home/ignatj/ros2_ws/install/examples_rclcpp_cbg_executor/share/examples_rclcpp_cbg_executor/cmake/ament_cmake_export_dependencies-extras.cmake
[1.310s] -- Up-to-date symlink: /home/ignatj/ros2_ws/install/examples_rclcpp_cbg_executor/share/examples_rclcpp_cbg_executor/cmake/examples_rclcpp_cbg_executorConfig.cmake
[1.312s] -- Up-to-date symlink: /home/ignatj/ros2_ws/install/examples_rclcpp_cbg_executor/share/examples_rclcpp_cbg_executor/cmake/examples_rclcpp_cbg_executorConfig-version.cmake
[1.313s] -- Up-to-date symlink: /home/ignatj/ros2_ws/install/examples_rclcpp_cbg_executor/share/examples_rclcpp_cbg_executor/package.xml
[1.761s] Invoked command in '/home/ignatj/ros2_ws/build/examples_rclcpp_cbg_executor' returned '0': CMAKE_PREFIX_PATH=/opt/ros/humble /usr/bin/cmake --install /home/ignatj/ros2_ws/build/examples_rclcpp_cbg_executor
