[2.684s] Invoking command in '/home/ignatj/ros2_ws/build/examples_rclpy_minimal_action_server': PYTHONPATH=/home/ignatj/ros2_ws/build/examples_rclpy_minimal_action_server/prefix_override:/home/ignatj/ros2_ws/install/examples_rclpy_minimal_action_server/lib/python3.10/site-packages:${PYTHONPATH} /usr/bin/python3 setup.py develop --editable --build-directory /home/ignatj/ros2_ws/build/examples_rclpy_minimal_action_server/build --no-deps install_data
[3.694s] running develop
[3.696s] /usr/lib/python3/dist-packages/setuptools/command/easy_install.py:158: EasyInstallDeprecationWarning: easy_install command is deprecated. Use build and pip and other standards-based tools.
[3.701s]   warnings.warn(
[3.703s] /usr/lib/python3/dist-packages/setuptools/command/install.py:34: SetuptoolsDeprecationWarning: setup.py install is deprecated. Use build and pip and other standards-based tools.
[3.704s]   warnings.warn(
[4.309s] running egg_info
[4.309s] creating examples_rclpy_minimal_action_server.egg-info
[4.310s] writing examples_rclpy_minimal_action_server.egg-info/PKG-INFO
[4.311s] writing dependency_links to examples_rclpy_minimal_action_server.egg-info/dependency_links.txt
[4.317s] writing entry points to examples_rclpy_minimal_action_server.egg-info/entry_points.txt
[4.317s] writing requirements to examples_rclpy_minimal_action_server.egg-info/requires.txt
[4.320s] writing top-level names to examples_rclpy_minimal_action_server.egg-info/top_level.txt
[4.326s] writing manifest file 'examples_rclpy_minimal_action_server.egg-info/SOURCES.txt'
[4.367s] reading manifest file 'examples_rclpy_minimal_action_server.egg-info/SOURCES.txt'
[4.372s] writing manifest file 'examples_rclpy_minimal_action_server.egg-info/SOURCES.txt'
[4.381s] running build_ext
[4.382s] Creating /home/ignatj/ros2_ws/install/examples_rclpy_minimal_action_server/lib/python3.10/site-packages/examples-rclpy-minimal-action-server.egg-link (link to .)
[4.384s] Installing server script to /home/ignatj/ros2_ws/install/examples_rclpy_minimal_action_server/lib/examples_rclpy_minimal_action_server
[4.385s] Installing server_defer script to /home/ignatj/ros2_ws/install/examples_rclpy_minimal_action_server/lib/examples_rclpy_minimal_action_server
[4.386s] Installing server_not_composable script to /home/ignatj/ros2_ws/install/examples_rclpy_minimal_action_server/lib/examples_rclpy_minimal_action_server
[4.387s] Installing server_queue_goals script to /home/ignatj/ros2_ws/install/examples_rclpy_minimal_action_server/lib/examples_rclpy_minimal_action_server
[4.387s] Installing server_single_goal script to /home/ignatj/ros2_ws/install/examples_rclpy_minimal_action_server/lib/examples_rclpy_minimal_action_server
[4.389s] 
[4.389s] Installed /home/ignatj/ros2_ws/build/examples_rclpy_minimal_action_server
[4.390s] running install_data
[4.391s] creating /home/ignatj/ros2_ws/install/examples_rclpy_minimal_action_server/share/ament_index
[4.392s] creating /home/ignatj/ros2_ws/install/examples_rclpy_minimal_action_server/share/ament_index/resource_index
[4.392s] creating /home/ignatj/ros2_ws/install/examples_rclpy_minimal_action_server/share/ament_index/resource_index/packages
[4.392s] copying resource/examples_rclpy_minimal_action_server -> /home/ignatj/ros2_ws/install/examples_rclpy_minimal_action_server/share/ament_index/resource_index/packages
[4.392s] copying package.xml -> /home/ignatj/ros2_ws/install/examples_rclpy_minimal_action_server/share/examples_rclpy_minimal_action_server
[4.780s] Invoked command in '/home/ignatj/ros2_ws/build/examples_rclpy_minimal_action_server' returned '0': PYTHONPATH=/home/ignatj/ros2_ws/build/examples_rclpy_minimal_action_server/prefix_override:/home/ignatj/ros2_ws/install/examples_rclpy_minimal_action_server/lib/python3.10/site-packages:${PYTHONPATH} /usr/bin/python3 setup.py develop --editable --build-directory /home/ignatj/ros2_ws/build/examples_rclpy_minimal_action_server/build --no-deps install_data
