[0.507s] Invoking command in '/home/ignatj/ros2_ws/build/turtlebot3_gazebo': CMAKE_PREFIX_PATH=/opt/ros/humble /usr/bin/cmake /home/ignatj/ros2_ws/src/turtlebot3_simulations/turtlebot3_gazebo -DAMENT_CMAKE_SYMLINK_INSTALL=1 -DCMAKE_INSTALL_PREFIX=/home/ignatj/ros2_ws/install/turtlebot3_gazebo
[0.651s] -- Found ament_cmake: 1.3.7 (/opt/ros/humble/share/ament_cmake/cmake)
[1.149s] -- Override CMake install command with custom implementation using symlinks instead of copying resources
[1.292s] [33mCMake Warning (dev) at /usr/share/cmake-3.22/Modules/FindPackageHandleStandardArgs.cmake:438 (message):
[1.292s]   The package name passed to `find_package_handle_standard_args` (PkgConfig)
[1.292s]   does not match the name of the calling package (gazebo).  This can lead to
[1.293s]   problems in calling code that expects `find_package` result variables
[1.293s]   (e.g., `_FOUND`) to follow a certain pattern.
[1.294s] Call Stack (most recent call first):
[1.294s]   /usr/share/cmake-3.22/Modules/FindPkgConfig.cmake:99 (find_package_handle_standard_args)
[1.294s]   /usr/lib/x86_64-linux-gnu/cmake/gazebo/gazebo-config.cmake:72 (include)
[1.294s]   CMakeLists.txt:23 (find_package)
[1.295s] This warning is for project developers.  Use -Wno-dev to suppress it.
[1.295s] [0m
[1.295s] -- Found PkgConfig: /usr/bin/pkg-config (found version "0.29.2") 
[1.342s] -- Checking for module 'bullet>=2.82'
[1.393s] --   Found bullet, version 3.05
[1.752s] -- Found fcl: /usr/include (found suitable version "0.7.0", minimum required is "0.5.0") 
[1.916s] -- Found assimp: /usr/include (found version "5.2.0") 
[2.003s] -- Found DART: /usr/include (Required is at least version "6.6") found components: dart 
[2.888s] -- Found Boost: /usr/lib/x86_64-linux-gnu/cmake/Boost-1.74.0/BoostConfig.cmake (found suitable version "1.74.0", minimum required is "1.40.0") found components: thread system filesystem program_options regex iostreams date_time 
[3.003s] -- Found Protobuf: /usr/lib/x86_64-linux-gnu/libprotobuf.so (found version "3.12.4") 
[3.026s] -- Looking for ignition-math6 -- found version 6.15.1
[3.066s] -- Searching for dependencies of ignition-math6
[3.082s] -- Looking for OGRE...
[3.082s] -- OGRE_PREFIX_WATCH changed.
[3.091s] -- Checking for module 'OGRE'
[3.134s] --   Found OGRE, version 1.9.0
[3.264s] -- Found Ogre Ghadamon (1.9.0)
[3.290s] -- Found OGRE: optimized;/usr/lib/x86_64-linux-gnu/libOgreMain.so;debug;/usr/lib/x86_64-linux-gnu/libOgreMain.so
[3.309s] -- Looking for OGRE_Paging...
[3.327s] -- Found OGRE_Paging: optimized;/usr/lib/x86_64-linux-gnu/libOgrePaging.so;debug;/usr/lib/x86_64-linux-gnu/libOgrePaging.so
[3.328s] -- Looking for OGRE_Terrain...
[3.341s] -- Found OGRE_Terrain: optimized;/usr/lib/x86_64-linux-gnu/libOgreTerrain.so;debug;/usr/lib/x86_64-linux-gnu/libOgreTerrain.so
[3.342s] -- Looking for OGRE_Property...
[3.352s] -- Found OGRE_Property: optimized;/usr/lib/x86_64-linux-gnu/libOgreProperty.so;debug;/usr/lib/x86_64-linux-gnu/libOgreProperty.so
[3.353s] -- Looking for OGRE_RTShaderSystem...
[3.366s] -- Found OGRE_RTShaderSystem: optimized;/usr/lib/x86_64-linux-gnu/libOgreRTShaderSystem.so;debug;/usr/lib/x86_64-linux-gnu/libOgreRTShaderSystem.so
[3.367s] -- Looking for OGRE_Volume...
[3.384s] -- Found OGRE_Volume: optimized;/usr/lib/x86_64-linux-gnu/libOgreVolume.so;debug;/usr/lib/x86_64-linux-gnu/libOgreVolume.so
[3.385s] -- Looking for OGRE_Overlay...
[3.399s] -- Found OGRE_Overlay: optimized;/usr/lib/x86_64-linux-gnu/libOgreOverlay.so;debug;/usr/lib/x86_64-linux-gnu/libOgreOverlay.so
[3.778s] -- Looking for ignition-math6 -- found version 6.15.1
[3.790s] -- Looking for ignition-transport8 -- found version 8.2.1
[3.793s] -- Searching for dependencies of ignition-transport8
[3.858s] -- Found Protobuf: /usr/lib/x86_64-linux-gnu/libprotobuf.so (found suitable version "3.12.4", minimum required is "3") 
[3.894s] -- Config-file not installed for ZeroMQ -- checking for pkg-config
[3.910s] -- Checking for module 'libzmq >= 4'
[3.965s] --   Found libzmq , version 4.3.4
[4.116s] -- Found ZeroMQ: TRUE (Required is at least version "4") 
[4.139s] -- Checking for module 'uuid'
[4.190s] --   Found uuid, version 2.37.2
[4.363s] -- Found UUID: TRUE  
[4.374s] -- Looking for ignition-msgs5 -- found version 5.8.1
[4.379s] -- Searching for dependencies of ignition-msgs5
[4.459s] -- Looking for ignition-math6 -- found version 6.15.1
[4.482s] -- Checking for module 'tinyxml2'
[4.523s] --   Found tinyxml2, version 9.0.0
[4.650s] -- Looking for ignition-msgs5 -- found version 5.8.1
[4.669s] -- Looking for ignition-common3 -- found version 3.14.0
[4.670s] -- Searching for dependencies of ignition-common3
[4.672s] -- Looking for dlfcn.h - found
[4.674s] -- Looking for libdl - found
[4.677s] -- Found DL: TRUE  
[4.711s] -- Found tinyobjloader: /usr/lib/x86_64-linux-gnu/cmake/tinyobjloader/tinyobjloader-config.cmake (found version "2.0.0") 
[4.717s] -- Searching for <ignition-common3> component [graphics]
[4.727s] -- Looking for ignition-common3-graphics -- found version 3.14.0
[4.729s] -- Searching for dependencies of ignition-common3-graphics
[4.731s] -- Looking for ignition-math6 -- found version 6.15.1
[4.747s] -- Looking for ignition-fuel_tools4 -- found version 4.4.0
[4.748s] -- Searching for dependencies of ignition-fuel_tools4
[5.041s] -- Found CURL: /usr/lib/x86_64-linux-gnu/libcurl.so (found version "7.81.0")  
[5.072s] -- Checking for module 'jsoncpp'
[5.122s] --   Found jsoncpp, version 1.9.5
[5.255s] -- Found JSONCPP: TRUE  
[5.275s] -- Checking for module 'libzip'
[5.325s] --   Found libzip, version 1.7.3
[5.480s] -- Found ZIP: TRUE  
[5.482s] -- Looking for ignition-common3 -- found version 3.14.0
[5.483s] -- Looking for ignition-math6 -- found version 6.15.1
[5.488s] -- Looking for ignition-msgs5 -- found version 5.8.1
[5.511s] -- Found gazebo_ros_pkgs: 3.7.0 (/opt/ros/humble/share/gazebo_ros_pkgs/cmake)
[5.516s] -- Found geometry_msgs: 4.2.3 (/opt/ros/humble/share/geometry_msgs/cmake)
[5.602s] -- Found rosidl_generator_c: 3.1.5 (/opt/ros/humble/share/rosidl_generator_c/cmake)
[5.626s] -- Found rosidl_adapter: 3.1.5 (/opt/ros/humble/share/rosidl_adapter/cmake)
[5.649s] -- Found rosidl_generator_cpp: 3.1.5 (/opt/ros/humble/share/rosidl_generator_cpp/cmake)
[5.689s] -- Using all available rosidl_typesupport_c: rosidl_typesupport_fastrtps_c;rosidl_typesupport_introspection_c
[5.765s] -- Using all available rosidl_typesupport_cpp: rosidl_typesupport_fastrtps_cpp;rosidl_typesupport_introspection_cpp
[6.228s] -- Found nav_msgs: 4.2.3 (/opt/ros/humble/share/nav_msgs/cmake)
[6.484s] -- Found rclcpp: 16.0.8 (/opt/ros/humble/share/rclcpp/cmake)
[6.670s] -- Found rmw_implementation_cmake: 6.1.1 (/opt/ros/humble/share/rmw_implementation_cmake/cmake)
[6.678s] -- Found rmw_fastrtps_cpp: 6.2.6 (/opt/ros/humble/share/rmw_fastrtps_cpp/cmake)
[7.013s] -- Found OpenSSL: /usr/lib/x86_64-linux-gnu/libcrypto.so (found version "3.0.2")  
[7.079s] -- Found FastRTPS: /opt/ros/humble/include  
[7.202s] -- Using RMW implementation 'rmw_fastrtps_cpp' as default
[7.230s] -- Found Threads: TRUE  
[7.544s] -- Found sensor_msgs: 4.2.3 (/opt/ros/humble/share/sensor_msgs/cmake)
[7.793s] -- Found tf2: 0.25.5 (/opt/ros/humble/share/tf2/cmake)
[8.234s] -- Configuring done
[8.445s] -- Generating done
[8.453s] -- Build files have been written to: /home/ignatj/ros2_ws/build/turtlebot3_gazebo
[8.850s] Invoked command in '/home/ignatj/ros2_ws/build/turtlebot3_gazebo' returned '0': CMAKE_PREFIX_PATH=/opt/ros/humble /usr/bin/cmake /home/ignatj/ros2_ws/src/turtlebot3_simulations/turtlebot3_gazebo -DAMENT_CMAKE_SYMLINK_INSTALL=1 -DCMAKE_INSTALL_PREFIX=/home/ignatj/ros2_ws/install/turtlebot3_gazebo
[8.855s] Invoking command in '/home/ignatj/ros2_ws/build/turtlebot3_gazebo': CMAKE_PREFIX_PATH=/opt/ros/humble /usr/bin/cmake --build /home/ignatj/ros2_ws/build/turtlebot3_gazebo -- -j6 -l6
[9.204s] [ 12%] [32mBuilding CXX object CMakeFiles/obstacle1.dir/models/turtlebot3_dqn_world/obstacle_plugin/obstacle1.cc.o[0m
[9.235s] [ 25%] [32mBuilding CXX object CMakeFiles/obstacles.dir/models/turtlebot3_dqn_world/obstacle_plugin/obstacles.cc.o[0m
[9.288s] [ 37%] [32mBuilding CXX object CMakeFiles/turtlebot3_drive.dir/src/turtlebot3_drive.cpp.o[0m
[9.352s] [ 50%] [32mBuilding CXX object CMakeFiles/obstacle2.dir/models/turtlebot3_dqn_world/obstacle_plugin/obstacle2.cc.o[0m
[92.351s] [ 62%] [32m[1mLinking CXX executable turtlebot3_drive[0m
[94.371s] [ 62%] Built target turtlebot3_drive
[103.667s] [ 75%] [32m[1mLinking CXX shared library libobstacles.so[0m
[104.124s] [ 87%] [32m[1mLinking CXX shared library libobstacle1.so[0m
[104.336s] [100%] [32m[1mLinking CXX shared library libobstacle2.so[0m
[104.798s] [100%] Built target obstacles
[104.905s] [100%] Built target obstacle1
[105.014s] [100%] Built target obstacle2
