[4.425s] Invoking command in '/home/ignatj/ros2_ws/build/examples_rclpy_guard_conditions': PYTHONPATH=/home/ignatj/ros2_ws/build/examples_rclpy_guard_conditions/prefix_override:/home/ignatj/ros2_ws/install/examples_rclpy_guard_conditions/lib/python3.10/site-packages:${PYTHONPATH} /usr/bin/python3 setup.py develop --uninstall --editable --build-directory /home/ignatj/ros2_ws/build/examples_rclpy_guard_conditions/build
[5.431s] running develop
[5.432s] /usr/lib/python3/dist-packages/setuptools/command/easy_install.py:158: EasyInstallDeprecationWarning: easy_install command is deprecated. Use build and pip and other standards-based tools.
[5.433s]   warnings.warn(
[5.439s] /usr/lib/python3/dist-packages/setuptools/command/install.py:34: SetuptoolsDeprecationWarning: setup.py install is deprecated. Use build and pip and other standards-based tools.
[5.439s]   warnings.warn(
[6.080s] Removing /home/ignatj/ros2_ws/install/examples_rclpy_guard_conditions/lib/python3.10/site-packages/examples-rclpy-guard-conditions.egg-link (link to .)
[6.902s] Invoked command in '/home/ignatj/ros2_ws/build/examples_rclpy_guard_conditions' returned '0': PYTHONPATH=/home/ignatj/ros2_ws/build/examples_rclpy_guard_conditions/prefix_override:/home/ignatj/ros2_ws/install/examples_rclpy_guard_conditions/lib/python3.10/site-packages:${PYTHONPATH} /usr/bin/python3 setup.py develop --uninstall --editable --build-directory /home/ignatj/ros2_ws/build/examples_rclpy_guard_conditions/build
[6.905s] Invoking command in '/home/ignatj/ros2_ws/src/examples/rclpy/guard_conditions': PYTHONPATH=/home/ignatj/ros2_ws/build/examples_rclpy_guard_conditions/prefix_override:/home/ignatj/ros2_ws/install/examples_rclpy_guard_conditions/lib/python3.10/site-packages:${PYTHONPATH} /usr/bin/python3 setup.py egg_info --egg-base ../../../../build/examples_rclpy_guard_conditions build --build-base /home/ignatj/ros2_ws/build/examples_rclpy_guard_conditions/build install --record /home/ignatj/ros2_ws/build/examples_rclpy_guard_conditions/install.log --single-version-externally-managed
[7.651s] running egg_info
[7.653s] writing ../../../../build/examples_rclpy_guard_conditions/examples_rclpy_guard_conditions.egg-info/PKG-INFO
[7.654s] writing dependency_links to ../../../../build/examples_rclpy_guard_conditions/examples_rclpy_guard_conditions.egg-info/dependency_links.txt
[7.655s] writing entry points to ../../../../build/examples_rclpy_guard_conditions/examples_rclpy_guard_conditions.egg-info/entry_points.txt
[7.657s] writing requirements to ../../../../build/examples_rclpy_guard_conditions/examples_rclpy_guard_conditions.egg-info/requires.txt
[7.660s] writing top-level names to ../../../../build/examples_rclpy_guard_conditions/examples_rclpy_guard_conditions.egg-info/top_level.txt
[7.671s] reading manifest file '../../../../build/examples_rclpy_guard_conditions/examples_rclpy_guard_conditions.egg-info/SOURCES.txt'
[7.674s] writing manifest file '../../../../build/examples_rclpy_guard_conditions/examples_rclpy_guard_conditions.egg-info/SOURCES.txt'
[7.675s] running build
[7.676s] running build_py
[7.681s] running install
[7.682s] running install_lib
[7.682s] /usr/lib/python3/dist-packages/setuptools/command/install.py:34: SetuptoolsDeprecationWarning: setup.py install is deprecated. Use build and pip and other standards-based tools.
[7.683s]   warnings.warn(
[7.684s] creating /home/ignatj/ros2_ws/install/examples_rclpy_guard_conditions/lib/python3.10/site-packages/examples_rclpy_guard_conditions
[7.685s] copying /home/ignatj/ros2_ws/build/examples_rclpy_guard_conditions/build/lib/examples_rclpy_guard_conditions/trigger_guard_condition.py -> /home/ignatj/ros2_ws/install/examples_rclpy_guard_conditions/lib/python3.10/site-packages/examples_rclpy_guard_conditions
[7.686s] copying /home/ignatj/ros2_ws/build/examples_rclpy_guard_conditions/build/lib/examples_rclpy_guard_conditions/__init__.py -> /home/ignatj/ros2_ws/install/examples_rclpy_guard_conditions/lib/python3.10/site-packages/examples_rclpy_guard_conditions
[7.689s] byte-compiling /home/ignatj/ros2_ws/install/examples_rclpy_guard_conditions/lib/python3.10/site-packages/examples_rclpy_guard_conditions/trigger_guard_condition.py to trigger_guard_condition.cpython-310.pyc
[7.690s] byte-compiling /home/ignatj/ros2_ws/install/examples_rclpy_guard_conditions/lib/python3.10/site-packages/examples_rclpy_guard_conditions/__init__.py to __init__.cpython-310.pyc
[7.691s] running install_data
[7.693s] running install_egg_info
[7.698s] Copying ../../../../build/examples_rclpy_guard_conditions/examples_rclpy_guard_conditions.egg-info to /home/ignatj/ros2_ws/install/examples_rclpy_guard_conditions/lib/python3.10/site-packages/examples_rclpy_guard_conditions-0.15.1-py3.10.egg-info
[7.703s] running install_scripts
[7.772s] Installing trigger_guard_condition script to /home/ignatj/ros2_ws/install/examples_rclpy_guard_conditions/lib/examples_rclpy_guard_conditions
[7.774s] writing list of installed files to '/home/ignatj/ros2_ws/build/examples_rclpy_guard_conditions/install.log'
[8.367s] Invoked command in '/home/ignatj/ros2_ws/src/examples/rclpy/guard_conditions' returned '0': PYTHONPATH=/home/ignatj/ros2_ws/build/examples_rclpy_guard_conditions/prefix_override:/home/ignatj/ros2_ws/install/examples_rclpy_guard_conditions/lib/python3.10/site-packages:${PYTHONPATH} /usr/bin/python3 setup.py egg_info --egg-base ../../../../build/examples_rclpy_guard_conditions build --build-base /home/ignatj/ros2_ws/build/examples_rclpy_guard_conditions/build install --record /home/ignatj/ros2_ws/build/examples_rclpy_guard_conditions/install.log --single-version-externally-managed
