[0.263s] Invoking command in '/home/ignatj/ros2_ws/build/turtlebot3_bringup': AMENT_PREFIX_PATH=/home/ignatj/ros2_ws/install/turtlebot3_node:/home/ignatj/ros2_ws/install/turtlebot3_description:${AMENT_PREFIX_PATH} CMAKE_PREFIX_PATH=/home/ignatj/ros2_ws/install/turtlebot3_node:/home/ignatj/ros2_ws/install/turtlebot3_description:/opt/ros/humble /usr/bin/cmake /home/ignatj/ros2_ws/src/turtlebot3/turtlebot3_bringup -DAMENT_CMAKE_SYMLINK_INSTALL=1 -DCMAKE_INSTALL_PREFIX=/home/ignatj/ros2_ws/install/turtlebot3_bringup
[0.473s] -- The C compiler identification is GNU 11.4.0
[0.670s] -- The CXX compiler identification is GNU 11.4.0
[0.694s] -- Detecting C compiler ABI info
[0.978s] -- Detecting C compiler ABI info - done
[0.994s] -- Check for working C compiler: /usr/bin/cc - skipped
[0.995s] -- Detecting C compile features
[0.997s] -- Detecting C compile features - done
[1.008s] -- Detecting CXX compiler ABI info
[1.323s] -- Detecting CXX compiler ABI info - done
[1.347s] -- Check for working CXX compiler: /usr/bin/c++ - skipped
[1.349s] -- Detecting CXX compile features
[1.351s] -- Detecting CXX compile features - done
[1.363s] -- Found ament_cmake: 1.3.7 (/opt/ros/humble/share/ament_cmake/cmake)
[1.972s] -- Found Python3: /usr/bin/python3.10 (found version "3.10.12") found components: Interpreter 
[2.179s] -- Override CMake install command with custom implementation using symlinks instead of copying resources
[2.488s] -- Configuring done
[2.503s] -- Generating done
[2.510s] -- Build files have been written to: /home/ignatj/ros2_ws/build/turtlebot3_bringup
[2.525s] Invoked command in '/home/ignatj/ros2_ws/build/turtlebot3_bringup' returned '0': AMENT_PREFIX_PATH=/home/ignatj/ros2_ws/install/turtlebot3_node:/home/ignatj/ros2_ws/install/turtlebot3_description:${AMENT_PREFIX_PATH} CMAKE_PREFIX_PATH=/home/ignatj/ros2_ws/install/turtlebot3_node:/home/ignatj/ros2_ws/install/turtlebot3_description:/opt/ros/humble /usr/bin/cmake /home/ignatj/ros2_ws/src/turtlebot3/turtlebot3_bringup -DAMENT_CMAKE_SYMLINK_INSTALL=1 -DCMAKE_INSTALL_PREFIX=/home/ignatj/ros2_ws/install/turtlebot3_bringup
[2.533s] Invoking command in '/home/ignatj/ros2_ws/build/turtlebot3_bringup': AMENT_PREFIX_PATH=/home/ignatj/ros2_ws/install/turtlebot3_node:/home/ignatj/ros2_ws/install/turtlebot3_description:${AMENT_PREFIX_PATH} CMAKE_PREFIX_PATH=/home/ignatj/ros2_ws/install/turtlebot3_node:/home/ignatj/ros2_ws/install/turtlebot3_description:/opt/ros/humble /usr/bin/cmake --build /home/ignatj/ros2_ws/build/turtlebot3_bringup -- -j6 -l6
[2.670s] Invoked command in '/home/ignatj/ros2_ws/build/turtlebot3_bringup' returned '0': AMENT_PREFIX_PATH=/home/ignatj/ros2_ws/install/turtlebot3_node:/home/ignatj/ros2_ws/install/turtlebot3_description:${AMENT_PREFIX_PATH} CMAKE_PREFIX_PATH=/home/ignatj/ros2_ws/install/turtlebot3_node:/home/ignatj/ros2_ws/install/turtlebot3_description:/opt/ros/humble /usr/bin/cmake --build /home/ignatj/ros2_ws/build/turtlebot3_bringup -- -j6 -l6
[2.789s] Invoking command in '/home/ignatj/ros2_ws/build/turtlebot3_bringup': AMENT_PREFIX_PATH=/home/ignatj/ros2_ws/install/turtlebot3_node:/home/ignatj/ros2_ws/install/turtlebot3_description:${AMENT_PREFIX_PATH} CMAKE_PREFIX_PATH=/home/ignatj/ros2_ws/install/turtlebot3_node:/home/ignatj/ros2_ws/install/turtlebot3_description:/opt/ros/humble /usr/bin/cmake --install /home/ignatj/ros2_ws/build/turtlebot3_bringup
[2.820s] -- Install configuration: ""
[2.822s] -- Execute custom install script
[2.826s] -- Symlinking: /home/ignatj/ros2_ws/install/turtlebot3_bringup/share/turtlebot3_bringup/launch/robot.launch.py
[2.858s] -- Symlinking: /home/ignatj/ros2_ws/install/turtlebot3_bringup/share/turtlebot3_bringup/launch/rviz2.launch.py
[2.891s] -- Symlinking: /home/ignatj/ros2_ws/install/turtlebot3_bringup/share/turtlebot3_bringup/launch/turtlebot3_state_publisher.launch.py
[2.920s] -- Symlinking: /home/ignatj/ros2_ws/install/turtlebot3_bringup/share/turtlebot3_bringup/param/burger.yaml
[2.948s] -- Symlinking: /home/ignatj/ros2_ws/install/turtlebot3_bringup/share/turtlebot3_bringup/param/waffle.yaml
[2.979s] -- Symlinking: /home/ignatj/ros2_ws/install/turtlebot3_bringup/share/turtlebot3_bringup/param/waffle_pi.yaml
[3.016s] -- Symlinking: /home/ignatj/ros2_ws/install/turtlebot3_bringup/share/turtlebot3_bringup/script/99-turtlebot3-cdc.rules
[3.041s] -- Symlinking: /home/ignatj/ros2_ws/install/turtlebot3_bringup/share/turtlebot3_bringup/script/create_udev_rules
[3.065s] -- Symlinking: /home/ignatj/ros2_ws/install/turtlebot3_bringup/share/ament_index/resource_index/package_run_dependencies/turtlebot3_bringup
[3.100s] -- Symlinking: /home/ignatj/ros2_ws/install/turtlebot3_bringup/share/ament_index/resource_index/parent_prefix_path/turtlebot3_bringup
[3.138s] -- Symlinking: /home/ignatj/ros2_ws/install/turtlebot3_bringup/share/turtlebot3_bringup/environment/ament_prefix_path.sh
[3.176s] -- Symlinking: /home/ignatj/ros2_ws/install/turtlebot3_bringup/share/turtlebot3_bringup/environment/ament_prefix_path.dsv
[3.217s] -- Symlinking: /home/ignatj/ros2_ws/install/turtlebot3_bringup/share/turtlebot3_bringup/environment/path.sh
[3.264s] -- Symlinking: /home/ignatj/ros2_ws/install/turtlebot3_bringup/share/turtlebot3_bringup/environment/path.dsv
[3.305s] -- Symlinking: /home/ignatj/ros2_ws/install/turtlebot3_bringup/share/turtlebot3_bringup/local_setup.bash
[3.340s] -- Symlinking: /home/ignatj/ros2_ws/install/turtlebot3_bringup/share/turtlebot3_bringup/local_setup.sh
[3.391s] -- Symlinking: /home/ignatj/ros2_ws/install/turtlebot3_bringup/share/turtlebot3_bringup/local_setup.zsh
[3.427s] -- Symlinking: /home/ignatj/ros2_ws/install/turtlebot3_bringup/share/turtlebot3_bringup/local_setup.dsv
[3.467s] -- Symlinking: /home/ignatj/ros2_ws/install/turtlebot3_bringup/share/turtlebot3_bringup/package.dsv
[3.505s] -- Symlinking: /home/ignatj/ros2_ws/install/turtlebot3_bringup/share/ament_index/resource_index/packages/turtlebot3_bringup
[3.541s] -- Symlinking: /home/ignatj/ros2_ws/install/turtlebot3_bringup/share/turtlebot3_bringup/cmake/turtlebot3_bringupConfig.cmake
[3.593s] -- Symlinking: /home/ignatj/ros2_ws/install/turtlebot3_bringup/share/turtlebot3_bringup/cmake/turtlebot3_bringupConfig-version.cmake
[3.632s] -- Symlinking: /home/ignatj/ros2_ws/install/turtlebot3_bringup/share/turtlebot3_bringup/package.xml
[3.671s] Invoked command in '/home/ignatj/ros2_ws/build/turtlebot3_bringup' returned '0': AMENT_PREFIX_PATH=/home/ignatj/ros2_ws/install/turtlebot3_node:/home/ignatj/ros2_ws/install/turtlebot3_description:${AMENT_PREFIX_PATH} CMAKE_PREFIX_PATH=/home/ignatj/ros2_ws/install/turtlebot3_node:/home/ignatj/ros2_ws/install/turtlebot3_description:/opt/ros/humble /usr/bin/cmake --install /home/ignatj/ros2_ws/build/turtlebot3_bringup
