[6.037s] Invoking command in '/home/ignatj/ros2_ws/src/examples/rclpy/services/minimal_service': PYTHONPATH=/home/ignatj/ros2_ws/build/examples_rclpy_minimal_service/prefix_override:/home/ignatj/ros2_ws/install/examples_rclpy_minimal_service/lib/python3.10/site-packages:${PYTHONPATH} /usr/bin/python3 setup.py egg_info --egg-base ../../../../../build/examples_rclpy_minimal_service build --build-base /home/ignatj/ros2_ws/build/examples_rclpy_minimal_service/build install --record /home/ignatj/ros2_ws/build/examples_rclpy_minimal_service/install.log --single-version-externally-managed
[6.810s] running egg_info
[6.814s] writing ../../../../../build/examples_rclpy_minimal_service/examples_rclpy_minimal_service.egg-info/PKG-INFO
[6.819s] writing dependency_links to ../../../../../build/examples_rclpy_minimal_service/examples_rclpy_minimal_service.egg-info/dependency_links.txt
[6.822s] writing entry points to ../../../../../build/examples_rclpy_minimal_service/examples_rclpy_minimal_service.egg-info/entry_points.txt
[6.823s] writing requirements to ../../../../../build/examples_rclpy_minimal_service/examples_rclpy_minimal_service.egg-info/requires.txt
[6.824s] writing top-level names to ../../../../../build/examples_rclpy_minimal_service/examples_rclpy_minimal_service.egg-info/top_level.txt
[6.841s] reading manifest file '../../../../../build/examples_rclpy_minimal_service/examples_rclpy_minimal_service.egg-info/SOURCES.txt'
[6.846s] writing manifest file '../../../../../build/examples_rclpy_minimal_service/examples_rclpy_minimal_service.egg-info/SOURCES.txt'
[6.848s] running build
[6.850s] running build_py
[6.862s] running install
[6.864s] /usr/lib/python3/dist-packages/setuptools/command/install.py:34: SetuptoolsDeprecationWarning: setup.py install is deprecated. Use build and pip and other standards-based tools.
[6.864s]   warnings.warn(
[6.865s] running install_lib
[6.882s] running install_data
[6.887s] running install_egg_info
[6.901s] removing '/home/ignatj/ros2_ws/install/examples_rclpy_minimal_service/lib/python3.10/site-packages/examples_rclpy_minimal_service-0.15.1-py3.10.egg-info' (and everything under it)
[6.901s] Copying ../../../../../build/examples_rclpy_minimal_service/examples_rclpy_minimal_service.egg-info to /home/ignatj/ros2_ws/install/examples_rclpy_minimal_service/lib/python3.10/site-packages/examples_rclpy_minimal_service-0.15.1-py3.10.egg-info
[6.909s] running install_scripts
[6.976s] Installing service script to /home/ignatj/ros2_ws/install/examples_rclpy_minimal_service/lib/examples_rclpy_minimal_service
[6.982s] Installing service_member_function script to /home/ignatj/ros2_ws/install/examples_rclpy_minimal_service/lib/examples_rclpy_minimal_service
[6.984s] writing list of installed files to '/home/ignatj/ros2_ws/build/examples_rclpy_minimal_service/install.log'
[7.114s] Invoked command in '/home/ignatj/ros2_ws/src/examples/rclpy/services/minimal_service' returned '0': PYTHONPATH=/home/ignatj/ros2_ws/build/examples_rclpy_minimal_service/prefix_override:/home/ignatj/ros2_ws/install/examples_rclpy_minimal_service/lib/python3.10/site-packages:${PYTHONPATH} /usr/bin/python3 setup.py egg_info --egg-base ../../../../../build/examples_rclpy_minimal_service build --build-base /home/ignatj/ros2_ws/build/examples_rclpy_minimal_service/build install --record /home/ignatj/ros2_ws/build/examples_rclpy_minimal_service/install.log --single-version-externally-managed
