[3.190s] Invoking command in '/home/ignatj/ros2_ws/build/examples_rclpy_minimal_service': PYTHONPATH=/home/ignatj/ros2_ws/build/examples_rclpy_minimal_service/prefix_override:/home/ignatj/ros2_ws/install/examples_rclpy_minimal_service/lib/python3.10/site-packages:${PYTHONPATH} /usr/bin/python3 setup.py develop --editable --build-directory /home/ignatj/ros2_ws/build/examples_rclpy_minimal_service/build --no-deps install_data
[4.061s] running develop
[4.063s] /usr/lib/python3/dist-packages/setuptools/command/easy_install.py:158: EasyInstallDeprecationWarning: easy_install command is deprecated. Use build and pip and other standards-based tools.
[4.064s]   warnings.warn(
[4.069s] /usr/lib/python3/dist-packages/setuptools/command/install.py:34: SetuptoolsDeprecationWarning: setup.py install is deprecated. Use build and pip and other standards-based tools.
[4.070s]   warnings.warn(
[4.727s] running egg_info
[4.727s] creating examples_rclpy_minimal_service.egg-info
[4.728s] writing examples_rclpy_minimal_service.egg-info/PKG-INFO
[4.732s] writing dependency_links to examples_rclpy_minimal_service.egg-info/dependency_links.txt
[4.733s] writing entry points to examples_rclpy_minimal_service.egg-info/entry_points.txt
[4.734s] writing requirements to examples_rclpy_minimal_service.egg-info/requires.txt
[4.735s] writing top-level names to examples_rclpy_minimal_service.egg-info/top_level.txt
[4.736s] writing manifest file 'examples_rclpy_minimal_service.egg-info/SOURCES.txt'
[4.748s] reading manifest file 'examples_rclpy_minimal_service.egg-info/SOURCES.txt'
[4.752s] writing manifest file 'examples_rclpy_minimal_service.egg-info/SOURCES.txt'
[4.758s] running build_ext
[4.759s] Creating /home/ignatj/ros2_ws/install/examples_rclpy_minimal_service/lib/python3.10/site-packages/examples-rclpy-minimal-service.egg-link (link to .)
[4.763s] Installing service script to /home/ignatj/ros2_ws/install/examples_rclpy_minimal_service/lib/examples_rclpy_minimal_service
[4.763s] Installing service_member_function script to /home/ignatj/ros2_ws/install/examples_rclpy_minimal_service/lib/examples_rclpy_minimal_service
[4.766s] 
[4.766s] Installed /home/ignatj/ros2_ws/build/examples_rclpy_minimal_service
[4.766s] running install_data
[4.767s] creating /home/ignatj/ros2_ws/install/examples_rclpy_minimal_service/share/ament_index
[4.767s] creating /home/ignatj/ros2_ws/install/examples_rclpy_minimal_service/share/ament_index/resource_index
[4.769s] creating /home/ignatj/ros2_ws/install/examples_rclpy_minimal_service/share/ament_index/resource_index/packages
[4.770s] copying resource/examples_rclpy_minimal_service -> /home/ignatj/ros2_ws/install/examples_rclpy_minimal_service/share/ament_index/resource_index/packages
[4.770s] copying package.xml -> /home/ignatj/ros2_ws/install/examples_rclpy_minimal_service/share/examples_rclpy_minimal_service
[4.940s] Invoked command in '/home/ignatj/ros2_ws/build/examples_rclpy_minimal_service' returned '0': PYTHONPATH=/home/ignatj/ros2_ws/build/examples_rclpy_minimal_service/prefix_override:/home/ignatj/ros2_ws/install/examples_rclpy_minimal_service/lib/python3.10/site-packages:${PYTHONPATH} /usr/bin/python3 setup.py develop --editable --build-directory /home/ignatj/ros2_ws/build/examples_rclpy_minimal_service/build --no-deps install_data
