[1.056s] Invoking command in '/home/ignatj/ros2_ws/build/turtlebot3_node': CMAKE_PREFIX_PATH=${CMAKE_PREFIX_PATH}:/home/ignatj/ros2_ws/install/my_robot_controller:/home/ignatj/ros2_ws/install/launch_testing_examples:/home/ignatj/ros2_ws/install/examples_rclpy_pointcloud_publisher:/home/ignatj/ros2_ws/install/examples_rclpy_minimal_subscriber:/home/ignatj/ros2_ws/install/examples_rclpy_minimal_service:/home/ignatj/ros2_ws/install/examples_rclpy_minimal_publisher:/home/ignatj/ros2_ws/install/examples_rclpy_minimal_client:/home/ignatj/ros2_ws/install/examples_rclpy_minimal_action_server:/home/ignatj/ros2_ws/install/examples_rclpy_minimal_action_client:/home/ignatj/ros2_ws/install/examples_rclpy_guard_conditions:/home/ignatj/ros2_ws/install/examples_rclpy_executors:/opt/ros/humble /usr/bin/cmake /home/ignatj/ros2_ws/src/turtlebot3/turtlebot3_node -DCMAKE_INSTALL_PREFIX=/home/ignatj/ros2_ws/install/turtlebot3_node
[2.207s] -- Found ament_cmake: 1.3.7 (/opt/ros/humble/share/ament_cmake/cmake)
[2.208s] -- Override CMake install command with custom implementation using symlinks instead of copying resources
[2.209s] -- Found dynamixel_sdk: 3.7.60 (/opt/ros/humble/share/dynamixel_sdk/cmake)
[2.209s] -- Found geometry_msgs: 4.2.3 (/opt/ros/humble/share/geometry_msgs/cmake)
[2.210s] -- Found rosidl_generator_c: 3.1.5 (/opt/ros/humble/share/rosidl_generator_c/cmake)
[2.210s] -- Found rosidl_adapter: 3.1.5 (/opt/ros/humble/share/rosidl_adapter/cmake)
[2.211s] -- Found rosidl_generator_cpp: 3.1.5 (/opt/ros/humble/share/rosidl_generator_cpp/cmake)
[2.212s] -- Using all available rosidl_typesupport_c: rosidl_typesupport_fastrtps_c;rosidl_typesupport_introspection_c
[2.229s] -- Using all available rosidl_typesupport_cpp: rosidl_typesupport_fastrtps_cpp;rosidl_typesupport_introspection_cpp
[2.713s] -- Found message_filters: 4.3.3 (/opt/ros/humble/share/message_filters/cmake)
[3.056s] -- Found rmw_implementation_cmake: 6.1.1 (/opt/ros/humble/share/rmw_implementation_cmake/cmake)
[3.076s] -- Found rmw_fastrtps_cpp: 6.2.6 (/opt/ros/humble/share/rmw_fastrtps_cpp/cmake)
[3.636s] -- Using RMW implementation 'rmw_fastrtps_cpp' as default
[4.213s] -- Found nav_msgs: 4.2.3 (/opt/ros/humble/share/nav_msgs/cmake)
[4.464s] -- Found sensor_msgs: 4.2.3 (/opt/ros/humble/share/sensor_msgs/cmake)
[4.781s] -- Found std_srvs: 4.2.3 (/opt/ros/humble/share/std_srvs/cmake)
[4.927s] -- Found tf2: 0.25.5 (/opt/ros/humble/share/tf2/cmake)
[4.988s] -- Found tf2_ros: 0.25.5 (/opt/ros/humble/share/tf2_ros/cmake)
[6.067s] -- Found turtlebot3_msgs: 2.2.3 (/opt/ros/humble/share/turtlebot3_msgs/cmake)
[6.675s] -- Configuring done
[6.796s] -- Generating done
[6.799s] -- Build files have been written to: /home/ignatj/ros2_ws/build/turtlebot3_node
[7.374s] Invoked command in '/home/ignatj/ros2_ws/build/turtlebot3_node' returned '0': CMAKE_PREFIX_PATH=${CMAKE_PREFIX_PATH}:/home/ignatj/ros2_ws/install/my_robot_controller:/home/ignatj/ros2_ws/install/launch_testing_examples:/home/ignatj/ros2_ws/install/examples_rclpy_pointcloud_publisher:/home/ignatj/ros2_ws/install/examples_rclpy_minimal_subscriber:/home/ignatj/ros2_ws/install/examples_rclpy_minimal_service:/home/ignatj/ros2_ws/install/examples_rclpy_minimal_publisher:/home/ignatj/ros2_ws/install/examples_rclpy_minimal_client:/home/ignatj/ros2_ws/install/examples_rclpy_minimal_action_server:/home/ignatj/ros2_ws/install/examples_rclpy_minimal_action_client:/home/ignatj/ros2_ws/install/examples_rclpy_guard_conditions:/home/ignatj/ros2_ws/install/examples_rclpy_executors:/opt/ros/humble /usr/bin/cmake /home/ignatj/ros2_ws/src/turtlebot3/turtlebot3_node -DCMAKE_INSTALL_PREFIX=/home/ignatj/ros2_ws/install/turtlebot3_node
[7.381s] Invoking command in '/home/ignatj/ros2_ws/build/turtlebot3_node': CMAKE_PREFIX_PATH=${CMAKE_PREFIX_PATH}:/home/ignatj/ros2_ws/install/my_robot_controller:/home/ignatj/ros2_ws/install/launch_testing_examples:/home/ignatj/ros2_ws/install/examples_rclpy_pointcloud_publisher:/home/ignatj/ros2_ws/install/examples_rclpy_minimal_subscriber:/home/ignatj/ros2_ws/install/examples_rclpy_minimal_service:/home/ignatj/ros2_ws/install/examples_rclpy_minimal_publisher:/home/ignatj/ros2_ws/install/examples_rclpy_minimal_client:/home/ignatj/ros2_ws/install/examples_rclpy_minimal_action_server:/home/ignatj/ros2_ws/install/examples_rclpy_minimal_action_client:/home/ignatj/ros2_ws/install/examples_rclpy_guard_conditions:/home/ignatj/ros2_ws/install/examples_rclpy_executors:/opt/ros/humble /usr/bin/cmake --build /home/ignatj/ros2_ws/build/turtlebot3_node -- -j6 -l6
[7.540s] [35m[1mConsolidate compiler generated dependencies of target turtlebot3_node_lib[0m
[7.666s] [ 85%] Built target turtlebot3_node_lib
[7.701s] [35m[1mConsolidate compiler generated dependencies of target turtlebot3_ros[0m
[7.762s] [100%] Built target turtlebot3_ros
[8.881s] Invoked command in '/home/ignatj/ros2_ws/build/turtlebot3_node' returned '0': CMAKE_PREFIX_PATH=${CMAKE_PREFIX_PATH}:/home/ignatj/ros2_ws/install/my_robot_controller:/home/ignatj/ros2_ws/install/launch_testing_examples:/home/ignatj/ros2_ws/install/examples_rclpy_pointcloud_publisher:/home/ignatj/ros2_ws/install/examples_rclpy_minimal_subscriber:/home/ignatj/ros2_ws/install/examples_rclpy_minimal_service:/home/ignatj/ros2_ws/install/examples_rclpy_minimal_publisher:/home/ignatj/ros2_ws/install/examples_rclpy_minimal_client:/home/ignatj/ros2_ws/install/examples_rclpy_minimal_action_server:/home/ignatj/ros2_ws/install/examples_rclpy_minimal_action_client:/home/ignatj/ros2_ws/install/examples_rclpy_guard_conditions:/home/ignatj/ros2_ws/install/examples_rclpy_executors:/opt/ros/humble /usr/bin/cmake --build /home/ignatj/ros2_ws/build/turtlebot3_node -- -j6 -l6
[9.438s] Invoking command in '/home/ignatj/ros2_ws/build/turtlebot3_node': CMAKE_PREFIX_PATH=${CMAKE_PREFIX_PATH}:/home/ignatj/ros2_ws/install/my_robot_controller:/home/ignatj/ros2_ws/install/launch_testing_examples:/home/ignatj/ros2_ws/install/examples_rclpy_pointcloud_publisher:/home/ignatj/ros2_ws/install/examples_rclpy_minimal_subscriber:/home/ignatj/ros2_ws/install/examples_rclpy_minimal_service:/home/ignatj/ros2_ws/install/examples_rclpy_minimal_publisher:/home/ignatj/ros2_ws/install/examples_rclpy_minimal_client:/home/ignatj/ros2_ws/install/examples_rclpy_minimal_action_server:/home/ignatj/ros2_ws/install/examples_rclpy_minimal_action_client:/home/ignatj/ros2_ws/install/examples_rclpy_guard_conditions:/home/ignatj/ros2_ws/install/examples_rclpy_executors:/opt/ros/humble /usr/bin/cmake --install /home/ignatj/ros2_ws/build/turtlebot3_node
[9.494s] -- Install configuration: ""
[9.496s] -- Execute custom install script
[9.499s] -- Symlinking: /home/ignatj/ros2_ws/install/turtlebot3_node/share/turtlebot3_node/param/burger.yaml
[9.553s] -- Symlinking: /home/ignatj/ros2_ws/install/turtlebot3_node/share/turtlebot3_node/param/waffle.yaml
[9.598s] -- Symlinking: /home/ignatj/ros2_ws/install/turtlebot3_node/share/turtlebot3_node/param/waffle_pi.yaml
[9.639s] -- Symlinking: /home/ignatj/ros2_ws/install/turtlebot3_node/lib/turtlebot3_node/turtlebot3_ros
[9.677s] -- Symlinking: /home/ignatj/ros2_ws/install/turtlebot3_node/share/ament_index/resource_index/package_run_dependencies/turtlebot3_node
[9.711s] -- Symlinking: /home/ignatj/ros2_ws/install/turtlebot3_node/share/ament_index/resource_index/parent_prefix_path/turtlebot3_node
[9.771s] -- Symlinking: /home/ignatj/ros2_ws/install/turtlebot3_node/share/turtlebot3_node/environment/ament_prefix_path.sh
[9.809s] -- Symlinking: /home/ignatj/ros2_ws/install/turtlebot3_node/share/turtlebot3_node/environment/ament_prefix_path.dsv
[9.851s] -- Symlinking: /home/ignatj/ros2_ws/install/turtlebot3_node/share/turtlebot3_node/environment/path.sh
[9.883s] -- Symlinking: /home/ignatj/ros2_ws/install/turtlebot3_node/share/turtlebot3_node/environment/path.dsv
[9.921s] -- Symlinking: /home/ignatj/ros2_ws/install/turtlebot3_node/share/turtlebot3_node/local_setup.bash
[9.956s] -- Symlinking: /home/ignatj/ros2_ws/install/turtlebot3_node/share/turtlebot3_node/local_setup.sh
[9.990s] -- Symlinking: /home/ignatj/ros2_ws/install/turtlebot3_node/share/turtlebot3_node/local_setup.zsh
[10.023s] -- Symlinking: /home/ignatj/ros2_ws/install/turtlebot3_node/share/turtlebot3_node/local_setup.dsv
[10.054s] -- Symlinking: /home/ignatj/ros2_ws/install/turtlebot3_node/share/turtlebot3_node/package.dsv
[10.089s] -- Symlinking: /home/ignatj/ros2_ws/install/turtlebot3_node/share/ament_index/resource_index/packages/turtlebot3_node
[10.120s] -- Symlinking: /home/ignatj/ros2_ws/install/turtlebot3_node/share/turtlebot3_node/cmake/ament_cmake_export_include_directories-extras.cmake
[10.154s] -- Symlinking: /home/ignatj/ros2_ws/install/turtlebot3_node/share/turtlebot3_node/cmake/turtlebot3_nodeConfig.cmake
[10.207s] -- Symlinking: /home/ignatj/ros2_ws/install/turtlebot3_node/share/turtlebot3_node/cmake/turtlebot3_nodeConfig-version.cmake
[10.246s] -- Symlinking: /home/ignatj/ros2_ws/install/turtlebot3_node/share/turtlebot3_node/package.xml
[10.302s] Invoked command in '/home/ignatj/ros2_ws/build/turtlebot3_node' returned '0': CMAKE_PREFIX_PATH=${CMAKE_PREFIX_PATH}:/home/ignatj/ros2_ws/install/my_robot_controller:/home/ignatj/ros2_ws/install/launch_testing_examples:/home/ignatj/ros2_ws/install/examples_rclpy_pointcloud_publisher:/home/ignatj/ros2_ws/install/examples_rclpy_minimal_subscriber:/home/ignatj/ros2_ws/install/examples_rclpy_minimal_service:/home/ignatj/ros2_ws/install/examples_rclpy_minimal_publisher:/home/ignatj/ros2_ws/install/examples_rclpy_minimal_client:/home/ignatj/ros2_ws/install/examples_rclpy_minimal_action_server:/home/ignatj/ros2_ws/install/examples_rclpy_minimal_action_client:/home/ignatj/ros2_ws/install/examples_rclpy_guard_conditions:/home/ignatj/ros2_ws/install/examples_rclpy_executors:/opt/ros/humble /usr/bin/cmake --install /home/ignatj/ros2_ws/build/turtlebot3_node
