[1.091s] Invoking command in '/home/ignatj/ros2_ws/build/turtlebot3_fake_node': CMAKE_PREFIX_PATH=${CMAKE_PREFIX_PATH}:/home/ignatj/ros2_ws/install/my_robot_controller:/home/ignatj/ros2_ws/install/launch_testing_examples:/home/ignatj/ros2_ws/install/examples_rclpy_pointcloud_publisher:/home/ignatj/ros2_ws/install/examples_rclpy_minimal_subscriber:/home/ignatj/ros2_ws/install/examples_rclpy_minimal_service:/home/ignatj/ros2_ws/install/examples_rclpy_minimal_publisher:/home/ignatj/ros2_ws/install/examples_rclpy_minimal_client:/home/ignatj/ros2_ws/install/examples_rclpy_minimal_action_server:/home/ignatj/ros2_ws/install/examples_rclpy_minimal_action_client:/home/ignatj/ros2_ws/install/examples_rclpy_guard_conditions:/home/ignatj/ros2_ws/install/examples_rclpy_executors:/opt/ros/humble /usr/bin/cmake /home/ignatj/ros2_ws/src/turtlebot3_simulations/turtlebot3_fake_node -DAMENT_CMAKE_SYMLINK_INSTALL=1 -DCMAKE_INSTALL_PREFIX=/home/ignatj/ros2_ws/install/turtlebot3_fake_node
[1.203s] -- Found ament_cmake: 1.3.7 (/opt/ros/humble/share/ament_cmake/cmake)
[1.823s] -- Override CMake install command with custom implementation using symlinks instead of copying resources
[1.853s] -- Found geometry_msgs: 4.2.3 (/opt/ros/humble/share/geometry_msgs/cmake)
[1.959s] -- Found rosidl_generator_c: 3.1.5 (/opt/ros/humble/share/rosidl_generator_c/cmake)
[1.966s] -- Found rosidl_adapter: 3.1.5 (/opt/ros/humble/share/rosidl_adapter/cmake)
[1.986s] -- Found rosidl_generator_cpp: 3.1.5 (/opt/ros/humble/share/rosidl_generator_cpp/cmake)
[2.026s] -- Using all available rosidl_typesupport_c: rosidl_typesupport_fastrtps_c;rosidl_typesupport_introspection_c
[2.087s] -- Using all available rosidl_typesupport_cpp: rosidl_typesupport_fastrtps_cpp;rosidl_typesupport_introspection_cpp
[2.519s] -- Found nav_msgs: 4.2.3 (/opt/ros/humble/share/nav_msgs/cmake)
[2.804s] -- Found rclcpp: 16.0.8 (/opt/ros/humble/share/rclcpp/cmake)
[2.978s] -- Found rmw_implementation_cmake: 6.1.1 (/opt/ros/humble/share/rmw_implementation_cmake/cmake)
[2.984s] -- Found rmw_fastrtps_cpp: 6.2.6 (/opt/ros/humble/share/rmw_fastrtps_cpp/cmake)
[3.415s] -- Using RMW implementation 'rmw_fastrtps_cpp' as default
[3.849s] -- Found sensor_msgs: 4.2.3 (/opt/ros/humble/share/sensor_msgs/cmake)
[4.122s] -- Found tf2: 0.25.5 (/opt/ros/humble/share/tf2/cmake)
[4.143s] -- Found tf2_msgs: 0.25.5 (/opt/ros/humble/share/tf2_msgs/cmake)
[4.566s] [31mCMake Error at CMakeLists.txt:25 (find_package):
[4.567s]   By not providing "Findturtlebot3_msgs.cmake" in CMAKE_MODULE_PATH this
[4.567s]   project has asked CMake to find a package configuration file provided by
[4.568s]   "turtlebot3_msgs", but CMake did not find one.
[4.568s] 
[4.569s]   Could not find a package configuration file provided by "turtlebot3_msgs"
[4.569s]   with any of the following names:
[4.569s] 
[4.570s]     turtlebot3_msgsConfig.cmake
[4.570s]     turtlebot3_msgs-config.cmake
[4.570s] 
[4.570s]   Add the installation prefix of "turtlebot3_msgs" to CMAKE_PREFIX_PATH or
[4.571s]   set "turtlebot3_msgs_DIR" to a directory containing one of the above files.
[4.571s]   If "turtlebot3_msgs" provides a separate development package or SDK, be
[4.572s]   sure it has been installed.
[4.572s] 
[4.573s] [0m
[4.574s] -- Configuring incomplete, errors occurred!
[4.575s] See also "/home/ignatj/ros2_ws/build/turtlebot3_fake_node/CMakeFiles/CMakeOutput.log".
