[0.249s] Invoking command in '/home/ignatj/ros2_ws/build/examples_rclcpp_wait_set': CMAKE_PREFIX_PATH=/opt/ros/humble /usr/bin/cmake /home/ignatj/ros2_ws/src/examples/rclcpp/wait_set -DAMENT_CMAKE_SYMLINK_INSTALL=1 -DCMAKE_INSTALL_PREFIX=/home/ignatj/ros2_ws/install/examples_rclcpp_wait_set
[4.131s] -- The C compiler identification is GNU 11.4.0
[4.132s] -- The CXX compiler identification is GNU 11.4.0
[4.132s] -- Detecting C compiler ABI info
[4.132s] -- Detecting C compiler ABI info - done
[4.132s] -- Check for working C compiler: /usr/bin/cc - skipped
[4.133s] -- Detecting C compile features
[4.133s] -- Detecting C compile features - done
[4.133s] -- Detecting CXX compiler ABI info
[4.134s] -- Detecting CXX compiler ABI info - done
[4.134s] -- Check for working CXX compiler: /usr/bin/c++ - skipped
[4.134s] -- Detecting CXX compile features
[4.135s] -- Detecting CXX compile features - done
[4.136s] -- Found ament_cmake: 1.3.7 (/opt/ros/humble/share/ament_cmake/cmake)
[4.146s] -- Found Python3: /usr/bin/python3.10 (found version "3.10.12") found components: Interpreter 
[4.146s] -- Override CMake install command with custom implementation using symlinks instead of copying resources
[4.147s] -- Found example_interfaces: 0.9.3 (/opt/ros/humble/share/example_interfaces/cmake)
[4.147s] -- Found rosidl_generator_c: 3.1.5 (/opt/ros/humble/share/rosidl_generator_c/cmake)
[4.147s] -- Found rosidl_adapter: 3.1.5 (/opt/ros/humble/share/rosidl_adapter/cmake)
[4.147s] -- Found rosidl_generator_cpp: 3.1.5 (/opt/ros/humble/share/rosidl_generator_cpp/cmake)
[4.147s] -- Using all available rosidl_typesupport_c: rosidl_typesupport_fastrtps_c;rosidl_typesupport_introspection_c
[4.147s] -- Using all available rosidl_typesupport_cpp: rosidl_typesupport_fastrtps_cpp;rosidl_typesupport_introspection_cpp
[4.147s] -- Found rclcpp: 16.0.8 (/opt/ros/humble/share/rclcpp/cmake)
[4.147s] -- Found rmw_implementation_cmake: 6.1.1 (/opt/ros/humble/share/rmw_implementation_cmake/cmake)
[4.148s] -- Found rmw_fastrtps_cpp: 6.2.6 (/opt/ros/humble/share/rmw_fastrtps_cpp/cmake)
[4.148s] -- Found OpenSSL: /usr/lib/x86_64-linux-gnu/libcrypto.so (found version "3.0.2")  
[4.148s] -- Found FastRTPS: /opt/ros/humble/include  
[4.148s] -- Using RMW implementation 'rmw_fastrtps_cpp' as default
[4.148s] -- Looking for pthread.h
[4.267s] -- Looking for pthread.h - found
[4.269s] -- Performing Test CMAKE_HAVE_LIBC_PTHREAD
[4.583s] -- Performing Test CMAKE_HAVE_LIBC_PTHREAD - Success
[4.587s] -- Found Threads: TRUE  
[5.151s] -- Found rclcpp_components: 16.0.8 (/opt/ros/humble/share/rclcpp_components/cmake)
[5.436s] -- Found ament_lint_auto: 0.12.10 (/opt/ros/humble/share/ament_lint_auto/cmake)
[5.722s] -- Added test 'copyright' to check source files copyright and LICENSE
[5.738s] -- Added test 'cppcheck' to perform static code analysis on C / C++ code
[5.740s] -- Configured cppcheck include dirs: /home/ignatj/ros2_ws/src/examples/rclcpp/wait_set/include
[5.741s] -- Configured cppcheck exclude dirs and/or files: 
[5.746s] -- Added test 'cpplint' to check C / C++ code against the Google style
[5.746s] -- Configured cpplint exclude dirs and/or files: 
[5.750s] -- Added test 'lint_cmake' to check CMake code style
[5.755s] -- Added test 'uncrustify' to check C / C++ code style
[5.756s] -- Configured uncrustify additional arguments: 
[5.757s] -- Added test 'xmllint' to check XML markup files
[5.764s] -- Configuring done
[5.972s] -- Generating done
[5.984s] -- Build files have been written to: /home/ignatj/ros2_ws/build/examples_rclcpp_wait_set
[6.036s] Invoked command in '/home/ignatj/ros2_ws/build/examples_rclcpp_wait_set' returned '0': CMAKE_PREFIX_PATH=/opt/ros/humble /usr/bin/cmake /home/ignatj/ros2_ws/src/examples/rclcpp/wait_set -DAMENT_CMAKE_SYMLINK_INSTALL=1 -DCMAKE_INSTALL_PREFIX=/home/ignatj/ros2_ws/install/examples_rclcpp_wait_set
[6.037s] Invoking command in '/home/ignatj/ros2_ws/build/examples_rclcpp_wait_set': CMAKE_PREFIX_PATH=/opt/ros/humble /usr/bin/cmake --build /home/ignatj/ros2_ws/build/examples_rclcpp_wait_set -- -j6 -l6
[6.352s] [  4%] [32mBuilding CXX object CMakeFiles/talker.dir/src/talker.cpp.o[0m
[24.226s] [  8%] [32m[1mLinking CXX shared library libtalker.so[0m
[25.074s] [  8%] Built target talker
[25.175s] [ 12%] [32mBuilding CXX object CMakeFiles/static_wait_set.dir/src/static_wait_set.cpp.o[0m
[55.336s] [ 16%] [32m[1mLinking CXX executable static_wait_set[0m
[56.734s] [ 16%] Built target static_wait_set
[56.857s] [ 20%] [32mBuilding CXX object CMakeFiles/thread_safe_wait_set.dir/src/thread_safe_wait_set.cpp.o[0m
[81.735s] [ 25%] [32m[1mLinking CXX executable thread_safe_wait_set[0m
[83.092s] [ 25%] Built target thread_safe_wait_set
[83.158s] [ 29%] [32mBuilding CXX object CMakeFiles/wait_set_topics_and_timer.dir/src/wait_set_topics_and_timer.cpp.o[0m
[89.214s] [ 33%] [32mBuilding CXX object CMakeFiles/wait_set_random_order.dir/src/wait_set_random_order.cpp.o[0m
[89.226s] [ 37%] [32mBuilding CXX object CMakeFiles/wait_set.dir/src/wait_set.cpp.o[0m
[90.423s] [ 41%] [32mBuilding CXX object CMakeFiles/wait_set_listener.dir/rclcpp_components/node_main_wait_set_listener.cpp.o[0m
[91.575s] [ 45%] [32mBuilding CXX object CMakeFiles/listener.dir/src/listener.cpp.o[0m
[92.736s] [ 50%] [32mBuilding CXX object CMakeFiles/wait_set_talker.dir/rclcpp_components/node_main_wait_set_talker.cpp.o[0m
[134.547s] [ 54%] [32m[1mLinking CXX executable wait_set_listener[0m
[136.636s] [ 54%] Built target wait_set_listener
[139.676s] [ 58%] [32m[1mLinking CXX executable wait_set_talker[0m
[141.171s] [ 58%] Built target wait_set_talker
[160.356s] [ 62%] [32m[1mLinking CXX executable wait_set_topics_and_timer[0m
[166.090s] [ 62%] Built target wait_set_topics_and_timer
[180.369s] [ 66%] [32m[1mLinking CXX executable wait_set_random_order[0m
[181.822s] [ 70%] [32m[1mLinking CXX executable wait_set[0m
[182.483s] [ 70%] Built target wait_set_random_order
[183.656s] [ 70%] Built target wait_set
[184.540s] [ 75%] [32m[1mLinking CXX shared library liblistener.so[0m
[186.038s] [ 75%] Built target listener
[186.146s] [ 79%] [32mBuilding CXX object CMakeFiles/wait_set_topics_with_different_rates.dir/src/wait_set_topics_with_different_rates.cpp.o[0m
[211.007s] [ 83%] [32m[1mLinking CXX executable wait_set_topics_with_different_rates[0m
[212.194s] [ 83%] Built target wait_set_topics_with_different_rates
[212.270s] [ 87%] [32mBuilding CXX object CMakeFiles/wait_set_composed.dir/src/wait_set_composed.cpp.o[0m
[219.678s] [ 91%] [32m[1mLinking CXX executable wait_set_composed[0m
[220.407s] [ 91%] Built target wait_set_composed
[220.481s] [ 95%] [32mBuilding CXX object CMakeFiles/executor_random_order.dir/src/executor_random_order.cpp.o[0m
[241.810s] [100%] [32m[1mLinking CXX executable executor_random_order[0m
[243.017s] [100%] Built target executor_random_order
[243.146s] Invoked command in '/home/ignatj/ros2_ws/build/examples_rclcpp_wait_set' returned '0': CMAKE_PREFIX_PATH=/opt/ros/humble /usr/bin/cmake --build /home/ignatj/ros2_ws/build/examples_rclcpp_wait_set -- -j6 -l6
[243.434s] Invoking command in '/home/ignatj/ros2_ws/build/examples_rclcpp_wait_set': CMAKE_PREFIX_PATH=/opt/ros/humble /usr/bin/cmake --install /home/ignatj/ros2_ws/build/examples_rclcpp_wait_set
[243.452s] -- Install configuration: ""
[243.456s] -- Execute custom install script
[243.459s] -- Symlinking: /home/ignatj/ros2_ws/install/examples_rclcpp_wait_set/lib/examples_rclcpp_wait_set/wait_set_talker
[243.487s] -- Symlinking: /home/ignatj/ros2_ws/install/examples_rclcpp_wait_set/lib/examples_rclcpp_wait_set/wait_set_listener
[243.516s] -- Symlinking: /home/ignatj/ros2_ws/install/examples_rclcpp_wait_set/lib/libtalker.so
[243.542s] -- Symlinking: /home/ignatj/ros2_ws/install/examples_rclcpp_wait_set/lib/liblistener.so
[243.571s] -- Symlinking: /home/ignatj/ros2_ws/install/examples_rclcpp_wait_set/lib/examples_rclcpp_wait_set/wait_set
[243.597s] -- Symlinking: /home/ignatj/ros2_ws/install/examples_rclcpp_wait_set/lib/examples_rclcpp_wait_set/static_wait_set
[243.625s] -- Symlinking: /home/ignatj/ros2_ws/install/examples_rclcpp_wait_set/lib/examples_rclcpp_wait_set/thread_safe_wait_set
[243.651s] -- Symlinking: /home/ignatj/ros2_ws/install/examples_rclcpp_wait_set/lib/examples_rclcpp_wait_set/wait_set_topics_and_timer
[243.677s] -- Symlinking: /home/ignatj/ros2_ws/install/examples_rclcpp_wait_set/lib/examples_rclcpp_wait_set/wait_set_random_order
[243.724s] -- Symlinking: /home/ignatj/ros2_ws/install/examples_rclcpp_wait_set/lib/examples_rclcpp_wait_set/executor_random_order
[243.750s] -- Symlinking: /home/ignatj/ros2_ws/install/examples_rclcpp_wait_set/lib/examples_rclcpp_wait_set/wait_set_topics_with_different_rates
[243.778s] -- Symlinking: /home/ignatj/ros2_ws/install/examples_rclcpp_wait_set/lib/examples_rclcpp_wait_set/wait_set_composed
[243.819s] -- Symlinking: /home/ignatj/ros2_ws/install/examples_rclcpp_wait_set/share/ament_index/resource_index/package_run_dependencies/examples_rclcpp_wait_set
[243.846s] -- Symlinking: /home/ignatj/ros2_ws/install/examples_rclcpp_wait_set/share/ament_index/resource_index/parent_prefix_path/examples_rclcpp_wait_set
[243.873s] -- Symlinking: /home/ignatj/ros2_ws/install/examples_rclcpp_wait_set/share/examples_rclcpp_wait_set/environment/ament_prefix_path.sh
[243.900s] -- Symlinking: /home/ignatj/ros2_ws/install/examples_rclcpp_wait_set/share/examples_rclcpp_wait_set/environment/ament_prefix_path.dsv
[243.930s] -- Symlinking: /home/ignatj/ros2_ws/install/examples_rclcpp_wait_set/share/examples_rclcpp_wait_set/environment/path.sh
[243.957s] -- Symlinking: /home/ignatj/ros2_ws/install/examples_rclcpp_wait_set/share/examples_rclcpp_wait_set/environment/path.dsv
[243.983s] -- Symlinking: /home/ignatj/ros2_ws/install/examples_rclcpp_wait_set/share/examples_rclcpp_wait_set/local_setup.bash
[244.012s] -- Symlinking: /home/ignatj/ros2_ws/install/examples_rclcpp_wait_set/share/examples_rclcpp_wait_set/local_setup.sh
[244.038s] -- Symlinking: /home/ignatj/ros2_ws/install/examples_rclcpp_wait_set/share/examples_rclcpp_wait_set/local_setup.zsh
[244.063s] -- Symlinking: /home/ignatj/ros2_ws/install/examples_rclcpp_wait_set/share/examples_rclcpp_wait_set/local_setup.dsv
[244.092s] -- Symlinking: /home/ignatj/ros2_ws/install/examples_rclcpp_wait_set/share/examples_rclcpp_wait_set/package.dsv
[244.123s] -- Symlinking: /home/ignatj/ros2_ws/install/examples_rclcpp_wait_set/share/ament_index/resource_index/packages/examples_rclcpp_wait_set
[244.151s] -- Symlinking: /home/ignatj/ros2_ws/install/examples_rclcpp_wait_set/share/ament_index/resource_index/rclcpp_components/examples_rclcpp_wait_set
[244.183s] -- Symlinking: /home/ignatj/ros2_ws/install/examples_rclcpp_wait_set/share/examples_rclcpp_wait_set/cmake/examples_rclcpp_wait_setConfig.cmake
[244.218s] -- Symlinking: /home/ignatj/ros2_ws/install/examples_rclcpp_wait_set/share/examples_rclcpp_wait_set/cmake/examples_rclcpp_wait_setConfig-version.cmake
[244.247s] -- Symlinking: /home/ignatj/ros2_ws/install/examples_rclcpp_wait_set/share/examples_rclcpp_wait_set/package.xml
[244.281s] Invoked command in '/home/ignatj/ros2_ws/build/examples_rclcpp_wait_set' returned '0': CMAKE_PREFIX_PATH=/opt/ros/humble /usr/bin/cmake --install /home/ignatj/ros2_ws/build/examples_rclcpp_wait_set
