[1.235s] Invoking command in '/home/ignatj/ros2_ws/build/turtlebot3_bringup': CMAKE_PREFIX_PATH=/home/ignatj/ros2_ws/install/turtlebot3_node:/home/ignatj/ros2_ws/install/turtlebot3_description:/home/ignatj/ros2_ws/install/turtlesim:/home/ignatj/ros2_ws/install/turtlebot3:/home/ignatj/ros2_ws/install/turtlebot3_simulations:/home/ignatj/ros2_ws/install/turtlebot3_bringup:/home/ignatj/ros2_ws/install/turtlebot3_navigation2:/home/ignatj/ros2_ws/install/turtlebot3_gazebo:/home/ignatj/ros2_ws/install/turtlebot3_fake_node:/home/ignatj/ros2_ws/install/turtlebot3_cartographer:/home/ignatj/ros2_ws/install/turtlebot3_teleop:/home/ignatj/ros2_ws/install/turtlebot3_example:/home/ignatj/ros2_ws/install/my_robot_controller:/opt/ros/humble /usr/bin/cmake --build /home/ignatj/ros2_ws/build/turtlebot3_bringup -- -j6 -l6
[2.195s] Invoked command in '/home/ignatj/ros2_ws/build/turtlebot3_bringup' returned '0': CMAKE_PREFIX_PATH=/home/ignatj/ros2_ws/install/turtlebot3_node:/home/ignatj/ros2_ws/install/turtlebot3_description:/home/ignatj/ros2_ws/install/turtlesim:/home/ignatj/ros2_ws/install/turtlebot3:/home/ignatj/ros2_ws/install/turtlebot3_simulations:/home/ignatj/ros2_ws/install/turtlebot3_bringup:/home/ignatj/ros2_ws/install/turtlebot3_navigation2:/home/ignatj/ros2_ws/install/turtlebot3_gazebo:/home/ignatj/ros2_ws/install/turtlebot3_fake_node:/home/ignatj/ros2_ws/install/turtlebot3_cartographer:/home/ignatj/ros2_ws/install/turtlebot3_teleop:/home/ignatj/ros2_ws/install/turtlebot3_example:/home/ignatj/ros2_ws/install/my_robot_controller:/opt/ros/humble /usr/bin/cmake --build /home/ignatj/ros2_ws/build/turtlebot3_bringup -- -j6 -l6
[2.484s] Invoking command in '/home/ignatj/ros2_ws/build/turtlebot3_bringup': CMAKE_PREFIX_PATH=/home/ignatj/ros2_ws/install/turtlebot3_node:/home/ignatj/ros2_ws/install/turtlebot3_description:/home/ignatj/ros2_ws/install/turtlesim:/home/ignatj/ros2_ws/install/turtlebot3:/home/ignatj/ros2_ws/install/turtlebot3_simulations:/home/ignatj/ros2_ws/install/turtlebot3_bringup:/home/ignatj/ros2_ws/install/turtlebot3_navigation2:/home/ignatj/ros2_ws/install/turtlebot3_gazebo:/home/ignatj/ros2_ws/install/turtlebot3_fake_node:/home/ignatj/ros2_ws/install/turtlebot3_cartographer:/home/ignatj/ros2_ws/install/turtlebot3_teleop:/home/ignatj/ros2_ws/install/turtlebot3_example:/home/ignatj/ros2_ws/install/my_robot_controller:/opt/ros/humble /usr/bin/cmake --install /home/ignatj/ros2_ws/build/turtlebot3_bringup
[2.520s] -- Install configuration: ""
[2.523s] -- Execute custom install script
[2.524s] -- Up-to-date symlink: /home/ignatj/ros2_ws/install/turtlebot3_bringup/share/turtlebot3_bringup/launch/robot.launch.py
[2.525s] -- Up-to-date symlink: /home/ignatj/ros2_ws/install/turtlebot3_bringup/share/turtlebot3_bringup/launch/rviz2.launch.py
[2.526s] -- Up-to-date symlink: /home/ignatj/ros2_ws/install/turtlebot3_bringup/share/turtlebot3_bringup/launch/turtlebot3_state_publisher.launch.py
[2.537s] -- Up-to-date symlink: /home/ignatj/ros2_ws/install/turtlebot3_bringup/share/turtlebot3_bringup/param/burger.yaml
[2.538s] -- Up-to-date symlink: /home/ignatj/ros2_ws/install/turtlebot3_bringup/share/turtlebot3_bringup/param/waffle.yaml
[2.538s] -- Up-to-date symlink: /home/ignatj/ros2_ws/install/turtlebot3_bringup/share/turtlebot3_bringup/param/waffle_pi.yaml
[2.540s] -- Up-to-date symlink: /home/ignatj/ros2_ws/install/turtlebot3_bringup/share/turtlebot3_bringup/script/99-turtlebot3-cdc.rules
[2.542s] -- Up-to-date symlink: /home/ignatj/ros2_ws/install/turtlebot3_bringup/share/turtlebot3_bringup/script/create_udev_rules
[2.543s] -- Up-to-date symlink: /home/ignatj/ros2_ws/install/turtlebot3_bringup/share/ament_index/resource_index/package_run_dependencies/turtlebot3_bringup
[2.544s] -- Up-to-date symlink: /home/ignatj/ros2_ws/install/turtlebot3_bringup/share/ament_index/resource_index/parent_prefix_path/turtlebot3_bringup
[2.546s] -- Up-to-date symlink: /home/ignatj/ros2_ws/install/turtlebot3_bringup/share/turtlebot3_bringup/environment/ament_prefix_path.sh
[2.547s] -- Up-to-date symlink: /home/ignatj/ros2_ws/install/turtlebot3_bringup/share/turtlebot3_bringup/environment/ament_prefix_path.dsv
[2.549s] -- Up-to-date symlink: /home/ignatj/ros2_ws/install/turtlebot3_bringup/share/turtlebot3_bringup/environment/path.sh
[2.549s] -- Up-to-date symlink: /home/ignatj/ros2_ws/install/turtlebot3_bringup/share/turtlebot3_bringup/environment/path.dsv
[2.551s] -- Up-to-date symlink: /home/ignatj/ros2_ws/install/turtlebot3_bringup/share/turtlebot3_bringup/local_setup.bash
[2.553s] -- Up-to-date symlink: /home/ignatj/ros2_ws/install/turtlebot3_bringup/share/turtlebot3_bringup/local_setup.sh
[2.557s] -- Up-to-date symlink: /home/ignatj/ros2_ws/install/turtlebot3_bringup/share/turtlebot3_bringup/local_setup.zsh
[2.557s] -- Up-to-date symlink: /home/ignatj/ros2_ws/install/turtlebot3_bringup/share/turtlebot3_bringup/local_setup.dsv
[2.557s] -- Symlinking: /home/ignatj/ros2_ws/install/turtlebot3_bringup/share/turtlebot3_bringup/package.dsv
[2.597s] -- Up-to-date symlink: /home/ignatj/ros2_ws/install/turtlebot3_bringup/share/ament_index/resource_index/packages/turtlebot3_bringup
[2.598s] -- Up-to-date symlink: /home/ignatj/ros2_ws/install/turtlebot3_bringup/share/turtlebot3_bringup/cmake/turtlebot3_bringupConfig.cmake
[2.598s] -- Up-to-date symlink: /home/ignatj/ros2_ws/install/turtlebot3_bringup/share/turtlebot3_bringup/cmake/turtlebot3_bringupConfig-version.cmake
[2.599s] -- Up-to-date symlink: /home/ignatj/ros2_ws/install/turtlebot3_bringup/share/turtlebot3_bringup/package.xml
[2.618s] Invoked command in '/home/ignatj/ros2_ws/build/turtlebot3_bringup' returned '0': CMAKE_PREFIX_PATH=/home/ignatj/ros2_ws/install/turtlebot3_node:/home/ignatj/ros2_ws/install/turtlebot3_description:/home/ignatj/ros2_ws/install/turtlesim:/home/ignatj/ros2_ws/install/turtlebot3:/home/ignatj/ros2_ws/install/turtlebot3_simulations:/home/ignatj/ros2_ws/install/turtlebot3_bringup:/home/ignatj/ros2_ws/install/turtlebot3_navigation2:/home/ignatj/ros2_ws/install/turtlebot3_gazebo:/home/ignatj/ros2_ws/install/turtlebot3_fake_node:/home/ignatj/ros2_ws/install/turtlebot3_cartographer:/home/ignatj/ros2_ws/install/turtlebot3_teleop:/home/ignatj/ros2_ws/install/turtlebot3_example:/home/ignatj/ros2_ws/install/my_robot_controller:/opt/ros/humble /usr/bin/cmake --install /home/ignatj/ros2_ws/build/turtlebot3_bringup
