[3.547s] Invoking command in '/home/ignatj/ros2_ws/build/my_robot_controller': PYTHONPATH=/home/ignatj/ros2_ws/build/my_robot_controller/prefix_override:/home/ignatj/ros2_ws/install/my_robot_controller/lib/python3.10/site-packages:${PYTHONPATH} /usr/bin/python3 setup.py develop --editable --build-directory /home/ignatj/ros2_ws/build/my_robot_controller/build --no-deps install_data
[4.972s] running develop
[4.989s] /usr/lib/python3/dist-packages/setuptools/command/easy_install.py:158: EasyInstallDeprecationWarning: easy_install command is deprecated. Use build and pip and other standards-based tools.
[4.989s]   warnings.warn(
[4.994s] /usr/lib/python3/dist-packages/setuptools/command/install.py:34: SetuptoolsDeprecationWarning: setup.py install is deprecated. Use build and pip and other standards-based tools.
[4.994s]   warnings.warn(
[6.243s] running egg_info
[6.244s] writing my_robot_controller.egg-info/PKG-INFO
[6.245s] writing dependency_links to my_robot_controller.egg-info/dependency_links.txt
[6.247s] writing entry points to my_robot_controller.egg-info/entry_points.txt
[6.265s] writing requirements to my_robot_controller.egg-info/requires.txt
[6.266s] writing top-level names to my_robot_controller.egg-info/top_level.txt
[6.267s] reading manifest file 'my_robot_controller.egg-info/SOURCES.txt'
[6.267s] writing manifest file 'my_robot_controller.egg-info/SOURCES.txt'
[6.268s] running build_ext
[6.268s] Creating /home/ignatj/ros2_ws/install/my_robot_controller/lib/python3.10/site-packages/my-robot-controller.egg-link (link to .)
[6.268s] Installing mapping script to /home/ignatj/ros2_ws/install/my_robot_controller/lib/my_robot_controller
[6.269s] Installing test_node script to /home/ignatj/ros2_ws/install/my_robot_controller/lib/my_robot_controller
[6.269s] 
[6.269s] Installed /home/ignatj/ros2_ws/build/my_robot_controller
[6.270s] running install_data
[6.514s] Invoked command in '/home/ignatj/ros2_ws/build/my_robot_controller' returned '0': PYTHONPATH=/home/ignatj/ros2_ws/build/my_robot_controller/prefix_override:/home/ignatj/ros2_ws/install/my_robot_controller/lib/python3.10/site-packages:${PYTHONPATH} /usr/bin/python3 setup.py develop --editable --build-directory /home/ignatj/ros2_ws/build/my_robot_controller/build --no-deps install_data
