[3.870s] Invoking command in '/home/ignatj/ros2_ws/build/examples_rclpy_minimal_action_client': PYTHONPATH=/home/ignatj/ros2_ws/build/examples_rclpy_minimal_action_client/prefix_override:/home/ignatj/ros2_ws/install/examples_rclpy_minimal_action_client/lib/python3.10/site-packages:${PYTHONPATH} /usr/bin/python3 setup.py develop --editable --build-directory /home/ignatj/ros2_ws/build/examples_rclpy_minimal_action_client/build --no-deps install_data
[4.749s] running develop
[4.752s] /usr/lib/python3/dist-packages/setuptools/command/easy_install.py:158: EasyInstallDeprecationWarning: easy_install command is deprecated. Use build and pip and other standards-based tools.
[4.752s]   warnings.warn(
[4.758s] /usr/lib/python3/dist-packages/setuptools/command/install.py:34: SetuptoolsDeprecationWarning: setup.py install is deprecated. Use build and pip and other standards-based tools.
[4.759s]   warnings.warn(
[5.422s] running egg_info
[5.423s] creating examples_rclpy_minimal_action_client.egg-info
[5.424s] writing examples_rclpy_minimal_action_client.egg-info/PKG-INFO
[5.431s] writing dependency_links to examples_rclpy_minimal_action_client.egg-info/dependency_links.txt
[5.432s] writing entry points to examples_rclpy_minimal_action_client.egg-info/entry_points.txt
[5.436s] writing requirements to examples_rclpy_minimal_action_client.egg-info/requires.txt
[5.437s] writing top-level names to examples_rclpy_minimal_action_client.egg-info/top_level.txt
[5.438s] writing manifest file 'examples_rclpy_minimal_action_client.egg-info/SOURCES.txt'
[5.450s] reading manifest file 'examples_rclpy_minimal_action_client.egg-info/SOURCES.txt'
[5.453s] writing manifest file 'examples_rclpy_minimal_action_client.egg-info/SOURCES.txt'
[5.458s] running build_ext
[5.459s] Creating /home/ignatj/ros2_ws/install/examples_rclpy_minimal_action_client/lib/python3.10/site-packages/examples-rclpy-minimal-action-client.egg-link (link to .)
[5.462s] Installing client script to /home/ignatj/ros2_ws/install/examples_rclpy_minimal_action_client/lib/examples_rclpy_minimal_action_client
[5.463s] Installing client_asyncio script to /home/ignatj/ros2_ws/install/examples_rclpy_minimal_action_client/lib/examples_rclpy_minimal_action_client
[5.463s] Installing client_cancel script to /home/ignatj/ros2_ws/install/examples_rclpy_minimal_action_client/lib/examples_rclpy_minimal_action_client
[5.465s] Installing client_not_composable script to /home/ignatj/ros2_ws/install/examples_rclpy_minimal_action_client/lib/examples_rclpy_minimal_action_client
[5.465s] 
[5.466s] Installed /home/ignatj/ros2_ws/build/examples_rclpy_minimal_action_client
[5.467s] running install_data
[5.467s] creating /home/ignatj/ros2_ws/install/examples_rclpy_minimal_action_client/share/ament_index
[5.468s] creating /home/ignatj/ros2_ws/install/examples_rclpy_minimal_action_client/share/ament_index/resource_index
[5.468s] creating /home/ignatj/ros2_ws/install/examples_rclpy_minimal_action_client/share/ament_index/resource_index/packages
[5.469s] copying resource/examples_rclpy_minimal_action_client -> /home/ignatj/ros2_ws/install/examples_rclpy_minimal_action_client/share/ament_index/resource_index/packages
[5.469s] copying package.xml -> /home/ignatj/ros2_ws/install/examples_rclpy_minimal_action_client/share/examples_rclpy_minimal_action_client
[5.628s] Invoked command in '/home/ignatj/ros2_ws/build/examples_rclpy_minimal_action_client' returned '0': PYTHONPATH=/home/ignatj/ros2_ws/build/examples_rclpy_minimal_action_client/prefix_override:/home/ignatj/ros2_ws/install/examples_rclpy_minimal_action_client/lib/python3.10/site-packages:${PYTHONPATH} /usr/bin/python3 setup.py develop --editable --build-directory /home/ignatj/ros2_ws/build/examples_rclpy_minimal_action_client/build --no-deps install_data
