[2.951s] Invoking command in '/home/ignatj/ros2_ws/src/turtlebot3/turtlebot3_example': PYTHONPATH=/home/ignatj/ros2_ws/build/turtlebot3_example/prefix_override:/home/ignatj/ros2_ws/install/turtlebot3_example/lib/python3.10/site-packages:${PYTHONPATH} /usr/bin/python3 setup.py egg_info --egg-base ../../../build/turtlebot3_example build --build-base /home/ignatj/ros2_ws/build/turtlebot3_example/build install --record /home/ignatj/ros2_ws/build/turtlebot3_example/install.log --single-version-externally-managed
[3.445s] running egg_info
[3.448s] writing ../../../build/turtlebot3_example/turtlebot3_example.egg-info/PKG-INFO
[3.449s] writing dependency_links to ../../../build/turtlebot3_example/turtlebot3_example.egg-info/dependency_links.txt
[3.449s] writing entry points to ../../../build/turtlebot3_example/turtlebot3_example.egg-info/entry_points.txt
[3.450s] writing requirements to ../../../build/turtlebot3_example/turtlebot3_example.egg-info/requires.txt
[3.450s] writing top-level names to ../../../build/turtlebot3_example/turtlebot3_example.egg-info/top_level.txt
[3.459s] reading manifest file '../../../build/turtlebot3_example/turtlebot3_example.egg-info/SOURCES.txt'
[3.460s] writing manifest file '../../../build/turtlebot3_example/turtlebot3_example.egg-info/SOURCES.txt'
[3.460s] running build
[3.460s] running build_py
[3.461s] running install
[3.461s] running install_lib
[3.467s] running install_data
[3.468s] running install_egg_info
[3.469s] removing '/home/ignatj/ros2_ws/install/turtlebot3_example/lib/python3.10/site-packages/turtlebot3_example-2.1.5-py3.10.egg-info' (and everything under it)
[3.469s] Copying ../../../build/turtlebot3_example/turtlebot3_example.egg-info to /home/ignatj/ros2_ws/install/turtlebot3_example/lib/python3.10/site-packages/turtlebot3_example-2.1.5-py3.10.egg-info
[3.470s] running install_scripts
[3.506s] Installing turtlebot3_obstacle_detection script to /home/ignatj/ros2_ws/install/turtlebot3_example/lib/turtlebot3_example
[3.518s] Installing turtlebot3_patrol_client script to /home/ignatj/ros2_ws/install/turtlebot3_example/lib/turtlebot3_example
[3.519s] Installing turtlebot3_patrol_server script to /home/ignatj/ros2_ws/install/turtlebot3_example/lib/turtlebot3_example
[3.520s] Installing turtlebot3_position_control script to /home/ignatj/ros2_ws/install/turtlebot3_example/lib/turtlebot3_example
[3.521s] writing list of installed files to '/home/ignatj/ros2_ws/build/turtlebot3_example/install.log'
[4.508s] Invoked command in '/home/ignatj/ros2_ws/src/turtlebot3/turtlebot3_example' returned '0': PYTHONPATH=/home/ignatj/ros2_ws/build/turtlebot3_example/prefix_override:/home/ignatj/ros2_ws/install/turtlebot3_example/lib/python3.10/site-packages:${PYTHONPATH} /usr/bin/python3 setup.py egg_info --egg-base ../../../build/turtlebot3_example build --build-base /home/ignatj/ros2_ws/build/turtlebot3_example/build install --record /home/ignatj/ros2_ws/build/turtlebot3_example/install.log --single-version-externally-managed
