[5.983s] Invoking command in '/home/ignatj/ros2_ws/src/examples/rclpy/actions/minimal_action_server': PYTHONPATH=/home/ignatj/ros2_ws/build/examples_rclpy_minimal_action_server/prefix_override:/home/ignatj/ros2_ws/install/examples_rclpy_minimal_action_server/lib/python3.10/site-packages:${PYTHONPATH} /usr/bin/python3 setup.py egg_info --egg-base ../../../../../build/examples_rclpy_minimal_action_server build --build-base /home/ignatj/ros2_ws/build/examples_rclpy_minimal_action_server/build install --record /home/ignatj/ros2_ws/build/examples_rclpy_minimal_action_server/install.log --single-version-externally-managed
[6.815s] running egg_info
[6.818s] writing ../../../../../build/examples_rclpy_minimal_action_server/examples_rclpy_minimal_action_server.egg-info/PKG-INFO
[6.820s] writing dependency_links to ../../../../../build/examples_rclpy_minimal_action_server/examples_rclpy_minimal_action_server.egg-info/dependency_links.txt
[6.821s] writing entry points to ../../../../../build/examples_rclpy_minimal_action_server/examples_rclpy_minimal_action_server.egg-info/entry_points.txt
[6.823s] writing requirements to ../../../../../build/examples_rclpy_minimal_action_server/examples_rclpy_minimal_action_server.egg-info/requires.txt
[6.825s] writing top-level names to ../../../../../build/examples_rclpy_minimal_action_server/examples_rclpy_minimal_action_server.egg-info/top_level.txt
[6.841s] reading manifest file '../../../../../build/examples_rclpy_minimal_action_server/examples_rclpy_minimal_action_server.egg-info/SOURCES.txt'
[6.848s] writing manifest file '../../../../../build/examples_rclpy_minimal_action_server/examples_rclpy_minimal_action_server.egg-info/SOURCES.txt'
[6.848s] running build
[6.849s] running build_py
[6.864s] running install
[6.864s] /usr/lib/python3/dist-packages/setuptools/command/install.py:34: SetuptoolsDeprecationWarning: setup.py install is deprecated. Use build and pip and other standards-based tools.
[6.864s]   warnings.warn(
[6.865s] running install_lib
[6.873s] running install_data
[6.878s] running install_egg_info
[6.880s] removing '/home/ignatj/ros2_ws/install/examples_rclpy_minimal_action_server/lib/python3.10/site-packages/examples_rclpy_minimal_action_server-0.15.1-py3.10.egg-info' (and everything under it)
[6.882s] Copying ../../../../../build/examples_rclpy_minimal_action_server/examples_rclpy_minimal_action_server.egg-info to /home/ignatj/ros2_ws/install/examples_rclpy_minimal_action_server/lib/python3.10/site-packages/examples_rclpy_minimal_action_server-0.15.1-py3.10.egg-info
[6.890s] running install_scripts
[6.959s] Installing server script to /home/ignatj/ros2_ws/install/examples_rclpy_minimal_action_server/lib/examples_rclpy_minimal_action_server
[6.964s] Installing server_defer script to /home/ignatj/ros2_ws/install/examples_rclpy_minimal_action_server/lib/examples_rclpy_minimal_action_server
[6.965s] Installing server_not_composable script to /home/ignatj/ros2_ws/install/examples_rclpy_minimal_action_server/lib/examples_rclpy_minimal_action_server
[6.966s] Installing server_queue_goals script to /home/ignatj/ros2_ws/install/examples_rclpy_minimal_action_server/lib/examples_rclpy_minimal_action_server
[6.967s] Installing server_single_goal script to /home/ignatj/ros2_ws/install/examples_rclpy_minimal_action_server/lib/examples_rclpy_minimal_action_server
[6.968s] writing list of installed files to '/home/ignatj/ros2_ws/build/examples_rclpy_minimal_action_server/install.log'
[7.507s] Invoked command in '/home/ignatj/ros2_ws/src/examples/rclpy/actions/minimal_action_server' returned '0': PYTHONPATH=/home/ignatj/ros2_ws/build/examples_rclpy_minimal_action_server/prefix_override:/home/ignatj/ros2_ws/install/examples_rclpy_minimal_action_server/lib/python3.10/site-packages:${PYTHONPATH} /usr/bin/python3 setup.py egg_info --egg-base ../../../../../build/examples_rclpy_minimal_action_server build --build-base /home/ignatj/ros2_ws/build/examples_rclpy_minimal_action_server/build install --record /home/ignatj/ros2_ws/build/examples_rclpy_minimal_action_server/install.log --single-version-externally-managed
