[6.269s] Invoking command in '/home/ignatj/ros2_ws/src/examples/rclpy/actions/minimal_action_client': PYTHONPATH=/home/ignatj/ros2_ws/build/examples_rclpy_minimal_action_client/prefix_override:/home/ignatj/ros2_ws/install/examples_rclpy_minimal_action_client/lib/python3.10/site-packages:${PYTHONPATH} /usr/bin/python3 setup.py egg_info --egg-base ../../../../../build/examples_rclpy_minimal_action_client build --build-base /home/ignatj/ros2_ws/build/examples_rclpy_minimal_action_client/build install --record /home/ignatj/ros2_ws/build/examples_rclpy_minimal_action_client/install.log --single-version-externally-managed
[7.023s] running egg_info
[7.026s] writing ../../../../../build/examples_rclpy_minimal_action_client/examples_rclpy_minimal_action_client.egg-info/PKG-INFO
[7.041s] writing dependency_links to ../../../../../build/examples_rclpy_minimal_action_client/examples_rclpy_minimal_action_client.egg-info/dependency_links.txt
[7.043s] writing entry points to ../../../../../build/examples_rclpy_minimal_action_client/examples_rclpy_minimal_action_client.egg-info/entry_points.txt
[7.044s] writing requirements to ../../../../../build/examples_rclpy_minimal_action_client/examples_rclpy_minimal_action_client.egg-info/requires.txt
[7.045s] writing top-level names to ../../../../../build/examples_rclpy_minimal_action_client/examples_rclpy_minimal_action_client.egg-info/top_level.txt
[7.055s] reading manifest file '../../../../../build/examples_rclpy_minimal_action_client/examples_rclpy_minimal_action_client.egg-info/SOURCES.txt'
[7.061s] writing manifest file '../../../../../build/examples_rclpy_minimal_action_client/examples_rclpy_minimal_action_client.egg-info/SOURCES.txt'
[7.061s] running build
[7.062s] running build_py
[7.086s] running install
[7.087s] /usr/lib/python3/dist-packages/setuptools/command/install.py:34: SetuptoolsDeprecationWarning: setup.py install is deprecated. Use build and pip and other standards-based tools.
[7.088s]   warnings.warn(
[7.089s] running install_lib
[7.100s] running install_data
[7.103s] running install_egg_info
[7.117s] removing '/home/ignatj/ros2_ws/install/examples_rclpy_minimal_action_client/lib/python3.10/site-packages/examples_rclpy_minimal_action_client-0.15.1-py3.10.egg-info' (and everything under it)
[7.120s] Copying ../../../../../build/examples_rclpy_minimal_action_client/examples_rclpy_minimal_action_client.egg-info to /home/ignatj/ros2_ws/install/examples_rclpy_minimal_action_client/lib/python3.10/site-packages/examples_rclpy_minimal_action_client-0.15.1-py3.10.egg-info
[7.127s] running install_scripts
[7.189s] Installing client script to /home/ignatj/ros2_ws/install/examples_rclpy_minimal_action_client/lib/examples_rclpy_minimal_action_client
[7.197s] Installing client_asyncio script to /home/ignatj/ros2_ws/install/examples_rclpy_minimal_action_client/lib/examples_rclpy_minimal_action_client
[7.198s] Installing client_cancel script to /home/ignatj/ros2_ws/install/examples_rclpy_minimal_action_client/lib/examples_rclpy_minimal_action_client
[7.201s] Installing client_not_composable script to /home/ignatj/ros2_ws/install/examples_rclpy_minimal_action_client/lib/examples_rclpy_minimal_action_client
[7.207s] writing list of installed files to '/home/ignatj/ros2_ws/build/examples_rclpy_minimal_action_client/install.log'
[7.946s] Invoked command in '/home/ignatj/ros2_ws/src/examples/rclpy/actions/minimal_action_client' returned '0': PYTHONPATH=/home/ignatj/ros2_ws/build/examples_rclpy_minimal_action_client/prefix_override:/home/ignatj/ros2_ws/install/examples_rclpy_minimal_action_client/lib/python3.10/site-packages:${PYTHONPATH} /usr/bin/python3 setup.py egg_info --egg-base ../../../../../build/examples_rclpy_minimal_action_client build --build-base /home/ignatj/ros2_ws/build/examples_rclpy_minimal_action_client/build install --record /home/ignatj/ros2_ws/build/examples_rclpy_minimal_action_client/install.log --single-version-externally-managed
