[1.557s] Invoking command in '/home/ignatj/ros2_ws/build/turtlesim': CMAKE_PREFIX_PATH=/opt/ros/humble /usr/bin/cmake --build /home/ignatj/ros2_ws/build/turtlesim -- -j6 -l6
[1.757s] [35m[1mConsolidate compiler generated dependencies of target turtlesim__rosidl_generator_c[0m
[1.768s] [  1%] Built target turtlesim__cpp
[1.838s] [ 11%] Built target turtlesim__rosidl_generator_c
[1.893s] [35m[1mConsolidate compiler generated dependencies of target turtlesim__rosidl_typesupport_cpp[0m
[1.904s] [35m[1mConsolidate compiler generated dependencies of target turtlesim__rosidl_typesupport_introspection_cpp[0m
[1.949s] [35m[1mConsolidate compiler generated dependencies of target turtlesim__rosidl_typesupport_fastrtps_cpp[0m
[1.964s] [ 11%] Built target ament_cmake_python_copy_turtlesim
[1.985s] [35m[1mConsolidate compiler generated dependencies of target turtlesim__rosidl_typesupport_introspection_c[0m
[2.002s] [35m[1mConsolidate compiler generated dependencies of target turtlesim__rosidl_typesupport_fastrtps_c[0m
[2.036s] [ 21%] Built target turtlesim__rosidl_typesupport_cpp
[2.039s] [35m[1mConsolidate compiler generated dependencies of target turtlesim__rosidl_typesupport_c[0m
[2.057s] [ 31%] Built target turtlesim__rosidl_typesupport_introspection_cpp
[2.076s] [ 41%] Built target turtlesim__rosidl_typesupport_introspection_c
[2.117s] [ 61%] Built target turtlesim__rosidl_typesupport_fastrtps_cpp
[2.118s] [ 61%] Built target turtlesim__rosidl_typesupport_c
[2.154s] [ 71%] Built target turtlesim__rosidl_typesupport_fastrtps_c
[2.159s] [35m[1mConsolidate compiler generated dependencies of target turtle_teleop_key[0m
[2.165s] [35m[1mConsolidate compiler generated dependencies of target turtlesim_node[0m
[2.226s] [35m[1mConsolidate compiler generated dependencies of target mimic[0m
[2.244s] [35m[1mConsolidate compiler generated dependencies of target draw_square[0m
[2.293s] [ 73%] Built target turtle_teleop_key
[2.332s] [ 79%] Built target turtlesim_node
[2.353s] [ 79%] Built target turtlesim
[2.364s] [ 81%] Built target mimic
[2.367s] [ 83%] Built target draw_square
[2.461s] [ 84%] Built target turtlesim__py
[2.554s] [35m[1mConsolidate compiler generated dependencies of target turtlesim__rosidl_generator_py[0m
[2.656s] [ 93%] Built target turtlesim__rosidl_generator_py
[2.826s] [35m[1mConsolidate compiler generated dependencies of target turtlesim__rosidl_typesupport_fastrtps_c__pyext[0m
[2.899s] [35m[1mConsolidate compiler generated dependencies of target turtlesim__rosidl_typesupport_c__pyext[0m
[2.933s] [35m[1mConsolidate compiler generated dependencies of target turtlesim__rosidl_typesupport_introspection_c__pyext[0m
[3.053s] [ 95%] Built target turtlesim__rosidl_typesupport_introspection_c__pyext
[3.157s] [ 97%] Built target turtlesim__rosidl_typesupport_c__pyext
[3.173s] [100%] Built target turtlesim__rosidl_typesupport_fastrtps_c__pyext
[3.237s] running egg_info
[3.240s] writing turtlesim.egg-info/PKG-INFO
[3.241s] writing dependency_links to turtlesim.egg-info/dependency_links.txt
[3.243s] writing top-level names to turtlesim.egg-info/top_level.txt
[3.249s] reading manifest file 'turtlesim.egg-info/SOURCES.txt'
[3.249s] writing manifest file 'turtlesim.egg-info/SOURCES.txt'
[3.349s] [100%] Built target ament_cmake_python_build_turtlesim_egg
[3.518s] Invoked command in '/home/ignatj/ros2_ws/build/turtlesim' returned '0': CMAKE_PREFIX_PATH=/opt/ros/humble /usr/bin/cmake --build /home/ignatj/ros2_ws/build/turtlesim -- -j6 -l6
[4.638s] Invoking command in '/home/ignatj/ros2_ws/build/turtlesim': CMAKE_PREFIX_PATH=/opt/ros/humble /usr/bin/cmake --install /home/ignatj/ros2_ws/build/turtlesim
[4.660s] -- Install configuration: ""
[4.662s] -- Up-to-date: /home/ignatj/ros2_ws/install/turtlesim/share/ament_index/resource_index/rosidl_interfaces/turtlesim
[4.663s] -- Up-to-date: /home/ignatj/ros2_ws/install/turtlesim/include/turtlesim/turtlesim
[4.664s] -- Up-to-date: /home/ignatj/ros2_ws/install/turtlesim/include/turtlesim/turtlesim/srv
[4.665s] -- Up-to-date: /home/ignatj/ros2_ws/install/turtlesim/include/turtlesim/turtlesim/srv/set_pen.h
[4.665s] -- Up-to-date: /home/ignatj/ros2_ws/install/turtlesim/include/turtlesim/turtlesim/srv/detail
[4.667s] -- Up-to-date: /home/ignatj/ros2_ws/install/turtlesim/include/turtlesim/turtlesim/srv/detail/teleport_relative__struct.h
[4.668s] -- Up-to-date: /home/ignatj/ros2_ws/install/turtlesim/include/turtlesim/turtlesim/srv/detail/teleport_absolute__type_support.h
[4.668s] -- Up-to-date: /home/ignatj/ros2_ws/install/turtlesim/include/turtlesim/turtlesim/srv/detail/teleport_absolute__struct.h
[4.669s] -- Up-to-date: /home/ignatj/ros2_ws/install/turtlesim/include/turtlesim/turtlesim/srv/detail/kill__type_support.h
[4.669s] -- Up-to-date: /home/ignatj/ros2_ws/install/turtlesim/include/turtlesim/turtlesim/srv/detail/teleport_absolute__functions.c
[4.671s] -- Up-to-date: /home/ignatj/ros2_ws/install/turtlesim/include/turtlesim/turtlesim/srv/detail/spawn__functions.c
[4.672s] -- Up-to-date: /home/ignatj/ros2_ws/install/turtlesim/include/turtlesim/turtlesim/srv/detail/set_pen__functions.c
[4.673s] -- Up-to-date: /home/ignatj/ros2_ws/install/turtlesim/include/turtlesim/turtlesim/srv/detail/teleport_relative__functions.c
[4.673s] -- Up-to-date: /home/ignatj/ros2_ws/install/turtlesim/include/turtlesim/turtlesim/srv/detail/spawn__struct.h
[4.674s] -- Up-to-date: /home/ignatj/ros2_ws/install/turtlesim/include/turtlesim/turtlesim/srv/detail/kill__functions.c
[4.674s] -- Up-to-date: /home/ignatj/ros2_ws/install/turtlesim/include/turtlesim/turtlesim/srv/detail/set_pen__struct.h
[4.674s] -- Up-to-date: /home/ignatj/ros2_ws/install/turtlesim/include/turtlesim/turtlesim/srv/detail/teleport_relative__type_support.h
[4.674s] -- Up-to-date: /home/ignatj/ros2_ws/install/turtlesim/include/turtlesim/turtlesim/srv/detail/kill__struct.h
[4.674s] -- Up-to-date: /home/ignatj/ros2_ws/install/turtlesim/include/turtlesim/turtlesim/srv/detail/kill__functions.h
[4.674s] -- Up-to-date: /home/ignatj/ros2_ws/install/turtlesim/include/turtlesim/turtlesim/srv/detail/spawn__functions.h
[4.674s] -- Up-to-date: /home/ignatj/ros2_ws/install/turtlesim/include/turtlesim/turtlesim/srv/detail/teleport_absolute__functions.h
[4.675s] -- Up-to-date: /home/ignatj/ros2_ws/install/turtlesim/include/turtlesim/turtlesim/srv/detail/teleport_relative__functions.h
[4.675s] -- Up-to-date: /home/ignatj/ros2_ws/install/turtlesim/include/turtlesim/turtlesim/srv/detail/set_pen__type_support.h
[4.676s] -- Up-to-date: /home/ignatj/ros2_ws/install/turtlesim/include/turtlesim/turtlesim/srv/detail/spawn__type_support.h
[4.676s] -- Up-to-date: /home/ignatj/ros2_ws/install/turtlesim/include/turtlesim/turtlesim/srv/detail/set_pen__functions.h
[4.676s] -- Up-to-date: /home/ignatj/ros2_ws/install/turtlesim/include/turtlesim/turtlesim/srv/spawn.h
[4.676s] -- Up-to-date: /home/ignatj/ros2_ws/install/turtlesim/include/turtlesim/turtlesim/srv/teleport_absolute.h
[4.677s] -- Up-to-date: /home/ignatj/ros2_ws/install/turtlesim/include/turtlesim/turtlesim/srv/teleport_relative.h
[4.677s] -- Up-to-date: /home/ignatj/ros2_ws/install/turtlesim/include/turtlesim/turtlesim/srv/kill.h
[4.677s] -- Up-to-date: /home/ignatj/ros2_ws/install/turtlesim/include/turtlesim/turtlesim/action
[4.678s] -- Up-to-date: /home/ignatj/ros2_ws/install/turtlesim/include/turtlesim/turtlesim/action/detail
[4.678s] -- Up-to-date: /home/ignatj/ros2_ws/install/turtlesim/include/turtlesim/turtlesim/action/detail/rotate_absolute__type_support.h
[4.678s] -- Up-to-date: /home/ignatj/ros2_ws/install/turtlesim/include/turtlesim/turtlesim/action/detail/rotate_absolute__struct.h
[4.678s] -- Up-to-date: /home/ignatj/ros2_ws/install/turtlesim/include/turtlesim/turtlesim/action/detail/rotate_absolute__functions.h
[4.678s] -- Up-to-date: /home/ignatj/ros2_ws/install/turtlesim/include/turtlesim/turtlesim/action/detail/rotate_absolute__functions.c
[4.678s] -- Up-to-date: /home/ignatj/ros2_ws/install/turtlesim/include/turtlesim/turtlesim/action/rotate_absolute.h
[4.679s] -- Up-to-date: /home/ignatj/ros2_ws/install/turtlesim/include/turtlesim/turtlesim/msg
[4.679s] -- Up-to-date: /home/ignatj/ros2_ws/install/turtlesim/include/turtlesim/turtlesim/msg/pose.h
[4.679s] -- Up-to-date: /home/ignatj/ros2_ws/install/turtlesim/include/turtlesim/turtlesim/msg/detail
[4.680s] -- Up-to-date: /home/ignatj/ros2_ws/install/turtlesim/include/turtlesim/turtlesim/msg/detail/pose__functions.c
[4.681s] -- Up-to-date: /home/ignatj/ros2_ws/install/turtlesim/include/turtlesim/turtlesim/msg/detail/color__functions.h
[4.682s] -- Up-to-date: /home/ignatj/ros2_ws/install/turtlesim/include/turtlesim/turtlesim/msg/detail/color__type_support.h
[4.682s] -- Up-to-date: /home/ignatj/ros2_ws/install/turtlesim/include/turtlesim/turtlesim/msg/detail/color__functions.c
[4.683s] -- Up-to-date: /home/ignatj/ros2_ws/install/turtlesim/include/turtlesim/turtlesim/msg/detail/pose__functions.h
[4.683s] -- Up-to-date: /home/ignatj/ros2_ws/install/turtlesim/include/turtlesim/turtlesim/msg/detail/pose__type_support.h
[4.684s] -- Up-to-date: /home/ignatj/ros2_ws/install/turtlesim/include/turtlesim/turtlesim/msg/detail/pose__struct.h
[4.684s] -- Up-to-date: /home/ignatj/ros2_ws/install/turtlesim/include/turtlesim/turtlesim/msg/detail/color__struct.h
[4.684s] -- Up-to-date: /home/ignatj/ros2_ws/install/turtlesim/include/turtlesim/turtlesim/msg/color.h
[4.684s] -- Up-to-date: /home/ignatj/ros2_ws/install/turtlesim/include/turtlesim/turtlesim/msg/rosidl_generator_c__visibility_control.h
[4.684s] -- Up-to-date: /home/ignatj/ros2_ws/install/turtlesim/share/turtlesim/environment/library_path.sh
[4.684s] -- Up-to-date: /home/ignatj/ros2_ws/install/turtlesim/share/turtlesim/environment/library_path.dsv
[4.685s] -- Up-to-date: /home/ignatj/ros2_ws/install/turtlesim/lib/libturtlesim__rosidl_generator_c.so
[4.685s] -- Up-to-date: /home/ignatj/ros2_ws/install/turtlesim/include/turtlesim/turtlesim
[4.685s] -- Up-to-date: /home/ignatj/ros2_ws/install/turtlesim/include/turtlesim/turtlesim/srv
[4.685s] -- Up-to-date: /home/ignatj/ros2_ws/install/turtlesim/include/turtlesim/turtlesim/srv/detail
[4.686s] -- Up-to-date: /home/ignatj/ros2_ws/install/turtlesim/include/turtlesim/turtlesim/srv/detail/teleport_absolute__rosidl_typesupport_fastrtps_c.h
[4.687s] -- Up-to-date: /home/ignatj/ros2_ws/install/turtlesim/include/turtlesim/turtlesim/srv/detail/kill__rosidl_typesupport_fastrtps_c.h
[4.688s] -- Up-to-date: /home/ignatj/ros2_ws/install/turtlesim/include/turtlesim/turtlesim/srv/detail/spawn__rosidl_typesupport_fastrtps_c.h
[4.688s] -- Up-to-date: /home/ignatj/ros2_ws/install/turtlesim/include/turtlesim/turtlesim/srv/detail/teleport_relative__rosidl_typesupport_fastrtps_c.h
[4.689s] -- Up-to-date: /home/ignatj/ros2_ws/install/turtlesim/include/turtlesim/turtlesim/srv/detail/set_pen__rosidl_typesupport_fastrtps_c.h
[4.689s] -- Up-to-date: /home/ignatj/ros2_ws/install/turtlesim/include/turtlesim/turtlesim/action
[4.689s] -- Up-to-date: /home/ignatj/ros2_ws/install/turtlesim/include/turtlesim/turtlesim/action/detail
[4.689s] -- Up-to-date: /home/ignatj/ros2_ws/install/turtlesim/include/turtlesim/turtlesim/action/detail/rotate_absolute__rosidl_typesupport_fastrtps_c.h
[4.689s] -- Up-to-date: /home/ignatj/ros2_ws/install/turtlesim/include/turtlesim/turtlesim/msg
[4.690s] -- Up-to-date: /home/ignatj/ros2_ws/install/turtlesim/include/turtlesim/turtlesim/msg/rosidl_typesupport_fastrtps_c__visibility_control.h
[4.690s] -- Up-to-date: /home/ignatj/ros2_ws/install/turtlesim/include/turtlesim/turtlesim/msg/detail
[4.691s] -- Up-to-date: /home/ignatj/ros2_ws/install/turtlesim/include/turtlesim/turtlesim/msg/detail/pose__rosidl_typesupport_fastrtps_c.h
[4.691s] -- Up-to-date: /home/ignatj/ros2_ws/install/turtlesim/include/turtlesim/turtlesim/msg/detail/color__rosidl_typesupport_fastrtps_c.h
[4.692s] -- Up-to-date: /home/ignatj/ros2_ws/install/turtlesim/lib/libturtlesim__rosidl_typesupport_fastrtps_c.so
[4.692s] -- Up-to-date: /home/ignatj/ros2_ws/install/turtlesim/include/turtlesim/turtlesim
[4.692s] -- Up-to-date: /home/ignatj/ros2_ws/install/turtlesim/include/turtlesim/turtlesim/srv
[4.692s] -- Up-to-date: /home/ignatj/ros2_ws/install/turtlesim/include/turtlesim/turtlesim/srv/spawn.hpp
[4.692s] -- Up-to-date: /home/ignatj/ros2_ws/install/turtlesim/include/turtlesim/turtlesim/srv/set_pen.hpp
[4.692s] -- Up-to-date: /home/ignatj/ros2_ws/install/turtlesim/include/turtlesim/turtlesim/srv/teleport_absolute.hpp
[4.692s] -- Up-to-date: /home/ignatj/ros2_ws/install/turtlesim/include/turtlesim/turtlesim/srv/teleport_relative.hpp
[4.693s] -- Up-to-date: /home/ignatj/ros2_ws/install/turtlesim/include/turtlesim/turtlesim/srv/detail
[4.694s] -- Up-to-date: /home/ignatj/ros2_ws/install/turtlesim/include/turtlesim/turtlesim/srv/detail/teleport_relative__traits.hpp
[4.694s] -- Up-to-date: /home/ignatj/ros2_ws/install/turtlesim/include/turtlesim/turtlesim/srv/detail/kill__builder.hpp
[4.694s] -- Up-to-date: /home/ignatj/ros2_ws/install/turtlesim/include/turtlesim/turtlesim/srv/detail/teleport_absolute__traits.hpp
[4.694s] -- Up-to-date: /home/ignatj/ros2_ws/install/turtlesim/include/turtlesim/turtlesim/srv/detail/set_pen__struct.hpp
[4.695s] -- Up-to-date: /home/ignatj/ros2_ws/install/turtlesim/include/turtlesim/turtlesim/srv/detail/kill__struct.hpp
[4.695s] -- Up-to-date: /home/ignatj/ros2_ws/install/turtlesim/include/turtlesim/turtlesim/srv/detail/set_pen__traits.hpp
[4.696s] -- Up-to-date: /home/ignatj/ros2_ws/install/turtlesim/include/turtlesim/turtlesim/srv/detail/set_pen__builder.hpp
[4.697s] -- Up-to-date: /home/ignatj/ros2_ws/install/turtlesim/include/turtlesim/turtlesim/srv/detail/spawn__traits.hpp
[4.697s] -- Up-to-date: /home/ignatj/ros2_ws/install/turtlesim/include/turtlesim/turtlesim/srv/detail/teleport_absolute__struct.hpp
[4.698s] -- Up-to-date: /home/ignatj/ros2_ws/install/turtlesim/include/turtlesim/turtlesim/srv/detail/kill__traits.hpp
[4.698s] -- Up-to-date: /home/ignatj/ros2_ws/install/turtlesim/include/turtlesim/turtlesim/srv/detail/teleport_absolute__builder.hpp
[4.698s] -- Up-to-date: /home/ignatj/ros2_ws/install/turtlesim/include/turtlesim/turtlesim/srv/detail/teleport_relative__struct.hpp
[4.698s] -- Up-to-date: /home/ignatj/ros2_ws/install/turtlesim/include/turtlesim/turtlesim/srv/detail/spawn__builder.hpp
[4.699s] -- Up-to-date: /home/ignatj/ros2_ws/install/turtlesim/include/turtlesim/turtlesim/srv/detail/spawn__struct.hpp
[4.699s] -- Up-to-date: /home/ignatj/ros2_ws/install/turtlesim/include/turtlesim/turtlesim/srv/detail/teleport_relative__builder.hpp
[4.699s] -- Up-to-date: /home/ignatj/ros2_ws/install/turtlesim/include/turtlesim/turtlesim/srv/kill.hpp
[4.699s] -- Up-to-date: /home/ignatj/ros2_ws/install/turtlesim/include/turtlesim/turtlesim/action
[4.700s] -- Up-to-date: /home/ignatj/ros2_ws/install/turtlesim/include/turtlesim/turtlesim/action/detail
[4.700s] -- Up-to-date: /home/ignatj/ros2_ws/install/turtlesim/include/turtlesim/turtlesim/action/detail/rotate_absolute__builder.hpp
[4.700s] -- Up-to-date: /home/ignatj/ros2_ws/install/turtlesim/include/turtlesim/turtlesim/action/detail/rotate_absolute__struct.hpp
[4.700s] -- Up-to-date: /home/ignatj/ros2_ws/install/turtlesim/include/turtlesim/turtlesim/action/detail/rotate_absolute__traits.hpp
[4.700s] -- Up-to-date: /home/ignatj/ros2_ws/install/turtlesim/include/turtlesim/turtlesim/action/rotate_absolute.hpp
[4.701s] -- Up-to-date: /home/ignatj/ros2_ws/install/turtlesim/include/turtlesim/turtlesim/msg
[4.701s] -- Up-to-date: /home/ignatj/ros2_ws/install/turtlesim/include/turtlesim/turtlesim/msg/pose.hpp
[4.702s] -- Up-to-date: /home/ignatj/ros2_ws/install/turtlesim/include/turtlesim/turtlesim/msg/color.hpp
[4.703s] -- Up-to-date: /home/ignatj/ros2_ws/install/turtlesim/include/turtlesim/turtlesim/msg/detail
[4.703s] -- Up-to-date: /home/ignatj/ros2_ws/install/turtlesim/include/turtlesim/turtlesim/msg/detail/pose__builder.hpp
[4.704s] -- Up-to-date: /home/ignatj/ros2_ws/install/turtlesim/include/turtlesim/turtlesim/msg/detail/pose__struct.hpp
[4.705s] -- Up-to-date: /home/ignatj/ros2_ws/install/turtlesim/include/turtlesim/turtlesim/msg/detail/pose__traits.hpp
[4.705s] -- Up-to-date: /home/ignatj/ros2_ws/install/turtlesim/include/turtlesim/turtlesim/msg/detail/color__struct.hpp
[4.706s] -- Up-to-date: /home/ignatj/ros2_ws/install/turtlesim/include/turtlesim/turtlesim/msg/detail/color__builder.hpp
[4.706s] -- Up-to-date: /home/ignatj/ros2_ws/install/turtlesim/include/turtlesim/turtlesim/msg/detail/color__traits.hpp
[4.707s] -- Up-to-date: /home/ignatj/ros2_ws/install/turtlesim/include/turtlesim/turtlesim
[4.707s] -- Up-to-date: /home/ignatj/ros2_ws/install/turtlesim/include/turtlesim/turtlesim/srv
[4.707s] -- Up-to-date: /home/ignatj/ros2_ws/install/turtlesim/include/turtlesim/turtlesim/srv/detail
[4.708s] -- Up-to-date: /home/ignatj/ros2_ws/install/turtlesim/include/turtlesim/turtlesim/srv/detail/teleport_relative__rosidl_typesupport_fastrtps_cpp.hpp
[4.708s] -- Up-to-date: /home/ignatj/ros2_ws/install/turtlesim/include/turtlesim/turtlesim/srv/detail/spawn__rosidl_typesupport_fastrtps_cpp.hpp
[4.708s] -- Up-to-date: /home/ignatj/ros2_ws/install/turtlesim/include/turtlesim/turtlesim/srv/detail/set_pen__rosidl_typesupport_fastrtps_cpp.hpp
[4.708s] -- Up-to-date: /home/ignatj/ros2_ws/install/turtlesim/include/turtlesim/turtlesim/srv/detail/dds_fastrtps
[4.708s] -- Up-to-date: /home/ignatj/ros2_ws/install/turtlesim/include/turtlesim/turtlesim/srv/detail/teleport_absolute__rosidl_typesupport_fastrtps_cpp.hpp
[4.708s] -- Up-to-date: /home/ignatj/ros2_ws/install/turtlesim/include/turtlesim/turtlesim/srv/detail/kill__rosidl_typesupport_fastrtps_cpp.hpp
[4.708s] -- Up-to-date: /home/ignatj/ros2_ws/install/turtlesim/include/turtlesim/turtlesim/action
[4.708s] -- Up-to-date: /home/ignatj/ros2_ws/install/turtlesim/include/turtlesim/turtlesim/action/detail
[4.708s] -- Up-to-date: /home/ignatj/ros2_ws/install/turtlesim/include/turtlesim/turtlesim/action/detail/rotate_absolute__rosidl_typesupport_fastrtps_cpp.hpp
[4.708s] -- Up-to-date: /home/ignatj/ros2_ws/install/turtlesim/include/turtlesim/turtlesim/action/detail/dds_fastrtps
[4.709s] -- Up-to-date: /home/ignatj/ros2_ws/install/turtlesim/include/turtlesim/turtlesim/msg
[4.709s] -- Up-to-date: /home/ignatj/ros2_ws/install/turtlesim/include/turtlesim/turtlesim/msg/detail
[4.709s] -- Up-to-date: /home/ignatj/ros2_ws/install/turtlesim/include/turtlesim/turtlesim/msg/detail/pose__rosidl_typesupport_fastrtps_cpp.hpp
[4.709s] -- Up-to-date: /home/ignatj/ros2_ws/install/turtlesim/include/turtlesim/turtlesim/msg/detail/dds_fastrtps
[4.709s] -- Up-to-date: /home/ignatj/ros2_ws/install/turtlesim/include/turtlesim/turtlesim/msg/detail/color__rosidl_typesupport_fastrtps_cpp.hpp
[4.709s] -- Up-to-date: /home/ignatj/ros2_ws/install/turtlesim/include/turtlesim/turtlesim/msg/rosidl_typesupport_fastrtps_cpp__visibility_control.h
[4.709s] -- Up-to-date: /home/ignatj/ros2_ws/install/turtlesim/lib/libturtlesim__rosidl_typesupport_fastrtps_cpp.so
[4.709s] -- Up-to-date: /home/ignatj/ros2_ws/install/turtlesim/include/turtlesim/turtlesim
[4.709s] -- Up-to-date: /home/ignatj/ros2_ws/install/turtlesim/include/turtlesim/turtlesim/srv
[4.709s] -- Up-to-date: /home/ignatj/ros2_ws/install/turtlesim/include/turtlesim/turtlesim/srv/detail
[4.710s] -- Up-to-date: /home/ignatj/ros2_ws/install/turtlesim/include/turtlesim/turtlesim/srv/detail/kill__type_support.c
[4.710s] -- Up-to-date: /home/ignatj/ros2_ws/install/turtlesim/include/turtlesim/turtlesim/srv/detail/set_pen__rosidl_typesupport_introspection_c.h
[4.710s] -- Up-to-date: /home/ignatj/ros2_ws/install/turtlesim/include/turtlesim/turtlesim/srv/detail/teleport_relative__rosidl_typesupport_introspection_c.h
[4.710s] -- Up-to-date: /home/ignatj/ros2_ws/install/turtlesim/include/turtlesim/turtlesim/srv/detail/spawn__type_support.c
[4.711s] -- Up-to-date: /home/ignatj/ros2_ws/install/turtlesim/include/turtlesim/turtlesim/srv/detail/set_pen__type_support.c
[4.711s] -- Up-to-date: /home/ignatj/ros2_ws/install/turtlesim/include/turtlesim/turtlesim/srv/detail/teleport_relative__type_support.c
[4.711s] -- Up-to-date: /home/ignatj/ros2_ws/install/turtlesim/include/turtlesim/turtlesim/srv/detail/kill__rosidl_typesupport_introspection_c.h
[4.711s] -- Up-to-date: /home/ignatj/ros2_ws/install/turtlesim/include/turtlesim/turtlesim/srv/detail/teleport_absolute__type_support.c
[4.711s] -- Up-to-date: /home/ignatj/ros2_ws/install/turtlesim/include/turtlesim/turtlesim/srv/detail/spawn__rosidl_typesupport_introspection_c.h
[4.711s] -- Up-to-date: /home/ignatj/ros2_ws/install/turtlesim/include/turtlesim/turtlesim/srv/detail/teleport_absolute__rosidl_typesupport_introspection_c.h
[4.711s] -- Up-to-date: /home/ignatj/ros2_ws/install/turtlesim/include/turtlesim/turtlesim/action
[4.712s] -- Up-to-date: /home/ignatj/ros2_ws/install/turtlesim/include/turtlesim/turtlesim/action/detail
[4.712s] -- Up-to-date: /home/ignatj/ros2_ws/install/turtlesim/include/turtlesim/turtlesim/action/detail/rotate_absolute__type_support.c
[4.712s] -- Up-to-date: /home/ignatj/ros2_ws/install/turtlesim/include/turtlesim/turtlesim/action/detail/rotate_absolute__rosidl_typesupport_introspection_c.h
[4.713s] -- Up-to-date: /home/ignatj/ros2_ws/install/turtlesim/include/turtlesim/turtlesim/msg
[4.713s] -- Up-to-date: /home/ignatj/ros2_ws/install/turtlesim/include/turtlesim/turtlesim/msg/rosidl_typesupport_introspection_c__visibility_control.h
[4.713s] -- Up-to-date: /home/ignatj/ros2_ws/install/turtlesim/include/turtlesim/turtlesim/msg/detail
[4.713s] -- Up-to-date: /home/ignatj/ros2_ws/install/turtlesim/include/turtlesim/turtlesim/msg/detail/color__rosidl_typesupport_introspection_c.h
[4.713s] -- Up-to-date: /home/ignatj/ros2_ws/install/turtlesim/include/turtlesim/turtlesim/msg/detail/color__type_support.c
[4.714s] -- Up-to-date: /home/ignatj/ros2_ws/install/turtlesim/include/turtlesim/turtlesim/msg/detail/pose__type_support.c
[4.714s] -- Up-to-date: /home/ignatj/ros2_ws/install/turtlesim/include/turtlesim/turtlesim/msg/detail/pose__rosidl_typesupport_introspection_c.h
[4.714s] -- Up-to-date: /home/ignatj/ros2_ws/install/turtlesim/lib/libturtlesim__rosidl_typesupport_introspection_c.so
[4.716s] -- Up-to-date: /home/ignatj/ros2_ws/install/turtlesim/lib/libturtlesim__rosidl_typesupport_c.so
[4.716s] -- Up-to-date: /home/ignatj/ros2_ws/install/turtlesim/include/turtlesim/turtlesim
[4.716s] -- Up-to-date: /home/ignatj/ros2_ws/install/turtlesim/include/turtlesim/turtlesim/srv
[4.716s] -- Up-to-date: /home/ignatj/ros2_ws/install/turtlesim/include/turtlesim/turtlesim/srv/detail
[4.717s] -- Up-to-date: /home/ignatj/ros2_ws/install/turtlesim/include/turtlesim/turtlesim/srv/detail/teleport_absolute__rosidl_typesupport_introspection_cpp.hpp
[4.718s] -- Up-to-date: /home/ignatj/ros2_ws/install/turtlesim/include/turtlesim/turtlesim/srv/detail/teleport_relative__rosidl_typesupport_introspection_cpp.hpp
[4.718s] -- Up-to-date: /home/ignatj/ros2_ws/install/turtlesim/include/turtlesim/turtlesim/srv/detail/set_pen__rosidl_typesupport_introspection_cpp.hpp
[4.718s] -- Up-to-date: /home/ignatj/ros2_ws/install/turtlesim/include/turtlesim/turtlesim/srv/detail/kill__rosidl_typesupport_introspection_cpp.hpp
[4.718s] -- Up-to-date: /home/ignatj/ros2_ws/install/turtlesim/include/turtlesim/turtlesim/srv/detail/spawn__rosidl_typesupport_introspection_cpp.hpp
[4.718s] -- Up-to-date: /home/ignatj/ros2_ws/install/turtlesim/include/turtlesim/turtlesim/srv/detail/teleport_absolute__type_support.cpp
[4.719s] -- Up-to-date: /home/ignatj/ros2_ws/install/turtlesim/include/turtlesim/turtlesim/srv/detail/kill__type_support.cpp
[4.719s] -- Up-to-date: /home/ignatj/ros2_ws/install/turtlesim/include/turtlesim/turtlesim/srv/detail/set_pen__type_support.cpp
[4.720s] -- Up-to-date: /home/ignatj/ros2_ws/install/turtlesim/include/turtlesim/turtlesim/srv/detail/spawn__type_support.cpp
[4.720s] -- Up-to-date: /home/ignatj/ros2_ws/install/turtlesim/include/turtlesim/turtlesim/srv/detail/teleport_relative__type_support.cpp
[4.720s] -- Up-to-date: /home/ignatj/ros2_ws/install/turtlesim/include/turtlesim/turtlesim/action
[4.720s] -- Up-to-date: /home/ignatj/ros2_ws/install/turtlesim/include/turtlesim/turtlesim/action/detail
[4.720s] -- Up-to-date: /home/ignatj/ros2_ws/install/turtlesim/include/turtlesim/turtlesim/action/detail/rotate_absolute__type_support.cpp
[4.721s] -- Up-to-date: /home/ignatj/ros2_ws/install/turtlesim/include/turtlesim/turtlesim/action/detail/rotate_absolute__rosidl_typesupport_introspection_cpp.hpp
[4.721s] -- Up-to-date: /home/ignatj/ros2_ws/install/turtlesim/include/turtlesim/turtlesim/msg
[4.721s] -- Up-to-date: /home/ignatj/ros2_ws/install/turtlesim/include/turtlesim/turtlesim/msg/detail
[4.721s] -- Up-to-date: /home/ignatj/ros2_ws/install/turtlesim/include/turtlesim/turtlesim/msg/detail/color__type_support.cpp
[4.721s] -- Up-to-date: /home/ignatj/ros2_ws/install/turtlesim/include/turtlesim/turtlesim/msg/detail/color__rosidl_typesupport_introspection_cpp.hpp
[4.722s] -- Up-to-date: /home/ignatj/ros2_ws/install/turtlesim/include/turtlesim/turtlesim/msg/detail/pose__type_support.cpp
[4.722s] -- Up-to-date: /home/ignatj/ros2_ws/install/turtlesim/include/turtlesim/turtlesim/msg/detail/pose__rosidl_typesupport_introspection_cpp.hpp
[4.723s] -- Up-to-date: /home/ignatj/ros2_ws/install/turtlesim/lib/libturtlesim__rosidl_typesupport_introspection_cpp.so
[4.725s] -- Up-to-date: /home/ignatj/ros2_ws/install/turtlesim/lib/libturtlesim__rosidl_typesupport_cpp.so
[4.726s] -- Up-to-date: /home/ignatj/ros2_ws/install/turtlesim/share/turtlesim/environment/pythonpath.sh
[4.726s] -- Up-to-date: /home/ignatj/ros2_ws/install/turtlesim/share/turtlesim/environment/pythonpath.dsv
[4.727s] -- Up-to-date: /home/ignatj/ros2_ws/install/turtlesim/local/lib/python3.10/dist-packages/turtlesim-1.4.2-py3.10.egg-info
[4.727s] -- Installing: /home/ignatj/ros2_ws/install/turtlesim/local/lib/python3.10/dist-packages/turtlesim-1.4.2-py3.10.egg-info/top_level.txt
[4.728s] -- Installing: /home/ignatj/ros2_ws/install/turtlesim/local/lib/python3.10/dist-packages/turtlesim-1.4.2-py3.10.egg-info/dependency_links.txt
[4.729s] -- Installing: /home/ignatj/ros2_ws/install/turtlesim/local/lib/python3.10/dist-packages/turtlesim-1.4.2-py3.10.egg-info/SOURCES.txt
[4.730s] -- Installing: /home/ignatj/ros2_ws/install/turtlesim/local/lib/python3.10/dist-packages/turtlesim-1.4.2-py3.10.egg-info/PKG-INFO
[4.730s] -- Up-to-date: /home/ignatj/ros2_ws/install/turtlesim/local/lib/python3.10/dist-packages/turtlesim
[4.730s] -- Up-to-date: /home/ignatj/ros2_ws/install/turtlesim/local/lib/python3.10/dist-packages/turtlesim/srv
[4.731s] -- Up-to-date: /home/ignatj/ros2_ws/install/turtlesim/local/lib/python3.10/dist-packages/turtlesim/srv/_teleport_relative_s.c
[4.731s] -- Up-to-date: /home/ignatj/ros2_ws/install/turtlesim/local/lib/python3.10/dist-packages/turtlesim/srv/_teleport_absolute_s.c
[4.732s] -- Up-to-date: /home/ignatj/ros2_ws/install/turtlesim/local/lib/python3.10/dist-packages/turtlesim/srv/_spawn_s.c
[4.733s] -- Up-to-date: /home/ignatj/ros2_ws/install/turtlesim/local/lib/python3.10/dist-packages/turtlesim/srv/_teleport_absolute.py
[4.734s] -- Up-to-date: /home/ignatj/ros2_ws/install/turtlesim/local/lib/python3.10/dist-packages/turtlesim/srv/_set_pen.py
[4.735s] -- Up-to-date: /home/ignatj/ros2_ws/install/turtlesim/local/lib/python3.10/dist-packages/turtlesim/srv/_set_pen_s.c
[4.735s] -- Up-to-date: /home/ignatj/ros2_ws/install/turtlesim/local/lib/python3.10/dist-packages/turtlesim/srv/_spawn.py
[4.736s] -- Up-to-date: /home/ignatj/ros2_ws/install/turtlesim/local/lib/python3.10/dist-packages/turtlesim/srv/_kill_s.c
[4.736s] -- Up-to-date: /home/ignatj/ros2_ws/install/turtlesim/local/lib/python3.10/dist-packages/turtlesim/srv/_teleport_relative.py
[4.737s] -- Up-to-date: /home/ignatj/ros2_ws/install/turtlesim/local/lib/python3.10/dist-packages/turtlesim/srv/__init__.py
[4.737s] -- Up-to-date: /home/ignatj/ros2_ws/install/turtlesim/local/lib/python3.10/dist-packages/turtlesim/srv/_kill.py
[4.738s] -- Up-to-date: /home/ignatj/ros2_ws/install/turtlesim/local/lib/python3.10/dist-packages/turtlesim/turtlesim_s__rosidl_typesupport_c.cpython-310-x86_64-linux-gnu.so
[4.738s] -- Up-to-date: /home/ignatj/ros2_ws/install/turtlesim/local/lib/python3.10/dist-packages/turtlesim/action
[4.739s] -- Up-to-date: /home/ignatj/ros2_ws/install/turtlesim/local/lib/python3.10/dist-packages/turtlesim/action/_rotate_absolute.py
[4.739s] -- Up-to-date: /home/ignatj/ros2_ws/install/turtlesim/local/lib/python3.10/dist-packages/turtlesim/action/_rotate_absolute_s.c
[4.739s] -- Up-to-date: /home/ignatj/ros2_ws/install/turtlesim/local/lib/python3.10/dist-packages/turtlesim/action/__init__.py
[4.740s] -- Up-to-date: /home/ignatj/ros2_ws/install/turtlesim/local/lib/python3.10/dist-packages/turtlesim/turtlesim_s__rosidl_typesupport_introspection_c.cpython-310-x86_64-linux-gnu.so
[4.740s] -- Up-to-date: /home/ignatj/ros2_ws/install/turtlesim/local/lib/python3.10/dist-packages/turtlesim/_turtlesim_s.ep.rosidl_typesupport_c.c
[4.740s] -- Up-to-date: /home/ignatj/ros2_ws/install/turtlesim/local/lib/python3.10/dist-packages/turtlesim/_turtlesim_s.ep.rosidl_typesupport_fastrtps_c.c
[4.741s] -- Up-to-date: /home/ignatj/ros2_ws/install/turtlesim/local/lib/python3.10/dist-packages/turtlesim/turtlesim_s__rosidl_typesupport_fastrtps_c.cpython-310-x86_64-linux-gnu.so
[4.741s] -- Up-to-date: /home/ignatj/ros2_ws/install/turtlesim/local/lib/python3.10/dist-packages/turtlesim/msg
[4.741s] -- Up-to-date: /home/ignatj/ros2_ws/install/turtlesim/local/lib/python3.10/dist-packages/turtlesim/msg/_pose_s.c
[4.741s] -- Up-to-date: /home/ignatj/ros2_ws/install/turtlesim/local/lib/python3.10/dist-packages/turtlesim/msg/_color.py
[4.741s] -- Up-to-date: /home/ignatj/ros2_ws/install/turtlesim/local/lib/python3.10/dist-packages/turtlesim/msg/_pose.py
[4.742s] -- Up-to-date: /home/ignatj/ros2_ws/install/turtlesim/local/lib/python3.10/dist-packages/turtlesim/msg/_color_s.c
[4.742s] -- Up-to-date: /home/ignatj/ros2_ws/install/turtlesim/local/lib/python3.10/dist-packages/turtlesim/msg/__init__.py
[4.742s] -- Up-to-date: /home/ignatj/ros2_ws/install/turtlesim/local/lib/python3.10/dist-packages/turtlesim/libturtlesim__rosidl_generator_py.so
[4.742s] -- Up-to-date: /home/ignatj/ros2_ws/install/turtlesim/local/lib/python3.10/dist-packages/turtlesim/_turtlesim_s.ep.rosidl_typesupport_introspection_c.c
[4.742s] -- Up-to-date: /home/ignatj/ros2_ws/install/turtlesim/local/lib/python3.10/dist-packages/turtlesim/__init__.py
[5.007s] Listing '/home/ignatj/ros2_ws/install/turtlesim/local/lib/python3.10/dist-packages/turtlesim'...
[5.007s] Listing '/home/ignatj/ros2_ws/install/turtlesim/local/lib/python3.10/dist-packages/turtlesim/action'...
[5.008s] Listing '/home/ignatj/ros2_ws/install/turtlesim/local/lib/python3.10/dist-packages/turtlesim/msg'...
[5.008s] Listing '/home/ignatj/ros2_ws/install/turtlesim/local/lib/python3.10/dist-packages/turtlesim/srv'...
[5.015s] -- Up-to-date: /home/ignatj/ros2_ws/install/turtlesim/local/lib/python3.10/dist-packages/turtlesim/turtlesim_s__rosidl_typesupport_fastrtps_c.cpython-310-x86_64-linux-gnu.so
[5.018s] -- Up-to-date: /home/ignatj/ros2_ws/install/turtlesim/local/lib/python3.10/dist-packages/turtlesim/turtlesim_s__rosidl_typesupport_introspection_c.cpython-310-x86_64-linux-gnu.so
[5.026s] -- Up-to-date: /home/ignatj/ros2_ws/install/turtlesim/local/lib/python3.10/dist-packages/turtlesim/turtlesim_s__rosidl_typesupport_c.cpython-310-x86_64-linux-gnu.so
[5.027s] -- Up-to-date: /home/ignatj/ros2_ws/install/turtlesim/lib/libturtlesim__rosidl_generator_py.so
[5.027s] -- Up-to-date: /home/ignatj/ros2_ws/install/turtlesim/share/turtlesim/action/RotateAbsolute.idl
[5.028s] -- Up-to-date: /home/ignatj/ros2_ws/install/turtlesim/share/turtlesim/msg/Color.idl
[5.030s] -- Up-to-date: /home/ignatj/ros2_ws/install/turtlesim/share/turtlesim/msg/Pose.idl
[5.030s] -- Up-to-date: /home/ignatj/ros2_ws/install/turtlesim/share/turtlesim/srv/Kill.idl
[5.031s] -- Up-to-date: /home/ignatj/ros2_ws/install/turtlesim/share/turtlesim/srv/SetPen.idl
[5.032s] -- Up-to-date: /home/ignatj/ros2_ws/install/turtlesim/share/turtlesim/srv/Spawn.idl
[5.033s] -- Up-to-date: /home/ignatj/ros2_ws/install/turtlesim/share/turtlesim/srv/TeleportAbsolute.idl
[5.034s] -- Up-to-date: /home/ignatj/ros2_ws/install/turtlesim/share/turtlesim/srv/TeleportRelative.idl
[5.034s] -- Up-to-date: /home/ignatj/ros2_ws/install/turtlesim/share/turtlesim/action/RotateAbsolute.action
[5.034s] -- Up-to-date: /home/ignatj/ros2_ws/install/turtlesim/share/turtlesim/msg/Color.msg
[5.035s] -- Up-to-date: /home/ignatj/ros2_ws/install/turtlesim/share/turtlesim/msg/Pose.msg
[5.035s] -- Up-to-date: /home/ignatj/ros2_ws/install/turtlesim/share/turtlesim/srv/Kill.srv
[5.035s] -- Up-to-date: /home/ignatj/ros2_ws/install/turtlesim/share/turtlesim/srv/Kill_Request.msg
[5.036s] -- Up-to-date: /home/ignatj/ros2_ws/install/turtlesim/share/turtlesim/srv/Kill_Response.msg
[5.036s] -- Up-to-date: /home/ignatj/ros2_ws/install/turtlesim/share/turtlesim/srv/SetPen.srv
[5.036s] -- Up-to-date: /home/ignatj/ros2_ws/install/turtlesim/share/turtlesim/srv/SetPen_Request.msg
[5.037s] -- Up-to-date: /home/ignatj/ros2_ws/install/turtlesim/share/turtlesim/srv/SetPen_Response.msg
[5.038s] -- Up-to-date: /home/ignatj/ros2_ws/install/turtlesim/share/turtlesim/srv/Spawn.srv
[5.038s] -- Up-to-date: /home/ignatj/ros2_ws/install/turtlesim/share/turtlesim/srv/Spawn_Request.msg
[5.039s] -- Up-to-date: /home/ignatj/ros2_ws/install/turtlesim/share/turtlesim/srv/Spawn_Response.msg
[5.039s] -- Up-to-date: /home/ignatj/ros2_ws/install/turtlesim/share/turtlesim/srv/TeleportAbsolute.srv
[5.040s] -- Up-to-date: /home/ignatj/ros2_ws/install/turtlesim/share/turtlesim/srv/TeleportAbsolute_Request.msg
[5.041s] -- Up-to-date: /home/ignatj/ros2_ws/install/turtlesim/share/turtlesim/srv/TeleportAbsolute_Response.msg
[5.041s] -- Up-to-date: /home/ignatj/ros2_ws/install/turtlesim/share/turtlesim/srv/TeleportRelative.srv
[5.042s] -- Up-to-date: /home/ignatj/ros2_ws/install/turtlesim/share/turtlesim/srv/TeleportRelative_Request.msg
[5.043s] -- Up-to-date: /home/ignatj/ros2_ws/install/turtlesim/share/turtlesim/srv/TeleportRelative_Response.msg
[5.043s] -- Up-to-date: /home/ignatj/ros2_ws/install/turtlesim/lib/turtlesim/turtlesim_node
[5.044s] -- Up-to-date: /home/ignatj/ros2_ws/install/turtlesim/lib/turtlesim/turtle_teleop_key
[5.045s] -- Up-to-date: /home/ignatj/ros2_ws/install/turtlesim/lib/turtlesim/draw_square
[5.047s] -- Up-to-date: /home/ignatj/ros2_ws/install/turtlesim/lib/turtlesim/mimic
[5.047s] -- Up-to-date: /home/ignatj/ros2_ws/install/turtlesim/share/turtlesim/images
[5.048s] -- Up-to-date: /home/ignatj/ros2_ws/install/turtlesim/share/turtlesim/images/ardent.png
[5.049s] -- Up-to-date: /home/ignatj/ros2_ws/install/turtlesim/share/turtlesim/images/dashing.png
[5.051s] -- Up-to-date: /home/ignatj/ros2_ws/install/turtlesim/share/turtlesim/images/eloquent.png
[5.053s] -- Up-to-date: /home/ignatj/ros2_ws/install/turtlesim/share/turtlesim/images/bouncy.png
[5.053s] -- Up-to-date: /home/ignatj/ros2_ws/install/turtlesim/share/turtlesim/images/crystal.png
[5.053s] -- Up-to-date: /home/ignatj/ros2_ws/install/turtlesim/share/turtlesim/images/foxy.png
[5.053s] -- Up-to-date: /home/ignatj/ros2_ws/install/turtlesim/share/turtlesim/images/rolling.png
[5.054s] -- Up-to-date: /home/ignatj/ros2_ws/install/turtlesim/share/turtlesim/images/humble.png
[5.055s] -- Up-to-date: /home/ignatj/ros2_ws/install/turtlesim/share/turtlesim/images/galactic.png
[5.059s] -- Up-to-date: /home/ignatj/ros2_ws/install/turtlesim/share/turtlesim/launch
[5.059s] -- Up-to-date: /home/ignatj/ros2_ws/install/turtlesim/share/turtlesim/launch/multisim.launch.py
[5.060s] -- Up-to-date: /home/ignatj/ros2_ws/install/turtlesim/share/ament_index/resource_index/package_run_dependencies/turtlesim
[5.060s] -- Up-to-date: /home/ignatj/ros2_ws/install/turtlesim/share/ament_index/resource_index/parent_prefix_path/turtlesim
[5.061s] -- Up-to-date: /home/ignatj/ros2_ws/install/turtlesim/share/turtlesim/environment/ament_prefix_path.sh
[5.062s] -- Up-to-date: /home/ignatj/ros2_ws/install/turtlesim/share/turtlesim/environment/ament_prefix_path.dsv
[5.063s] -- Up-to-date: /home/ignatj/ros2_ws/install/turtlesim/share/turtlesim/environment/path.sh
[5.064s] -- Up-to-date: /home/ignatj/ros2_ws/install/turtlesim/share/turtlesim/environment/path.dsv
[5.066s] -- Up-to-date: /home/ignatj/ros2_ws/install/turtlesim/share/turtlesim/local_setup.bash
[5.066s] -- Up-to-date: /home/ignatj/ros2_ws/install/turtlesim/share/turtlesim/local_setup.sh
[5.067s] -- Up-to-date: /home/ignatj/ros2_ws/install/turtlesim/share/turtlesim/local_setup.zsh
[5.068s] -- Up-to-date: /home/ignatj/ros2_ws/install/turtlesim/share/turtlesim/local_setup.dsv
[5.068s] -- Installing: /home/ignatj/ros2_ws/install/turtlesim/share/turtlesim/package.dsv
[5.070s] -- Up-to-date: /home/ignatj/ros2_ws/install/turtlesim/share/ament_index/resource_index/packages/turtlesim
[5.070s] -- Up-to-date: /home/ignatj/ros2_ws/install/turtlesim/share/turtlesim/cmake/export_turtlesim__rosidl_generator_cExport.cmake
[5.074s] -- Up-to-date: /home/ignatj/ros2_ws/install/turtlesim/share/turtlesim/cmake/export_turtlesim__rosidl_generator_cExport-noconfig.cmake
[5.074s] -- Up-to-date: /home/ignatj/ros2_ws/install/turtlesim/share/turtlesim/cmake/export_turtlesim__rosidl_typesupport_fastrtps_cExport.cmake
[5.075s] -- Up-to-date: /home/ignatj/ros2_ws/install/turtlesim/share/turtlesim/cmake/export_turtlesim__rosidl_typesupport_fastrtps_cExport-noconfig.cmake
[5.075s] -- Up-to-date: /home/ignatj/ros2_ws/install/turtlesim/share/turtlesim/cmake/export_turtlesim__rosidl_generator_cppExport.cmake
[5.076s] -- Up-to-date: /home/ignatj/ros2_ws/install/turtlesim/share/turtlesim/cmake/export_turtlesim__rosidl_typesupport_fastrtps_cppExport.cmake
[5.076s] -- Up-to-date: /home/ignatj/ros2_ws/install/turtlesim/share/turtlesim/cmake/export_turtlesim__rosidl_typesupport_fastrtps_cppExport-noconfig.cmake
[5.077s] -- Up-to-date: /home/ignatj/ros2_ws/install/turtlesim/share/turtlesim/cmake/turtlesim__rosidl_typesupport_introspection_cExport.cmake
[5.077s] -- Up-to-date: /home/ignatj/ros2_ws/install/turtlesim/share/turtlesim/cmake/turtlesim__rosidl_typesupport_introspection_cExport-noconfig.cmake
[5.078s] -- Up-to-date: /home/ignatj/ros2_ws/install/turtlesim/share/turtlesim/cmake/turtlesim__rosidl_typesupport_cExport.cmake
[5.078s] -- Up-to-date: /home/ignatj/ros2_ws/install/turtlesim/share/turtlesim/cmake/turtlesim__rosidl_typesupport_cExport-noconfig.cmake
[5.079s] -- Up-to-date: /home/ignatj/ros2_ws/install/turtlesim/share/turtlesim/cmake/turtlesim__rosidl_typesupport_introspection_cppExport.cmake
[5.079s] -- Up-to-date: /home/ignatj/ros2_ws/install/turtlesim/share/turtlesim/cmake/turtlesim__rosidl_typesupport_introspection_cppExport-noconfig.cmake
[5.080s] -- Up-to-date: /home/ignatj/ros2_ws/install/turtlesim/share/turtlesim/cmake/turtlesim__rosidl_typesupport_cppExport.cmake
[5.080s] -- Up-to-date: /home/ignatj/ros2_ws/install/turtlesim/share/turtlesim/cmake/turtlesim__rosidl_typesupport_cppExport-noconfig.cmake
[5.081s] -- Up-to-date: /home/ignatj/ros2_ws/install/turtlesim/share/turtlesim/cmake/export_turtlesim__rosidl_generator_pyExport.cmake
[5.081s] -- Up-to-date: /home/ignatj/ros2_ws/install/turtlesim/share/turtlesim/cmake/export_turtlesim__rosidl_generator_pyExport-noconfig.cmake
[5.082s] -- Up-to-date: /home/ignatj/ros2_ws/install/turtlesim/share/turtlesim/cmake/rosidl_cmake-extras.cmake
[5.082s] -- Up-to-date: /home/ignatj/ros2_ws/install/turtlesim/share/turtlesim/cmake/ament_cmake_export_dependencies-extras.cmake
[5.083s] -- Up-to-date: /home/ignatj/ros2_ws/install/turtlesim/share/turtlesim/cmake/ament_cmake_export_include_directories-extras.cmake
[5.085s] -- Up-to-date: /home/ignatj/ros2_ws/install/turtlesim/share/turtlesim/cmake/ament_cmake_export_libraries-extras.cmake
[5.086s] -- Up-to-date: /home/ignatj/ros2_ws/install/turtlesim/share/turtlesim/cmake/ament_cmake_export_targets-extras.cmake
[5.087s] -- Up-to-date: /home/ignatj/ros2_ws/install/turtlesim/share/turtlesim/cmake/rosidl_cmake_export_typesupport_targets-extras.cmake
[5.088s] -- Up-to-date: /home/ignatj/ros2_ws/install/turtlesim/share/turtlesim/cmake/rosidl_cmake_export_typesupport_libraries-extras.cmake
[5.089s] -- Up-to-date: /home/ignatj/ros2_ws/install/turtlesim/share/turtlesim/cmake/turtlesimConfig.cmake
[5.090s] -- Up-to-date: /home/ignatj/ros2_ws/install/turtlesim/share/turtlesim/cmake/turtlesimConfig-version.cmake
[5.091s] -- Up-to-date: /home/ignatj/ros2_ws/install/turtlesim/share/turtlesim/package.xml
[5.180s] Invoked command in '/home/ignatj/ros2_ws/build/turtlesim' returned '0': CMAKE_PREFIX_PATH=/opt/ros/humble /usr/bin/cmake --install /home/ignatj/ros2_ws/build/turtlesim
