[0.553s] Invoking command in '/home/ignatj/ros2_ws/build/turtlebot3_node': CMAKE_PREFIX_PATH=/opt/ros/humble /usr/bin/cmake /home/ignatj/ros2_ws/src/turtlebot3/turtlebot3_node -DCMAKE_INSTALL_PREFIX=/home/ignatj/ros2_ws/install/turtlebot3_node
[1.366s] -- Found ament_cmake: 1.3.7 (/opt/ros/humble/share/ament_cmake/cmake)
[1.367s] -- Override CMake install command with custom implementation using symlinks instead of copying resources
[1.367s] -- Found dynamixel_sdk: 3.7.60 (/opt/ros/humble/share/dynamixel_sdk/cmake)
[1.367s] -- Found geometry_msgs: 4.2.3 (/opt/ros/humble/share/geometry_msgs/cmake)
[1.367s] -- Found rosidl_generator_c: 3.1.5 (/opt/ros/humble/share/rosidl_generator_c/cmake)
[1.367s] -- Found rosidl_adapter: 3.1.5 (/opt/ros/humble/share/rosidl_adapter/cmake)
[1.367s] -- Found rosidl_generator_cpp: 3.1.5 (/opt/ros/humble/share/rosidl_generator_cpp/cmake)
[1.387s] -- Using all available rosidl_typesupport_c: rosidl_typesupport_fastrtps_c;rosidl_typesupport_introspection_c
[1.468s] -- Using all available rosidl_typesupport_cpp: rosidl_typesupport_fastrtps_cpp;rosidl_typesupport_introspection_cpp
[1.862s] -- Found message_filters: 4.3.3 (/opt/ros/humble/share/message_filters/cmake)
[2.148s] -- Found rmw_implementation_cmake: 6.1.1 (/opt/ros/humble/share/rmw_implementation_cmake/cmake)
[2.154s] -- Found rmw_fastrtps_cpp: 6.2.6 (/opt/ros/humble/share/rmw_fastrtps_cpp/cmake)
[2.633s] -- Using RMW implementation 'rmw_fastrtps_cpp' as default
[3.117s] -- Found nav_msgs: 4.2.3 (/opt/ros/humble/share/nav_msgs/cmake)
[3.346s] -- Found sensor_msgs: 4.2.3 (/opt/ros/humble/share/sensor_msgs/cmake)
[3.590s] -- Found std_srvs: 4.2.3 (/opt/ros/humble/share/std_srvs/cmake)
[3.669s] -- Found tf2: 0.25.5 (/opt/ros/humble/share/tf2/cmake)
[3.699s] -- Found tf2_ros: 0.25.5 (/opt/ros/humble/share/tf2_ros/cmake)
[4.558s] -- Found turtlebot3_msgs: 2.2.3 (/opt/ros/humble/share/turtlebot3_msgs/cmake)
[4.961s] -- Configuring done
[5.039s] -- Generating done
[5.043s] -- Build files have been written to: /home/ignatj/ros2_ws/build/turtlebot3_node
[5.074s] Invoked command in '/home/ignatj/ros2_ws/build/turtlebot3_node' returned '0': CMAKE_PREFIX_PATH=/opt/ros/humble /usr/bin/cmake /home/ignatj/ros2_ws/src/turtlebot3/turtlebot3_node -DCMAKE_INSTALL_PREFIX=/home/ignatj/ros2_ws/install/turtlebot3_node
[5.078s] Invoking command in '/home/ignatj/ros2_ws/build/turtlebot3_node': CMAKE_PREFIX_PATH=/opt/ros/humble /usr/bin/cmake --build /home/ignatj/ros2_ws/build/turtlebot3_node -- -j6 -l6
[5.817s] [35m[1mConsolidate compiler generated dependencies of target turtlebot3_node_lib[0m
[5.818s] [ 85%] Built target turtlebot3_node_lib
[5.819s] [35m[1mConsolidate compiler generated dependencies of target turtlebot3_ros[0m
[5.819s] [100%] Built target turtlebot3_ros
[5.834s] Invoked command in '/home/ignatj/ros2_ws/build/turtlebot3_node' returned '0': CMAKE_PREFIX_PATH=/opt/ros/humble /usr/bin/cmake --build /home/ignatj/ros2_ws/build/turtlebot3_node -- -j6 -l6
[6.179s] Invoking command in '/home/ignatj/ros2_ws/build/turtlebot3_node': CMAKE_PREFIX_PATH=/opt/ros/humble /usr/bin/cmake --install /home/ignatj/ros2_ws/build/turtlebot3_node
[6.205s] -- Install configuration: ""
[6.208s] -- Execute custom install script
[6.210s] -- Up-to-date symlink: /home/ignatj/ros2_ws/install/turtlebot3_node/share/turtlebot3_node/param/burger.yaml
[6.211s] -- Up-to-date symlink: /home/ignatj/ros2_ws/install/turtlebot3_node/share/turtlebot3_node/param/waffle.yaml
[6.213s] -- Up-to-date symlink: /home/ignatj/ros2_ws/install/turtlebot3_node/share/turtlebot3_node/param/waffle_pi.yaml
[6.214s] -- Up-to-date symlink: /home/ignatj/ros2_ws/install/turtlebot3_node/lib/turtlebot3_node/turtlebot3_ros
[6.215s] -- Up-to-date symlink: /home/ignatj/ros2_ws/install/turtlebot3_node/share/ament_index/resource_index/package_run_dependencies/turtlebot3_node
[6.215s] -- Up-to-date symlink: /home/ignatj/ros2_ws/install/turtlebot3_node/share/ament_index/resource_index/parent_prefix_path/turtlebot3_node
[6.216s] -- Up-to-date symlink: /home/ignatj/ros2_ws/install/turtlebot3_node/share/turtlebot3_node/environment/ament_prefix_path.sh
[6.217s] -- Up-to-date symlink: /home/ignatj/ros2_ws/install/turtlebot3_node/share/turtlebot3_node/environment/ament_prefix_path.dsv
[6.217s] -- Up-to-date symlink: /home/ignatj/ros2_ws/install/turtlebot3_node/share/turtlebot3_node/environment/path.sh
[6.218s] -- Up-to-date symlink: /home/ignatj/ros2_ws/install/turtlebot3_node/share/turtlebot3_node/environment/path.dsv
[6.218s] -- Up-to-date symlink: /home/ignatj/ros2_ws/install/turtlebot3_node/share/turtlebot3_node/local_setup.bash
[6.219s] -- Up-to-date symlink: /home/ignatj/ros2_ws/install/turtlebot3_node/share/turtlebot3_node/local_setup.sh
[6.220s] -- Up-to-date symlink: /home/ignatj/ros2_ws/install/turtlebot3_node/share/turtlebot3_node/local_setup.zsh
[6.220s] -- Up-to-date symlink: /home/ignatj/ros2_ws/install/turtlebot3_node/share/turtlebot3_node/local_setup.dsv
[6.220s] -- Symlinking: /home/ignatj/ros2_ws/install/turtlebot3_node/share/turtlebot3_node/package.dsv
[6.248s] -- Up-to-date symlink: /home/ignatj/ros2_ws/install/turtlebot3_node/share/ament_index/resource_index/packages/turtlebot3_node
[6.249s] -- Up-to-date symlink: /home/ignatj/ros2_ws/install/turtlebot3_node/share/turtlebot3_node/cmake/ament_cmake_export_include_directories-extras.cmake
[6.249s] -- Up-to-date symlink: /home/ignatj/ros2_ws/install/turtlebot3_node/share/turtlebot3_node/cmake/turtlebot3_nodeConfig.cmake
[6.250s] -- Up-to-date symlink: /home/ignatj/ros2_ws/install/turtlebot3_node/share/turtlebot3_node/cmake/turtlebot3_nodeConfig-version.cmake
[6.250s] -- Up-to-date symlink: /home/ignatj/ros2_ws/install/turtlebot3_node/share/turtlebot3_node/package.xml
[6.261s] Invoked command in '/home/ignatj/ros2_ws/build/turtlebot3_node' returned '0': CMAKE_PREFIX_PATH=/opt/ros/humble /usr/bin/cmake --install /home/ignatj/ros2_ws/build/turtlebot3_node
