[4.265s] Invoking command in '/home/ignatj/ros2_ws/src/my_robot_controller': PYTHONPATH=/home/ignatj/ros2_ws/build/my_robot_controller/prefix_override:/home/ignatj/ros2_ws/install/my_robot_controller/lib/python3.10/site-packages:${PYTHONPATH} /usr/bin/python3 setup.py egg_info --egg-base ../../build/my_robot_controller build --build-base /home/ignatj/ros2_ws/build/my_robot_controller/build install --record /home/ignatj/ros2_ws/build/my_robot_controller/install.log --single-version-externally-managed
[5.072s] running egg_info
[5.073s] writing ../../build/my_robot_controller/my_robot_controller.egg-info/PKG-INFO
[5.077s] writing dependency_links to ../../build/my_robot_controller/my_robot_controller.egg-info/dependency_links.txt
[5.078s] writing entry points to ../../build/my_robot_controller/my_robot_controller.egg-info/entry_points.txt
[5.079s] writing requirements to ../../build/my_robot_controller/my_robot_controller.egg-info/requires.txt
[5.081s] writing top-level names to ../../build/my_robot_controller/my_robot_controller.egg-info/top_level.txt
[5.085s] reading manifest file '../../build/my_robot_controller/my_robot_controller.egg-info/SOURCES.txt'
[5.085s] writing manifest file '../../build/my_robot_controller/my_robot_controller.egg-info/SOURCES.txt'
[5.087s] running build
[5.088s] running build_py
[5.088s] running install
[5.089s] /usr/lib/python3/dist-packages/setuptools/command/install.py:34: SetuptoolsDeprecationWarning: setup.py install is deprecated. Use build and pip and other standards-based tools.
[5.090s]   warnings.warn(
[5.096s] running install_lib
[5.097s] running install_data
[5.099s] running install_egg_info
[5.104s] removing '/home/ignatj/ros2_ws/install/my_robot_controller/lib/python3.10/site-packages/my_robot_controller-0.0.0-py3.10.egg-info' (and everything under it)
[5.106s] Copying ../../build/my_robot_controller/my_robot_controller.egg-info to /home/ignatj/ros2_ws/install/my_robot_controller/lib/python3.10/site-packages/my_robot_controller-0.0.0-py3.10.egg-info
[5.111s] running install_scripts
[5.171s] Installing mapping script to /home/ignatj/ros2_ws/install/my_robot_controller/lib/my_robot_controller
[5.171s] Installing test_node script to /home/ignatj/ros2_ws/install/my_robot_controller/lib/my_robot_controller
[5.175s] writing list of installed files to '/home/ignatj/ros2_ws/build/my_robot_controller/install.log'
