[3.069s] Invoking command in '/home/ignatj/ros2_ws/build/turtlebot3_example': PYTHONPATH=/home/ignatj/ros2_ws/build/turtlebot3_example/prefix_override:/home/ignatj/ros2_ws/install/turtlebot3_example/lib/python3.10/site-packages:${PYTHONPATH} /usr/bin/python3 setup.py develop --editable --build-directory /home/ignatj/ros2_ws/build/turtlebot3_example/build --no-deps install_data
[3.827s] running develop
[3.833s] /usr/lib/python3/dist-packages/setuptools/command/easy_install.py:158: EasyInstallDeprecationWarning: easy_install command is deprecated. Use build and pip and other standards-based tools.
[3.833s]   warnings.warn(
[3.842s] /usr/lib/python3/dist-packages/setuptools/command/install.py:34: SetuptoolsDeprecationWarning: setup.py install is deprecated. Use build and pip and other standards-based tools.
[3.843s]   warnings.warn(
[4.363s] running egg_info
[4.363s] creating turtlebot3_example.egg-info
[4.364s] writing turtlebot3_example.egg-info/PKG-INFO
[4.367s] writing dependency_links to turtlebot3_example.egg-info/dependency_links.txt
[4.368s] writing entry points to turtlebot3_example.egg-info/entry_points.txt
[4.369s] writing requirements to turtlebot3_example.egg-info/requires.txt
[4.369s] writing top-level names to turtlebot3_example.egg-info/top_level.txt
[4.369s] writing manifest file 'turtlebot3_example.egg-info/SOURCES.txt'
[4.373s] reading manifest file 'turtlebot3_example.egg-info/SOURCES.txt'
[4.375s] writing manifest file 'turtlebot3_example.egg-info/SOURCES.txt'
[4.380s] running build_ext
[4.380s] Creating /home/ignatj/ros2_ws/install/turtlebot3_example/lib/python3.10/site-packages/turtlebot3-example.egg-link (link to .)
[4.384s] Installing turtlebot3_obstacle_detection script to /home/ignatj/ros2_ws/install/turtlebot3_example/lib/turtlebot3_example
[4.385s] Installing turtlebot3_patrol_client script to /home/ignatj/ros2_ws/install/turtlebot3_example/lib/turtlebot3_example
[4.385s] Installing turtlebot3_patrol_server script to /home/ignatj/ros2_ws/install/turtlebot3_example/lib/turtlebot3_example
[4.386s] Installing turtlebot3_position_control script to /home/ignatj/ros2_ws/install/turtlebot3_example/lib/turtlebot3_example
[4.386s] 
[4.387s] Installed /home/ignatj/ros2_ws/build/turtlebot3_example
[4.387s] running install_data
[4.388s] creating /home/ignatj/ros2_ws/install/turtlebot3_example/share/ament_index
[4.388s] creating /home/ignatj/ros2_ws/install/turtlebot3_example/share/ament_index/resource_index
[4.388s] creating /home/ignatj/ros2_ws/install/turtlebot3_example/share/ament_index/resource_index/packages
[4.388s] copying resource/turtlebot3_example -> /home/ignatj/ros2_ws/install/turtlebot3_example/share/ament_index/resource_index/packages
[4.389s] copying package.xml -> /home/ignatj/ros2_ws/install/turtlebot3_example/share/turtlebot3_example
[5.610s] Invoked command in '/home/ignatj/ros2_ws/build/turtlebot3_example' returned '0': PYTHONPATH=/home/ignatj/ros2_ws/build/turtlebot3_example/prefix_override:/home/ignatj/ros2_ws/install/turtlebot3_example/lib/python3.10/site-packages:${PYTHONPATH} /usr/bin/python3 setup.py develop --editable --build-directory /home/ignatj/ros2_ws/build/turtlebot3_example/build --no-deps install_data
