running develop
running egg_info
creating my_robot_controller.egg-info
writing my_robot_controller.egg-info/PKG-INFO
writing dependency_links to my_robot_controller.egg-info/dependency_links.txt
writing entry points to my_robot_controller.egg-info/entry_points.txt
writing requirements to my_robot_controller.egg-info/requires.txt
writing top-level names to my_robot_controller.egg-info/top_level.txt
writing manifest file 'my_robot_controller.egg-info/SOURCES.txt'
reading manifest file 'my_robot_controller.egg-info/SOURCES.txt'
writing manifest file 'my_robot_controller.egg-info/SOURCES.txt'
running build_ext
Creating /home/ignatj/ros2_ws/install/my_robot_controller/lib/python3.10/site-packages/my-robot-controller.egg-link (link to .)
Installing mapping script to /home/ignatj/ros2_ws/install/my_robot_controller/lib/my_robot_controller
Installing navigation script to /home/ignatj/ros2_ws/install/my_robot_controller/lib/my_robot_controller
Installing test_node script to /home/ignatj/ros2_ws/install/my_robot_controller/lib/my_robot_controller

Installed /home/ignatj/ros2_ws/build/my_robot_controller
running install_data
creating /home/ignatj/ros2_ws/install/my_robot_controller/share/ament_index
creating /home/ignatj/ros2_ws/install/my_robot_controller/share/ament_index/resource_index
creating /home/ignatj/ros2_ws/install/my_robot_controller/share/ament_index/resource_index/packages
copying resource/my_robot_controller -> /home/ignatj/ros2_ws/install/my_robot_controller/share/ament_index/resource_index/packages
copying package.xml -> /home/ignatj/ros2_ws/install/my_robot_controller/share/my_robot_controller
creating /home/ignatj/ros2_ws/install/my_robot_controller/share/my_robot_controller/launch
copying launch/start_mapping.launch.py -> /home/ignatj/ros2_ws/install/my_robot_controller/share/my_robot_controller/launch
copying launch/run_navigation.launch.py -> /home/ignatj/ros2_ws/install/my_robot_controller/share/my_robot_controller/launch
creating /home/ignatj/ros2_ws/install/my_robot_controller/share/my_robot_controller/maps
copying maps/map1.yaml -> /home/ignatj/ros2_ws/install/my_robot_controller/share/my_robot_controller/maps
copying maps/map1.pgm -> /home/ignatj/ros2_ws/install/my_robot_controller/share/my_robot_controller/maps
