[10.659s] Invoking command in '/home/ignatj/ros2_ws/build/examples_rclpy_guard_conditions': PYTHONPATH=/home/ignatj/ros2_ws/build/examples_rclpy_guard_conditions/prefix_override:/home/ignatj/ros2_ws/install/examples_rclpy_guard_conditions/lib/python3.10/site-packages:${PYTHONPATH} /usr/bin/python3 setup.py develop --editable --build-directory /home/ignatj/ros2_ws/build/examples_rclpy_guard_conditions/build --no-deps install_data
[12.495s] running develop
[12.500s] /usr/lib/python3/dist-packages/setuptools/command/easy_install.py:158: EasyInstallDeprecationWarning: easy_install command is deprecated. Use build and pip and other standards-based tools.
[12.500s]   warnings.warn(
[12.504s] /usr/lib/python3/dist-packages/setuptools/command/install.py:34: SetuptoolsDeprecationWarning: setup.py install is deprecated. Use build and pip and other standards-based tools.
[12.504s]   warnings.warn(
[13.546s] running egg_info
[13.546s] writing examples_rclpy_guard_conditions.egg-info/PKG-INFO
[13.554s] writing dependency_links to examples_rclpy_guard_conditions.egg-info/dependency_links.txt
[13.556s] writing entry points to examples_rclpy_guard_conditions.egg-info/entry_points.txt
[13.557s] writing requirements to examples_rclpy_guard_conditions.egg-info/requires.txt
[13.565s] writing top-level names to examples_rclpy_guard_conditions.egg-info/top_level.txt
[13.582s] reading manifest file 'examples_rclpy_guard_conditions.egg-info/SOURCES.txt'
[13.587s] writing manifest file 'examples_rclpy_guard_conditions.egg-info/SOURCES.txt'
[13.592s] running build_ext
[13.592s] Creating /home/ignatj/ros2_ws/install/examples_rclpy_guard_conditions/lib/python3.10/site-packages/examples-rclpy-guard-conditions.egg-link (link to .)
[13.608s] Installing trigger_guard_condition script to /home/ignatj/ros2_ws/install/examples_rclpy_guard_conditions/lib/examples_rclpy_guard_conditions
[13.609s] 
[13.610s] Installed /home/ignatj/ros2_ws/build/examples_rclpy_guard_conditions
[13.611s] running install_data
[15.230s] Invoked command in '/home/ignatj/ros2_ws/build/examples_rclpy_guard_conditions' returned '0': PYTHONPATH=/home/ignatj/ros2_ws/build/examples_rclpy_guard_conditions/prefix_override:/home/ignatj/ros2_ws/install/examples_rclpy_guard_conditions/lib/python3.10/site-packages:${PYTHONPATH} /usr/bin/python3 setup.py develop --editable --build-directory /home/ignatj/ros2_ws/build/examples_rclpy_guard_conditions/build --no-deps install_data
