[9.831s] Invoking command in '/home/ignatj/ros2_ws/build/examples_rclpy_minimal_client': PYTHONPATH=/home/ignatj/ros2_ws/build/examples_rclpy_minimal_client/prefix_override:/home/ignatj/ros2_ws/install/examples_rclpy_minimal_client/lib/python3.10/site-packages:${PYTHONPATH} /usr/bin/python3 setup.py develop --editable --build-directory /home/ignatj/ros2_ws/build/examples_rclpy_minimal_client/build --no-deps install_data
[13.698s] /usr/lib/python3/dist-packages/setuptools/command/easy_install.py:158: EasyInstallDeprecationWarning: easy_install command is deprecated. Use build and pip and other standards-based tools.
[13.699s]   warnings.warn(
[13.708s] /usr/lib/python3/dist-packages/setuptools/command/install.py:34: SetuptoolsDeprecationWarning: setup.py install is deprecated. Use build and pip and other standards-based tools.
[13.709s]   warnings.warn(
[13.729s] running develop
[15.646s] running egg_info
[15.658s] writing examples_rclpy_minimal_client.egg-info/PKG-INFO
[15.661s] writing dependency_links to examples_rclpy_minimal_client.egg-info/dependency_links.txt
[15.662s] writing entry points to examples_rclpy_minimal_client.egg-info/entry_points.txt
[15.663s] writing requirements to examples_rclpy_minimal_client.egg-info/requires.txt
[15.665s] writing top-level names to examples_rclpy_minimal_client.egg-info/top_level.txt
[15.689s] reading manifest file 'examples_rclpy_minimal_client.egg-info/SOURCES.txt'
[15.694s] writing manifest file 'examples_rclpy_minimal_client.egg-info/SOURCES.txt'
[15.698s] running build_ext
[15.698s] Creating /home/ignatj/ros2_ws/install/examples_rclpy_minimal_client/lib/python3.10/site-packages/examples-rclpy-minimal-client.egg-link (link to .)
[15.712s] Installing client script to /home/ignatj/ros2_ws/install/examples_rclpy_minimal_client/lib/examples_rclpy_minimal_client
[15.712s] Installing client_async script to /home/ignatj/ros2_ws/install/examples_rclpy_minimal_client/lib/examples_rclpy_minimal_client
[15.713s] Installing client_async_callback script to /home/ignatj/ros2_ws/install/examples_rclpy_minimal_client/lib/examples_rclpy_minimal_client
[15.714s] Installing client_async_member_function script to /home/ignatj/ros2_ws/install/examples_rclpy_minimal_client/lib/examples_rclpy_minimal_client
[15.716s] 
[15.716s] Installed /home/ignatj/ros2_ws/build/examples_rclpy_minimal_client
[15.716s] running install_data
[16.793s] Invoked command in '/home/ignatj/ros2_ws/build/examples_rclpy_minimal_client' returned '0': PYTHONPATH=/home/ignatj/ros2_ws/build/examples_rclpy_minimal_client/prefix_override:/home/ignatj/ros2_ws/install/examples_rclpy_minimal_client/lib/python3.10/site-packages:${PYTHONPATH} /usr/bin/python3 setup.py develop --editable --build-directory /home/ignatj/ros2_ws/build/examples_rclpy_minimal_client/build --no-deps install_data
