[0.981s] Invoking command in '/home/ignatj/ros2_ws/build/turtlebot3_description': /usr/bin/cmake /home/ignatj/ros2_ws/src/turtlebot3/turtlebot3_description -DCATKIN_INSTALL_INTO_PREFIX_ROOT=0 -DCATKIN_SYMLINK_INSTALL=ON -DCMAKE_INSTALL_PREFIX=/home/ignatj/ros2_ws/install/turtlebot3_description
[1.026s] [0mCMake Deprecation Warning at CMakeLists.txt:4 (cmake_minimum_required):
[1.026s]   Compatibility with CMake < 2.8.12 will be removed from a future version of
[1.027s]   CMake.
[1.027s] 
[1.028s]   Update the VERSION argument <min> value or use a ...<max> suffix to tell
[1.028s]   CMake that the project does not need compatibility with older versions.
[1.030s] 
[1.030s] [0m
[1.550s] -- The C compiler identification is GNU 11.4.0
[1.918s] -- The CXX compiler identification is GNU 11.4.0
[1.949s] -- Detecting C compiler ABI info
[2.190s] -- Detecting C compiler ABI info - done
[2.217s] -- Check for working C compiler: /usr/bin/cc - skipped
[2.220s] -- Detecting C compile features
[2.222s] -- Detecting C compile features - done
[2.236s] -- Detecting CXX compiler ABI info
[2.534s] -- Detecting CXX compiler ABI info - done
[2.560s] -- Check for working CXX compiler: /usr/bin/c++ - skipped
[2.562s] -- Detecting CXX compile features
[2.564s] -- Detecting CXX compile features - done
[2.604s] [31mCMake Error at CMakeLists.txt:10 (find_package):
[2.605s]   By not providing "Findcatkin.cmake" in CMAKE_MODULE_PATH this project has
[2.605s]   asked CMake to find a package configuration file provided by "catkin", but
[2.606s]   CMake did not find one.
[2.606s] 
[2.606s]   Could not find a package configuration file provided by "catkin" with any
[2.607s]   of the following names:
[2.607s] 
[2.607s]     catkinConfig.cmake
[2.608s]     catkin-config.cmake
[2.608s] 
[2.609s]   Add the installation prefix of "catkin" to CMAKE_PREFIX_PATH or set
[2.609s]   "catkin_DIR" to a directory containing one of the above files.  If "catkin"
[2.610s]   provides a separate development package or SDK, be sure it has been
[2.610s]   installed.
[2.610s] 
[2.610s] [0m
[2.611s] -- Configuring incomplete, errors occurred!
[2.611s] See also "/home/ignatj/ros2_ws/build/turtlebot3_description/CMakeFiles/CMakeOutput.log".
[2.627s] Invoked command in '/home/ignatj/ros2_ws/build/turtlebot3_description' returned '1': /usr/bin/cmake /home/ignatj/ros2_ws/src/turtlebot3/turtlebot3_description -DCATKIN_INSTALL_INTO_PREFIX_ROOT=0 -DCATKIN_SYMLINK_INSTALL=ON -DCMAKE_INSTALL_PREFIX=/home/ignatj/ros2_ws/install/turtlebot3_description
