[0.198s] Invoking command in '/home/ignatj/ros2_ws/build/examples_rclcpp_wait_set': CMAKE_PREFIX_PATH=/opt/ros/humble /usr/bin/cmake /home/ignatj/ros2_ws/src/examples/rclcpp/wait_set -DAMENT_CMAKE_SYMLINK_INSTALL=1 -DCMAKE_INSTALL_PREFIX=/home/ignatj/ros2_ws/install/examples_rclcpp_wait_set
[2.446s] -- Found ament_cmake: 1.3.7 (/opt/ros/humble/share/ament_cmake/cmake)
[2.446s] -- Override CMake install command with custom implementation using symlinks instead of copying resources
[2.446s] -- Found example_interfaces: 0.9.3 (/opt/ros/humble/share/example_interfaces/cmake)
[2.447s] -- Found rosidl_generator_c: 3.1.5 (/opt/ros/humble/share/rosidl_generator_c/cmake)
[2.447s] -- Found rosidl_adapter: 3.1.5 (/opt/ros/humble/share/rosidl_adapter/cmake)
[2.447s] -- Found rosidl_generator_cpp: 3.1.5 (/opt/ros/humble/share/rosidl_generator_cpp/cmake)
[2.447s] -- Using all available rosidl_typesupport_c: rosidl_typesupport_fastrtps_c;rosidl_typesupport_introspection_c
[2.447s] -- Using all available rosidl_typesupport_cpp: rosidl_typesupport_fastrtps_cpp;rosidl_typesupport_introspection_cpp
[2.448s] -- Found rclcpp: 16.0.8 (/opt/ros/humble/share/rclcpp/cmake)
[2.448s] -- Found rmw_implementation_cmake: 6.1.1 (/opt/ros/humble/share/rmw_implementation_cmake/cmake)
[2.448s] -- Found rmw_fastrtps_cpp: 6.2.6 (/opt/ros/humble/share/rmw_fastrtps_cpp/cmake)
[2.687s] -- Using RMW implementation 'rmw_fastrtps_cpp' as default
[3.554s] -- Found rclcpp_components: 16.0.8 (/opt/ros/humble/share/rclcpp_components/cmake)
[3.830s] -- Found ament_lint_auto: 0.12.10 (/opt/ros/humble/share/ament_lint_auto/cmake)
[4.192s] -- Added test 'copyright' to check source files copyright and LICENSE
[4.205s] -- Added test 'cppcheck' to perform static code analysis on C / C++ code
[4.207s] -- Configured cppcheck include dirs: /home/ignatj/ros2_ws/src/examples/rclcpp/wait_set/include
[4.207s] -- Configured cppcheck exclude dirs and/or files: 
[4.215s] -- Added test 'cpplint' to check C / C++ code against the Google style
[4.215s] -- Configured cpplint exclude dirs and/or files: 
[4.216s] -- Added test 'lint_cmake' to check CMake code style
[4.227s] -- Added test 'uncrustify' to check C / C++ code style
[4.227s] -- Configured uncrustify additional arguments: 
[4.229s] -- Added test 'xmllint' to check XML markup files
[4.241s] -- Configuring done
[4.648s] -- Generating done
[4.690s] -- Build files have been written to: /home/ignatj/ros2_ws/build/examples_rclcpp_wait_set
[5.372s] Invoked command in '/home/ignatj/ros2_ws/build/examples_rclcpp_wait_set' returned '0': CMAKE_PREFIX_PATH=/opt/ros/humble /usr/bin/cmake /home/ignatj/ros2_ws/src/examples/rclcpp/wait_set -DAMENT_CMAKE_SYMLINK_INSTALL=1 -DCMAKE_INSTALL_PREFIX=/home/ignatj/ros2_ws/install/examples_rclcpp_wait_set
[5.373s] Invoking command in '/home/ignatj/ros2_ws/build/examples_rclcpp_wait_set': CMAKE_PREFIX_PATH=/opt/ros/humble /usr/bin/cmake --build /home/ignatj/ros2_ws/build/examples_rclcpp_wait_set -- -j6 -l6
[5.998s] [35m[1mConsolidate compiler generated dependencies of target wait_set_talker[0m
[6.008s] [35m[1mConsolidate compiler generated dependencies of target talker[0m
[6.035s] [35m[1mConsolidate compiler generated dependencies of target listener[0m
[6.037s] [35m[1mConsolidate compiler generated dependencies of target wait_set_listener[0m
[6.071s] [35m[1mConsolidate compiler generated dependencies of target static_wait_set[0m
[6.120s] [35m[1mConsolidate compiler generated dependencies of target wait_set[0m
[6.227s] [  8%] Built target wait_set_talker
[6.250s] [ 16%] Built target talker
[6.309s] [ 25%] Built target listener
[6.334s] [ 33%] Built target wait_set
[6.372s] [ 41%] Built target wait_set_listener
[6.416s] [ 50%] Built target static_wait_set
[6.512s] [35m[1mConsolidate compiler generated dependencies of target thread_safe_wait_set[0m
[6.542s] [35m[1mConsolidate compiler generated dependencies of target wait_set_topics_and_timer[0m
[6.556s] [35m[1mConsolidate compiler generated dependencies of target wait_set_random_order[0m
[6.580s] [35m[1mConsolidate compiler generated dependencies of target wait_set_topics_with_different_rates[0m
[6.613s] [35m[1mConsolidate compiler generated dependencies of target executor_random_order[0m
[6.630s] [35m[1mConsolidate compiler generated dependencies of target wait_set_composed[0m
[6.707s] [ 58%] Built target wait_set_topics_and_timer
[6.762s] [ 66%] Built target thread_safe_wait_set
[6.803s] [ 75%] Built target wait_set_random_order
[6.804s] [ 83%] Built target wait_set_composed
[6.817s] [ 91%] Built target executor_random_order
[6.828s] [100%] Built target wait_set_topics_with_different_rates
[10.698s] Invoked command in '/home/ignatj/ros2_ws/build/examples_rclcpp_wait_set' returned '0': CMAKE_PREFIX_PATH=/opt/ros/humble /usr/bin/cmake --build /home/ignatj/ros2_ws/build/examples_rclcpp_wait_set -- -j6 -l6
[17.070s] Invoking command in '/home/ignatj/ros2_ws/build/examples_rclcpp_wait_set': CMAKE_PREFIX_PATH=/opt/ros/humble /usr/bin/cmake --install /home/ignatj/ros2_ws/build/examples_rclcpp_wait_set
[17.168s] -- Install configuration: ""
[17.169s] -- Execute custom install script
[17.189s] -- Up-to-date symlink: /home/ignatj/ros2_ws/install/examples_rclcpp_wait_set/lib/examples_rclcpp_wait_set/wait_set_talker
[17.189s] -- Up-to-date symlink: /home/ignatj/ros2_ws/install/examples_rclcpp_wait_set/lib/examples_rclcpp_wait_set/wait_set_listener
[17.191s] -- Up-to-date symlink: /home/ignatj/ros2_ws/install/examples_rclcpp_wait_set/lib/libtalker.so
[17.194s] -- Up-to-date symlink: /home/ignatj/ros2_ws/install/examples_rclcpp_wait_set/lib/liblistener.so
[17.208s] -- Up-to-date symlink: /home/ignatj/ros2_ws/install/examples_rclcpp_wait_set/lib/examples_rclcpp_wait_set/wait_set
[17.236s] -- Up-to-date symlink: /home/ignatj/ros2_ws/install/examples_rclcpp_wait_set/lib/examples_rclcpp_wait_set/static_wait_set
[17.271s] -- Up-to-date symlink: /home/ignatj/ros2_ws/install/examples_rclcpp_wait_set/lib/examples_rclcpp_wait_set/thread_safe_wait_set
[17.274s] -- Up-to-date symlink: /home/ignatj/ros2_ws/install/examples_rclcpp_wait_set/lib/examples_rclcpp_wait_set/wait_set_topics_and_timer
[17.280s] -- Up-to-date symlink: /home/ignatj/ros2_ws/install/examples_rclcpp_wait_set/lib/examples_rclcpp_wait_set/wait_set_random_order
[17.283s] -- Up-to-date symlink: /home/ignatj/ros2_ws/install/examples_rclcpp_wait_set/lib/examples_rclcpp_wait_set/executor_random_order
[17.286s] -- Up-to-date symlink: /home/ignatj/ros2_ws/install/examples_rclcpp_wait_set/lib/examples_rclcpp_wait_set/wait_set_topics_with_different_rates
[17.300s] -- Up-to-date symlink: /home/ignatj/ros2_ws/install/examples_rclcpp_wait_set/lib/examples_rclcpp_wait_set/wait_set_composed
[17.306s] -- Up-to-date symlink: /home/ignatj/ros2_ws/install/examples_rclcpp_wait_set/share/ament_index/resource_index/package_run_dependencies/examples_rclcpp_wait_set
[17.311s] -- Up-to-date symlink: /home/ignatj/ros2_ws/install/examples_rclcpp_wait_set/share/ament_index/resource_index/parent_prefix_path/examples_rclcpp_wait_set
[17.316s] -- Up-to-date symlink: /home/ignatj/ros2_ws/install/examples_rclcpp_wait_set/share/examples_rclcpp_wait_set/environment/ament_prefix_path.sh
[17.319s] -- Up-to-date symlink: /home/ignatj/ros2_ws/install/examples_rclcpp_wait_set/share/examples_rclcpp_wait_set/environment/ament_prefix_path.dsv
[17.326s] -- Up-to-date symlink: /home/ignatj/ros2_ws/install/examples_rclcpp_wait_set/share/examples_rclcpp_wait_set/environment/path.sh
[17.328s] -- Up-to-date symlink: /home/ignatj/ros2_ws/install/examples_rclcpp_wait_set/share/examples_rclcpp_wait_set/environment/path.dsv
[17.329s] -- Up-to-date symlink: /home/ignatj/ros2_ws/install/examples_rclcpp_wait_set/share/examples_rclcpp_wait_set/local_setup.bash
[17.331s] -- Up-to-date symlink: /home/ignatj/ros2_ws/install/examples_rclcpp_wait_set/share/examples_rclcpp_wait_set/local_setup.sh
[17.333s] -- Up-to-date symlink: /home/ignatj/ros2_ws/install/examples_rclcpp_wait_set/share/examples_rclcpp_wait_set/local_setup.zsh
[17.335s] -- Up-to-date symlink: /home/ignatj/ros2_ws/install/examples_rclcpp_wait_set/share/examples_rclcpp_wait_set/local_setup.dsv
[17.336s] -- Symlinking: /home/ignatj/ros2_ws/install/examples_rclcpp_wait_set/share/examples_rclcpp_wait_set/package.dsv
[17.524s] -- Up-to-date symlink: /home/ignatj/ros2_ws/install/examples_rclcpp_wait_set/share/ament_index/resource_index/packages/examples_rclcpp_wait_set
[17.528s] -- Up-to-date symlink: /home/ignatj/ros2_ws/install/examples_rclcpp_wait_set/share/ament_index/resource_index/rclcpp_components/examples_rclcpp_wait_set
[17.531s] -- Up-to-date symlink: /home/ignatj/ros2_ws/install/examples_rclcpp_wait_set/share/examples_rclcpp_wait_set/cmake/examples_rclcpp_wait_setConfig.cmake
[17.532s] -- Up-to-date symlink: /home/ignatj/ros2_ws/install/examples_rclcpp_wait_set/share/examples_rclcpp_wait_set/cmake/examples_rclcpp_wait_setConfig-version.cmake
[17.534s] -- Up-to-date symlink: /home/ignatj/ros2_ws/install/examples_rclcpp_wait_set/share/examples_rclcpp_wait_set/package.xml
[17.545s] Invoked command in '/home/ignatj/ros2_ws/build/examples_rclcpp_wait_set' returned '0': CMAKE_PREFIX_PATH=/opt/ros/humble /usr/bin/cmake --install /home/ignatj/ros2_ws/build/examples_rclcpp_wait_set
