[6.555s] Invoking command in '/home/ignatj/ros2_ws/src/examples/rclpy/topics/minimal_publisher': PYTHONPATH=/home/ignatj/ros2_ws/build/examples_rclpy_minimal_publisher/prefix_override:/home/ignatj/ros2_ws/install/examples_rclpy_minimal_publisher/lib/python3.10/site-packages:${PYTHONPATH} /usr/bin/python3 setup.py egg_info --egg-base ../../../../../build/examples_rclpy_minimal_publisher build --build-base /home/ignatj/ros2_ws/build/examples_rclpy_minimal_publisher/build install --record /home/ignatj/ros2_ws/build/examples_rclpy_minimal_publisher/install.log --single-version-externally-managed
[7.259s] running egg_info
[7.262s] writing ../../../../../build/examples_rclpy_minimal_publisher/examples_rclpy_minimal_publisher.egg-info/PKG-INFO
[7.263s] writing dependency_links to ../../../../../build/examples_rclpy_minimal_publisher/examples_rclpy_minimal_publisher.egg-info/dependency_links.txt
[7.264s] writing entry points to ../../../../../build/examples_rclpy_minimal_publisher/examples_rclpy_minimal_publisher.egg-info/entry_points.txt
[7.266s] writing requirements to ../../../../../build/examples_rclpy_minimal_publisher/examples_rclpy_minimal_publisher.egg-info/requires.txt
[7.267s] writing top-level names to ../../../../../build/examples_rclpy_minimal_publisher/examples_rclpy_minimal_publisher.egg-info/top_level.txt
[7.272s] reading manifest file '../../../../../build/examples_rclpy_minimal_publisher/examples_rclpy_minimal_publisher.egg-info/SOURCES.txt'
[7.275s] writing manifest file '../../../../../build/examples_rclpy_minimal_publisher/examples_rclpy_minimal_publisher.egg-info/SOURCES.txt'
[7.276s] running build
[7.277s] running build_py
[7.282s] running install
[7.282s] /usr/lib/python3/dist-packages/setuptools/command/install.py:34: SetuptoolsDeprecationWarning: setup.py install is deprecated. Use build and pip and other standards-based tools.
[7.283s]   warnings.warn(
[7.284s] running install_lib
[7.288s] running install_data
[7.290s] running install_egg_info
[7.295s] removing '/home/ignatj/ros2_ws/install/examples_rclpy_minimal_publisher/lib/python3.10/site-packages/examples_rclpy_minimal_publisher-0.15.1-py3.10.egg-info' (and everything under it)
[7.296s] Copying ../../../../../build/examples_rclpy_minimal_publisher/examples_rclpy_minimal_publisher.egg-info to /home/ignatj/ros2_ws/install/examples_rclpy_minimal_publisher/lib/python3.10/site-packages/examples_rclpy_minimal_publisher-0.15.1-py3.10.egg-info
[7.301s] running install_scripts
[7.364s] Installing publisher_local_function script to /home/ignatj/ros2_ws/install/examples_rclpy_minimal_publisher/lib/examples_rclpy_minimal_publisher
[7.366s] Installing publisher_member_function script to /home/ignatj/ros2_ws/install/examples_rclpy_minimal_publisher/lib/examples_rclpy_minimal_publisher
[7.367s] Installing publisher_old_school script to /home/ignatj/ros2_ws/install/examples_rclpy_minimal_publisher/lib/examples_rclpy_minimal_publisher
[7.369s] writing list of installed files to '/home/ignatj/ros2_ws/build/examples_rclpy_minimal_publisher/install.log'
[7.941s] Invoked command in '/home/ignatj/ros2_ws/src/examples/rclpy/topics/minimal_publisher' returned '0': PYTHONPATH=/home/ignatj/ros2_ws/build/examples_rclpy_minimal_publisher/prefix_override:/home/ignatj/ros2_ws/install/examples_rclpy_minimal_publisher/lib/python3.10/site-packages:${PYTHONPATH} /usr/bin/python3 setup.py egg_info --egg-base ../../../../../build/examples_rclpy_minimal_publisher build --build-base /home/ignatj/ros2_ws/build/examples_rclpy_minimal_publisher/build install --record /home/ignatj/ros2_ws/build/examples_rclpy_minimal_publisher/install.log --single-version-externally-managed
