[1.070s] Invoking command in '/home/ignatj/ros2_ws/build/examples_rclcpp_minimal_publisher': CMAKE_PREFIX_PATH=${CMAKE_PREFIX_PATH}:/home/ignatj/ros2_ws/install/my_robot_controller:/home/ignatj/ros2_ws/install/launch_testing_examples:/home/ignatj/ros2_ws/install/examples_rclpy_pointcloud_publisher:/home/ignatj/ros2_ws/install/examples_rclpy_minimal_subscriber:/home/ignatj/ros2_ws/install/examples_rclpy_minimal_service:/home/ignatj/ros2_ws/install/examples_rclpy_minimal_publisher:/home/ignatj/ros2_ws/install/examples_rclpy_minimal_client:/home/ignatj/ros2_ws/install/examples_rclpy_minimal_action_server:/home/ignatj/ros2_ws/install/examples_rclpy_minimal_action_client:/home/ignatj/ros2_ws/install/examples_rclpy_guard_conditions:/home/ignatj/ros2_ws/install/examples_rclpy_executors:/opt/ros/humble /usr/bin/cmake --build /home/ignatj/ros2_ws/build/examples_rclcpp_minimal_publisher -- -j6 -l6
[1.385s] [ 25%] Built target publisher_wait_for_all_acked
[1.388s] [ 33%] Built target publisher_member_function_with_unique_network_flow_endpoints
[1.396s] [ 58%] Built target publisher_member_function
[1.397s] [ 66%] Built target publisher_member_function_with_type_adapter
[1.413s] [ 83%] Built target publisher_not_composable
[1.422s] [100%] Built target publisher_lambda
[1.654s] Invoked command in '/home/ignatj/ros2_ws/build/examples_rclcpp_minimal_publisher' returned '0': CMAKE_PREFIX_PATH=${CMAKE_PREFIX_PATH}:/home/ignatj/ros2_ws/install/my_robot_controller:/home/ignatj/ros2_ws/install/launch_testing_examples:/home/ignatj/ros2_ws/install/examples_rclpy_pointcloud_publisher:/home/ignatj/ros2_ws/install/examples_rclpy_minimal_subscriber:/home/ignatj/ros2_ws/install/examples_rclpy_minimal_service:/home/ignatj/ros2_ws/install/examples_rclpy_minimal_publisher:/home/ignatj/ros2_ws/install/examples_rclpy_minimal_client:/home/ignatj/ros2_ws/install/examples_rclpy_minimal_action_server:/home/ignatj/ros2_ws/install/examples_rclpy_minimal_action_client:/home/ignatj/ros2_ws/install/examples_rclpy_guard_conditions:/home/ignatj/ros2_ws/install/examples_rclpy_executors:/opt/ros/humble /usr/bin/cmake --build /home/ignatj/ros2_ws/build/examples_rclcpp_minimal_publisher -- -j6 -l6
[2.148s] Invoking command in '/home/ignatj/ros2_ws/build/examples_rclcpp_minimal_publisher': CMAKE_PREFIX_PATH=${CMAKE_PREFIX_PATH}:/home/ignatj/ros2_ws/install/my_robot_controller:/home/ignatj/ros2_ws/install/launch_testing_examples:/home/ignatj/ros2_ws/install/examples_rclpy_pointcloud_publisher:/home/ignatj/ros2_ws/install/examples_rclpy_minimal_subscriber:/home/ignatj/ros2_ws/install/examples_rclpy_minimal_service:/home/ignatj/ros2_ws/install/examples_rclpy_minimal_publisher:/home/ignatj/ros2_ws/install/examples_rclpy_minimal_client:/home/ignatj/ros2_ws/install/examples_rclpy_minimal_action_server:/home/ignatj/ros2_ws/install/examples_rclpy_minimal_action_client:/home/ignatj/ros2_ws/install/examples_rclpy_guard_conditions:/home/ignatj/ros2_ws/install/examples_rclpy_executors:/opt/ros/humble /usr/bin/cmake --install /home/ignatj/ros2_ws/build/examples_rclcpp_minimal_publisher
[2.363s] -- Install configuration: ""
[2.364s] -- Execute custom install script
[2.364s] -- Up-to-date symlink: /home/ignatj/ros2_ws/install/examples_rclcpp_minimal_publisher/lib/examples_rclcpp_minimal_publisher/publisher_lambda
[2.364s] -- Up-to-date symlink: /home/ignatj/ros2_ws/install/examples_rclcpp_minimal_publisher/lib/examples_rclcpp_minimal_publisher/publisher_member_function
[2.366s] -- Up-to-date symlink: /home/ignatj/ros2_ws/install/examples_rclcpp_minimal_publisher/lib/examples_rclcpp_minimal_publisher/publisher_member_function_with_type_adapter
[2.366s] -- Up-to-date symlink: /home/ignatj/ros2_ws/install/examples_rclcpp_minimal_publisher/lib/examples_rclcpp_minimal_publisher/publisher_member_function_with_unique_network_flow_endpoints
[2.366s] -- Up-to-date symlink: /home/ignatj/ros2_ws/install/examples_rclcpp_minimal_publisher/lib/examples_rclcpp_minimal_publisher/publisher_wait_for_all_acked
[2.367s] -- Up-to-date symlink: /home/ignatj/ros2_ws/install/examples_rclcpp_minimal_publisher/lib/examples_rclcpp_minimal_publisher/publisher_not_composable
[2.368s] -- Up-to-date symlink: /home/ignatj/ros2_ws/install/examples_rclcpp_minimal_publisher/share/ament_index/resource_index/package_run_dependencies/examples_rclcpp_minimal_publisher
[2.369s] -- Up-to-date symlink: /home/ignatj/ros2_ws/install/examples_rclcpp_minimal_publisher/share/ament_index/resource_index/parent_prefix_path/examples_rclcpp_minimal_publisher
[2.369s] -- Up-to-date symlink: /home/ignatj/ros2_ws/install/examples_rclcpp_minimal_publisher/share/examples_rclcpp_minimal_publisher/environment/ament_prefix_path.sh
[2.371s] -- Up-to-date symlink: /home/ignatj/ros2_ws/install/examples_rclcpp_minimal_publisher/share/examples_rclcpp_minimal_publisher/environment/ament_prefix_path.dsv
[2.371s] -- Up-to-date symlink: /home/ignatj/ros2_ws/install/examples_rclcpp_minimal_publisher/share/examples_rclcpp_minimal_publisher/environment/path.sh
[2.372s] -- Up-to-date symlink: /home/ignatj/ros2_ws/install/examples_rclcpp_minimal_publisher/share/examples_rclcpp_minimal_publisher/environment/path.dsv
[2.372s] -- Up-to-date symlink: /home/ignatj/ros2_ws/install/examples_rclcpp_minimal_publisher/share/examples_rclcpp_minimal_publisher/local_setup.bash
[2.372s] -- Up-to-date symlink: /home/ignatj/ros2_ws/install/examples_rclcpp_minimal_publisher/share/examples_rclcpp_minimal_publisher/local_setup.sh
[2.373s] -- Up-to-date symlink: /home/ignatj/ros2_ws/install/examples_rclcpp_minimal_publisher/share/examples_rclcpp_minimal_publisher/local_setup.zsh
[2.373s] -- Up-to-date symlink: /home/ignatj/ros2_ws/install/examples_rclcpp_minimal_publisher/share/examples_rclcpp_minimal_publisher/local_setup.dsv
[2.374s] -- Symlinking: /home/ignatj/ros2_ws/install/examples_rclcpp_minimal_publisher/share/examples_rclcpp_minimal_publisher/package.dsv
[2.374s] -- Up-to-date symlink: /home/ignatj/ros2_ws/install/examples_rclcpp_minimal_publisher/share/ament_index/resource_index/packages/examples_rclcpp_minimal_publisher
[2.375s] -- Up-to-date symlink: /home/ignatj/ros2_ws/install/examples_rclcpp_minimal_publisher/share/examples_rclcpp_minimal_publisher/cmake/examples_rclcpp_minimal_publisherConfig.cmake
[2.376s] -- Up-to-date symlink: /home/ignatj/ros2_ws/install/examples_rclcpp_minimal_publisher/share/examples_rclcpp_minimal_publisher/cmake/examples_rclcpp_minimal_publisherConfig-version.cmake
[2.376s] -- Up-to-date symlink: /home/ignatj/ros2_ws/install/examples_rclcpp_minimal_publisher/share/examples_rclcpp_minimal_publisher/package.xml
[3.435s] Invoked command in '/home/ignatj/ros2_ws/build/examples_rclcpp_minimal_publisher' returned '0': CMAKE_PREFIX_PATH=${CMAKE_PREFIX_PATH}:/home/ignatj/ros2_ws/install/my_robot_controller:/home/ignatj/ros2_ws/install/launch_testing_examples:/home/ignatj/ros2_ws/install/examples_rclpy_pointcloud_publisher:/home/ignatj/ros2_ws/install/examples_rclpy_minimal_subscriber:/home/ignatj/ros2_ws/install/examples_rclpy_minimal_service:/home/ignatj/ros2_ws/install/examples_rclpy_minimal_publisher:/home/ignatj/ros2_ws/install/examples_rclpy_minimal_client:/home/ignatj/ros2_ws/install/examples_rclpy_minimal_action_server:/home/ignatj/ros2_ws/install/examples_rclpy_minimal_action_client:/home/ignatj/ros2_ws/install/examples_rclpy_guard_conditions:/home/ignatj/ros2_ws/install/examples_rclpy_executors:/opt/ros/humble /usr/bin/cmake --install /home/ignatj/ros2_ws/build/examples_rclcpp_minimal_publisher
