[0.225s] Invoking command in '/home/ignatj/ros2_ws/build/turtlebot3_simulations': AMENT_PREFIX_PATH=/home/ignatj/ros2_ws/install/turtlebot3_gazebo:/home/ignatj/ros2_ws/install/turtlebot3_fake_node:${AMENT_PREFIX_PATH} CMAKE_PREFIX_PATH=/home/ignatj/ros2_ws/install/turtlebot3_gazebo:/home/ignatj/ros2_ws/install/turtlebot3_fake_node:/opt/ros/humble /usr/bin/cmake --build /home/ignatj/ros2_ws/build/turtlebot3_simulations -- -j6 -l6
[0.621s] Invoked command in '/home/ignatj/ros2_ws/build/turtlebot3_simulations' returned '0': AMENT_PREFIX_PATH=/home/ignatj/ros2_ws/install/turtlebot3_gazebo:/home/ignatj/ros2_ws/install/turtlebot3_fake_node:${AMENT_PREFIX_PATH} CMAKE_PREFIX_PATH=/home/ignatj/ros2_ws/install/turtlebot3_gazebo:/home/ignatj/ros2_ws/install/turtlebot3_fake_node:/opt/ros/humble /usr/bin/cmake --build /home/ignatj/ros2_ws/build/turtlebot3_simulations -- -j6 -l6
[1.127s] Invoking command in '/home/ignatj/ros2_ws/build/turtlebot3_simulations': AMENT_PREFIX_PATH=/home/ignatj/ros2_ws/install/turtlebot3_gazebo:/home/ignatj/ros2_ws/install/turtlebot3_fake_node:${AMENT_PREFIX_PATH} CMAKE_PREFIX_PATH=/home/ignatj/ros2_ws/install/turtlebot3_gazebo:/home/ignatj/ros2_ws/install/turtlebot3_fake_node:/opt/ros/humble /usr/bin/cmake --install /home/ignatj/ros2_ws/build/turtlebot3_simulations
[1.205s] -- Install configuration: ""
[1.207s] -- Execute custom install script
[1.210s] -- Up-to-date symlink: /home/ignatj/ros2_ws/install/turtlebot3_simulations/share/ament_index/resource_index/package_run_dependencies/turtlebot3_simulations
[1.210s] -- Up-to-date symlink: /home/ignatj/ros2_ws/install/turtlebot3_simulations/share/ament_index/resource_index/parent_prefix_path/turtlebot3_simulations
[1.214s] -- Up-to-date symlink: /home/ignatj/ros2_ws/install/turtlebot3_simulations/share/turtlebot3_simulations/environment/ament_prefix_path.sh
[1.214s] -- Up-to-date symlink: /home/ignatj/ros2_ws/install/turtlebot3_simulations/share/turtlebot3_simulations/environment/ament_prefix_path.dsv
[1.214s] -- Up-to-date symlink: /home/ignatj/ros2_ws/install/turtlebot3_simulations/share/turtlebot3_simulations/environment/path.sh
[1.215s] -- Up-to-date symlink: /home/ignatj/ros2_ws/install/turtlebot3_simulations/share/turtlebot3_simulations/environment/path.dsv
[1.215s] -- Up-to-date symlink: /home/ignatj/ros2_ws/install/turtlebot3_simulations/share/turtlebot3_simulations/local_setup.bash
[1.217s] -- Up-to-date symlink: /home/ignatj/ros2_ws/install/turtlebot3_simulations/share/turtlebot3_simulations/local_setup.sh
[1.218s] -- Up-to-date symlink: /home/ignatj/ros2_ws/install/turtlebot3_simulations/share/turtlebot3_simulations/local_setup.zsh
[1.221s] -- Up-to-date symlink: /home/ignatj/ros2_ws/install/turtlebot3_simulations/share/turtlebot3_simulations/local_setup.dsv
[1.221s] -- Symlinking: /home/ignatj/ros2_ws/install/turtlebot3_simulations/share/turtlebot3_simulations/package.dsv
[1.266s] -- Up-to-date symlink: /home/ignatj/ros2_ws/install/turtlebot3_simulations/share/ament_index/resource_index/packages/turtlebot3_simulations
[1.267s] -- Up-to-date symlink: /home/ignatj/ros2_ws/install/turtlebot3_simulations/share/turtlebot3_simulations/cmake/turtlebot3_simulationsConfig.cmake
[1.267s] -- Up-to-date symlink: /home/ignatj/ros2_ws/install/turtlebot3_simulations/share/turtlebot3_simulations/cmake/turtlebot3_simulationsConfig-version.cmake
[1.273s] -- Up-to-date symlink: /home/ignatj/ros2_ws/install/turtlebot3_simulations/share/turtlebot3_simulations/package.xml
[1.466s] Invoked command in '/home/ignatj/ros2_ws/build/turtlebot3_simulations' returned '0': AMENT_PREFIX_PATH=/home/ignatj/ros2_ws/install/turtlebot3_gazebo:/home/ignatj/ros2_ws/install/turtlebot3_fake_node:${AMENT_PREFIX_PATH} CMAKE_PREFIX_PATH=/home/ignatj/ros2_ws/install/turtlebot3_gazebo:/home/ignatj/ros2_ws/install/turtlebot3_fake_node:/opt/ros/humble /usr/bin/cmake --install /home/ignatj/ros2_ws/build/turtlebot3_simulations
