[4.152s] Invoking command in '/home/ignatj/ros2_ws/build/examples_rclpy_pointcloud_publisher': PYTHONPATH=/home/ignatj/ros2_ws/build/examples_rclpy_pointcloud_publisher/prefix_override:/home/ignatj/ros2_ws/install/examples_rclpy_pointcloud_publisher/lib/python3.10/site-packages:${PYTHONPATH} /usr/bin/python3 setup.py develop --editable --build-directory /home/ignatj/ros2_ws/build/examples_rclpy_pointcloud_publisher/build --no-deps install_data
[4.817s] running develop
[4.819s] /usr/lib/python3/dist-packages/setuptools/command/easy_install.py:158: EasyInstallDeprecationWarning: easy_install command is deprecated. Use build and pip and other standards-based tools.
[4.820s]   warnings.warn(
[4.825s] /usr/lib/python3/dist-packages/setuptools/command/install.py:34: SetuptoolsDeprecationWarning: setup.py install is deprecated. Use build and pip and other standards-based tools.
[4.825s]   warnings.warn(
[5.333s] running egg_info
[5.334s] writing examples_rclpy_pointcloud_publisher.egg-info/PKG-INFO
[5.335s] writing dependency_links to examples_rclpy_pointcloud_publisher.egg-info/dependency_links.txt
[5.336s] writing entry points to examples_rclpy_pointcloud_publisher.egg-info/entry_points.txt
[5.337s] writing requirements to examples_rclpy_pointcloud_publisher.egg-info/requires.txt
[5.337s] writing top-level names to examples_rclpy_pointcloud_publisher.egg-info/top_level.txt
[5.343s] reading manifest file 'examples_rclpy_pointcloud_publisher.egg-info/SOURCES.txt'
[5.346s] writing manifest file 'examples_rclpy_pointcloud_publisher.egg-info/SOURCES.txt'
[5.350s] running build_ext
[5.351s] Creating /home/ignatj/ros2_ws/install/examples_rclpy_pointcloud_publisher/lib/python3.10/site-packages/examples-rclpy-pointcloud-publisher.egg-link (link to .)
[5.353s] Installing pointcloud_publisher script to /home/ignatj/ros2_ws/install/examples_rclpy_pointcloud_publisher/lib/examples_rclpy_pointcloud_publisher
[5.355s] 
[5.355s] Installed /home/ignatj/ros2_ws/build/examples_rclpy_pointcloud_publisher
[5.356s] running install_data
[5.476s] Invoked command in '/home/ignatj/ros2_ws/build/examples_rclpy_pointcloud_publisher' returned '0': PYTHONPATH=/home/ignatj/ros2_ws/build/examples_rclpy_pointcloud_publisher/prefix_override:/home/ignatj/ros2_ws/install/examples_rclpy_pointcloud_publisher/lib/python3.10/site-packages:${PYTHONPATH} /usr/bin/python3 setup.py develop --editable --build-directory /home/ignatj/ros2_ws/build/examples_rclpy_pointcloud_publisher/build --no-deps install_data
