[3.155s] Invoking command in '/home/ignatj/ros2_ws/src/my_robot_controller': PYTHONPATH=/home/ignatj/ros2_ws/build/my_robot_controller/prefix_override:/home/ignatj/ros2_ws/install/my_robot_controller/lib/python3.10/site-packages:${PYTHONPATH} /usr/bin/python3 setup.py egg_info --egg-base ../../build/my_robot_controller build --build-base /home/ignatj/ros2_ws/build/my_robot_controller/build install --record /home/ignatj/ros2_ws/build/my_robot_controller/install.log --single-version-externally-managed
[4.658s] running egg_info
[4.659s] creating ../../build/my_robot_controller/my_robot_controller.egg-info
[4.663s] writing ../../build/my_robot_controller/my_robot_controller.egg-info/PKG-INFO
[4.664s] writing dependency_links to ../../build/my_robot_controller/my_robot_controller.egg-info/dependency_links.txt
[4.666s] writing entry points to ../../build/my_robot_controller/my_robot_controller.egg-info/entry_points.txt
[4.666s] writing requirements to ../../build/my_robot_controller/my_robot_controller.egg-info/requires.txt
[4.666s] writing top-level names to ../../build/my_robot_controller/my_robot_controller.egg-info/top_level.txt
[4.666s] writing manifest file '../../build/my_robot_controller/my_robot_controller.egg-info/SOURCES.txt'
[4.670s] reading manifest file '../../build/my_robot_controller/my_robot_controller.egg-info/SOURCES.txt'
[4.673s] writing manifest file '../../build/my_robot_controller/my_robot_controller.egg-info/SOURCES.txt'
[4.674s] running build
[4.675s] running build_py
[4.675s] creating /home/ignatj/ros2_ws/build/my_robot_controller/build
[4.676s] creating /home/ignatj/ros2_ws/build/my_robot_controller/build/lib
[4.676s] creating /home/ignatj/ros2_ws/build/my_robot_controller/build/lib/my_robot_controller
[4.676s] copying my_robot_controller/my_first_node.py -> /home/ignatj/ros2_ws/build/my_robot_controller/build/lib/my_robot_controller
[4.676s] copying my_robot_controller/__init__.py -> /home/ignatj/ros2_ws/build/my_robot_controller/build/lib/my_robot_controller
[4.676s] running install
[4.677s] /usr/lib/python3/dist-packages/setuptools/command/install.py:34: SetuptoolsDeprecationWarning: setup.py install is deprecated. Use build and pip and other standards-based tools.
[4.677s]   warnings.warn(
[4.679s] running install_lib
[4.681s] creating /home/ignatj/ros2_ws/install/my_robot_controller/lib/python3.10/site-packages/my_robot_controller
[4.682s] copying /home/ignatj/ros2_ws/build/my_robot_controller/build/lib/my_robot_controller/my_first_node.py -> /home/ignatj/ros2_ws/install/my_robot_controller/lib/python3.10/site-packages/my_robot_controller
[4.682s] copying /home/ignatj/ros2_ws/build/my_robot_controller/build/lib/my_robot_controller/__init__.py -> /home/ignatj/ros2_ws/install/my_robot_controller/lib/python3.10/site-packages/my_robot_controller
[4.684s] byte-compiling /home/ignatj/ros2_ws/install/my_robot_controller/lib/python3.10/site-packages/my_robot_controller/my_first_node.py to my_first_node.cpython-310.pyc
[4.685s] byte-compiling /home/ignatj/ros2_ws/install/my_robot_controller/lib/python3.10/site-packages/my_robot_controller/__init__.py to __init__.cpython-310.pyc
[4.686s] running install_data
[4.688s] creating /home/ignatj/ros2_ws/install/my_robot_controller/share/ament_index
[4.691s] creating /home/ignatj/ros2_ws/install/my_robot_controller/share/ament_index/resource_index
[4.691s] creating /home/ignatj/ros2_ws/install/my_robot_controller/share/ament_index/resource_index/packages
[4.691s] copying resource/my_robot_controller -> /home/ignatj/ros2_ws/install/my_robot_controller/share/ament_index/resource_index/packages
[4.691s] copying package.xml -> /home/ignatj/ros2_ws/install/my_robot_controller/share/my_robot_controller
[4.691s] running install_egg_info
[4.704s] Copying ../../build/my_robot_controller/my_robot_controller.egg-info to /home/ignatj/ros2_ws/install/my_robot_controller/lib/python3.10/site-packages/my_robot_controller-0.0.0-py3.10.egg-info
[4.709s] running install_scripts
[4.994s] writing list of installed files to '/home/ignatj/ros2_ws/build/my_robot_controller/install.log'
[5.086s] Invoked command in '/home/ignatj/ros2_ws/src/my_robot_controller' returned '0': PYTHONPATH=/home/ignatj/ros2_ws/build/my_robot_controller/prefix_override:/home/ignatj/ros2_ws/install/my_robot_controller/lib/python3.10/site-packages:${PYTHONPATH} /usr/bin/python3 setup.py egg_info --egg-base ../../build/my_robot_controller build --build-base /home/ignatj/ros2_ws/build/my_robot_controller/build install --record /home/ignatj/ros2_ws/build/my_robot_controller/install.log --single-version-externally-managed
