[0.517s] Invoking command in '/home/ignatj/ros2_ws/build/examples_rclcpp_minimal_service': CMAKE_PREFIX_PATH=/opt/ros/humble /usr/bin/cmake /home/ignatj/ros2_ws/src/examples/rclcpp/services/minimal_service -DCMAKE_INSTALL_PREFIX=/home/ignatj/ros2_ws/install/examples_rclcpp_minimal_service
[0.598s] -- Found ament_cmake: 1.3.7 (/opt/ros/humble/share/ament_cmake/cmake)
[1.110s] -- Override CMake install command with custom implementation using symlinks instead of copying resources
[1.147s] -- Found example_interfaces: 0.9.3 (/opt/ros/humble/share/example_interfaces/cmake)
[1.243s] -- Found rosidl_generator_c: 3.1.5 (/opt/ros/humble/share/rosidl_generator_c/cmake)
[1.244s] -- Found rosidl_adapter: 3.1.5 (/opt/ros/humble/share/rosidl_adapter/cmake)
[1.264s] -- Found rosidl_generator_cpp: 3.1.5 (/opt/ros/humble/share/rosidl_generator_cpp/cmake)
[1.341s] -- Using all available rosidl_typesupport_c: rosidl_typesupport_fastrtps_c;rosidl_typesupport_introspection_c
[1.405s] -- Using all available rosidl_typesupport_cpp: rosidl_typesupport_fastrtps_cpp;rosidl_typesupport_introspection_cpp
[1.932s] -- Found rclcpp: 16.0.8 (/opt/ros/humble/share/rclcpp/cmake)
[2.064s] -- Found rmw_implementation_cmake: 6.1.1 (/opt/ros/humble/share/rmw_implementation_cmake/cmake)
[2.068s] -- Found rmw_fastrtps_cpp: 6.2.6 (/opt/ros/humble/share/rmw_fastrtps_cpp/cmake)
[2.445s] -- Using RMW implementation 'rmw_fastrtps_cpp' as default
[3.126s] -- Found ament_lint_auto: 0.12.10 (/opt/ros/humble/share/ament_lint_auto/cmake)
[3.426s] -- Added test 'copyright' to check source files copyright and LICENSE
[3.431s] -- Added test 'cppcheck' to perform static code analysis on C / C++ code
[3.432s] -- Configured cppcheck include dirs: 
[3.433s] -- Configured cppcheck exclude dirs and/or files: 
[3.436s] -- Added test 'cpplint' to check C / C++ code against the Google style
[3.437s] -- Configured cpplint exclude dirs and/or files: 
[3.439s] -- Added test 'lint_cmake' to check CMake code style
[3.445s] -- Added test 'uncrustify' to check C / C++ code style
[3.447s] -- Configured uncrustify additional arguments: 
[3.462s] -- Added test 'xmllint' to check XML markup files
[3.471s] -- Configuring done
[3.573s] -- Generating done
[3.573s] -- Build files have been written to: /home/ignatj/ros2_ws/build/examples_rclcpp_minimal_service
[4.236s] Invoked command in '/home/ignatj/ros2_ws/build/examples_rclcpp_minimal_service' returned '0': CMAKE_PREFIX_PATH=/opt/ros/humble /usr/bin/cmake /home/ignatj/ros2_ws/src/examples/rclcpp/services/minimal_service -DCMAKE_INSTALL_PREFIX=/home/ignatj/ros2_ws/install/examples_rclcpp_minimal_service
[4.253s] Invoking command in '/home/ignatj/ros2_ws/build/examples_rclcpp_minimal_service': CMAKE_PREFIX_PATH=/opt/ros/humble /usr/bin/cmake --build /home/ignatj/ros2_ws/build/examples_rclcpp_minimal_service -- -j6 -l6
[4.401s] [35m[1mConsolidate compiler generated dependencies of target service_main[0m
[4.460s] [100%] Built target service_main
[4.885s] Invoked command in '/home/ignatj/ros2_ws/build/examples_rclcpp_minimal_service' returned '0': CMAKE_PREFIX_PATH=/opt/ros/humble /usr/bin/cmake --build /home/ignatj/ros2_ws/build/examples_rclcpp_minimal_service -- -j6 -l6
[5.118s] Invoking command in '/home/ignatj/ros2_ws/build/examples_rclcpp_minimal_service': CMAKE_PREFIX_PATH=/opt/ros/humble /usr/bin/cmake --install /home/ignatj/ros2_ws/build/examples_rclcpp_minimal_service
[5.168s] -- Install configuration: ""
[5.176s] -- Execute custom install script
[5.179s] -- Up-to-date symlink: /home/ignatj/ros2_ws/install/examples_rclcpp_minimal_service/lib/examples_rclcpp_minimal_service/service_main
[5.179s] -- Up-to-date symlink: /home/ignatj/ros2_ws/install/examples_rclcpp_minimal_service/share/ament_index/resource_index/package_run_dependencies/examples_rclcpp_minimal_service
[5.192s] -- Up-to-date symlink: /home/ignatj/ros2_ws/install/examples_rclcpp_minimal_service/share/ament_index/resource_index/parent_prefix_path/examples_rclcpp_minimal_service
[5.194s] -- Up-to-date symlink: /home/ignatj/ros2_ws/install/examples_rclcpp_minimal_service/share/examples_rclcpp_minimal_service/environment/ament_prefix_path.sh
[5.195s] -- Up-to-date symlink: /home/ignatj/ros2_ws/install/examples_rclcpp_minimal_service/share/examples_rclcpp_minimal_service/environment/ament_prefix_path.dsv
[5.197s] -- Up-to-date symlink: /home/ignatj/ros2_ws/install/examples_rclcpp_minimal_service/share/examples_rclcpp_minimal_service/environment/path.sh
[5.198s] -- Up-to-date symlink: /home/ignatj/ros2_ws/install/examples_rclcpp_minimal_service/share/examples_rclcpp_minimal_service/environment/path.dsv
[5.200s] -- Up-to-date symlink: /home/ignatj/ros2_ws/install/examples_rclcpp_minimal_service/share/examples_rclcpp_minimal_service/local_setup.bash
[5.201s] -- Up-to-date symlink: /home/ignatj/ros2_ws/install/examples_rclcpp_minimal_service/share/examples_rclcpp_minimal_service/local_setup.sh
[5.202s] -- Up-to-date symlink: /home/ignatj/ros2_ws/install/examples_rclcpp_minimal_service/share/examples_rclcpp_minimal_service/local_setup.zsh
[5.206s] -- Up-to-date symlink: /home/ignatj/ros2_ws/install/examples_rclcpp_minimal_service/share/examples_rclcpp_minimal_service/local_setup.dsv
[5.206s] -- Symlinking: /home/ignatj/ros2_ws/install/examples_rclcpp_minimal_service/share/examples_rclcpp_minimal_service/package.dsv
[5.302s] -- Up-to-date symlink: /home/ignatj/ros2_ws/install/examples_rclcpp_minimal_service/share/ament_index/resource_index/packages/examples_rclcpp_minimal_service
[5.306s] -- Up-to-date symlink: /home/ignatj/ros2_ws/install/examples_rclcpp_minimal_service/share/examples_rclcpp_minimal_service/cmake/examples_rclcpp_minimal_serviceConfig.cmake
[5.307s] -- Up-to-date symlink: /home/ignatj/ros2_ws/install/examples_rclcpp_minimal_service/share/examples_rclcpp_minimal_service/cmake/examples_rclcpp_minimal_serviceConfig-version.cmake
[5.308s] -- Up-to-date symlink: /home/ignatj/ros2_ws/install/examples_rclcpp_minimal_service/share/examples_rclcpp_minimal_service/package.xml
[5.831s] Invoked command in '/home/ignatj/ros2_ws/build/examples_rclcpp_minimal_service' returned '0': CMAKE_PREFIX_PATH=/opt/ros/humble /usr/bin/cmake --install /home/ignatj/ros2_ws/build/examples_rclcpp_minimal_service
