[5.364s] Invoking command in '/home/ignatj/ros2_ws/src/examples/rclpy/executors': PYTHONPATH=/home/ignatj/ros2_ws/build/examples_rclpy_executors/prefix_override:/home/ignatj/ros2_ws/install/examples_rclpy_executors/lib/python3.10/site-packages:${PYTHONPATH} /usr/bin/python3 setup.py egg_info --egg-base ../../../../build/examples_rclpy_executors build --build-base /home/ignatj/ros2_ws/build/examples_rclpy_executors/build install --record /home/ignatj/ros2_ws/build/examples_rclpy_executors/install.log --single-version-externally-managed
[5.958s] running egg_info
[5.960s] writing ../../../../build/examples_rclpy_executors/examples_rclpy_executors.egg-info/PKG-INFO
[5.961s] writing dependency_links to ../../../../build/examples_rclpy_executors/examples_rclpy_executors.egg-info/dependency_links.txt
[5.962s] writing entry points to ../../../../build/examples_rclpy_executors/examples_rclpy_executors.egg-info/entry_points.txt
[5.965s] writing requirements to ../../../../build/examples_rclpy_executors/examples_rclpy_executors.egg-info/requires.txt
[5.966s] writing top-level names to ../../../../build/examples_rclpy_executors/examples_rclpy_executors.egg-info/top_level.txt
[5.974s] reading manifest file '../../../../build/examples_rclpy_executors/examples_rclpy_executors.egg-info/SOURCES.txt'
[5.980s] writing manifest file '../../../../build/examples_rclpy_executors/examples_rclpy_executors.egg-info/SOURCES.txt'
[5.981s] running build
[5.981s] running build_py
[5.987s] running install
[5.988s] /usr/lib/python3/dist-packages/setuptools/command/install.py:34: SetuptoolsDeprecationWarning: setup.py install is deprecated. Use build and pip and other standards-based tools.
[5.988s]   warnings.warn(
[5.992s] running install_lib
[6.004s] running install_data
[6.004s] running install_egg_info
[6.008s] removing '/home/ignatj/ros2_ws/install/examples_rclpy_executors/lib/python3.10/site-packages/examples_rclpy_executors-0.15.1-py3.10.egg-info' (and everything under it)
[6.009s] Copying ../../../../build/examples_rclpy_executors/examples_rclpy_executors.egg-info to /home/ignatj/ros2_ws/install/examples_rclpy_executors/lib/python3.10/site-packages/examples_rclpy_executors-0.15.1-py3.10.egg-info
[6.014s] running install_scripts
[6.078s] Installing callback_group script to /home/ignatj/ros2_ws/install/examples_rclpy_executors/lib/examples_rclpy_executors
[6.080s] Installing composed script to /home/ignatj/ros2_ws/install/examples_rclpy_executors/lib/examples_rclpy_executors
[6.081s] Installing custom_callback_group script to /home/ignatj/ros2_ws/install/examples_rclpy_executors/lib/examples_rclpy_executors
[6.082s] Installing custom_executor script to /home/ignatj/ros2_ws/install/examples_rclpy_executors/lib/examples_rclpy_executors
[6.084s] Installing listener script to /home/ignatj/ros2_ws/install/examples_rclpy_executors/lib/examples_rclpy_executors
[6.088s] Installing talker script to /home/ignatj/ros2_ws/install/examples_rclpy_executors/lib/examples_rclpy_executors
[6.088s] writing list of installed files to '/home/ignatj/ros2_ws/build/examples_rclpy_executors/install.log'
[6.491s] Invoked command in '/home/ignatj/ros2_ws/src/examples/rclpy/executors' returned '0': PYTHONPATH=/home/ignatj/ros2_ws/build/examples_rclpy_executors/prefix_override:/home/ignatj/ros2_ws/install/examples_rclpy_executors/lib/python3.10/site-packages:${PYTHONPATH} /usr/bin/python3 setup.py egg_info --egg-base ../../../../build/examples_rclpy_executors build --build-base /home/ignatj/ros2_ws/build/examples_rclpy_executors/build install --record /home/ignatj/ros2_ws/build/examples_rclpy_executors/install.log --single-version-externally-managed
