[0.282s] Invoking command in '/home/ignatj/ros2_ws/build/examples_rclcpp_minimal_action_server': CMAKE_PREFIX_PATH=/opt/ros/humble /usr/bin/cmake /home/ignatj/ros2_ws/src/examples/rclcpp/actions/minimal_action_server -DCMAKE_INSTALL_PREFIX=/home/ignatj/ros2_ws/install/examples_rclcpp_minimal_action_server
[4.149s] -- Found ament_cmake: 1.3.7 (/opt/ros/humble/share/ament_cmake/cmake)
[4.150s] -- Override CMake install command with custom implementation using symlinks instead of copying resources
[4.150s] -- Found example_interfaces: 0.9.3 (/opt/ros/humble/share/example_interfaces/cmake)
[4.150s] -- Found rosidl_generator_c: 3.1.5 (/opt/ros/humble/share/rosidl_generator_c/cmake)
[4.151s] -- Found rosidl_adapter: 3.1.5 (/opt/ros/humble/share/rosidl_adapter/cmake)
[4.152s] -- Found rosidl_generator_cpp: 3.1.5 (/opt/ros/humble/share/rosidl_generator_cpp/cmake)
[4.152s] -- Using all available rosidl_typesupport_c: rosidl_typesupport_fastrtps_c;rosidl_typesupport_introspection_c
[4.152s] -- Using all available rosidl_typesupport_cpp: rosidl_typesupport_fastrtps_cpp;rosidl_typesupport_introspection_cpp
[4.153s] -- Found rclcpp: 16.0.8 (/opt/ros/humble/share/rclcpp/cmake)
[4.153s] -- Found rmw_implementation_cmake: 6.1.1 (/opt/ros/humble/share/rmw_implementation_cmake/cmake)
[4.153s] -- Found rmw_fastrtps_cpp: 6.2.6 (/opt/ros/humble/share/rmw_fastrtps_cpp/cmake)
[4.154s] -- Using RMW implementation 'rmw_fastrtps_cpp' as default
[4.154s] -- Found rclcpp_action: 16.0.8 (/opt/ros/humble/share/rclcpp_action/cmake)
[4.154s] -- Found ament_lint_auto: 0.12.10 (/opt/ros/humble/share/ament_lint_auto/cmake)
[4.405s] -- Added test 'copyright' to check source files copyright and LICENSE
[4.412s] -- Added test 'cppcheck' to perform static code analysis on C / C++ code
[4.412s] -- Configured cppcheck include dirs: 
[4.413s] -- Configured cppcheck exclude dirs and/or files: 
[4.418s] -- Added test 'cpplint' to check C / C++ code against the Google style
[4.418s] -- Configured cpplint exclude dirs and/or files: 
[4.419s] -- Added test 'lint_cmake' to check CMake code style
[4.421s] -- Added test 'uncrustify' to check C / C++ code style
[4.421s] -- Configured uncrustify additional arguments: 
[4.423s] -- Added test 'xmllint' to check XML markup files
[4.441s] -- Configuring done
[4.605s] -- Generating done
[4.621s] -- Build files have been written to: /home/ignatj/ros2_ws/build/examples_rclcpp_minimal_action_server
[4.650s] Invoked command in '/home/ignatj/ros2_ws/build/examples_rclcpp_minimal_action_server' returned '0': CMAKE_PREFIX_PATH=/opt/ros/humble /usr/bin/cmake /home/ignatj/ros2_ws/src/examples/rclcpp/actions/minimal_action_server -DCMAKE_INSTALL_PREFIX=/home/ignatj/ros2_ws/install/examples_rclcpp_minimal_action_server
[4.651s] Invoking command in '/home/ignatj/ros2_ws/build/examples_rclcpp_minimal_action_server': CMAKE_PREFIX_PATH=/opt/ros/humble /usr/bin/cmake --build /home/ignatj/ros2_ws/build/examples_rclcpp_minimal_action_server -- -j6 -l6
[4.872s] [35m[1mConsolidate compiler generated dependencies of target action_server_member_functions[0m
[4.888s] [35m[1mConsolidate compiler generated dependencies of target action_server_not_composable[0m
[4.965s] [ 50%] Built target action_server_not_composable
[4.965s] [100%] Built target action_server_member_functions
[5.062s] Invoked command in '/home/ignatj/ros2_ws/build/examples_rclcpp_minimal_action_server' returned '0': CMAKE_PREFIX_PATH=/opt/ros/humble /usr/bin/cmake --build /home/ignatj/ros2_ws/build/examples_rclcpp_minimal_action_server -- -j6 -l6
[5.674s] Invoking command in '/home/ignatj/ros2_ws/build/examples_rclcpp_minimal_action_server': CMAKE_PREFIX_PATH=/opt/ros/humble /usr/bin/cmake --install /home/ignatj/ros2_ws/build/examples_rclcpp_minimal_action_server
[5.699s] -- Install configuration: ""
[5.702s] -- Execute custom install script
[5.704s] -- Up-to-date symlink: /home/ignatj/ros2_ws/install/examples_rclcpp_minimal_action_server/lib/examples_rclcpp_minimal_action_server/action_server_not_composable
[5.705s] -- Up-to-date symlink: /home/ignatj/ros2_ws/install/examples_rclcpp_minimal_action_server/lib/examples_rclcpp_minimal_action_server/action_server_member_functions
[5.710s] -- Up-to-date symlink: /home/ignatj/ros2_ws/install/examples_rclcpp_minimal_action_server/share/ament_index/resource_index/package_run_dependencies/examples_rclcpp_minimal_action_server
[5.711s] -- Up-to-date symlink: /home/ignatj/ros2_ws/install/examples_rclcpp_minimal_action_server/share/ament_index/resource_index/parent_prefix_path/examples_rclcpp_minimal_action_server
[5.713s] -- Up-to-date symlink: /home/ignatj/ros2_ws/install/examples_rclcpp_minimal_action_server/share/examples_rclcpp_minimal_action_server/environment/ament_prefix_path.sh
[5.716s] -- Up-to-date symlink: /home/ignatj/ros2_ws/install/examples_rclcpp_minimal_action_server/share/examples_rclcpp_minimal_action_server/environment/ament_prefix_path.dsv
[5.716s] -- Up-to-date symlink: /home/ignatj/ros2_ws/install/examples_rclcpp_minimal_action_server/share/examples_rclcpp_minimal_action_server/environment/path.sh
[5.718s] -- Up-to-date symlink: /home/ignatj/ros2_ws/install/examples_rclcpp_minimal_action_server/share/examples_rclcpp_minimal_action_server/environment/path.dsv
[5.718s] -- Up-to-date symlink: /home/ignatj/ros2_ws/install/examples_rclcpp_minimal_action_server/share/examples_rclcpp_minimal_action_server/local_setup.bash
[5.718s] -- Up-to-date symlink: /home/ignatj/ros2_ws/install/examples_rclcpp_minimal_action_server/share/examples_rclcpp_minimal_action_server/local_setup.sh
[5.719s] -- Up-to-date symlink: /home/ignatj/ros2_ws/install/examples_rclcpp_minimal_action_server/share/examples_rclcpp_minimal_action_server/local_setup.zsh
[5.720s] -- Up-to-date symlink: /home/ignatj/ros2_ws/install/examples_rclcpp_minimal_action_server/share/examples_rclcpp_minimal_action_server/local_setup.dsv
[5.720s] -- Symlinking: /home/ignatj/ros2_ws/install/examples_rclcpp_minimal_action_server/share/examples_rclcpp_minimal_action_server/package.dsv
[5.760s] -- Up-to-date symlink: /home/ignatj/ros2_ws/install/examples_rclcpp_minimal_action_server/share/ament_index/resource_index/packages/examples_rclcpp_minimal_action_server
[5.760s] -- Up-to-date symlink: /home/ignatj/ros2_ws/install/examples_rclcpp_minimal_action_server/share/examples_rclcpp_minimal_action_server/cmake/examples_rclcpp_minimal_action_serverConfig.cmake
[5.762s] -- Up-to-date symlink: /home/ignatj/ros2_ws/install/examples_rclcpp_minimal_action_server/share/examples_rclcpp_minimal_action_server/cmake/examples_rclcpp_minimal_action_serverConfig-version.cmake
[5.762s] -- Up-to-date symlink: /home/ignatj/ros2_ws/install/examples_rclcpp_minimal_action_server/share/examples_rclcpp_minimal_action_server/package.xml
[6.644s] Invoked command in '/home/ignatj/ros2_ws/build/examples_rclcpp_minimal_action_server' returned '0': CMAKE_PREFIX_PATH=/opt/ros/humble /usr/bin/cmake --install /home/ignatj/ros2_ws/build/examples_rclcpp_minimal_action_server
