[0.490s] Invoking command in '/home/ignatj/ros2_ws/build/turtlesim': CMAKE_PREFIX_PATH=${CMAKE_PREFIX_PATH}:/home/ignatj/ros2_ws/install/turtlebot3_teleop:/home/ignatj/ros2_ws/install/turtlebot3_example:/home/ignatj/ros2_ws/install/my_robot_controller:/opt/ros/humble /usr/bin/cmake --build /home/ignatj/ros2_ws/build/turtlesim -- -j6 -l6
[0.686s] [  1%] Built target turtlesim__cpp
[0.774s] [  1%] Built target ament_cmake_python_symlink_turtlesim
[0.816s] [ 11%] Built target turtlesim__rosidl_generator_c
[0.932s] [ 21%] Built target turtlesim__rosidl_typesupport_cpp
[0.932s] [ 41%] Built target turtlesim__rosidl_typesupport_fastrtps_cpp
[0.933s] [ 41%] Built target turtlesim__rosidl_typesupport_introspection_cpp
[1.057s] [ 51%] Built target turtlesim__rosidl_typesupport_fastrtps_c
[1.092s] [ 61%] Built target turtlesim__rosidl_typesupport_introspection_c
[1.115s] [ 71%] Built target turtlesim__rosidl_typesupport_c
[1.152s] [ 73%] Built target turtle_teleop_key
[1.198s] [ 75%] Built target draw_square
[1.220s] [ 81%] Built target turtlesim_node
[1.220s] [ 81%] Built target turtlesim
[1.270s] [ 83%] Built target mimic
[1.300s] [ 84%] Built target turtlesim__py
[1.402s] [ 93%] Built target turtlesim__rosidl_generator_py
[1.499s] [ 95%] Built target turtlesim__rosidl_typesupport_fastrtps_c__pyext
[1.512s] [ 97%] Built target turtlesim__rosidl_typesupport_c__pyext
[1.540s] [100%] Built target turtlesim__rosidl_typesupport_introspection_c__pyext
[1.655s] running egg_info
[1.656s] writing turtlesim.egg-info/PKG-INFO
[1.661s] writing dependency_links to turtlesim.egg-info/dependency_links.txt
[1.661s] writing top-level names to turtlesim.egg-info/top_level.txt
[1.663s] reading manifest file 'turtlesim.egg-info/SOURCES.txt'
[1.670s] writing manifest file 'turtlesim.egg-info/SOURCES.txt'
[1.755s] [100%] Built target ament_cmake_python_build_turtlesim_egg
[1.790s] Invoked command in '/home/ignatj/ros2_ws/build/turtlesim' returned '0': CMAKE_PREFIX_PATH=${CMAKE_PREFIX_PATH}:/home/ignatj/ros2_ws/install/turtlebot3_teleop:/home/ignatj/ros2_ws/install/turtlebot3_example:/home/ignatj/ros2_ws/install/my_robot_controller:/opt/ros/humble /usr/bin/cmake --build /home/ignatj/ros2_ws/build/turtlesim -- -j6 -l6
[2.845s] Invoking command in '/home/ignatj/ros2_ws/build/turtlesim': CMAKE_PREFIX_PATH=${CMAKE_PREFIX_PATH}:/home/ignatj/ros2_ws/install/turtlebot3_teleop:/home/ignatj/ros2_ws/install/turtlebot3_example:/home/ignatj/ros2_ws/install/my_robot_controller:/opt/ros/humble /usr/bin/cmake --install /home/ignatj/ros2_ws/build/turtlesim
[2.865s] -- Install configuration: ""
[2.868s] -- Execute custom install script
[2.870s] -- Up-to-date symlink: /home/ignatj/ros2_ws/install/turtlesim/share/ament_index/resource_index/rosidl_interfaces/turtlesim
[2.872s] -- Up-to-date symlink: /home/ignatj/ros2_ws/install/turtlesim/include/turtlesim/turtlesim/action/detail/rotate_absolute__functions.h
[2.873s] -- Up-to-date symlink: /home/ignatj/ros2_ws/install/turtlesim/include/turtlesim/turtlesim/action/detail/rotate_absolute__struct.h
[2.873s] -- Up-to-date symlink: /home/ignatj/ros2_ws/install/turtlesim/include/turtlesim/turtlesim/action/detail/rotate_absolute__type_support.h
[2.874s] -- Up-to-date symlink: /home/ignatj/ros2_ws/install/turtlesim/include/turtlesim/turtlesim/action/rotate_absolute.h
[2.874s] -- Up-to-date symlink: /home/ignatj/ros2_ws/install/turtlesim/include/turtlesim/turtlesim/msg/color.h
[2.875s] -- Up-to-date symlink: /home/ignatj/ros2_ws/install/turtlesim/include/turtlesim/turtlesim/msg/detail/color__functions.h
[2.875s] -- Up-to-date symlink: /home/ignatj/ros2_ws/install/turtlesim/include/turtlesim/turtlesim/msg/detail/color__struct.h
[2.875s] -- Up-to-date symlink: /home/ignatj/ros2_ws/install/turtlesim/include/turtlesim/turtlesim/msg/detail/color__type_support.h
[2.876s] -- Up-to-date symlink: /home/ignatj/ros2_ws/install/turtlesim/include/turtlesim/turtlesim/msg/detail/pose__functions.h
[2.876s] -- Up-to-date symlink: /home/ignatj/ros2_ws/install/turtlesim/include/turtlesim/turtlesim/msg/detail/pose__struct.h
[2.876s] -- Up-to-date symlink: /home/ignatj/ros2_ws/install/turtlesim/include/turtlesim/turtlesim/msg/detail/pose__type_support.h
[2.877s] -- Up-to-date symlink: /home/ignatj/ros2_ws/install/turtlesim/include/turtlesim/turtlesim/msg/pose.h
[2.877s] -- Up-to-date symlink: /home/ignatj/ros2_ws/install/turtlesim/include/turtlesim/turtlesim/msg/rosidl_generator_c__visibility_control.h
[2.878s] -- Up-to-date symlink: /home/ignatj/ros2_ws/install/turtlesim/include/turtlesim/turtlesim/srv/detail/kill__functions.h
[2.879s] -- Up-to-date symlink: /home/ignatj/ros2_ws/install/turtlesim/include/turtlesim/turtlesim/srv/detail/kill__struct.h
[2.879s] -- Up-to-date symlink: /home/ignatj/ros2_ws/install/turtlesim/include/turtlesim/turtlesim/srv/detail/kill__type_support.h
[2.880s] -- Up-to-date symlink: /home/ignatj/ros2_ws/install/turtlesim/include/turtlesim/turtlesim/srv/detail/set_pen__functions.h
[2.881s] -- Up-to-date symlink: /home/ignatj/ros2_ws/install/turtlesim/include/turtlesim/turtlesim/srv/detail/set_pen__struct.h
[2.881s] -- Up-to-date symlink: /home/ignatj/ros2_ws/install/turtlesim/include/turtlesim/turtlesim/srv/detail/set_pen__type_support.h
[2.884s] -- Up-to-date symlink: /home/ignatj/ros2_ws/install/turtlesim/include/turtlesim/turtlesim/srv/detail/spawn__functions.h
[2.888s] -- Up-to-date symlink: /home/ignatj/ros2_ws/install/turtlesim/include/turtlesim/turtlesim/srv/detail/spawn__struct.h
[2.889s] -- Up-to-date symlink: /home/ignatj/ros2_ws/install/turtlesim/include/turtlesim/turtlesim/srv/detail/spawn__type_support.h
[2.893s] -- Up-to-date symlink: /home/ignatj/ros2_ws/install/turtlesim/include/turtlesim/turtlesim/srv/detail/teleport_absolute__functions.h
[2.893s] -- Up-to-date symlink: /home/ignatj/ros2_ws/install/turtlesim/include/turtlesim/turtlesim/srv/detail/teleport_absolute__struct.h
[2.894s] -- Up-to-date symlink: /home/ignatj/ros2_ws/install/turtlesim/include/turtlesim/turtlesim/srv/detail/teleport_absolute__type_support.h
[2.895s] -- Up-to-date symlink: /home/ignatj/ros2_ws/install/turtlesim/include/turtlesim/turtlesim/srv/detail/teleport_relative__functions.h
[2.895s] -- Up-to-date symlink: /home/ignatj/ros2_ws/install/turtlesim/include/turtlesim/turtlesim/srv/detail/teleport_relative__struct.h
[2.896s] -- Up-to-date symlink: /home/ignatj/ros2_ws/install/turtlesim/include/turtlesim/turtlesim/srv/detail/teleport_relative__type_support.h
[2.897s] -- Up-to-date symlink: /home/ignatj/ros2_ws/install/turtlesim/include/turtlesim/turtlesim/srv/kill.h
[2.899s] -- Up-to-date symlink: /home/ignatj/ros2_ws/install/turtlesim/include/turtlesim/turtlesim/srv/set_pen.h
[2.899s] -- Up-to-date symlink: /home/ignatj/ros2_ws/install/turtlesim/include/turtlesim/turtlesim/srv/spawn.h
[2.900s] -- Up-to-date symlink: /home/ignatj/ros2_ws/install/turtlesim/include/turtlesim/turtlesim/srv/teleport_absolute.h
[2.900s] -- Up-to-date symlink: /home/ignatj/ros2_ws/install/turtlesim/include/turtlesim/turtlesim/srv/teleport_relative.h
[2.901s] -- Up-to-date symlink: /home/ignatj/ros2_ws/install/turtlesim/share/turtlesim/environment/library_path.sh
[2.903s] -- Up-to-date symlink: /home/ignatj/ros2_ws/install/turtlesim/share/turtlesim/environment/library_path.dsv
[2.903s] -- Up-to-date symlink: /home/ignatj/ros2_ws/install/turtlesim/include/turtlesim/turtlesim/action/detail/rotate_absolute__rosidl_typesupport_fastrtps_c.h
[2.904s] -- Up-to-date symlink: /home/ignatj/ros2_ws/install/turtlesim/include/turtlesim/turtlesim/msg/detail/color__rosidl_typesupport_fastrtps_c.h
[2.904s] -- Up-to-date symlink: /home/ignatj/ros2_ws/install/turtlesim/include/turtlesim/turtlesim/msg/detail/pose__rosidl_typesupport_fastrtps_c.h
[2.905s] -- Up-to-date symlink: /home/ignatj/ros2_ws/install/turtlesim/include/turtlesim/turtlesim/msg/rosidl_typesupport_fastrtps_c__visibility_control.h
[2.905s] -- Up-to-date symlink: /home/ignatj/ros2_ws/install/turtlesim/include/turtlesim/turtlesim/srv/detail/kill__rosidl_typesupport_fastrtps_c.h
[2.905s] -- Up-to-date symlink: /home/ignatj/ros2_ws/install/turtlesim/include/turtlesim/turtlesim/srv/detail/set_pen__rosidl_typesupport_fastrtps_c.h
[2.906s] -- Up-to-date symlink: /home/ignatj/ros2_ws/install/turtlesim/include/turtlesim/turtlesim/srv/detail/spawn__rosidl_typesupport_fastrtps_c.h
[2.907s] -- Up-to-date symlink: /home/ignatj/ros2_ws/install/turtlesim/include/turtlesim/turtlesim/srv/detail/teleport_absolute__rosidl_typesupport_fastrtps_c.h
[2.907s] -- Up-to-date symlink: /home/ignatj/ros2_ws/install/turtlesim/include/turtlesim/turtlesim/srv/detail/teleport_relative__rosidl_typesupport_fastrtps_c.h
[2.907s] -- Up-to-date symlink: /home/ignatj/ros2_ws/install/turtlesim/include/turtlesim/turtlesim/action/detail/rotate_absolute__builder.hpp
[2.908s] -- Up-to-date symlink: /home/ignatj/ros2_ws/install/turtlesim/include/turtlesim/turtlesim/action/detail/rotate_absolute__struct.hpp
[2.908s] -- Up-to-date symlink: /home/ignatj/ros2_ws/install/turtlesim/include/turtlesim/turtlesim/action/detail/rotate_absolute__traits.hpp
[2.909s] -- Up-to-date symlink: /home/ignatj/ros2_ws/install/turtlesim/include/turtlesim/turtlesim/action/rotate_absolute.hpp
[2.909s] -- Up-to-date symlink: /home/ignatj/ros2_ws/install/turtlesim/include/turtlesim/turtlesim/msg/color.hpp
[2.909s] -- Up-to-date symlink: /home/ignatj/ros2_ws/install/turtlesim/include/turtlesim/turtlesim/msg/detail/color__builder.hpp
[2.910s] -- Up-to-date symlink: /home/ignatj/ros2_ws/install/turtlesim/include/turtlesim/turtlesim/msg/detail/color__struct.hpp
[2.910s] -- Up-to-date symlink: /home/ignatj/ros2_ws/install/turtlesim/include/turtlesim/turtlesim/msg/detail/color__traits.hpp
[2.910s] -- Up-to-date symlink: /home/ignatj/ros2_ws/install/turtlesim/include/turtlesim/turtlesim/msg/detail/pose__builder.hpp
[2.911s] -- Up-to-date symlink: /home/ignatj/ros2_ws/install/turtlesim/include/turtlesim/turtlesim/msg/detail/pose__struct.hpp
[2.911s] -- Up-to-date symlink: /home/ignatj/ros2_ws/install/turtlesim/include/turtlesim/turtlesim/msg/detail/pose__traits.hpp
[2.911s] -- Up-to-date symlink: /home/ignatj/ros2_ws/install/turtlesim/include/turtlesim/turtlesim/msg/pose.hpp
[2.912s] -- Up-to-date symlink: /home/ignatj/ros2_ws/install/turtlesim/include/turtlesim/turtlesim/srv/detail/kill__builder.hpp
[2.912s] -- Up-to-date symlink: /home/ignatj/ros2_ws/install/turtlesim/include/turtlesim/turtlesim/srv/detail/kill__struct.hpp
[2.912s] -- Up-to-date symlink: /home/ignatj/ros2_ws/install/turtlesim/include/turtlesim/turtlesim/srv/detail/kill__traits.hpp
[2.912s] -- Up-to-date symlink: /home/ignatj/ros2_ws/install/turtlesim/include/turtlesim/turtlesim/srv/detail/set_pen__builder.hpp
[2.912s] -- Up-to-date symlink: /home/ignatj/ros2_ws/install/turtlesim/include/turtlesim/turtlesim/srv/detail/set_pen__struct.hpp
[2.912s] -- Up-to-date symlink: /home/ignatj/ros2_ws/install/turtlesim/include/turtlesim/turtlesim/srv/detail/set_pen__traits.hpp
[2.912s] -- Up-to-date symlink: /home/ignatj/ros2_ws/install/turtlesim/include/turtlesim/turtlesim/srv/detail/spawn__builder.hpp
[2.912s] -- Up-to-date symlink: /home/ignatj/ros2_ws/install/turtlesim/include/turtlesim/turtlesim/srv/detail/spawn__struct.hpp
[2.913s] -- Up-to-date symlink: /home/ignatj/ros2_ws/install/turtlesim/include/turtlesim/turtlesim/srv/detail/spawn__traits.hpp
[2.913s] -- Up-to-date symlink: /home/ignatj/ros2_ws/install/turtlesim/include/turtlesim/turtlesim/srv/detail/teleport_absolute__builder.hpp
[2.913s] -- Up-to-date symlink: /home/ignatj/ros2_ws/install/turtlesim/include/turtlesim/turtlesim/srv/detail/teleport_absolute__struct.hpp
[2.913s] -- Up-to-date symlink: /home/ignatj/ros2_ws/install/turtlesim/include/turtlesim/turtlesim/srv/detail/teleport_absolute__traits.hpp
[2.914s] -- Up-to-date symlink: /home/ignatj/ros2_ws/install/turtlesim/include/turtlesim/turtlesim/srv/detail/teleport_relative__builder.hpp
[2.914s] -- Up-to-date symlink: /home/ignatj/ros2_ws/install/turtlesim/include/turtlesim/turtlesim/srv/detail/teleport_relative__struct.hpp
[2.914s] -- Up-to-date symlink: /home/ignatj/ros2_ws/install/turtlesim/include/turtlesim/turtlesim/srv/detail/teleport_relative__traits.hpp
[2.915s] -- Up-to-date symlink: /home/ignatj/ros2_ws/install/turtlesim/include/turtlesim/turtlesim/srv/kill.hpp
[2.915s] -- Up-to-date symlink: /home/ignatj/ros2_ws/install/turtlesim/include/turtlesim/turtlesim/srv/set_pen.hpp
[2.916s] -- Up-to-date symlink: /home/ignatj/ros2_ws/install/turtlesim/include/turtlesim/turtlesim/srv/spawn.hpp
[2.916s] -- Up-to-date symlink: /home/ignatj/ros2_ws/install/turtlesim/include/turtlesim/turtlesim/srv/teleport_absolute.hpp
[2.916s] -- Up-to-date symlink: /home/ignatj/ros2_ws/install/turtlesim/include/turtlesim/turtlesim/srv/teleport_relative.hpp
[2.916s] -- Up-to-date symlink: /home/ignatj/ros2_ws/install/turtlesim/include/turtlesim/turtlesim/action/detail/rotate_absolute__rosidl_typesupport_fastrtps_cpp.hpp
[2.917s] -- Up-to-date symlink: /home/ignatj/ros2_ws/install/turtlesim/include/turtlesim/turtlesim/msg/detail/color__rosidl_typesupport_fastrtps_cpp.hpp
[2.920s] -- Up-to-date symlink: /home/ignatj/ros2_ws/install/turtlesim/include/turtlesim/turtlesim/msg/detail/pose__rosidl_typesupport_fastrtps_cpp.hpp
[2.920s] -- Up-to-date symlink: /home/ignatj/ros2_ws/install/turtlesim/include/turtlesim/turtlesim/msg/rosidl_typesupport_fastrtps_cpp__visibility_control.h
[2.920s] -- Up-to-date symlink: /home/ignatj/ros2_ws/install/turtlesim/include/turtlesim/turtlesim/srv/detail/kill__rosidl_typesupport_fastrtps_cpp.hpp
[2.922s] -- Up-to-date symlink: /home/ignatj/ros2_ws/install/turtlesim/include/turtlesim/turtlesim/srv/detail/set_pen__rosidl_typesupport_fastrtps_cpp.hpp
[2.922s] -- Up-to-date symlink: /home/ignatj/ros2_ws/install/turtlesim/include/turtlesim/turtlesim/srv/detail/spawn__rosidl_typesupport_fastrtps_cpp.hpp
[2.923s] -- Up-to-date symlink: /home/ignatj/ros2_ws/install/turtlesim/include/turtlesim/turtlesim/srv/detail/teleport_absolute__rosidl_typesupport_fastrtps_cpp.hpp
[2.923s] -- Up-to-date symlink: /home/ignatj/ros2_ws/install/turtlesim/include/turtlesim/turtlesim/srv/detail/teleport_relative__rosidl_typesupport_fastrtps_cpp.hpp
[2.924s] -- Up-to-date symlink: /home/ignatj/ros2_ws/install/turtlesim/include/turtlesim/turtlesim/action/detail/rotate_absolute__rosidl_typesupport_introspection_c.h
[2.924s] -- Up-to-date symlink: /home/ignatj/ros2_ws/install/turtlesim/include/turtlesim/turtlesim/msg/detail/color__rosidl_typesupport_introspection_c.h
[2.926s] -- Up-to-date symlink: /home/ignatj/ros2_ws/install/turtlesim/include/turtlesim/turtlesim/msg/detail/pose__rosidl_typesupport_introspection_c.h
[2.926s] -- Up-to-date symlink: /home/ignatj/ros2_ws/install/turtlesim/include/turtlesim/turtlesim/msg/rosidl_typesupport_introspection_c__visibility_control.h
[2.926s] -- Up-to-date symlink: /home/ignatj/ros2_ws/install/turtlesim/include/turtlesim/turtlesim/srv/detail/kill__rosidl_typesupport_introspection_c.h
[2.927s] -- Up-to-date symlink: /home/ignatj/ros2_ws/install/turtlesim/include/turtlesim/turtlesim/srv/detail/set_pen__rosidl_typesupport_introspection_c.h
[2.927s] -- Up-to-date symlink: /home/ignatj/ros2_ws/install/turtlesim/include/turtlesim/turtlesim/srv/detail/spawn__rosidl_typesupport_introspection_c.h
[2.928s] -- Up-to-date symlink: /home/ignatj/ros2_ws/install/turtlesim/include/turtlesim/turtlesim/srv/detail/teleport_absolute__rosidl_typesupport_introspection_c.h
[2.929s] -- Up-to-date symlink: /home/ignatj/ros2_ws/install/turtlesim/include/turtlesim/turtlesim/srv/detail/teleport_relative__rosidl_typesupport_introspection_c.h
[2.929s] -- Up-to-date symlink: /home/ignatj/ros2_ws/install/turtlesim/include/turtlesim/turtlesim/action/detail/rotate_absolute__rosidl_typesupport_introspection_cpp.hpp
[2.929s] -- Up-to-date symlink: /home/ignatj/ros2_ws/install/turtlesim/include/turtlesim/turtlesim/msg/detail/color__rosidl_typesupport_introspection_cpp.hpp
[2.929s] -- Up-to-date symlink: /home/ignatj/ros2_ws/install/turtlesim/include/turtlesim/turtlesim/msg/detail/pose__rosidl_typesupport_introspection_cpp.hpp
[2.930s] -- Up-to-date symlink: /home/ignatj/ros2_ws/install/turtlesim/include/turtlesim/turtlesim/srv/detail/kill__rosidl_typesupport_introspection_cpp.hpp
[2.930s] -- Up-to-date symlink: /home/ignatj/ros2_ws/install/turtlesim/include/turtlesim/turtlesim/srv/detail/set_pen__rosidl_typesupport_introspection_cpp.hpp
[2.930s] -- Up-to-date symlink: /home/ignatj/ros2_ws/install/turtlesim/include/turtlesim/turtlesim/srv/detail/spawn__rosidl_typesupport_introspection_cpp.hpp
[2.930s] -- Up-to-date symlink: /home/ignatj/ros2_ws/install/turtlesim/include/turtlesim/turtlesim/srv/detail/teleport_absolute__rosidl_typesupport_introspection_cpp.hpp
[2.931s] -- Up-to-date symlink: /home/ignatj/ros2_ws/install/turtlesim/include/turtlesim/turtlesim/srv/detail/teleport_relative__rosidl_typesupport_introspection_cpp.hpp
[2.932s] -- Up-to-date symlink: /home/ignatj/ros2_ws/install/turtlesim/share/turtlesim/environment/pythonpath.sh
[2.932s] -- Up-to-date symlink: /home/ignatj/ros2_ws/install/turtlesim/share/turtlesim/environment/pythonpath.dsv
[2.932s] -- Up-to-date symlink: /home/ignatj/ros2_ws/install/turtlesim/local/lib/python3.10/dist-packages/turtlesim-1.4.2-py3.10.egg-info/PKG-INFO
[2.932s] -- Up-to-date symlink: /home/ignatj/ros2_ws/install/turtlesim/local/lib/python3.10/dist-packages/turtlesim-1.4.2-py3.10.egg-info/SOURCES.txt
[2.932s] -- Up-to-date symlink: /home/ignatj/ros2_ws/install/turtlesim/local/lib/python3.10/dist-packages/turtlesim-1.4.2-py3.10.egg-info/dependency_links.txt
[2.933s] -- Up-to-date symlink: /home/ignatj/ros2_ws/install/turtlesim/local/lib/python3.10/dist-packages/turtlesim-1.4.2-py3.10.egg-info/top_level.txt
[2.935s] -- Up-to-date symlink: /home/ignatj/ros2_ws/install/turtlesim/local/lib/python3.10/dist-packages/turtlesim/__init__.py
[2.936s] -- Up-to-date symlink: /home/ignatj/ros2_ws/install/turtlesim/local/lib/python3.10/dist-packages/turtlesim/_turtlesim_s.ep.rosidl_typesupport_c.c
[2.937s] -- Up-to-date symlink: /home/ignatj/ros2_ws/install/turtlesim/local/lib/python3.10/dist-packages/turtlesim/_turtlesim_s.ep.rosidl_typesupport_fastrtps_c.c
[2.938s] -- Up-to-date symlink: /home/ignatj/ros2_ws/install/turtlesim/local/lib/python3.10/dist-packages/turtlesim/_turtlesim_s.ep.rosidl_typesupport_introspection_c.c
[2.938s] -- Up-to-date symlink: /home/ignatj/ros2_ws/install/turtlesim/local/lib/python3.10/dist-packages/turtlesim/action/__init__.py
[2.940s] -- Up-to-date symlink: /home/ignatj/ros2_ws/install/turtlesim/local/lib/python3.10/dist-packages/turtlesim/action/_rotate_absolute.py
[2.940s] -- Up-to-date symlink: /home/ignatj/ros2_ws/install/turtlesim/local/lib/python3.10/dist-packages/turtlesim/action/_rotate_absolute_s.c
[2.940s] -- Up-to-date symlink: /home/ignatj/ros2_ws/install/turtlesim/local/lib/python3.10/dist-packages/turtlesim/libturtlesim__rosidl_generator_py.so
[2.941s] -- Up-to-date symlink: /home/ignatj/ros2_ws/install/turtlesim/local/lib/python3.10/dist-packages/turtlesim/msg/__init__.py
[2.941s] -- Up-to-date symlink: /home/ignatj/ros2_ws/install/turtlesim/local/lib/python3.10/dist-packages/turtlesim/msg/_color.py
[2.942s] -- Up-to-date symlink: /home/ignatj/ros2_ws/install/turtlesim/local/lib/python3.10/dist-packages/turtlesim/msg/_color_s.c
[2.943s] -- Up-to-date symlink: /home/ignatj/ros2_ws/install/turtlesim/local/lib/python3.10/dist-packages/turtlesim/msg/_pose.py
[2.943s] -- Up-to-date symlink: /home/ignatj/ros2_ws/install/turtlesim/local/lib/python3.10/dist-packages/turtlesim/msg/_pose_s.c
[2.944s] -- Up-to-date symlink: /home/ignatj/ros2_ws/install/turtlesim/local/lib/python3.10/dist-packages/turtlesim/srv/__init__.py
[2.945s] -- Up-to-date symlink: /home/ignatj/ros2_ws/install/turtlesim/local/lib/python3.10/dist-packages/turtlesim/srv/_kill.py
[2.945s] -- Up-to-date symlink: /home/ignatj/ros2_ws/install/turtlesim/local/lib/python3.10/dist-packages/turtlesim/srv/_kill_s.c
[2.946s] -- Up-to-date symlink: /home/ignatj/ros2_ws/install/turtlesim/local/lib/python3.10/dist-packages/turtlesim/srv/_set_pen.py
[2.946s] -- Up-to-date symlink: /home/ignatj/ros2_ws/install/turtlesim/local/lib/python3.10/dist-packages/turtlesim/srv/_set_pen_s.c
[2.947s] -- Up-to-date symlink: /home/ignatj/ros2_ws/install/turtlesim/local/lib/python3.10/dist-packages/turtlesim/srv/_spawn.py
[2.948s] -- Up-to-date symlink: /home/ignatj/ros2_ws/install/turtlesim/local/lib/python3.10/dist-packages/turtlesim/srv/_spawn_s.c
[2.948s] -- Up-to-date symlink: /home/ignatj/ros2_ws/install/turtlesim/local/lib/python3.10/dist-packages/turtlesim/srv/_teleport_absolute.py
[2.948s] -- Up-to-date symlink: /home/ignatj/ros2_ws/install/turtlesim/local/lib/python3.10/dist-packages/turtlesim/srv/_teleport_absolute_s.c
[2.949s] -- Up-to-date symlink: /home/ignatj/ros2_ws/install/turtlesim/local/lib/python3.10/dist-packages/turtlesim/srv/_teleport_relative.py
[2.949s] -- Up-to-date symlink: /home/ignatj/ros2_ws/install/turtlesim/local/lib/python3.10/dist-packages/turtlesim/srv/_teleport_relative_s.c
[2.950s] -- Up-to-date symlink: /home/ignatj/ros2_ws/install/turtlesim/local/lib/python3.10/dist-packages/turtlesim/turtlesim_s__rosidl_typesupport_c.cpython-310-x86_64-linux-gnu.so
[2.950s] -- Up-to-date symlink: /home/ignatj/ros2_ws/install/turtlesim/local/lib/python3.10/dist-packages/turtlesim/turtlesim_s__rosidl_typesupport_fastrtps_c.cpython-310-x86_64-linux-gnu.so
[2.951s] -- Up-to-date symlink: /home/ignatj/ros2_ws/install/turtlesim/local/lib/python3.10/dist-packages/turtlesim/turtlesim_s__rosidl_typesupport_introspection_c.cpython-310-x86_64-linux-gnu.so
[2.953s] -- Up-to-date symlink: /home/ignatj/ros2_ws/install/turtlesim/local/lib/python3.10/dist-packages/turtlesim/turtlesim_s__rosidl_typesupport_fastrtps_c.cpython-310-x86_64-linux-gnu.so
[2.953s] -- Up-to-date symlink: /home/ignatj/ros2_ws/install/turtlesim/local/lib/python3.10/dist-packages/turtlesim/turtlesim_s__rosidl_typesupport_introspection_c.cpython-310-x86_64-linux-gnu.so
[2.954s] -- Up-to-date symlink: /home/ignatj/ros2_ws/install/turtlesim/local/lib/python3.10/dist-packages/turtlesim/turtlesim_s__rosidl_typesupport_c.cpython-310-x86_64-linux-gnu.so
[2.955s] -- Up-to-date symlink: /home/ignatj/ros2_ws/install/turtlesim/share/turtlesim/action/RotateAbsolute.idl
[2.956s] -- Up-to-date symlink: /home/ignatj/ros2_ws/install/turtlesim/share/turtlesim/msg/Color.idl
[2.956s] -- Up-to-date symlink: /home/ignatj/ros2_ws/install/turtlesim/share/turtlesim/msg/Pose.idl
[2.958s] -- Up-to-date symlink: /home/ignatj/ros2_ws/install/turtlesim/share/turtlesim/srv/Kill.idl
[2.958s] -- Up-to-date symlink: /home/ignatj/ros2_ws/install/turtlesim/share/turtlesim/srv/SetPen.idl
[2.959s] -- Up-to-date symlink: /home/ignatj/ros2_ws/install/turtlesim/share/turtlesim/srv/Spawn.idl
[2.959s] -- Up-to-date symlink: /home/ignatj/ros2_ws/install/turtlesim/share/turtlesim/srv/TeleportAbsolute.idl
[2.960s] -- Up-to-date symlink: /home/ignatj/ros2_ws/install/turtlesim/share/turtlesim/srv/TeleportRelative.idl
[2.960s] -- Up-to-date symlink: /home/ignatj/ros2_ws/install/turtlesim/share/turtlesim/action/RotateAbsolute.action
[2.961s] -- Up-to-date symlink: /home/ignatj/ros2_ws/install/turtlesim/share/turtlesim/msg/Color.msg
[2.961s] -- Up-to-date symlink: /home/ignatj/ros2_ws/install/turtlesim/share/turtlesim/msg/Pose.msg
[2.961s] -- Up-to-date symlink: /home/ignatj/ros2_ws/install/turtlesim/share/turtlesim/srv/Kill.srv
[2.962s] -- Up-to-date symlink: /home/ignatj/ros2_ws/install/turtlesim/share/turtlesim/srv/Kill_Request.msg
[2.963s] -- Up-to-date symlink: /home/ignatj/ros2_ws/install/turtlesim/share/turtlesim/srv/Kill_Response.msg
[2.964s] -- Up-to-date symlink: /home/ignatj/ros2_ws/install/turtlesim/share/turtlesim/srv/SetPen.srv
[2.964s] -- Up-to-date symlink: /home/ignatj/ros2_ws/install/turtlesim/share/turtlesim/srv/SetPen_Request.msg
[2.966s] -- Up-to-date symlink: /home/ignatj/ros2_ws/install/turtlesim/share/turtlesim/srv/SetPen_Response.msg
[2.966s] -- Up-to-date symlink: /home/ignatj/ros2_ws/install/turtlesim/share/turtlesim/srv/Spawn.srv
[2.968s] -- Up-to-date symlink: /home/ignatj/ros2_ws/install/turtlesim/share/turtlesim/srv/Spawn_Request.msg
[2.969s] -- Up-to-date symlink: /home/ignatj/ros2_ws/install/turtlesim/share/turtlesim/srv/Spawn_Response.msg
[2.970s] -- Up-to-date symlink: /home/ignatj/ros2_ws/install/turtlesim/share/turtlesim/srv/TeleportAbsolute.srv
[2.970s] -- Up-to-date symlink: /home/ignatj/ros2_ws/install/turtlesim/share/turtlesim/srv/TeleportAbsolute_Request.msg
[2.971s] -- Up-to-date symlink: /home/ignatj/ros2_ws/install/turtlesim/share/turtlesim/srv/TeleportAbsolute_Response.msg
[2.971s] -- Up-to-date symlink: /home/ignatj/ros2_ws/install/turtlesim/share/turtlesim/srv/TeleportRelative.srv
[2.972s] -- Up-to-date symlink: /home/ignatj/ros2_ws/install/turtlesim/share/turtlesim/srv/TeleportRelative_Request.msg
[2.972s] -- Up-to-date symlink: /home/ignatj/ros2_ws/install/turtlesim/share/turtlesim/srv/TeleportRelative_Response.msg
[2.973s] -- Up-to-date symlink: /home/ignatj/ros2_ws/install/turtlesim/lib/turtlesim/turtlesim_node
[2.973s] -- Up-to-date symlink: /home/ignatj/ros2_ws/install/turtlesim/lib/turtlesim/turtle_teleop_key
[2.973s] -- Up-to-date symlink: /home/ignatj/ros2_ws/install/turtlesim/lib/turtlesim/draw_square
[2.973s] -- Up-to-date symlink: /home/ignatj/ros2_ws/install/turtlesim/lib/turtlesim/mimic
[2.973s] -- Up-to-date symlink: /home/ignatj/ros2_ws/install/turtlesim/share/turtlesim/launch/multisim.launch.py
[2.974s] -- Up-to-date symlink: /home/ignatj/ros2_ws/install/turtlesim/share/ament_index/resource_index/package_run_dependencies/turtlesim
[2.979s] -- Up-to-date symlink: /home/ignatj/ros2_ws/install/turtlesim/share/ament_index/resource_index/parent_prefix_path/turtlesim
[2.979s] -- Up-to-date symlink: /home/ignatj/ros2_ws/install/turtlesim/share/turtlesim/environment/ament_prefix_path.sh
[2.980s] -- Up-to-date symlink: /home/ignatj/ros2_ws/install/turtlesim/share/turtlesim/environment/ament_prefix_path.dsv
[2.980s] -- Up-to-date symlink: /home/ignatj/ros2_ws/install/turtlesim/share/turtlesim/environment/path.sh
[2.981s] -- Up-to-date symlink: /home/ignatj/ros2_ws/install/turtlesim/share/turtlesim/environment/path.dsv
[2.982s] -- Up-to-date symlink: /home/ignatj/ros2_ws/install/turtlesim/share/turtlesim/local_setup.bash
[2.983s] -- Up-to-date symlink: /home/ignatj/ros2_ws/install/turtlesim/share/turtlesim/local_setup.sh
[2.983s] -- Up-to-date symlink: /home/ignatj/ros2_ws/install/turtlesim/share/turtlesim/local_setup.zsh
[2.984s] -- Up-to-date symlink: /home/ignatj/ros2_ws/install/turtlesim/share/turtlesim/local_setup.dsv
[2.985s] -- Symlinking: /home/ignatj/ros2_ws/install/turtlesim/share/turtlesim/package.dsv
[2.997s] -- Up-to-date symlink: /home/ignatj/ros2_ws/install/turtlesim/share/ament_index/resource_index/packages/turtlesim
[2.998s] -- Up-to-date symlink: /home/ignatj/ros2_ws/install/turtlesim/share/turtlesim/cmake/rosidl_cmake-extras.cmake
[2.999s] -- Up-to-date symlink: /home/ignatj/ros2_ws/install/turtlesim/share/turtlesim/cmake/ament_cmake_export_dependencies-extras.cmake
[3.000s] -- Up-to-date symlink: /home/ignatj/ros2_ws/install/turtlesim/share/turtlesim/cmake/ament_cmake_export_include_directories-extras.cmake
[3.000s] -- Up-to-date symlink: /home/ignatj/ros2_ws/install/turtlesim/share/turtlesim/cmake/ament_cmake_export_libraries-extras.cmake
[3.003s] -- Up-to-date symlink: /home/ignatj/ros2_ws/install/turtlesim/share/turtlesim/cmake/ament_cmake_export_targets-extras.cmake
[3.004s] -- Up-to-date symlink: /home/ignatj/ros2_ws/install/turtlesim/share/turtlesim/cmake/rosidl_cmake_export_typesupport_targets-extras.cmake
[3.004s] -- Up-to-date symlink: /home/ignatj/ros2_ws/install/turtlesim/share/turtlesim/cmake/rosidl_cmake_export_typesupport_libraries-extras.cmake
[3.004s] -- Up-to-date symlink: /home/ignatj/ros2_ws/install/turtlesim/share/turtlesim/cmake/turtlesimConfig.cmake
[3.005s] -- Up-to-date symlink: /home/ignatj/ros2_ws/install/turtlesim/share/turtlesim/cmake/turtlesimConfig-version.cmake
[3.005s] -- Up-to-date symlink: /home/ignatj/ros2_ws/install/turtlesim/share/turtlesim/package.xml
[3.009s] -- Up-to-date: /home/ignatj/ros2_ws/install/turtlesim/lib/libturtlesim__rosidl_generator_c.so
[3.011s] -- Up-to-date: /home/ignatj/ros2_ws/install/turtlesim/lib/libturtlesim__rosidl_typesupport_fastrtps_c.so
[3.012s] -- Up-to-date: /home/ignatj/ros2_ws/install/turtlesim/lib/libturtlesim__rosidl_typesupport_fastrtps_cpp.so
[3.012s] -- Up-to-date: /home/ignatj/ros2_ws/install/turtlesim/lib/libturtlesim__rosidl_typesupport_introspection_c.so
[3.013s] -- Up-to-date: /home/ignatj/ros2_ws/install/turtlesim/lib/libturtlesim__rosidl_typesupport_c.so
[3.014s] -- Up-to-date: /home/ignatj/ros2_ws/install/turtlesim/lib/libturtlesim__rosidl_typesupport_introspection_cpp.so
[3.015s] -- Up-to-date: /home/ignatj/ros2_ws/install/turtlesim/lib/libturtlesim__rosidl_typesupport_cpp.so
[3.085s] Listing '/home/ignatj/ros2_ws/install/turtlesim/local/lib/python3.10/dist-packages/turtlesim'...
[3.085s] Listing '/home/ignatj/ros2_ws/install/turtlesim/local/lib/python3.10/dist-packages/turtlesim/action'...
[3.085s] Listing '/home/ignatj/ros2_ws/install/turtlesim/local/lib/python3.10/dist-packages/turtlesim/msg'...
[3.089s] Listing '/home/ignatj/ros2_ws/install/turtlesim/local/lib/python3.10/dist-packages/turtlesim/srv'...
[3.095s] -- Up-to-date: /home/ignatj/ros2_ws/install/turtlesim/lib/libturtlesim__rosidl_generator_py.so
[3.097s] -- Up-to-date: /home/ignatj/ros2_ws/install/turtlesim/share/turtlesim/images
[3.098s] -- Up-to-date: /home/ignatj/ros2_ws/install/turtlesim/share/turtlesim/images/ardent.png
[3.100s] -- Up-to-date: /home/ignatj/ros2_ws/install/turtlesim/share/turtlesim/images/dashing.png
[3.100s] -- Up-to-date: /home/ignatj/ros2_ws/install/turtlesim/share/turtlesim/images/eloquent.png
[3.101s] -- Up-to-date: /home/ignatj/ros2_ws/install/turtlesim/share/turtlesim/images/bouncy.png
[3.103s] -- Up-to-date: /home/ignatj/ros2_ws/install/turtlesim/share/turtlesim/images/crystal.png
[3.104s] -- Up-to-date: /home/ignatj/ros2_ws/install/turtlesim/share/turtlesim/images/foxy.png
[3.104s] -- Up-to-date: /home/ignatj/ros2_ws/install/turtlesim/share/turtlesim/images/rolling.png
[3.104s] -- Up-to-date: /home/ignatj/ros2_ws/install/turtlesim/share/turtlesim/images/humble.png
[3.104s] -- Up-to-date: /home/ignatj/ros2_ws/install/turtlesim/share/turtlesim/images/galactic.png
[3.105s] -- Up-to-date: /home/ignatj/ros2_ws/install/turtlesim/share/turtlesim/cmake/export_turtlesim__rosidl_generator_cExport.cmake
[3.106s] -- Up-to-date: /home/ignatj/ros2_ws/install/turtlesim/share/turtlesim/cmake/export_turtlesim__rosidl_generator_cExport-noconfig.cmake
[3.106s] -- Up-to-date: /home/ignatj/ros2_ws/install/turtlesim/share/turtlesim/cmake/export_turtlesim__rosidl_typesupport_fastrtps_cExport.cmake
[3.107s] -- Up-to-date: /home/ignatj/ros2_ws/install/turtlesim/share/turtlesim/cmake/export_turtlesim__rosidl_typesupport_fastrtps_cExport-noconfig.cmake
[3.108s] -- Up-to-date: /home/ignatj/ros2_ws/install/turtlesim/share/turtlesim/cmake/export_turtlesim__rosidl_generator_cppExport.cmake
[3.108s] -- Up-to-date: /home/ignatj/ros2_ws/install/turtlesim/share/turtlesim/cmake/export_turtlesim__rosidl_typesupport_fastrtps_cppExport.cmake
[3.109s] -- Up-to-date: /home/ignatj/ros2_ws/install/turtlesim/share/turtlesim/cmake/export_turtlesim__rosidl_typesupport_fastrtps_cppExport-noconfig.cmake
[3.110s] -- Up-to-date: /home/ignatj/ros2_ws/install/turtlesim/share/turtlesim/cmake/turtlesim__rosidl_typesupport_introspection_cExport.cmake
[3.111s] -- Up-to-date: /home/ignatj/ros2_ws/install/turtlesim/share/turtlesim/cmake/turtlesim__rosidl_typesupport_introspection_cExport-noconfig.cmake
[3.111s] -- Up-to-date: /home/ignatj/ros2_ws/install/turtlesim/share/turtlesim/cmake/turtlesim__rosidl_typesupport_cExport.cmake
[3.113s] -- Up-to-date: /home/ignatj/ros2_ws/install/turtlesim/share/turtlesim/cmake/turtlesim__rosidl_typesupport_cExport-noconfig.cmake
[3.114s] -- Up-to-date: /home/ignatj/ros2_ws/install/turtlesim/share/turtlesim/cmake/turtlesim__rosidl_typesupport_introspection_cppExport.cmake
[3.114s] -- Up-to-date: /home/ignatj/ros2_ws/install/turtlesim/share/turtlesim/cmake/turtlesim__rosidl_typesupport_introspection_cppExport-noconfig.cmake
[3.116s] -- Up-to-date: /home/ignatj/ros2_ws/install/turtlesim/share/turtlesim/cmake/turtlesim__rosidl_typesupport_cppExport.cmake
[3.116s] -- Up-to-date: /home/ignatj/ros2_ws/install/turtlesim/share/turtlesim/cmake/turtlesim__rosidl_typesupport_cppExport-noconfig.cmake
[3.117s] -- Up-to-date: /home/ignatj/ros2_ws/install/turtlesim/share/turtlesim/cmake/export_turtlesim__rosidl_generator_pyExport.cmake
[3.118s] -- Up-to-date: /home/ignatj/ros2_ws/install/turtlesim/share/turtlesim/cmake/export_turtlesim__rosidl_generator_pyExport-noconfig.cmake
[3.179s] Invoked command in '/home/ignatj/ros2_ws/build/turtlesim' returned '0': CMAKE_PREFIX_PATH=${CMAKE_PREFIX_PATH}:/home/ignatj/ros2_ws/install/turtlebot3_teleop:/home/ignatj/ros2_ws/install/turtlebot3_example:/home/ignatj/ros2_ws/install/my_robot_controller:/opt/ros/humble /usr/bin/cmake --install /home/ignatj/ros2_ws/build/turtlesim
