[4.598s] Invoking command in '/home/ignatj/ros2_ws/build/examples_rclpy_minimal_client': PYTHONPATH=/home/ignatj/ros2_ws/build/examples_rclpy_minimal_client/prefix_override:/home/ignatj/ros2_ws/install/examples_rclpy_minimal_client/lib/python3.10/site-packages:${PYTHONPATH} /usr/bin/python3 setup.py develop --uninstall --editable --build-directory /home/ignatj/ros2_ws/build/examples_rclpy_minimal_client/build
[5.466s] running develop
[5.467s] /usr/lib/python3/dist-packages/setuptools/command/easy_install.py:158: EasyInstallDeprecationWarning: easy_install command is deprecated. Use build and pip and other standards-based tools.
[5.468s]   warnings.warn(
[5.473s] /usr/lib/python3/dist-packages/setuptools/command/install.py:34: SetuptoolsDeprecationWarning: setup.py install is deprecated. Use build and pip and other standards-based tools.
[5.473s]   warnings.warn(
[6.051s] Removing /home/ignatj/ros2_ws/install/examples_rclpy_minimal_client/lib/python3.10/site-packages/examples-rclpy-minimal-client.egg-link (link to .)
[7.159s] Invoked command in '/home/ignatj/ros2_ws/build/examples_rclpy_minimal_client' returned '0': PYTHONPATH=/home/ignatj/ros2_ws/build/examples_rclpy_minimal_client/prefix_override:/home/ignatj/ros2_ws/install/examples_rclpy_minimal_client/lib/python3.10/site-packages:${PYTHONPATH} /usr/bin/python3 setup.py develop --uninstall --editable --build-directory /home/ignatj/ros2_ws/build/examples_rclpy_minimal_client/build
[7.166s] Invoking command in '/home/ignatj/ros2_ws/src/examples/rclpy/services/minimal_client': PYTHONPATH=/home/ignatj/ros2_ws/build/examples_rclpy_minimal_client/prefix_override:/home/ignatj/ros2_ws/install/examples_rclpy_minimal_client/lib/python3.10/site-packages:${PYTHONPATH} /usr/bin/python3 setup.py egg_info --egg-base ../../../../../build/examples_rclpy_minimal_client build --build-base /home/ignatj/ros2_ws/build/examples_rclpy_minimal_client/build install --record /home/ignatj/ros2_ws/build/examples_rclpy_minimal_client/install.log --single-version-externally-managed
[8.396s] running egg_info
[8.399s] writing ../../../../../build/examples_rclpy_minimal_client/examples_rclpy_minimal_client.egg-info/PKG-INFO
[8.401s] writing dependency_links to ../../../../../build/examples_rclpy_minimal_client/examples_rclpy_minimal_client.egg-info/dependency_links.txt
[8.401s] writing entry points to ../../../../../build/examples_rclpy_minimal_client/examples_rclpy_minimal_client.egg-info/entry_points.txt
[8.404s] writing requirements to ../../../../../build/examples_rclpy_minimal_client/examples_rclpy_minimal_client.egg-info/requires.txt
[8.405s] writing top-level names to ../../../../../build/examples_rclpy_minimal_client/examples_rclpy_minimal_client.egg-info/top_level.txt
[8.415s] reading manifest file '../../../../../build/examples_rclpy_minimal_client/examples_rclpy_minimal_client.egg-info/SOURCES.txt'
[8.420s] writing manifest file '../../../../../build/examples_rclpy_minimal_client/examples_rclpy_minimal_client.egg-info/SOURCES.txt'
[8.422s] running build
[8.422s] running build_py
[8.429s] running install
[8.430s] /usr/lib/python3/dist-packages/setuptools/command/install.py:34: SetuptoolsDeprecationWarning: setup.py install is deprecated. Use build and pip and other standards-based tools.
[8.430s]   warnings.warn(
[8.434s] running install_lib
[8.434s] creating /home/ignatj/ros2_ws/install/examples_rclpy_minimal_client/lib/python3.10/site-packages/examples_rclpy_minimal_client
[8.434s] copying /home/ignatj/ros2_ws/build/examples_rclpy_minimal_client/build/lib/examples_rclpy_minimal_client/client_async.py -> /home/ignatj/ros2_ws/install/examples_rclpy_minimal_client/lib/python3.10/site-packages/examples_rclpy_minimal_client
[8.435s] copying /home/ignatj/ros2_ws/build/examples_rclpy_minimal_client/build/lib/examples_rclpy_minimal_client/client_async_member_function.py -> /home/ignatj/ros2_ws/install/examples_rclpy_minimal_client/lib/python3.10/site-packages/examples_rclpy_minimal_client
[8.438s] copying /home/ignatj/ros2_ws/build/examples_rclpy_minimal_client/build/lib/examples_rclpy_minimal_client/client.py -> /home/ignatj/ros2_ws/install/examples_rclpy_minimal_client/lib/python3.10/site-packages/examples_rclpy_minimal_client
[8.441s] copying /home/ignatj/ros2_ws/build/examples_rclpy_minimal_client/build/lib/examples_rclpy_minimal_client/client_async_callback.py -> /home/ignatj/ros2_ws/install/examples_rclpy_minimal_client/lib/python3.10/site-packages/examples_rclpy_minimal_client
[8.444s] copying /home/ignatj/ros2_ws/build/examples_rclpy_minimal_client/build/lib/examples_rclpy_minimal_client/__init__.py -> /home/ignatj/ros2_ws/install/examples_rclpy_minimal_client/lib/python3.10/site-packages/examples_rclpy_minimal_client
[8.446s] byte-compiling /home/ignatj/ros2_ws/install/examples_rclpy_minimal_client/lib/python3.10/site-packages/examples_rclpy_minimal_client/client_async.py to client_async.cpython-310.pyc
[8.448s] byte-compiling /home/ignatj/ros2_ws/install/examples_rclpy_minimal_client/lib/python3.10/site-packages/examples_rclpy_minimal_client/client_async_member_function.py to client_async_member_function.cpython-310.pyc
[8.449s] byte-compiling /home/ignatj/ros2_ws/install/examples_rclpy_minimal_client/lib/python3.10/site-packages/examples_rclpy_minimal_client/client.py to client.cpython-310.pyc
[8.450s] byte-compiling /home/ignatj/ros2_ws/install/examples_rclpy_minimal_client/lib/python3.10/site-packages/examples_rclpy_minimal_client/client_async_callback.py to client_async_callback.cpython-310.pyc
[8.453s] byte-compiling /home/ignatj/ros2_ws/install/examples_rclpy_minimal_client/lib/python3.10/site-packages/examples_rclpy_minimal_client/__init__.py to __init__.cpython-310.pyc
[8.453s] running install_data
[8.456s] running install_egg_info
[8.462s] Copying ../../../../../build/examples_rclpy_minimal_client/examples_rclpy_minimal_client.egg-info to /home/ignatj/ros2_ws/install/examples_rclpy_minimal_client/lib/python3.10/site-packages/examples_rclpy_minimal_client-0.15.1-py3.10.egg-info
[8.470s] running install_scripts
[8.542s] Installing client script to /home/ignatj/ros2_ws/install/examples_rclpy_minimal_client/lib/examples_rclpy_minimal_client
[8.547s] Installing client_async script to /home/ignatj/ros2_ws/install/examples_rclpy_minimal_client/lib/examples_rclpy_minimal_client
[8.548s] Installing client_async_callback script to /home/ignatj/ros2_ws/install/examples_rclpy_minimal_client/lib/examples_rclpy_minimal_client
[8.548s] Installing client_async_member_function script to /home/ignatj/ros2_ws/install/examples_rclpy_minimal_client/lib/examples_rclpy_minimal_client
[8.549s] writing list of installed files to '/home/ignatj/ros2_ws/build/examples_rclpy_minimal_client/install.log'
[8.661s] Invoked command in '/home/ignatj/ros2_ws/src/examples/rclpy/services/minimal_client' returned '0': PYTHONPATH=/home/ignatj/ros2_ws/build/examples_rclpy_minimal_client/prefix_override:/home/ignatj/ros2_ws/install/examples_rclpy_minimal_client/lib/python3.10/site-packages:${PYTHONPATH} /usr/bin/python3 setup.py egg_info --egg-base ../../../../../build/examples_rclpy_minimal_client build --build-base /home/ignatj/ros2_ws/build/examples_rclpy_minimal_client/build install --record /home/ignatj/ros2_ws/build/examples_rclpy_minimal_client/install.log --single-version-externally-managed
