[10.551s] Invoking command in '/home/ignatj/ros2_ws/build/examples_rclpy_minimal_action_server': PYTHONPATH=/home/ignatj/ros2_ws/build/examples_rclpy_minimal_action_server/prefix_override:/home/ignatj/ros2_ws/install/examples_rclpy_minimal_action_server/lib/python3.10/site-packages:${PYTHONPATH} /usr/bin/python3 setup.py develop --editable --build-directory /home/ignatj/ros2_ws/build/examples_rclpy_minimal_action_server/build --no-deps install_data
[14.457s] running develop
[14.473s] /usr/lib/python3/dist-packages/setuptools/command/easy_install.py:158: EasyInstallDeprecationWarning: easy_install command is deprecated. Use build and pip and other standards-based tools.
[14.474s]   warnings.warn(
[14.501s] /usr/lib/python3/dist-packages/setuptools/command/install.py:34: SetuptoolsDeprecationWarning: setup.py install is deprecated. Use build and pip and other standards-based tools.
[14.501s]   warnings.warn(
[16.474s] running egg_info
[16.474s] writing examples_rclpy_minimal_action_server.egg-info/PKG-INFO
[16.485s] writing dependency_links to examples_rclpy_minimal_action_server.egg-info/dependency_links.txt
[16.486s] writing entry points to examples_rclpy_minimal_action_server.egg-info/entry_points.txt
[16.486s] writing requirements to examples_rclpy_minimal_action_server.egg-info/requires.txt
[16.487s] writing top-level names to examples_rclpy_minimal_action_server.egg-info/top_level.txt
[16.508s] reading manifest file 'examples_rclpy_minimal_action_server.egg-info/SOURCES.txt'
[16.520s] writing manifest file 'examples_rclpy_minimal_action_server.egg-info/SOURCES.txt'
[16.524s] running build_ext
[16.524s] Creating /home/ignatj/ros2_ws/install/examples_rclpy_minimal_action_server/lib/python3.10/site-packages/examples-rclpy-minimal-action-server.egg-link (link to .)
[16.528s] Installing server script to /home/ignatj/ros2_ws/install/examples_rclpy_minimal_action_server/lib/examples_rclpy_minimal_action_server
[16.529s] Installing server_defer script to /home/ignatj/ros2_ws/install/examples_rclpy_minimal_action_server/lib/examples_rclpy_minimal_action_server
[16.530s] Installing server_not_composable script to /home/ignatj/ros2_ws/install/examples_rclpy_minimal_action_server/lib/examples_rclpy_minimal_action_server
[16.531s] Installing server_queue_goals script to /home/ignatj/ros2_ws/install/examples_rclpy_minimal_action_server/lib/examples_rclpy_minimal_action_server
[16.532s] Installing server_single_goal script to /home/ignatj/ros2_ws/install/examples_rclpy_minimal_action_server/lib/examples_rclpy_minimal_action_server
[16.532s] 
[16.533s] Installed /home/ignatj/ros2_ws/build/examples_rclpy_minimal_action_server
[16.533s] running install_data
[16.680s] Invoked command in '/home/ignatj/ros2_ws/build/examples_rclpy_minimal_action_server' returned '0': PYTHONPATH=/home/ignatj/ros2_ws/build/examples_rclpy_minimal_action_server/prefix_override:/home/ignatj/ros2_ws/install/examples_rclpy_minimal_action_server/lib/python3.10/site-packages:${PYTHONPATH} /usr/bin/python3 setup.py develop --editable --build-directory /home/ignatj/ros2_ws/build/examples_rclpy_minimal_action_server/build --no-deps install_data
