[4.657s] Invoking command in '/home/ignatj/ros2_ws/src/turtlebot3/turtlebot3_teleop': PYTHONPATH=/home/ignatj/ros2_ws/build/turtlebot3_teleop/prefix_override:/home/ignatj/ros2_ws/install/turtlebot3_teleop/lib/python3.10/site-packages:${PYTHONPATH} /usr/bin/python3 setup.py egg_info --egg-base ../../../build/turtlebot3_teleop build --build-base /home/ignatj/ros2_ws/build/turtlebot3_teleop/build install --record /home/ignatj/ros2_ws/build/turtlebot3_teleop/install.log --single-version-externally-managed
[5.417s] running egg_info
[5.418s] writing ../../../build/turtlebot3_teleop/turtlebot3_teleop.egg-info/PKG-INFO
[5.419s] writing dependency_links to ../../../build/turtlebot3_teleop/turtlebot3_teleop.egg-info/dependency_links.txt
[5.420s] writing entry points to ../../../build/turtlebot3_teleop/turtlebot3_teleop.egg-info/entry_points.txt
[5.421s] writing requirements to ../../../build/turtlebot3_teleop/turtlebot3_teleop.egg-info/requires.txt
[5.421s] writing top-level names to ../../../build/turtlebot3_teleop/turtlebot3_teleop.egg-info/top_level.txt
[5.428s] reading manifest file '../../../build/turtlebot3_teleop/turtlebot3_teleop.egg-info/SOURCES.txt'
[5.431s] writing manifest file '../../../build/turtlebot3_teleop/turtlebot3_teleop.egg-info/SOURCES.txt'
[5.432s] running build
[5.434s] running build_py
[5.434s] running install
[5.434s] running install_lib
[5.437s] running install_data
[5.439s] running install_egg_info
[5.443s] removing '/home/ignatj/ros2_ws/install/turtlebot3_teleop/lib/python3.10/site-packages/turtlebot3_teleop-2.1.5-py3.10.egg-info' (and everything under it)
[5.452s] Copying ../../../build/turtlebot3_teleop/turtlebot3_teleop.egg-info to /home/ignatj/ros2_ws/install/turtlebot3_teleop/lib/python3.10/site-packages/turtlebot3_teleop-2.1.5-py3.10.egg-info
[5.452s] running install_scripts
[5.507s] Installing teleop_keyboard script to /home/ignatj/ros2_ws/install/turtlebot3_teleop/lib/turtlebot3_teleop
[5.509s] writing list of installed files to '/home/ignatj/ros2_ws/build/turtlebot3_teleop/install.log'
[5.622s] Invoked command in '/home/ignatj/ros2_ws/src/turtlebot3/turtlebot3_teleop' returned '0': PYTHONPATH=/home/ignatj/ros2_ws/build/turtlebot3_teleop/prefix_override:/home/ignatj/ros2_ws/install/turtlebot3_teleop/lib/python3.10/site-packages:${PYTHONPATH} /usr/bin/python3 setup.py egg_info --egg-base ../../../build/turtlebot3_teleop build --build-base /home/ignatj/ros2_ws/build/turtlebot3_teleop/build install --record /home/ignatj/ros2_ws/build/turtlebot3_teleop/install.log --single-version-externally-managed
