[12.091s] Invoking command in '/home/ignatj/ros2_ws/build/examples_rclpy_executors': PYTHONPATH=/home/ignatj/ros2_ws/build/examples_rclpy_executors/prefix_override:/home/ignatj/ros2_ws/install/examples_rclpy_executors/lib/python3.10/site-packages:${PYTHONPATH} /usr/bin/python3 setup.py develop --editable --build-directory /home/ignatj/ros2_ws/build/examples_rclpy_executors/build --no-deps install_data
[13.488s] running develop
[13.514s] /usr/lib/python3/dist-packages/setuptools/command/easy_install.py:158: EasyInstallDeprecationWarning: easy_install command is deprecated. Use build and pip and other standards-based tools.
[13.515s]   warnings.warn(
[13.531s] /usr/lib/python3/dist-packages/setuptools/command/install.py:34: SetuptoolsDeprecationWarning: setup.py install is deprecated. Use build and pip and other standards-based tools.
[13.531s]   warnings.warn(
[15.000s] running egg_info
[15.000s] writing examples_rclpy_executors.egg-info/PKG-INFO
[15.020s] writing dependency_links to examples_rclpy_executors.egg-info/dependency_links.txt
[15.020s] writing entry points to examples_rclpy_executors.egg-info/entry_points.txt
[15.025s] writing requirements to examples_rclpy_executors.egg-info/requires.txt
[15.026s] writing top-level names to examples_rclpy_executors.egg-info/top_level.txt
[15.028s] reading manifest file 'examples_rclpy_executors.egg-info/SOURCES.txt'
[15.036s] writing manifest file 'examples_rclpy_executors.egg-info/SOURCES.txt'
[15.042s] running build_ext
[15.042s] Creating /home/ignatj/ros2_ws/install/examples_rclpy_executors/lib/python3.10/site-packages/examples-rclpy-executors.egg-link (link to .)
[15.046s] Installing callback_group script to /home/ignatj/ros2_ws/install/examples_rclpy_executors/lib/examples_rclpy_executors
[15.047s] Installing composed script to /home/ignatj/ros2_ws/install/examples_rclpy_executors/lib/examples_rclpy_executors
[15.047s] Installing custom_callback_group script to /home/ignatj/ros2_ws/install/examples_rclpy_executors/lib/examples_rclpy_executors
[15.048s] Installing custom_executor script to /home/ignatj/ros2_ws/install/examples_rclpy_executors/lib/examples_rclpy_executors
[15.050s] Installing listener script to /home/ignatj/ros2_ws/install/examples_rclpy_executors/lib/examples_rclpy_executors
[15.051s] Installing talker script to /home/ignatj/ros2_ws/install/examples_rclpy_executors/lib/examples_rclpy_executors
[15.052s] 
[15.052s] Installed /home/ignatj/ros2_ws/build/examples_rclpy_executors
[15.052s] running install_data
[15.412s] Invoked command in '/home/ignatj/ros2_ws/build/examples_rclpy_executors' returned '0': PYTHONPATH=/home/ignatj/ros2_ws/build/examples_rclpy_executors/prefix_override:/home/ignatj/ros2_ws/install/examples_rclpy_executors/lib/python3.10/site-packages:${PYTHONPATH} /usr/bin/python3 setup.py develop --editable --build-directory /home/ignatj/ros2_ws/build/examples_rclpy_executors/build --no-deps install_data
