[4.835s] Invoking command in '/home/ignatj/ros2_ws/build/examples_rclpy_pointcloud_publisher': PYTHONPATH=/home/ignatj/ros2_ws/build/examples_rclpy_pointcloud_publisher/prefix_override:/home/ignatj/ros2_ws/install/examples_rclpy_pointcloud_publisher/lib/python3.10/site-packages:${PYTHONPATH} /usr/bin/python3 setup.py develop --uninstall --editable --build-directory /home/ignatj/ros2_ws/build/examples_rclpy_pointcloud_publisher/build
[5.828s] running develop
[5.830s] /usr/lib/python3/dist-packages/setuptools/command/easy_install.py:158: EasyInstallDeprecationWarning: easy_install command is deprecated. Use build and pip and other standards-based tools.
[5.831s]   warnings.warn(
[5.835s] /usr/lib/python3/dist-packages/setuptools/command/install.py:34: SetuptoolsDeprecationWarning: setup.py install is deprecated. Use build and pip and other standards-based tools.
[5.835s]   warnings.warn(
[6.428s] Removing /home/ignatj/ros2_ws/install/examples_rclpy_pointcloud_publisher/lib/python3.10/site-packages/examples-rclpy-pointcloud-publisher.egg-link (link to .)
[6.555s] Invoked command in '/home/ignatj/ros2_ws/build/examples_rclpy_pointcloud_publisher' returned '0': PYTHONPATH=/home/ignatj/ros2_ws/build/examples_rclpy_pointcloud_publisher/prefix_override:/home/ignatj/ros2_ws/install/examples_rclpy_pointcloud_publisher/lib/python3.10/site-packages:${PYTHONPATH} /usr/bin/python3 setup.py develop --uninstall --editable --build-directory /home/ignatj/ros2_ws/build/examples_rclpy_pointcloud_publisher/build
[6.562s] Invoking command in '/home/ignatj/ros2_ws/src/examples/rclpy/topics/pointcloud_publisher': PYTHONPATH=/home/ignatj/ros2_ws/build/examples_rclpy_pointcloud_publisher/prefix_override:/home/ignatj/ros2_ws/install/examples_rclpy_pointcloud_publisher/lib/python3.10/site-packages:${PYTHONPATH} /usr/bin/python3 setup.py egg_info --egg-base ../../../../../build/examples_rclpy_pointcloud_publisher build --build-base /home/ignatj/ros2_ws/build/examples_rclpy_pointcloud_publisher/build install --record /home/ignatj/ros2_ws/build/examples_rclpy_pointcloud_publisher/install.log --single-version-externally-managed
[7.379s] running egg_info
[7.383s] writing ../../../../../build/examples_rclpy_pointcloud_publisher/examples_rclpy_pointcloud_publisher.egg-info/PKG-INFO
[7.384s] writing dependency_links to ../../../../../build/examples_rclpy_pointcloud_publisher/examples_rclpy_pointcloud_publisher.egg-info/dependency_links.txt
[7.392s] writing entry points to ../../../../../build/examples_rclpy_pointcloud_publisher/examples_rclpy_pointcloud_publisher.egg-info/entry_points.txt
[7.393s] writing requirements to ../../../../../build/examples_rclpy_pointcloud_publisher/examples_rclpy_pointcloud_publisher.egg-info/requires.txt
[7.394s] writing top-level names to ../../../../../build/examples_rclpy_pointcloud_publisher/examples_rclpy_pointcloud_publisher.egg-info/top_level.txt
[7.397s] reading manifest file '../../../../../build/examples_rclpy_pointcloud_publisher/examples_rclpy_pointcloud_publisher.egg-info/SOURCES.txt'
[7.401s] writing manifest file '../../../../../build/examples_rclpy_pointcloud_publisher/examples_rclpy_pointcloud_publisher.egg-info/SOURCES.txt'
[7.404s] running build
[7.404s] running build_py
[7.405s] creating /home/ignatj/ros2_ws/build/examples_rclpy_pointcloud_publisher/build
[7.406s] creating /home/ignatj/ros2_ws/build/examples_rclpy_pointcloud_publisher/build/lib
[7.407s] creating /home/ignatj/ros2_ws/build/examples_rclpy_pointcloud_publisher/build/lib/examples_rclpy_pointcloud_publisher
[7.408s] copying examples_rclpy_pointcloud_publisher/pointcloud_publisher.py -> /home/ignatj/ros2_ws/build/examples_rclpy_pointcloud_publisher/build/lib/examples_rclpy_pointcloud_publisher
[7.409s] copying examples_rclpy_pointcloud_publisher/__init__.py -> /home/ignatj/ros2_ws/build/examples_rclpy_pointcloud_publisher/build/lib/examples_rclpy_pointcloud_publisher
[7.410s] running install
[7.412s] running install_lib
[7.412s] creating /home/ignatj/ros2_ws/install/examples_rclpy_pointcloud_publisher/lib/python3.10/site-packages/examples_rclpy_pointcloud_publisher
[7.412s] copying /home/ignatj/ros2_ws/build/examples_rclpy_pointcloud_publisher/build/lib/examples_rclpy_pointcloud_publisher/pointcloud_publisher.py -> /home/ignatj/ros2_ws/install/examples_rclpy_pointcloud_publisher/lib/python3.10/site-packages/examples_rclpy_pointcloud_publisher
[7.412s] /usr/lib/python3/dist-packages/setuptools/command/install.py:34: SetuptoolsDeprecationWarning: setup.py install is deprecated. Use build and pip and other standards-based tools.
[7.413s]   warnings.warn(
[7.413s] copying /home/ignatj/ros2_ws/build/examples_rclpy_pointcloud_publisher/build/lib/examples_rclpy_pointcloud_publisher/__init__.py -> /home/ignatj/ros2_ws/install/examples_rclpy_pointcloud_publisher/lib/python3.10/site-packages/examples_rclpy_pointcloud_publisher
[7.415s] byte-compiling /home/ignatj/ros2_ws/install/examples_rclpy_pointcloud_publisher/lib/python3.10/site-packages/examples_rclpy_pointcloud_publisher/pointcloud_publisher.py to pointcloud_publisher.cpython-310.pyc
[7.420s] byte-compiling /home/ignatj/ros2_ws/install/examples_rclpy_pointcloud_publisher/lib/python3.10/site-packages/examples_rclpy_pointcloud_publisher/__init__.py to __init__.cpython-310.pyc
[7.421s] running install_data
[7.421s] running install_egg_info
[7.430s] Copying ../../../../../build/examples_rclpy_pointcloud_publisher/examples_rclpy_pointcloud_publisher.egg-info to /home/ignatj/ros2_ws/install/examples_rclpy_pointcloud_publisher/lib/python3.10/site-packages/examples_rclpy_pointcloud_publisher-0.15.1-py3.10.egg-info
[7.436s] running install_scripts
[7.516s] Installing pointcloud_publisher script to /home/ignatj/ros2_ws/install/examples_rclpy_pointcloud_publisher/lib/examples_rclpy_pointcloud_publisher
[7.518s] writing list of installed files to '/home/ignatj/ros2_ws/build/examples_rclpy_pointcloud_publisher/install.log'
[7.823s] Invoked command in '/home/ignatj/ros2_ws/src/examples/rclpy/topics/pointcloud_publisher' returned '0': PYTHONPATH=/home/ignatj/ros2_ws/build/examples_rclpy_pointcloud_publisher/prefix_override:/home/ignatj/ros2_ws/install/examples_rclpy_pointcloud_publisher/lib/python3.10/site-packages:${PYTHONPATH} /usr/bin/python3 setup.py egg_info --egg-base ../../../../../build/examples_rclpy_pointcloud_publisher build --build-base /home/ignatj/ros2_ws/build/examples_rclpy_pointcloud_publisher/build install --record /home/ignatj/ros2_ws/build/examples_rclpy_pointcloud_publisher/install.log --single-version-externally-managed
