[4.031s] Invoking command in '/home/ignatj/ros2_ws/src/examples/rclpy/actions/minimal_action_server': PYTHONPATH=/home/ignatj/ros2_ws/build/examples_rclpy_minimal_action_server/prefix_override:/home/ignatj/ros2_ws/install/examples_rclpy_minimal_action_server/lib/python3.10/site-packages:${PYTHONPATH} /usr/bin/python3 setup.py egg_info --egg-base ../../../../../build/examples_rclpy_minimal_action_server build --build-base /home/ignatj/ros2_ws/build/examples_rclpy_minimal_action_server/build install --record /home/ignatj/ros2_ws/build/examples_rclpy_minimal_action_server/install.log --single-version-externally-managed
[4.641s] running egg_info
[4.645s] writing ../../../../../build/examples_rclpy_minimal_action_server/examples_rclpy_minimal_action_server.egg-info/PKG-INFO
[4.646s] writing dependency_links to ../../../../../build/examples_rclpy_minimal_action_server/examples_rclpy_minimal_action_server.egg-info/dependency_links.txt
[4.658s] writing entry points to ../../../../../build/examples_rclpy_minimal_action_server/examples_rclpy_minimal_action_server.egg-info/entry_points.txt
[4.662s] writing requirements to ../../../../../build/examples_rclpy_minimal_action_server/examples_rclpy_minimal_action_server.egg-info/requires.txt
[4.664s] writing top-level names to ../../../../../build/examples_rclpy_minimal_action_server/examples_rclpy_minimal_action_server.egg-info/top_level.txt
[4.667s] reading manifest file '../../../../../build/examples_rclpy_minimal_action_server/examples_rclpy_minimal_action_server.egg-info/SOURCES.txt'
[4.671s] writing manifest file '../../../../../build/examples_rclpy_minimal_action_server/examples_rclpy_minimal_action_server.egg-info/SOURCES.txt'
[4.672s] running build
[4.672s] running build_py
[4.673s] running install
[4.678s] /usr/lib/python3/dist-packages/setuptools/command/install.py:34: SetuptoolsDeprecationWarning: setup.py install is deprecated. Use build and pip and other standards-based tools.
[4.678s]   warnings.warn(
[4.679s] running install_lib
[4.681s] running install_data
[4.683s] running install_egg_info
[4.683s] removing '/home/ignatj/ros2_ws/install/examples_rclpy_minimal_action_server/lib/python3.10/site-packages/examples_rclpy_minimal_action_server-0.15.1-py3.10.egg-info' (and everything under it)
[4.685s] Copying ../../../../../build/examples_rclpy_minimal_action_server/examples_rclpy_minimal_action_server.egg-info to /home/ignatj/ros2_ws/install/examples_rclpy_minimal_action_server/lib/python3.10/site-packages/examples_rclpy_minimal_action_server-0.15.1-py3.10.egg-info
[4.686s] running install_scripts
[4.735s] Installing server script to /home/ignatj/ros2_ws/install/examples_rclpy_minimal_action_server/lib/examples_rclpy_minimal_action_server
[4.736s] Installing server_defer script to /home/ignatj/ros2_ws/install/examples_rclpy_minimal_action_server/lib/examples_rclpy_minimal_action_server
[4.738s] Installing server_not_composable script to /home/ignatj/ros2_ws/install/examples_rclpy_minimal_action_server/lib/examples_rclpy_minimal_action_server
[4.739s] Installing server_queue_goals script to /home/ignatj/ros2_ws/install/examples_rclpy_minimal_action_server/lib/examples_rclpy_minimal_action_server
[4.740s] Installing server_single_goal script to /home/ignatj/ros2_ws/install/examples_rclpy_minimal_action_server/lib/examples_rclpy_minimal_action_server
[4.741s] writing list of installed files to '/home/ignatj/ros2_ws/build/examples_rclpy_minimal_action_server/install.log'
[5.675s] Invoked command in '/home/ignatj/ros2_ws/src/examples/rclpy/actions/minimal_action_server' returned '0': PYTHONPATH=/home/ignatj/ros2_ws/build/examples_rclpy_minimal_action_server/prefix_override:/home/ignatj/ros2_ws/install/examples_rclpy_minimal_action_server/lib/python3.10/site-packages:${PYTHONPATH} /usr/bin/python3 setup.py egg_info --egg-base ../../../../../build/examples_rclpy_minimal_action_server build --build-base /home/ignatj/ros2_ws/build/examples_rclpy_minimal_action_server/build install --record /home/ignatj/ros2_ws/build/examples_rclpy_minimal_action_server/install.log --single-version-externally-managed
