[0.478s] Invoking command in '/home/ignatj/ros2_ws/build/turtlebot3_node': CMAKE_PREFIX_PATH=/opt/ros/humble /usr/bin/cmake /home/ignatj/ros2_ws/src/turtlebot3/turtlebot3_node -DAMENT_CMAKE_SYMLINK_INSTALL=1 -DCMAKE_INSTALL_PREFIX=/home/ignatj/ros2_ws/install/turtlebot3_node
[1.245s] -- The C compiler identification is GNU 11.4.0
[1.306s] -- The CXX compiler identification is GNU 11.4.0
[1.336s] -- Detecting C compiler ABI info
[1.630s] -- Detecting C compiler ABI info - done
[1.667s] -- Check for working C compiler: /usr/bin/cc - skipped
[1.668s] -- Detecting C compile features
[1.669s] -- Detecting C compile features - done
[1.675s] -- Detecting CXX compiler ABI info
[1.936s] -- Detecting CXX compiler ABI info - done
[1.955s] -- Check for working CXX compiler: /usr/bin/c++ - skipped
[1.957s] -- Detecting CXX compile features
[1.959s] -- Detecting CXX compile features - done
[1.972s] -- Found ament_cmake: 1.3.7 (/opt/ros/humble/share/ament_cmake/cmake)
[2.434s] -- Found Python3: /usr/bin/python3.10 (found version "3.10.12") found components: Interpreter 
[2.677s] -- Override CMake install command with custom implementation using symlinks instead of copying resources
[2.836s] -- Found dynamixel_sdk: 3.7.60 (/opt/ros/humble/share/dynamixel_sdk/cmake)
[2.851s] -- Found geometry_msgs: 4.2.3 (/opt/ros/humble/share/geometry_msgs/cmake)
[3.059s] -- Found rosidl_generator_c: 3.1.5 (/opt/ros/humble/share/rosidl_generator_c/cmake)
[3.080s] -- Found rosidl_adapter: 3.1.5 (/opt/ros/humble/share/rosidl_adapter/cmake)
[3.125s] -- Found rosidl_generator_cpp: 3.1.5 (/opt/ros/humble/share/rosidl_generator_cpp/cmake)
[3.201s] -- Using all available rosidl_typesupport_c: rosidl_typesupport_fastrtps_c;rosidl_typesupport_introspection_c
[3.271s] -- Using all available rosidl_typesupport_cpp: rosidl_typesupport_fastrtps_cpp;rosidl_typesupport_introspection_cpp
[3.650s] -- Found message_filters: 4.3.3 (/opt/ros/humble/share/message_filters/cmake)
[3.927s] -- Found rmw_implementation_cmake: 6.1.1 (/opt/ros/humble/share/rmw_implementation_cmake/cmake)
[3.945s] -- Found rmw_fastrtps_cpp: 6.2.6 (/opt/ros/humble/share/rmw_fastrtps_cpp/cmake)
[4.344s] -- Found OpenSSL: /usr/lib/x86_64-linux-gnu/libcrypto.so (found version "3.0.2")  
[4.423s] -- Found FastRTPS: /opt/ros/humble/include  
[4.542s] -- Using RMW implementation 'rmw_fastrtps_cpp' as default
[4.585s] -- Looking for pthread.h
[4.772s] -- Looking for pthread.h - found
[4.773s] -- Performing Test CMAKE_HAVE_LIBC_PTHREAD
[4.966s] -- Performing Test CMAKE_HAVE_LIBC_PTHREAD - Success
[4.967s] -- Found Threads: TRUE  
[5.372s] -- Found nav_msgs: 4.2.3 (/opt/ros/humble/share/nav_msgs/cmake)
[5.557s] -- Found sensor_msgs: 4.2.3 (/opt/ros/humble/share/sensor_msgs/cmake)
[5.777s] -- Found std_srvs: 4.2.3 (/opt/ros/humble/share/std_srvs/cmake)
[5.855s] -- Found tf2: 0.25.5 (/opt/ros/humble/share/tf2/cmake)
[5.897s] -- Found tf2_ros: 0.25.5 (/opt/ros/humble/share/tf2_ros/cmake)
[6.823s] -- Found turtlebot3_msgs: 2.2.3 (/opt/ros/humble/share/turtlebot3_msgs/cmake)
[7.130s] -- Configuring done
[7.191s] -- Generating done
[7.197s] -- Build files have been written to: /home/ignatj/ros2_ws/build/turtlebot3_node
[7.237s] Invoked command in '/home/ignatj/ros2_ws/build/turtlebot3_node' returned '0': CMAKE_PREFIX_PATH=/opt/ros/humble /usr/bin/cmake /home/ignatj/ros2_ws/src/turtlebot3/turtlebot3_node -DAMENT_CMAKE_SYMLINK_INSTALL=1 -DCMAKE_INSTALL_PREFIX=/home/ignatj/ros2_ws/install/turtlebot3_node
[7.237s] Invoking command in '/home/ignatj/ros2_ws/build/turtlebot3_node': CMAKE_PREFIX_PATH=/opt/ros/humble /usr/bin/cmake --build /home/ignatj/ros2_ws/build/turtlebot3_node -- -j6 -l6
[7.406s] [  7%] [32mBuilding CXX object CMakeFiles/turtlebot3_node_lib.dir/src/devices/motor_power.cpp.o[0m
[7.417s] [ 14%] [32mBuilding CXX object CMakeFiles/turtlebot3_node_lib.dir/src/diff_drive_controller.cpp.o[0m
[7.418s] [ 21%] [32mBuilding CXX object CMakeFiles/turtlebot3_node_lib.dir/src/devices/reset.cpp.o[0m
[7.434s] [ 28%] [32mBuilding CXX object CMakeFiles/turtlebot3_node_lib.dir/src/devices/sound.cpp.o[0m
[7.452s] [ 35%] [32mBuilding CXX object CMakeFiles/turtlebot3_node_lib.dir/src/dynamixel_sdk_wrapper.cpp.o[0m
[7.491s] [ 42%] [32mBuilding CXX object CMakeFiles/turtlebot3_node_lib.dir/src/odometry.cpp.o[0m
[12.686s] [ 50%] [32mBuilding CXX object CMakeFiles/turtlebot3_node_lib.dir/src/turtlebot3.cpp.o[0m
[165.299s] [ 57%] [32mBuilding CXX object CMakeFiles/turtlebot3_node_lib.dir/src/sensors/sensor_state.cpp.o[0m
[183.246s] [ 64%] [32mBuilding CXX object CMakeFiles/turtlebot3_node_lib.dir/src/sensors/joint_state.cpp.o[0m
[195.675s] [ 71%] [32mBuilding CXX object CMakeFiles/turtlebot3_node_lib.dir/src/sensors/imu.cpp.o[0m
[206.766s] [ 78%] [32mBuilding CXX object CMakeFiles/turtlebot3_node_lib.dir/src/sensors/battery_state.cpp.o[0m
[216.213s] [ 85%] [32m[1mLinking CXX static library libturtlebot3_node_lib.a[0m
[217.830s] [ 85%] Built target turtlebot3_node_lib
[217.907s] [ 92%] [32mBuilding CXX object CMakeFiles/turtlebot3_ros.dir/src/node_main.cpp.o[0m
[227.512s] [100%] [32m[1mLinking CXX executable turtlebot3_ros[0m
[234.633s] [100%] Built target turtlebot3_ros
[235.006s] Invoked command in '/home/ignatj/ros2_ws/build/turtlebot3_node' returned '0': CMAKE_PREFIX_PATH=/opt/ros/humble /usr/bin/cmake --build /home/ignatj/ros2_ws/build/turtlebot3_node -- -j6 -l6
[235.308s] Invoking command in '/home/ignatj/ros2_ws/build/turtlebot3_node': CMAKE_PREFIX_PATH=/opt/ros/humble /usr/bin/cmake --install /home/ignatj/ros2_ws/build/turtlebot3_node
[235.355s] -- Install configuration: ""
[235.359s] -- Execute custom install script
[235.365s] -- Symlinking: /home/ignatj/ros2_ws/install/turtlebot3_node/share/turtlebot3_node/param/burger.yaml
[235.408s] -- Symlinking: /home/ignatj/ros2_ws/install/turtlebot3_node/share/turtlebot3_node/param/waffle.yaml
[235.461s] -- Symlinking: /home/ignatj/ros2_ws/install/turtlebot3_node/share/turtlebot3_node/param/waffle_pi.yaml
[235.494s] -- Symlinking: /home/ignatj/ros2_ws/install/turtlebot3_node/lib/turtlebot3_node/turtlebot3_ros
[235.560s] -- Symlinking: /home/ignatj/ros2_ws/install/turtlebot3_node/share/ament_index/resource_index/package_run_dependencies/turtlebot3_node
[235.609s] -- Symlinking: /home/ignatj/ros2_ws/install/turtlebot3_node/share/ament_index/resource_index/parent_prefix_path/turtlebot3_node
[235.646s] -- Symlinking: /home/ignatj/ros2_ws/install/turtlebot3_node/share/turtlebot3_node/environment/ament_prefix_path.sh
[235.682s] -- Symlinking: /home/ignatj/ros2_ws/install/turtlebot3_node/share/turtlebot3_node/environment/ament_prefix_path.dsv
[235.716s] -- Symlinking: /home/ignatj/ros2_ws/install/turtlebot3_node/share/turtlebot3_node/environment/path.sh
[235.753s] -- Symlinking: /home/ignatj/ros2_ws/install/turtlebot3_node/share/turtlebot3_node/environment/path.dsv
[235.788s] -- Symlinking: /home/ignatj/ros2_ws/install/turtlebot3_node/share/turtlebot3_node/local_setup.bash
[235.826s] -- Symlinking: /home/ignatj/ros2_ws/install/turtlebot3_node/share/turtlebot3_node/local_setup.sh
[235.874s] -- Symlinking: /home/ignatj/ros2_ws/install/turtlebot3_node/share/turtlebot3_node/local_setup.zsh
[235.906s] -- Symlinking: /home/ignatj/ros2_ws/install/turtlebot3_node/share/turtlebot3_node/local_setup.dsv
[235.938s] -- Symlinking: /home/ignatj/ros2_ws/install/turtlebot3_node/share/turtlebot3_node/package.dsv
[235.974s] -- Symlinking: /home/ignatj/ros2_ws/install/turtlebot3_node/share/ament_index/resource_index/packages/turtlebot3_node
[236.005s] -- Symlinking: /home/ignatj/ros2_ws/install/turtlebot3_node/share/turtlebot3_node/cmake/ament_cmake_export_include_directories-extras.cmake
[236.039s] -- Symlinking: /home/ignatj/ros2_ws/install/turtlebot3_node/share/turtlebot3_node/cmake/turtlebot3_nodeConfig.cmake
[236.075s] -- Symlinking: /home/ignatj/ros2_ws/install/turtlebot3_node/share/turtlebot3_node/cmake/turtlebot3_nodeConfig-version.cmake
[236.116s] -- Symlinking: /home/ignatj/ros2_ws/install/turtlebot3_node/share/turtlebot3_node/package.xml
[236.169s] Invoked command in '/home/ignatj/ros2_ws/build/turtlebot3_node' returned '0': CMAKE_PREFIX_PATH=/opt/ros/humble /usr/bin/cmake --install /home/ignatj/ros2_ws/build/turtlebot3_node
