[4.904s] Invoking command in '/home/ignatj/ros2_ws/src/examples/rclpy/guard_conditions': PYTHONPATH=/home/ignatj/ros2_ws/build/examples_rclpy_guard_conditions/prefix_override:/home/ignatj/ros2_ws/install/examples_rclpy_guard_conditions/lib/python3.10/site-packages:${PYTHONPATH} /usr/bin/python3 setup.py egg_info --egg-base ../../../../build/examples_rclpy_guard_conditions build --build-base /home/ignatj/ros2_ws/build/examples_rclpy_guard_conditions/build install --record /home/ignatj/ros2_ws/build/examples_rclpy_guard_conditions/install.log --single-version-externally-managed
[5.579s] running egg_info
[5.582s] writing ../../../../build/examples_rclpy_guard_conditions/examples_rclpy_guard_conditions.egg-info/PKG-INFO
[5.592s] writing dependency_links to ../../../../build/examples_rclpy_guard_conditions/examples_rclpy_guard_conditions.egg-info/dependency_links.txt
[5.594s] writing entry points to ../../../../build/examples_rclpy_guard_conditions/examples_rclpy_guard_conditions.egg-info/entry_points.txt
[5.595s] writing requirements to ../../../../build/examples_rclpy_guard_conditions/examples_rclpy_guard_conditions.egg-info/requires.txt
[5.596s] writing top-level names to ../../../../build/examples_rclpy_guard_conditions/examples_rclpy_guard_conditions.egg-info/top_level.txt
[5.603s] reading manifest file '../../../../build/examples_rclpy_guard_conditions/examples_rclpy_guard_conditions.egg-info/SOURCES.txt'
[5.605s] writing manifest file '../../../../build/examples_rclpy_guard_conditions/examples_rclpy_guard_conditions.egg-info/SOURCES.txt'
[5.607s] running build
[5.607s] running build_py
[5.610s] running install
[5.611s] /usr/lib/python3/dist-packages/setuptools/command/install.py:34: SetuptoolsDeprecationWarning: setup.py install is deprecated. Use build and pip and other standards-based tools.
[5.611s]   warnings.warn(
[5.612s] running install_lib
[5.615s] running install_data
[5.617s] running install_egg_info
[5.621s] removing '/home/ignatj/ros2_ws/install/examples_rclpy_guard_conditions/lib/python3.10/site-packages/examples_rclpy_guard_conditions-0.15.1-py3.10.egg-info' (and everything under it)
[5.623s] Copying ../../../../build/examples_rclpy_guard_conditions/examples_rclpy_guard_conditions.egg-info to /home/ignatj/ros2_ws/install/examples_rclpy_guard_conditions/lib/python3.10/site-packages/examples_rclpy_guard_conditions-0.15.1-py3.10.egg-info
[5.626s] running install_scripts
[5.673s] Installing trigger_guard_condition script to /home/ignatj/ros2_ws/install/examples_rclpy_guard_conditions/lib/examples_rclpy_guard_conditions
[5.674s] writing list of installed files to '/home/ignatj/ros2_ws/build/examples_rclpy_guard_conditions/install.log'
[6.403s] Invoked command in '/home/ignatj/ros2_ws/src/examples/rclpy/guard_conditions' returned '0': PYTHONPATH=/home/ignatj/ros2_ws/build/examples_rclpy_guard_conditions/prefix_override:/home/ignatj/ros2_ws/install/examples_rclpy_guard_conditions/lib/python3.10/site-packages:${PYTHONPATH} /usr/bin/python3 setup.py egg_info --egg-base ../../../../build/examples_rclpy_guard_conditions build --build-base /home/ignatj/ros2_ws/build/examples_rclpy_guard_conditions/build install --record /home/ignatj/ros2_ws/build/examples_rclpy_guard_conditions/install.log --single-version-externally-managed
