[5.279s] Invoking command in '/home/ignatj/ros2_ws/build/examples_rclpy_minimal_service': PYTHONPATH=/home/ignatj/ros2_ws/build/examples_rclpy_minimal_service/prefix_override:/home/ignatj/ros2_ws/install/examples_rclpy_minimal_service/lib/python3.10/site-packages:${PYTHONPATH} /usr/bin/python3 setup.py develop --editable --build-directory /home/ignatj/ros2_ws/build/examples_rclpy_minimal_service/build --no-deps install_data
[6.152s] running develop
[6.155s] /usr/lib/python3/dist-packages/setuptools/command/easy_install.py:158: EasyInstallDeprecationWarning: easy_install command is deprecated. Use build and pip and other standards-based tools.
[6.155s]   warnings.warn(
[6.159s] /usr/lib/python3/dist-packages/setuptools/command/install.py:34: SetuptoolsDeprecationWarning: setup.py install is deprecated. Use build and pip and other standards-based tools.
[6.159s]   warnings.warn(
[6.612s] running egg_info
[6.613s] writing examples_rclpy_minimal_service.egg-info/PKG-INFO
[6.614s] writing dependency_links to examples_rclpy_minimal_service.egg-info/dependency_links.txt
[6.615s] writing entry points to examples_rclpy_minimal_service.egg-info/entry_points.txt
[6.617s] writing requirements to examples_rclpy_minimal_service.egg-info/requires.txt
[6.617s] writing top-level names to examples_rclpy_minimal_service.egg-info/top_level.txt
[6.622s] reading manifest file 'examples_rclpy_minimal_service.egg-info/SOURCES.txt'
[6.625s] writing manifest file 'examples_rclpy_minimal_service.egg-info/SOURCES.txt'
[6.629s] running build_ext
[6.629s] Creating /home/ignatj/ros2_ws/install/examples_rclpy_minimal_service/lib/python3.10/site-packages/examples-rclpy-minimal-service.egg-link (link to .)
[6.632s] Installing service script to /home/ignatj/ros2_ws/install/examples_rclpy_minimal_service/lib/examples_rclpy_minimal_service
[6.633s] Installing service_member_function script to /home/ignatj/ros2_ws/install/examples_rclpy_minimal_service/lib/examples_rclpy_minimal_service
[6.634s] 
[6.634s] Installed /home/ignatj/ros2_ws/build/examples_rclpy_minimal_service
[6.635s] running install_data
[7.249s] Invoked command in '/home/ignatj/ros2_ws/build/examples_rclpy_minimal_service' returned '0': PYTHONPATH=/home/ignatj/ros2_ws/build/examples_rclpy_minimal_service/prefix_override:/home/ignatj/ros2_ws/install/examples_rclpy_minimal_service/lib/python3.10/site-packages:${PYTHONPATH} /usr/bin/python3 setup.py develop --editable --build-directory /home/ignatj/ros2_ws/build/examples_rclpy_minimal_service/build --no-deps install_data
