[6.297s] Invoking command in '/home/ignatj/ros2_ws/src/examples/rclpy/executors': PYTHONPATH=/home/ignatj/ros2_ws/build/examples_rclpy_executors/prefix_override:/home/ignatj/ros2_ws/install/examples_rclpy_executors/lib/python3.10/site-packages:${PYTHONPATH} /usr/bin/python3 setup.py egg_info --egg-base ../../../../build/examples_rclpy_executors build --build-base /home/ignatj/ros2_ws/build/examples_rclpy_executors/build install --record /home/ignatj/ros2_ws/build/examples_rclpy_executors/install.log --single-version-externally-managed
[6.985s] running egg_info
[6.987s] writing ../../../../build/examples_rclpy_executors/examples_rclpy_executors.egg-info/PKG-INFO
[6.989s] writing dependency_links to ../../../../build/examples_rclpy_executors/examples_rclpy_executors.egg-info/dependency_links.txt
[6.989s] writing entry points to ../../../../build/examples_rclpy_executors/examples_rclpy_executors.egg-info/entry_points.txt
[6.990s] writing requirements to ../../../../build/examples_rclpy_executors/examples_rclpy_executors.egg-info/requires.txt
[6.991s] writing top-level names to ../../../../build/examples_rclpy_executors/examples_rclpy_executors.egg-info/top_level.txt
[7.000s] reading manifest file '../../../../build/examples_rclpy_executors/examples_rclpy_executors.egg-info/SOURCES.txt'
[7.005s] writing manifest file '../../../../build/examples_rclpy_executors/examples_rclpy_executors.egg-info/SOURCES.txt'
[7.006s] running build
[7.007s] running build_py
[7.010s] /usr/lib/python3/dist-packages/setuptools/command/install.py:34: SetuptoolsDeprecationWarning: setup.py install is deprecated. Use build and pip and other standards-based tools.
[7.010s]   warnings.warn(
[7.011s] running install
[7.012s] running install_lib
[7.014s] running install_data
[7.015s] running install_egg_info
[7.022s] removing '/home/ignatj/ros2_ws/install/examples_rclpy_executors/lib/python3.10/site-packages/examples_rclpy_executors-0.15.1-py3.10.egg-info' (and everything under it)
[7.023s] Copying ../../../../build/examples_rclpy_executors/examples_rclpy_executors.egg-info to /home/ignatj/ros2_ws/install/examples_rclpy_executors/lib/python3.10/site-packages/examples_rclpy_executors-0.15.1-py3.10.egg-info
[7.024s] running install_scripts
[7.086s] Installing callback_group script to /home/ignatj/ros2_ws/install/examples_rclpy_executors/lib/examples_rclpy_executors
[7.089s] Installing composed script to /home/ignatj/ros2_ws/install/examples_rclpy_executors/lib/examples_rclpy_executors
[7.090s] Installing custom_callback_group script to /home/ignatj/ros2_ws/install/examples_rclpy_executors/lib/examples_rclpy_executors
[7.090s] Installing custom_executor script to /home/ignatj/ros2_ws/install/examples_rclpy_executors/lib/examples_rclpy_executors
[7.091s] Installing listener script to /home/ignatj/ros2_ws/install/examples_rclpy_executors/lib/examples_rclpy_executors
[7.092s] Installing talker script to /home/ignatj/ros2_ws/install/examples_rclpy_executors/lib/examples_rclpy_executors
[7.093s] writing list of installed files to '/home/ignatj/ros2_ws/build/examples_rclpy_executors/install.log'
[7.401s] Invoked command in '/home/ignatj/ros2_ws/src/examples/rclpy/executors' returned '0': PYTHONPATH=/home/ignatj/ros2_ws/build/examples_rclpy_executors/prefix_override:/home/ignatj/ros2_ws/install/examples_rclpy_executors/lib/python3.10/site-packages:${PYTHONPATH} /usr/bin/python3 setup.py egg_info --egg-base ../../../../build/examples_rclpy_executors build --build-base /home/ignatj/ros2_ws/build/examples_rclpy_executors/build install --record /home/ignatj/ros2_ws/build/examples_rclpy_executors/install.log --single-version-externally-managed
