[4.129s] Invoking command in '/home/ignatj/ros2_ws/build/turtlebot3_example': PYTHONPATH=/home/ignatj/ros2_ws/build/turtlebot3_example/prefix_override:/home/ignatj/ros2_ws/install/turtlebot3_example/lib/python3.10/site-packages:${PYTHONPATH} /usr/bin/python3 setup.py develop --uninstall --editable --build-directory /home/ignatj/ros2_ws/build/turtlebot3_example/build
[5.126s] running develop
[5.130s] /usr/lib/python3/dist-packages/setuptools/command/easy_install.py:158: EasyInstallDeprecationWarning: easy_install command is deprecated. Use build and pip and other standards-based tools.
[5.131s]   warnings.warn(
[5.141s] /usr/lib/python3/dist-packages/setuptools/command/install.py:34: SetuptoolsDeprecationWarning: setup.py install is deprecated. Use build and pip and other standards-based tools.
[5.141s]   warnings.warn(
[5.749s] Removing /home/ignatj/ros2_ws/install/turtlebot3_example/lib/python3.10/site-packages/turtlebot3-example.egg-link (link to .)
[5.849s] Invoked command in '/home/ignatj/ros2_ws/build/turtlebot3_example' returned '0': PYTHONPATH=/home/ignatj/ros2_ws/build/turtlebot3_example/prefix_override:/home/ignatj/ros2_ws/install/turtlebot3_example/lib/python3.10/site-packages:${PYTHONPATH} /usr/bin/python3 setup.py develop --uninstall --editable --build-directory /home/ignatj/ros2_ws/build/turtlebot3_example/build
[5.851s] Invoking command in '/home/ignatj/ros2_ws/src/turtlebot3/turtlebot3_example': PYTHONPATH=/home/ignatj/ros2_ws/build/turtlebot3_example/prefix_override:/home/ignatj/ros2_ws/install/turtlebot3_example/lib/python3.10/site-packages:${PYTHONPATH} /usr/bin/python3 setup.py egg_info --egg-base ../../../build/turtlebot3_example build --build-base /home/ignatj/ros2_ws/build/turtlebot3_example/build install --record /home/ignatj/ros2_ws/build/turtlebot3_example/install.log --single-version-externally-managed
[6.626s] running egg_info
[6.629s] writing ../../../build/turtlebot3_example/turtlebot3_example.egg-info/PKG-INFO
[6.630s] writing dependency_links to ../../../build/turtlebot3_example/turtlebot3_example.egg-info/dependency_links.txt
[6.631s] writing entry points to ../../../build/turtlebot3_example/turtlebot3_example.egg-info/entry_points.txt
[6.632s] writing requirements to ../../../build/turtlebot3_example/turtlebot3_example.egg-info/requires.txt
[6.633s] writing top-level names to ../../../build/turtlebot3_example/turtlebot3_example.egg-info/top_level.txt
[6.652s] reading manifest file '../../../build/turtlebot3_example/turtlebot3_example.egg-info/SOURCES.txt'
[6.652s] writing manifest file '../../../build/turtlebot3_example/turtlebot3_example.egg-info/SOURCES.txt'
[6.655s] running build
[6.656s] running build_py
[6.656s] creating /home/ignatj/ros2_ws/build/turtlebot3_example/build
[6.656s] creating /home/ignatj/ros2_ws/build/turtlebot3_example/build/lib
[6.657s] creating /home/ignatj/ros2_ws/build/turtlebot3_example/build/lib/turtlebot3_example
[6.657s] copying turtlebot3_example/__init__.py -> /home/ignatj/ros2_ws/build/turtlebot3_example/build/lib/turtlebot3_example
[6.658s] creating /home/ignatj/ros2_ws/build/turtlebot3_example/build/lib/turtlebot3_example/turtlebot3_position_control
[6.658s] copying turtlebot3_example/turtlebot3_position_control/main.py -> /home/ignatj/ros2_ws/build/turtlebot3_example/build/lib/turtlebot3_example/turtlebot3_position_control
[6.659s] copying turtlebot3_example/turtlebot3_position_control/turtlebot3_path.py -> /home/ignatj/ros2_ws/build/turtlebot3_example/build/lib/turtlebot3_example/turtlebot3_position_control
[6.661s] copying turtlebot3_example/turtlebot3_position_control/turtlebot3_position_control.py -> /home/ignatj/ros2_ws/build/turtlebot3_example/build/lib/turtlebot3_example/turtlebot3_position_control
[6.663s] copying turtlebot3_example/turtlebot3_position_control/__init__.py -> /home/ignatj/ros2_ws/build/turtlebot3_example/build/lib/turtlebot3_example/turtlebot3_position_control
[6.664s] creating /home/ignatj/ros2_ws/build/turtlebot3_example/build/lib/turtlebot3_example/turtlebot3_patrol_client
[6.664s] copying turtlebot3_example/turtlebot3_patrol_client/turtlebot3_patrol_client.py -> /home/ignatj/ros2_ws/build/turtlebot3_example/build/lib/turtlebot3_example/turtlebot3_patrol_client
[6.665s] copying turtlebot3_example/turtlebot3_patrol_client/main.py -> /home/ignatj/ros2_ws/build/turtlebot3_example/build/lib/turtlebot3_example/turtlebot3_patrol_client
[6.667s] copying turtlebot3_example/turtlebot3_patrol_client/__init__.py -> /home/ignatj/ros2_ws/build/turtlebot3_example/build/lib/turtlebot3_example/turtlebot3_patrol_client
[6.668s] creating /home/ignatj/ros2_ws/build/turtlebot3_example/build/lib/turtlebot3_example/turtlebot3_patrol_server
[6.668s] copying turtlebot3_example/turtlebot3_patrol_server/turtlebot3_patrol_server.py -> /home/ignatj/ros2_ws/build/turtlebot3_example/build/lib/turtlebot3_example/turtlebot3_patrol_server
[6.670s] copying turtlebot3_example/turtlebot3_patrol_server/main.py -> /home/ignatj/ros2_ws/build/turtlebot3_example/build/lib/turtlebot3_example/turtlebot3_patrol_server
[6.672s] copying turtlebot3_example/turtlebot3_patrol_server/turtlebot3_path.py -> /home/ignatj/ros2_ws/build/turtlebot3_example/build/lib/turtlebot3_example/turtlebot3_patrol_server
[6.677s] copying turtlebot3_example/turtlebot3_patrol_server/__init__.py -> /home/ignatj/ros2_ws/build/turtlebot3_example/build/lib/turtlebot3_example/turtlebot3_patrol_server
[6.677s] creating /home/ignatj/ros2_ws/build/turtlebot3_example/build/lib/turtlebot3_example/turtlebot3_obstacle_detection
[6.677s] copying turtlebot3_example/turtlebot3_obstacle_detection/turtlebot3_obstacle_detection.py -> /home/ignatj/ros2_ws/build/turtlebot3_example/build/lib/turtlebot3_example/turtlebot3_obstacle_detection
[6.679s] copying turtlebot3_example/turtlebot3_obstacle_detection/main.py -> /home/ignatj/ros2_ws/build/turtlebot3_example/build/lib/turtlebot3_example/turtlebot3_obstacle_detection
[6.680s] copying turtlebot3_example/turtlebot3_obstacle_detection/__init__.py -> /home/ignatj/ros2_ws/build/turtlebot3_example/build/lib/turtlebot3_example/turtlebot3_obstacle_detection
[6.681s] running install
[6.683s] /usr/lib/python3/dist-packages/setuptools/command/install.py:34: SetuptoolsDeprecationWarning: setup.py install is deprecated. Use build and pip and other standards-based tools.
[6.683s]   warnings.warn(
[6.684s] running install_lib
[6.689s] creating /home/ignatj/ros2_ws/install/turtlebot3_example/lib/python3.10/site-packages/turtlebot3_example
[6.690s] creating /home/ignatj/ros2_ws/install/turtlebot3_example/lib/python3.10/site-packages/turtlebot3_example/turtlebot3_position_control
[6.690s] copying /home/ignatj/ros2_ws/build/turtlebot3_example/build/lib/turtlebot3_example/turtlebot3_position_control/main.py -> /home/ignatj/ros2_ws/install/turtlebot3_example/lib/python3.10/site-packages/turtlebot3_example/turtlebot3_position_control
[6.691s] copying /home/ignatj/ros2_ws/build/turtlebot3_example/build/lib/turtlebot3_example/turtlebot3_position_control/turtlebot3_path.py -> /home/ignatj/ros2_ws/install/turtlebot3_example/lib/python3.10/site-packages/turtlebot3_example/turtlebot3_position_control
[6.697s] copying /home/ignatj/ros2_ws/build/turtlebot3_example/build/lib/turtlebot3_example/turtlebot3_position_control/turtlebot3_position_control.py -> /home/ignatj/ros2_ws/install/turtlebot3_example/lib/python3.10/site-packages/turtlebot3_example/turtlebot3_position_control
[6.698s] copying /home/ignatj/ros2_ws/build/turtlebot3_example/build/lib/turtlebot3_example/turtlebot3_position_control/__init__.py -> /home/ignatj/ros2_ws/install/turtlebot3_example/lib/python3.10/site-packages/turtlebot3_example/turtlebot3_position_control
[6.698s] creating /home/ignatj/ros2_ws/install/turtlebot3_example/lib/python3.10/site-packages/turtlebot3_example/turtlebot3_patrol_client
[6.699s] copying /home/ignatj/ros2_ws/build/turtlebot3_example/build/lib/turtlebot3_example/turtlebot3_patrol_client/turtlebot3_patrol_client.py -> /home/ignatj/ros2_ws/install/turtlebot3_example/lib/python3.10/site-packages/turtlebot3_example/turtlebot3_patrol_client
[6.700s] copying /home/ignatj/ros2_ws/build/turtlebot3_example/build/lib/turtlebot3_example/turtlebot3_patrol_client/main.py -> /home/ignatj/ros2_ws/install/turtlebot3_example/lib/python3.10/site-packages/turtlebot3_example/turtlebot3_patrol_client
[6.701s] copying /home/ignatj/ros2_ws/build/turtlebot3_example/build/lib/turtlebot3_example/turtlebot3_patrol_client/__init__.py -> /home/ignatj/ros2_ws/install/turtlebot3_example/lib/python3.10/site-packages/turtlebot3_example/turtlebot3_patrol_client
[6.702s] creating /home/ignatj/ros2_ws/install/turtlebot3_example/lib/python3.10/site-packages/turtlebot3_example/turtlebot3_patrol_server
[6.703s] copying /home/ignatj/ros2_ws/build/turtlebot3_example/build/lib/turtlebot3_example/turtlebot3_patrol_server/turtlebot3_patrol_server.py -> /home/ignatj/ros2_ws/install/turtlebot3_example/lib/python3.10/site-packages/turtlebot3_example/turtlebot3_patrol_server
[6.703s] copying /home/ignatj/ros2_ws/build/turtlebot3_example/build/lib/turtlebot3_example/turtlebot3_patrol_server/main.py -> /home/ignatj/ros2_ws/install/turtlebot3_example/lib/python3.10/site-packages/turtlebot3_example/turtlebot3_patrol_server
[6.704s] copying /home/ignatj/ros2_ws/build/turtlebot3_example/build/lib/turtlebot3_example/turtlebot3_patrol_server/turtlebot3_path.py -> /home/ignatj/ros2_ws/install/turtlebot3_example/lib/python3.10/site-packages/turtlebot3_example/turtlebot3_patrol_server
[6.705s] copying /home/ignatj/ros2_ws/build/turtlebot3_example/build/lib/turtlebot3_example/turtlebot3_patrol_server/__init__.py -> /home/ignatj/ros2_ws/install/turtlebot3_example/lib/python3.10/site-packages/turtlebot3_example/turtlebot3_patrol_server
[6.705s] copying /home/ignatj/ros2_ws/build/turtlebot3_example/build/lib/turtlebot3_example/__init__.py -> /home/ignatj/ros2_ws/install/turtlebot3_example/lib/python3.10/site-packages/turtlebot3_example
[6.706s] creating /home/ignatj/ros2_ws/install/turtlebot3_example/lib/python3.10/site-packages/turtlebot3_example/turtlebot3_obstacle_detection
[6.707s] copying /home/ignatj/ros2_ws/build/turtlebot3_example/build/lib/turtlebot3_example/turtlebot3_obstacle_detection/turtlebot3_obstacle_detection.py -> /home/ignatj/ros2_ws/install/turtlebot3_example/lib/python3.10/site-packages/turtlebot3_example/turtlebot3_obstacle_detection
[6.715s] copying /home/ignatj/ros2_ws/build/turtlebot3_example/build/lib/turtlebot3_example/turtlebot3_obstacle_detection/main.py -> /home/ignatj/ros2_ws/install/turtlebot3_example/lib/python3.10/site-packages/turtlebot3_example/turtlebot3_obstacle_detection
[6.715s] copying /home/ignatj/ros2_ws/build/turtlebot3_example/build/lib/turtlebot3_example/turtlebot3_obstacle_detection/__init__.py -> /home/ignatj/ros2_ws/install/turtlebot3_example/lib/python3.10/site-packages/turtlebot3_example/turtlebot3_obstacle_detection
[6.720s] byte-compiling /home/ignatj/ros2_ws/install/turtlebot3_example/lib/python3.10/site-packages/turtlebot3_example/turtlebot3_position_control/main.py to main.cpython-310.pyc
[6.721s] byte-compiling /home/ignatj/ros2_ws/install/turtlebot3_example/lib/python3.10/site-packages/turtlebot3_example/turtlebot3_position_control/turtlebot3_path.py to turtlebot3_path.cpython-310.pyc
[6.721s] byte-compiling /home/ignatj/ros2_ws/install/turtlebot3_example/lib/python3.10/site-packages/turtlebot3_example/turtlebot3_position_control/turtlebot3_position_control.py to turtlebot3_position_control.cpython-310.pyc
[6.722s] byte-compiling /home/ignatj/ros2_ws/install/turtlebot3_example/lib/python3.10/site-packages/turtlebot3_example/turtlebot3_position_control/__init__.py to __init__.cpython-310.pyc
[6.723s] byte-compiling /home/ignatj/ros2_ws/install/turtlebot3_example/lib/python3.10/site-packages/turtlebot3_example/turtlebot3_patrol_client/turtlebot3_patrol_client.py to turtlebot3_patrol_client.cpython-310.pyc
[6.723s] byte-compiling /home/ignatj/ros2_ws/install/turtlebot3_example/lib/python3.10/site-packages/turtlebot3_example/turtlebot3_patrol_client/main.py to main.cpython-310.pyc
[6.726s] byte-compiling /home/ignatj/ros2_ws/install/turtlebot3_example/lib/python3.10/site-packages/turtlebot3_example/turtlebot3_patrol_client/__init__.py to __init__.cpython-310.pyc
[6.727s] byte-compiling /home/ignatj/ros2_ws/install/turtlebot3_example/lib/python3.10/site-packages/turtlebot3_example/turtlebot3_patrol_server/turtlebot3_patrol_server.py to turtlebot3_patrol_server.cpython-310.pyc
[6.728s] byte-compiling /home/ignatj/ros2_ws/install/turtlebot3_example/lib/python3.10/site-packages/turtlebot3_example/turtlebot3_patrol_server/main.py to main.cpython-310.pyc
[6.728s] byte-compiling /home/ignatj/ros2_ws/install/turtlebot3_example/lib/python3.10/site-packages/turtlebot3_example/turtlebot3_patrol_server/turtlebot3_path.py to turtlebot3_path.cpython-310.pyc
[6.729s] byte-compiling /home/ignatj/ros2_ws/install/turtlebot3_example/lib/python3.10/site-packages/turtlebot3_example/turtlebot3_patrol_server/__init__.py to __init__.cpython-310.pyc
[6.729s] byte-compiling /home/ignatj/ros2_ws/install/turtlebot3_example/lib/python3.10/site-packages/turtlebot3_example/__init__.py to __init__.cpython-310.pyc
[6.730s] byte-compiling /home/ignatj/ros2_ws/install/turtlebot3_example/lib/python3.10/site-packages/turtlebot3_example/turtlebot3_obstacle_detection/turtlebot3_obstacle_detection.py to turtlebot3_obstacle_detection.cpython-310.pyc
[6.737s] byte-compiling /home/ignatj/ros2_ws/install/turtlebot3_example/lib/python3.10/site-packages/turtlebot3_example/turtlebot3_obstacle_detection/main.py to main.cpython-310.pyc
[6.738s] byte-compiling /home/ignatj/ros2_ws/install/turtlebot3_example/lib/python3.10/site-packages/turtlebot3_example/turtlebot3_obstacle_detection/__init__.py to __init__.cpython-310.pyc
[6.739s] running install_data
[6.739s] running install_egg_info
[6.740s] Copying ../../../build/turtlebot3_example/turtlebot3_example.egg-info to /home/ignatj/ros2_ws/install/turtlebot3_example/lib/python3.10/site-packages/turtlebot3_example-2.1.5-py3.10.egg-info
[6.740s] running install_scripts
[6.788s] Installing turtlebot3_obstacle_detection script to /home/ignatj/ros2_ws/install/turtlebot3_example/lib/turtlebot3_example
[6.789s] Installing turtlebot3_patrol_client script to /home/ignatj/ros2_ws/install/turtlebot3_example/lib/turtlebot3_example
[6.790s] Installing turtlebot3_patrol_server script to /home/ignatj/ros2_ws/install/turtlebot3_example/lib/turtlebot3_example
[6.791s] Installing turtlebot3_position_control script to /home/ignatj/ros2_ws/install/turtlebot3_example/lib/turtlebot3_example
[6.793s] writing list of installed files to '/home/ignatj/ros2_ws/build/turtlebot3_example/install.log'
[7.027s] Invoked command in '/home/ignatj/ros2_ws/src/turtlebot3/turtlebot3_example' returned '0': PYTHONPATH=/home/ignatj/ros2_ws/build/turtlebot3_example/prefix_override:/home/ignatj/ros2_ws/install/turtlebot3_example/lib/python3.10/site-packages:${PYTHONPATH} /usr/bin/python3 setup.py egg_info --egg-base ../../../build/turtlebot3_example build --build-base /home/ignatj/ros2_ws/build/turtlebot3_example/build install --record /home/ignatj/ros2_ws/build/turtlebot3_example/install.log --single-version-externally-managed
