[2.776s] Invoking command in '/home/ignatj/ros2_ws/build/my_robot_controller': PYTHONPATH=/home/ignatj/ros2_ws/build/my_robot_controller/prefix_override:/home/ignatj/ros2_ws/install/my_robot_controller/lib/python3.10/site-packages:${PYTHONPATH} /usr/bin/python3 setup.py develop --editable --build-directory /home/ignatj/ros2_ws/build/my_robot_controller/build --no-deps install_data
[3.479s] running develop
[3.480s] /usr/lib/python3/dist-packages/setuptools/command/easy_install.py:158: EasyInstallDeprecationWarning: easy_install command is deprecated. Use build and pip and other standards-based tools.
[3.480s]   warnings.warn(
[3.483s] /usr/lib/python3/dist-packages/setuptools/command/install.py:34: SetuptoolsDeprecationWarning: setup.py install is deprecated. Use build and pip and other standards-based tools.
[3.483s]   warnings.warn(
[3.902s] running egg_info
[3.903s] writing my_robot_controller.egg-info/PKG-INFO
[3.904s] writing dependency_links to my_robot_controller.egg-info/dependency_links.txt
[3.905s] writing entry points to my_robot_controller.egg-info/entry_points.txt
[3.905s] writing requirements to my_robot_controller.egg-info/requires.txt
[3.906s] writing top-level names to my_robot_controller.egg-info/top_level.txt
[3.910s] reading manifest file 'my_robot_controller.egg-info/SOURCES.txt'
[3.913s] writing manifest file 'my_robot_controller.egg-info/SOURCES.txt'
[3.915s] running build_ext
[3.916s] Creating /home/ignatj/ros2_ws/install/my_robot_controller/lib/python3.10/site-packages/my-robot-controller.egg-link (link to .)
[3.918s] Installing test_node script to /home/ignatj/ros2_ws/install/my_robot_controller/lib/my_robot_controller
[3.918s] 
[3.919s] Installed /home/ignatj/ros2_ws/build/my_robot_controller
[3.919s] running install_data
