[6.476s] Invoking command in '/home/ignatj/ros2_ws/src/examples/rclpy/executors': PYTHONPATH=/home/ignatj/ros2_ws/build/examples_rclpy_executors/prefix_override:/home/ignatj/ros2_ws/install/examples_rclpy_executors/lib/python3.10/site-packages:${PYTHONPATH} /usr/bin/python3 setup.py egg_info --egg-base ../../../../build/examples_rclpy_executors build --build-base /home/ignatj/ros2_ws/build/examples_rclpy_executors/build install --record /home/ignatj/ros2_ws/build/examples_rclpy_executors/install.log --single-version-externally-managed
[7.212s] running egg_info
[7.215s] writing ../../../../build/examples_rclpy_executors/examples_rclpy_executors.egg-info/PKG-INFO
[7.218s] writing dependency_links to ../../../../build/examples_rclpy_executors/examples_rclpy_executors.egg-info/dependency_links.txt
[7.218s] writing entry points to ../../../../build/examples_rclpy_executors/examples_rclpy_executors.egg-info/entry_points.txt
[7.220s] writing requirements to ../../../../build/examples_rclpy_executors/examples_rclpy_executors.egg-info/requires.txt
[7.222s] writing top-level names to ../../../../build/examples_rclpy_executors/examples_rclpy_executors.egg-info/top_level.txt
[7.228s] reading manifest file '../../../../build/examples_rclpy_executors/examples_rclpy_executors.egg-info/SOURCES.txt'
[7.231s] writing manifest file '../../../../build/examples_rclpy_executors/examples_rclpy_executors.egg-info/SOURCES.txt'
[7.231s] running build
[7.232s] running build_py
[7.233s] running install
[7.233s] /usr/lib/python3/dist-packages/setuptools/command/install.py:34: SetuptoolsDeprecationWarning: setup.py install is deprecated. Use build and pip and other standards-based tools.
[7.233s]   warnings.warn(
[7.241s] running install_lib
[7.244s] running install_data
[7.244s] running install_egg_info
[7.252s] removing '/home/ignatj/ros2_ws/install/examples_rclpy_executors/lib/python3.10/site-packages/examples_rclpy_executors-0.15.1-py3.10.egg-info' (and everything under it)
[7.252s] Copying ../../../../build/examples_rclpy_executors/examples_rclpy_executors.egg-info to /home/ignatj/ros2_ws/install/examples_rclpy_executors/lib/python3.10/site-packages/examples_rclpy_executors-0.15.1-py3.10.egg-info
[7.256s] running install_scripts
[7.316s] Installing callback_group script to /home/ignatj/ros2_ws/install/examples_rclpy_executors/lib/examples_rclpy_executors
[7.317s] Installing composed script to /home/ignatj/ros2_ws/install/examples_rclpy_executors/lib/examples_rclpy_executors
[7.319s] Installing custom_callback_group script to /home/ignatj/ros2_ws/install/examples_rclpy_executors/lib/examples_rclpy_executors
[7.319s] Installing custom_executor script to /home/ignatj/ros2_ws/install/examples_rclpy_executors/lib/examples_rclpy_executors
[7.320s] Installing listener script to /home/ignatj/ros2_ws/install/examples_rclpy_executors/lib/examples_rclpy_executors
[7.320s] Installing talker script to /home/ignatj/ros2_ws/install/examples_rclpy_executors/lib/examples_rclpy_executors
[7.321s] writing list of installed files to '/home/ignatj/ros2_ws/build/examples_rclpy_executors/install.log'
[7.541s] Invoked command in '/home/ignatj/ros2_ws/src/examples/rclpy/executors' returned '0': PYTHONPATH=/home/ignatj/ros2_ws/build/examples_rclpy_executors/prefix_override:/home/ignatj/ros2_ws/install/examples_rclpy_executors/lib/python3.10/site-packages:${PYTHONPATH} /usr/bin/python3 setup.py egg_info --egg-base ../../../../build/examples_rclpy_executors build --build-base /home/ignatj/ros2_ws/build/examples_rclpy_executors/build install --record /home/ignatj/ros2_ws/build/examples_rclpy_executors/install.log --single-version-externally-managed
