[0.514s] Invoking command in '/home/ignatj/ros2_ws/build/turtlebot3_gazebo': CMAKE_PREFIX_PATH=${CMAKE_PREFIX_PATH}:/home/ignatj/ros2_ws/install/my_robot_controller:/home/ignatj/ros2_ws/install/launch_testing_examples:/home/ignatj/ros2_ws/install/examples_rclpy_pointcloud_publisher:/home/ignatj/ros2_ws/install/examples_rclpy_minimal_subscriber:/home/ignatj/ros2_ws/install/examples_rclpy_minimal_service:/home/ignatj/ros2_ws/install/examples_rclpy_minimal_publisher:/home/ignatj/ros2_ws/install/examples_rclpy_minimal_client:/home/ignatj/ros2_ws/install/examples_rclpy_minimal_action_server:/home/ignatj/ros2_ws/install/examples_rclpy_minimal_action_client:/home/ignatj/ros2_ws/install/examples_rclpy_guard_conditions:/home/ignatj/ros2_ws/install/examples_rclpy_executors:/opt/ros/humble /usr/bin/cmake /home/ignatj/ros2_ws/src/turtlebot3_simulations/turtlebot3_gazebo -DAMENT_CMAKE_SYMLINK_INSTALL=1 -DCMAKE_INSTALL_PREFIX=/home/ignatj/ros2_ws/install/turtlebot3_gazebo
[0.575s] -- Found ament_cmake: 1.3.7 (/opt/ros/humble/share/ament_cmake/cmake)
[1.056s] -- Override CMake install command with custom implementation using symlinks instead of copying resources
[1.160s] [33mCMake Warning (dev) at /usr/share/cmake-3.22/Modules/FindPackageHandleStandardArgs.cmake:438 (message):
[1.160s]   The package name passed to `find_package_handle_standard_args` (PkgConfig)
[1.161s]   does not match the name of the calling package (gazebo).  This can lead to
[1.161s]   problems in calling code that expects `find_package` result variables
[1.162s]   (e.g., `_FOUND`) to follow a certain pattern.
[1.162s] Call Stack (most recent call first):
[1.162s]   /usr/share/cmake-3.22/Modules/FindPkgConfig.cmake:99 (find_package_handle_standard_args)
[1.162s]   /usr/lib/x86_64-linux-gnu/cmake/gazebo/gazebo-config.cmake:72 (include)
[1.163s]   CMakeLists.txt:23 (find_package)
[1.163s] This warning is for project developers.  Use -Wno-dev to suppress it.
[1.164s] [0m
[1.280s] -- Found DART: /usr/include (Required is at least version "6.6") found components: dart 
[1.450s] -- Found Protobuf: /usr/lib/x86_64-linux-gnu/libprotobuf.so (found version "3.12.4") 
[1.460s] -- Looking for ignition-math6 -- found version 6.15.1
[1.493s] -- Searching for dependencies of ignition-math6
[1.501s] -- Looking for OGRE...
[1.520s] -- Found Ogre Ghadamon (1.9.0)
[1.524s] -- Found OGRE: optimized;/usr/lib/x86_64-linux-gnu/libOgreMain.so;debug;/usr/lib/x86_64-linux-gnu/libOgreMain.so
[1.549s] -- Looking for OGRE_Paging...
[1.551s] -- Found OGRE_Paging: optimized;/usr/lib/x86_64-linux-gnu/libOgrePaging.so;debug;/usr/lib/x86_64-linux-gnu/libOgrePaging.so
[1.552s] -- Looking for OGRE_Terrain...
[1.553s] -- Found OGRE_Terrain: optimized;/usr/lib/x86_64-linux-gnu/libOgreTerrain.so;debug;/usr/lib/x86_64-linux-gnu/libOgreTerrain.so
[1.554s] -- Looking for OGRE_Property...
[1.555s] -- Found OGRE_Property: optimized;/usr/lib/x86_64-linux-gnu/libOgreProperty.so;debug;/usr/lib/x86_64-linux-gnu/libOgreProperty.so
[1.555s] -- Looking for OGRE_RTShaderSystem...
[1.556s] -- Found OGRE_RTShaderSystem: optimized;/usr/lib/x86_64-linux-gnu/libOgreRTShaderSystem.so;debug;/usr/lib/x86_64-linux-gnu/libOgreRTShaderSystem.so
[1.557s] -- Looking for OGRE_Volume...
[1.559s] -- Found OGRE_Volume: optimized;/usr/lib/x86_64-linux-gnu/libOgreVolume.so;debug;/usr/lib/x86_64-linux-gnu/libOgreVolume.so
[1.561s] -- Looking for OGRE_Overlay...
[1.562s] -- Found OGRE_Overlay: optimized;/usr/lib/x86_64-linux-gnu/libOgreOverlay.so;debug;/usr/lib/x86_64-linux-gnu/libOgreOverlay.so
[2.123s] -- Looking for ignition-math6 -- found version 6.15.1
[2.127s] -- Looking for ignition-transport8 -- found version 8.2.1
[2.133s] -- Searching for dependencies of ignition-transport8
[2.209s] -- Found Protobuf: /usr/lib/x86_64-linux-gnu/libprotobuf.so (found suitable version "3.12.4", minimum required is "3") 
[2.247s] -- Config-file not installed for ZeroMQ -- checking for pkg-config
[2.264s] -- Checking for module 'libzmq >= 4'
[2.340s] --   Found libzmq , version 4.3.4
[2.495s] -- Checking for module 'uuid'
[2.542s] --   Found uuid, version 2.37.2
[2.660s] -- Looking for ignition-msgs5 -- found version 5.8.1
[2.662s] -- Searching for dependencies of ignition-msgs5
[2.712s] -- Looking for ignition-math6 -- found version 6.15.1
[2.728s] -- Checking for module 'tinyxml2'
[2.784s] --   Found tinyxml2, version 9.0.0
[2.909s] -- Looking for ignition-msgs5 -- found version 5.8.1
[2.912s] -- Looking for ignition-common3 -- found version 3.14.0
[2.915s] -- Searching for dependencies of ignition-common3
[2.915s] -- Looking for dlfcn.h - found
[2.915s] -- Looking for libdl - found
[2.954s] -- Searching for <ignition-common3> component [graphics]
[2.957s] -- Looking for ignition-common3-graphics -- found version 3.14.0
[2.959s] -- Searching for dependencies of ignition-common3-graphics
[2.960s] -- Looking for ignition-math6 -- found version 6.15.1
[2.966s] -- Looking for ignition-fuel_tools4 -- found version 4.4.0
[2.968s] -- Searching for dependencies of ignition-fuel_tools4
[3.096s] -- Checking for module 'jsoncpp'
[3.149s] --   Found jsoncpp, version 1.9.5
[3.282s] -- Checking for module 'libzip'
[3.331s] --   Found libzip, version 1.7.3
[3.453s] -- Looking for ignition-common3 -- found version 3.14.0
[3.454s] -- Looking for ignition-math6 -- found version 6.15.1
[3.455s] -- Looking for ignition-msgs5 -- found version 5.8.1
[3.467s] -- Found gazebo_ros_pkgs: 3.7.0 (/opt/ros/humble/share/gazebo_ros_pkgs/cmake)
[3.468s] -- Found geometry_msgs: 4.2.3 (/opt/ros/humble/share/geometry_msgs/cmake)
[3.512s] -- Found rosidl_generator_c: 3.1.5 (/opt/ros/humble/share/rosidl_generator_c/cmake)
[3.517s] -- Found rosidl_adapter: 3.1.5 (/opt/ros/humble/share/rosidl_adapter/cmake)
[3.530s] -- Found rosidl_generator_cpp: 3.1.5 (/opt/ros/humble/share/rosidl_generator_cpp/cmake)
[3.557s] -- Using all available rosidl_typesupport_c: rosidl_typesupport_fastrtps_c;rosidl_typesupport_introspection_c
[3.594s] -- Using all available rosidl_typesupport_cpp: rosidl_typesupport_fastrtps_cpp;rosidl_typesupport_introspection_cpp
[3.826s] -- Found nav_msgs: 4.2.3 (/opt/ros/humble/share/nav_msgs/cmake)
[3.946s] -- Found rclcpp: 16.0.8 (/opt/ros/humble/share/rclcpp/cmake)
[4.026s] -- Found rmw_implementation_cmake: 6.1.1 (/opt/ros/humble/share/rmw_implementation_cmake/cmake)
[4.029s] -- Found rmw_fastrtps_cpp: 6.2.6 (/opt/ros/humble/share/rmw_fastrtps_cpp/cmake)
[4.279s] -- Using RMW implementation 'rmw_fastrtps_cpp' as default
[4.467s] -- Found sensor_msgs: 4.2.3 (/opt/ros/humble/share/sensor_msgs/cmake)
[4.609s] -- Found tf2: 0.25.5 (/opt/ros/humble/share/tf2/cmake)
[4.802s] -- Configuring done
[4.904s] -- Generating done
[4.916s] -- Build files have been written to: /home/ignatj/ros2_ws/build/turtlebot3_gazebo
