[0.557s] Invoking command in '/home/ignatj/ros2_ws/build/examples_rclcpp_cbg_executor': CMAKE_PREFIX_PATH=${CMAKE_PREFIX_PATH}:/home/ignatj/ros2_ws/install/my_robot_controller:/home/ignatj/ros2_ws/install/launch_testing_examples:/home/ignatj/ros2_ws/install/examples_rclpy_pointcloud_publisher:/home/ignatj/ros2_ws/install/examples_rclpy_minimal_subscriber:/home/ignatj/ros2_ws/install/examples_rclpy_minimal_service:/home/ignatj/ros2_ws/install/examples_rclpy_minimal_publisher:/home/ignatj/ros2_ws/install/examples_rclpy_minimal_client:/home/ignatj/ros2_ws/install/examples_rclpy_minimal_action_server:/home/ignatj/ros2_ws/install/examples_rclpy_minimal_action_client:/home/ignatj/ros2_ws/install/examples_rclpy_guard_conditions:/home/ignatj/ros2_ws/install/examples_rclpy_executors:/opt/ros/humble /usr/bin/cmake --build /home/ignatj/ros2_ws/build/examples_rclcpp_cbg_executor -- -j6 -l6
[1.018s] [ 30%] Built target ping
[1.043s] [ 70%] Built target ping_pong
[1.074s] [100%] Built target pong
[1.125s] Invoked command in '/home/ignatj/ros2_ws/build/examples_rclcpp_cbg_executor' returned '0': CMAKE_PREFIX_PATH=${CMAKE_PREFIX_PATH}:/home/ignatj/ros2_ws/install/my_robot_controller:/home/ignatj/ros2_ws/install/launch_testing_examples:/home/ignatj/ros2_ws/install/examples_rclpy_pointcloud_publisher:/home/ignatj/ros2_ws/install/examples_rclpy_minimal_subscriber:/home/ignatj/ros2_ws/install/examples_rclpy_minimal_service:/home/ignatj/ros2_ws/install/examples_rclpy_minimal_publisher:/home/ignatj/ros2_ws/install/examples_rclpy_minimal_client:/home/ignatj/ros2_ws/install/examples_rclpy_minimal_action_server:/home/ignatj/ros2_ws/install/examples_rclpy_minimal_action_client:/home/ignatj/ros2_ws/install/examples_rclpy_guard_conditions:/home/ignatj/ros2_ws/install/examples_rclpy_executors:/opt/ros/humble /usr/bin/cmake --build /home/ignatj/ros2_ws/build/examples_rclcpp_cbg_executor -- -j6 -l6
[1.337s] Invoking command in '/home/ignatj/ros2_ws/build/examples_rclcpp_cbg_executor': CMAKE_PREFIX_PATH=${CMAKE_PREFIX_PATH}:/home/ignatj/ros2_ws/install/my_robot_controller:/home/ignatj/ros2_ws/install/launch_testing_examples:/home/ignatj/ros2_ws/install/examples_rclpy_pointcloud_publisher:/home/ignatj/ros2_ws/install/examples_rclpy_minimal_subscriber:/home/ignatj/ros2_ws/install/examples_rclpy_minimal_service:/home/ignatj/ros2_ws/install/examples_rclpy_minimal_publisher:/home/ignatj/ros2_ws/install/examples_rclpy_minimal_client:/home/ignatj/ros2_ws/install/examples_rclpy_minimal_action_server:/home/ignatj/ros2_ws/install/examples_rclpy_minimal_action_client:/home/ignatj/ros2_ws/install/examples_rclpy_guard_conditions:/home/ignatj/ros2_ws/install/examples_rclpy_executors:/opt/ros/humble /usr/bin/cmake --install /home/ignatj/ros2_ws/build/examples_rclcpp_cbg_executor
[1.378s] -- Install configuration: ""
[1.380s] -- Execute custom install script
[1.383s] -- Up-to-date symlink: /home/ignatj/ros2_ws/install/examples_rclcpp_cbg_executor/lib/examples_rclcpp_cbg_executor/ping
[1.384s] -- Up-to-date symlink: /home/ignatj/ros2_ws/install/examples_rclcpp_cbg_executor/lib/examples_rclcpp_cbg_executor/pong
[1.385s] -- Up-to-date symlink: /home/ignatj/ros2_ws/install/examples_rclcpp_cbg_executor/lib/examples_rclcpp_cbg_executor/ping_pong
[1.398s] -- Up-to-date symlink: /home/ignatj/ros2_ws/install/examples_rclcpp_cbg_executor/include/examples_rclcpp_cbg_executor/ping_node.hpp
[1.402s] -- Up-to-date symlink: /home/ignatj/ros2_ws/install/examples_rclcpp_cbg_executor/include/examples_rclcpp_cbg_executor/pong_node.hpp
[1.403s] -- Up-to-date symlink: /home/ignatj/ros2_ws/install/examples_rclcpp_cbg_executor/share/ament_index/resource_index/package_run_dependencies/examples_rclcpp_cbg_executor
[1.404s] -- Up-to-date symlink: /home/ignatj/ros2_ws/install/examples_rclcpp_cbg_executor/share/ament_index/resource_index/parent_prefix_path/examples_rclcpp_cbg_executor
[1.404s] -- Up-to-date symlink: /home/ignatj/ros2_ws/install/examples_rclcpp_cbg_executor/share/examples_rclcpp_cbg_executor/environment/ament_prefix_path.sh
[1.405s] -- Up-to-date symlink: /home/ignatj/ros2_ws/install/examples_rclcpp_cbg_executor/share/examples_rclcpp_cbg_executor/environment/ament_prefix_path.dsv
[1.407s] -- Up-to-date symlink: /home/ignatj/ros2_ws/install/examples_rclcpp_cbg_executor/share/examples_rclcpp_cbg_executor/environment/path.sh
[1.408s] -- Up-to-date symlink: /home/ignatj/ros2_ws/install/examples_rclcpp_cbg_executor/share/examples_rclcpp_cbg_executor/environment/path.dsv
[1.411s] -- Up-to-date symlink: /home/ignatj/ros2_ws/install/examples_rclcpp_cbg_executor/share/examples_rclcpp_cbg_executor/local_setup.bash
[1.411s] -- Up-to-date symlink: /home/ignatj/ros2_ws/install/examples_rclcpp_cbg_executor/share/examples_rclcpp_cbg_executor/local_setup.sh
[1.412s] -- Up-to-date symlink: /home/ignatj/ros2_ws/install/examples_rclcpp_cbg_executor/share/examples_rclcpp_cbg_executor/local_setup.zsh
[1.412s] -- Up-to-date symlink: /home/ignatj/ros2_ws/install/examples_rclcpp_cbg_executor/share/examples_rclcpp_cbg_executor/local_setup.dsv
[1.413s] -- Symlinking: /home/ignatj/ros2_ws/install/examples_rclcpp_cbg_executor/share/examples_rclcpp_cbg_executor/package.dsv
[1.443s] -- Up-to-date symlink: /home/ignatj/ros2_ws/install/examples_rclcpp_cbg_executor/share/ament_index/resource_index/packages/examples_rclcpp_cbg_executor
[1.444s] -- Up-to-date symlink: /home/ignatj/ros2_ws/install/examples_rclcpp_cbg_executor/share/examples_rclcpp_cbg_executor/cmake/ament_cmake_export_dependencies-extras.cmake
[1.446s] -- Up-to-date symlink: /home/ignatj/ros2_ws/install/examples_rclcpp_cbg_executor/share/examples_rclcpp_cbg_executor/cmake/examples_rclcpp_cbg_executorConfig.cmake
[1.446s] -- Up-to-date symlink: /home/ignatj/ros2_ws/install/examples_rclcpp_cbg_executor/share/examples_rclcpp_cbg_executor/cmake/examples_rclcpp_cbg_executorConfig-version.cmake
[1.447s] -- Up-to-date symlink: /home/ignatj/ros2_ws/install/examples_rclcpp_cbg_executor/share/examples_rclcpp_cbg_executor/package.xml
[2.015s] Invoked command in '/home/ignatj/ros2_ws/build/examples_rclcpp_cbg_executor' returned '0': CMAKE_PREFIX_PATH=${CMAKE_PREFIX_PATH}:/home/ignatj/ros2_ws/install/my_robot_controller:/home/ignatj/ros2_ws/install/launch_testing_examples:/home/ignatj/ros2_ws/install/examples_rclpy_pointcloud_publisher:/home/ignatj/ros2_ws/install/examples_rclpy_minimal_subscriber:/home/ignatj/ros2_ws/install/examples_rclpy_minimal_service:/home/ignatj/ros2_ws/install/examples_rclpy_minimal_publisher:/home/ignatj/ros2_ws/install/examples_rclpy_minimal_client:/home/ignatj/ros2_ws/install/examples_rclpy_minimal_action_server:/home/ignatj/ros2_ws/install/examples_rclpy_minimal_action_client:/home/ignatj/ros2_ws/install/examples_rclpy_guard_conditions:/home/ignatj/ros2_ws/install/examples_rclpy_executors:/opt/ros/humble /usr/bin/cmake --install /home/ignatj/ros2_ws/build/examples_rclcpp_cbg_executor
