[0.262s] Invoking command in '/home/ignatj/ros2_ws/build/examples_rclcpp_cbg_executor': CMAKE_PREFIX_PATH=${CMAKE_PREFIX_PATH}:/home/ignatj/ros2_ws/install/my_robot_controller:/home/ignatj/ros2_ws/install/launch_testing_examples:/home/ignatj/ros2_ws/install/examples_rclpy_pointcloud_publisher:/home/ignatj/ros2_ws/install/examples_rclpy_minimal_subscriber:/home/ignatj/ros2_ws/install/examples_rclpy_minimal_service:/home/ignatj/ros2_ws/install/examples_rclpy_minimal_publisher:/home/ignatj/ros2_ws/install/examples_rclpy_minimal_client:/home/ignatj/ros2_ws/install/examples_rclpy_minimal_action_server:/home/ignatj/ros2_ws/install/examples_rclpy_minimal_action_client:/home/ignatj/ros2_ws/install/examples_rclpy_guard_conditions:/home/ignatj/ros2_ws/install/examples_rclpy_executors:/opt/ros/humble /usr/bin/cmake /home/ignatj/ros2_ws/src/examples/rclcpp/executors/cbg_executor -DAMENT_CMAKE_SYMLINK_INSTALL=1 -DCMAKE_INSTALL_PREFIX=/home/ignatj/ros2_ws/install/examples_rclcpp_cbg_executor
[1.791s] -- Found ament_cmake: 1.3.7 (/opt/ros/humble/share/ament_cmake/cmake)
[1.792s] -- Override CMake install command with custom implementation using symlinks instead of copying resources
[1.792s] -- Found rclcpp: 16.0.8 (/opt/ros/humble/share/rclcpp/cmake)
[1.792s] -- Found rosidl_generator_c: 3.1.5 (/opt/ros/humble/share/rosidl_generator_c/cmake)
[1.792s] -- Found rosidl_adapter: 3.1.5 (/opt/ros/humble/share/rosidl_adapter/cmake)
[1.792s] -- Found rosidl_generator_cpp: 3.1.5 (/opt/ros/humble/share/rosidl_generator_cpp/cmake)
[1.793s] -- Using all available rosidl_typesupport_c: rosidl_typesupport_fastrtps_c;rosidl_typesupport_introspection_c
[1.793s] -- Using all available rosidl_typesupport_cpp: rosidl_typesupport_fastrtps_cpp;rosidl_typesupport_introspection_cpp
[1.793s] -- Found rmw_implementation_cmake: 6.1.1 (/opt/ros/humble/share/rmw_implementation_cmake/cmake)
[1.793s] -- Found rmw_fastrtps_cpp: 6.2.6 (/opt/ros/humble/share/rmw_fastrtps_cpp/cmake)
[1.932s] -- Using RMW implementation 'rmw_fastrtps_cpp' as default
[2.394s] -- Found ament_lint_auto: 0.12.10 (/opt/ros/humble/share/ament_lint_auto/cmake)
[2.687s] -- Added test 'copyright' to check source files copyright and LICENSE
[2.695s] -- Added test 'cppcheck' to perform static code analysis on C / C++ code
[2.695s] -- Configured cppcheck include dirs: /home/ignatj/ros2_ws/src/examples/rclcpp/executors/cbg_executor/include
[2.695s] -- Configured cppcheck exclude dirs and/or files: 
[2.700s] -- Added test 'cpplint' to check C / C++ code against the Google style
[2.700s] -- Configured cpplint exclude dirs and/or files: 
[2.704s] -- Added test 'lint_cmake' to check CMake code style
[2.710s] -- Added test 'uncrustify' to check C / C++ code style
[2.710s] -- Configured uncrustify additional arguments: 
[2.712s] -- Added test 'xmllint' to check XML markup files
[2.725s] -- Configuring done
[2.790s] -- Generating done
[2.799s] -- Build files have been written to: /home/ignatj/ros2_ws/build/examples_rclcpp_cbg_executor
