[3.041s] Invoking command in '/home/ignatj/ros2_ws/build/examples_rclpy_minimal_client': PYTHONPATH=/home/ignatj/ros2_ws/build/examples_rclpy_minimal_client/prefix_override:/home/ignatj/ros2_ws/install/examples_rclpy_minimal_client/lib/python3.10/site-packages:${PYTHONPATH} /usr/bin/python3 setup.py develop --editable --build-directory /home/ignatj/ros2_ws/build/examples_rclpy_minimal_client/build --no-deps install_data
[3.925s] running develop
[3.928s] /usr/lib/python3/dist-packages/setuptools/command/easy_install.py:158: EasyInstallDeprecationWarning: easy_install command is deprecated. Use build and pip and other standards-based tools.
[3.929s]   warnings.warn(
[3.931s] /usr/lib/python3/dist-packages/setuptools/command/install.py:34: SetuptoolsDeprecationWarning: setup.py install is deprecated. Use build and pip and other standards-based tools.
[3.931s]   warnings.warn(
[4.592s] running egg_info
[4.592s] creating examples_rclpy_minimal_client.egg-info
[4.593s] writing examples_rclpy_minimal_client.egg-info/PKG-INFO
[4.594s] writing dependency_links to examples_rclpy_minimal_client.egg-info/dependency_links.txt
[4.595s] writing entry points to examples_rclpy_minimal_client.egg-info/entry_points.txt
[4.595s] writing requirements to examples_rclpy_minimal_client.egg-info/requires.txt
[4.635s] writing top-level names to examples_rclpy_minimal_client.egg-info/top_level.txt
[4.636s] writing manifest file 'examples_rclpy_minimal_client.egg-info/SOURCES.txt'
[4.684s] reading manifest file 'examples_rclpy_minimal_client.egg-info/SOURCES.txt'
[4.687s] writing manifest file 'examples_rclpy_minimal_client.egg-info/SOURCES.txt'
[4.693s] running build_ext
[4.696s] Creating /home/ignatj/ros2_ws/install/examples_rclpy_minimal_client/lib/python3.10/site-packages/examples-rclpy-minimal-client.egg-link (link to .)
[4.701s] Installing client script to /home/ignatj/ros2_ws/install/examples_rclpy_minimal_client/lib/examples_rclpy_minimal_client
[4.704s] Installing client_async script to /home/ignatj/ros2_ws/install/examples_rclpy_minimal_client/lib/examples_rclpy_minimal_client
[4.704s] Installing client_async_callback script to /home/ignatj/ros2_ws/install/examples_rclpy_minimal_client/lib/examples_rclpy_minimal_client
[4.705s] Installing client_async_member_function script to /home/ignatj/ros2_ws/install/examples_rclpy_minimal_client/lib/examples_rclpy_minimal_client
[4.707s] 
[4.708s] Installed /home/ignatj/ros2_ws/build/examples_rclpy_minimal_client
[4.708s] running install_data
[4.709s] creating /home/ignatj/ros2_ws/install/examples_rclpy_minimal_client/share/ament_index
[4.709s] creating /home/ignatj/ros2_ws/install/examples_rclpy_minimal_client/share/ament_index/resource_index
[4.710s] creating /home/ignatj/ros2_ws/install/examples_rclpy_minimal_client/share/ament_index/resource_index/packages
[4.711s] copying resource/examples_rclpy_minimal_client -> /home/ignatj/ros2_ws/install/examples_rclpy_minimal_client/share/ament_index/resource_index/packages
[4.711s] copying package.xml -> /home/ignatj/ros2_ws/install/examples_rclpy_minimal_client/share/examples_rclpy_minimal_client
[4.875s] Invoked command in '/home/ignatj/ros2_ws/build/examples_rclpy_minimal_client' returned '0': PYTHONPATH=/home/ignatj/ros2_ws/build/examples_rclpy_minimal_client/prefix_override:/home/ignatj/ros2_ws/install/examples_rclpy_minimal_client/lib/python3.10/site-packages:${PYTHONPATH} /usr/bin/python3 setup.py develop --editable --build-directory /home/ignatj/ros2_ws/build/examples_rclpy_minimal_client/build --no-deps install_data
