[5.006s] Invoking command in '/home/ignatj/ros2_ws/build/examples_rclpy_minimal_publisher': PYTHONPATH=/home/ignatj/ros2_ws/build/examples_rclpy_minimal_publisher/prefix_override:/home/ignatj/ros2_ws/install/examples_rclpy_minimal_publisher/lib/python3.10/site-packages:${PYTHONPATH} /usr/bin/python3 setup.py develop --editable --build-directory /home/ignatj/ros2_ws/build/examples_rclpy_minimal_publisher/build --no-deps install_data
[5.756s] running develop
[5.756s] /usr/lib/python3/dist-packages/setuptools/command/easy_install.py:158: EasyInstallDeprecationWarning: easy_install command is deprecated. Use build and pip and other standards-based tools.
[5.757s]   warnings.warn(
[5.758s] /usr/lib/python3/dist-packages/setuptools/command/install.py:34: SetuptoolsDeprecationWarning: setup.py install is deprecated. Use build and pip and other standards-based tools.
[5.758s]   warnings.warn(
[6.205s] running egg_info
[6.205s] writing examples_rclpy_minimal_publisher.egg-info/PKG-INFO
[6.207s] writing dependency_links to examples_rclpy_minimal_publisher.egg-info/dependency_links.txt
[6.208s] writing entry points to examples_rclpy_minimal_publisher.egg-info/entry_points.txt
[6.209s] writing requirements to examples_rclpy_minimal_publisher.egg-info/requires.txt
[6.209s] writing top-level names to examples_rclpy_minimal_publisher.egg-info/top_level.txt
[6.216s] reading manifest file 'examples_rclpy_minimal_publisher.egg-info/SOURCES.txt'
[6.220s] writing manifest file 'examples_rclpy_minimal_publisher.egg-info/SOURCES.txt'
[6.225s] running build_ext
[6.226s] Creating /home/ignatj/ros2_ws/install/examples_rclpy_minimal_publisher/lib/python3.10/site-packages/examples-rclpy-minimal-publisher.egg-link (link to .)
[6.230s] Installing publisher_local_function script to /home/ignatj/ros2_ws/install/examples_rclpy_minimal_publisher/lib/examples_rclpy_minimal_publisher
[6.230s] Installing publisher_member_function script to /home/ignatj/ros2_ws/install/examples_rclpy_minimal_publisher/lib/examples_rclpy_minimal_publisher
[6.231s] Installing publisher_old_school script to /home/ignatj/ros2_ws/install/examples_rclpy_minimal_publisher/lib/examples_rclpy_minimal_publisher
[6.234s] 
[6.234s] Installed /home/ignatj/ros2_ws/build/examples_rclpy_minimal_publisher
[6.236s] running install_data
[6.723s] Invoked command in '/home/ignatj/ros2_ws/build/examples_rclpy_minimal_publisher' returned '0': PYTHONPATH=/home/ignatj/ros2_ws/build/examples_rclpy_minimal_publisher/prefix_override:/home/ignatj/ros2_ws/install/examples_rclpy_minimal_publisher/lib/python3.10/site-packages:${PYTHONPATH} /usr/bin/python3 setup.py develop --editable --build-directory /home/ignatj/ros2_ws/build/examples_rclpy_minimal_publisher/build --no-deps install_data
