[0.781s] Invoking command in '/home/ignatj/ros2_ws/build/examples_rclcpp_minimal_action_server': CMAKE_PREFIX_PATH=${CMAKE_PREFIX_PATH}:/home/ignatj/ros2_ws/install/launch_testing_examples:/home/ignatj/ros2_ws/install/examples_rclpy_pointcloud_publisher:/home/ignatj/ros2_ws/install/examples_rclpy_minimal_subscriber:/home/ignatj/ros2_ws/install/examples_rclpy_minimal_service:/home/ignatj/ros2_ws/install/examples_rclpy_minimal_publisher:/home/ignatj/ros2_ws/install/examples_rclpy_minimal_client:/home/ignatj/ros2_ws/install/examples_rclpy_minimal_action_server:/home/ignatj/ros2_ws/install/examples_rclpy_minimal_action_client:/home/ignatj/ros2_ws/install/examples_rclpy_guard_conditions:/home/ignatj/ros2_ws/install/examples_rclpy_executors:/opt/ros/humble /usr/bin/cmake /home/ignatj/ros2_ws/src/examples/rclcpp/actions/minimal_action_server -DCMAKE_INSTALL_PREFIX=/home/ignatj/ros2_ws/install/examples_rclcpp_minimal_action_server
[0.881s] -- Found ament_cmake: 1.3.7 (/opt/ros/humble/share/ament_cmake/cmake)
[1.812s] -- Override CMake install command with custom implementation using symlinks instead of copying resources
[1.959s] -- Found example_interfaces: 0.9.3 (/opt/ros/humble/share/example_interfaces/cmake)
[2.149s] -- Found rosidl_generator_c: 3.1.5 (/opt/ros/humble/share/rosidl_generator_c/cmake)
[2.166s] -- Found rosidl_adapter: 3.1.5 (/opt/ros/humble/share/rosidl_adapter/cmake)
[2.218s] -- Found rosidl_generator_cpp: 3.1.5 (/opt/ros/humble/share/rosidl_generator_cpp/cmake)
[2.287s] -- Using all available rosidl_typesupport_c: rosidl_typesupport_fastrtps_c;rosidl_typesupport_introspection_c
[2.372s] -- Using all available rosidl_typesupport_cpp: rosidl_typesupport_fastrtps_cpp;rosidl_typesupport_introspection_cpp
[3.159s] -- Found rclcpp: 16.0.8 (/opt/ros/humble/share/rclcpp/cmake)
[3.344s] -- Found rmw_implementation_cmake: 6.1.1 (/opt/ros/humble/share/rmw_implementation_cmake/cmake)
[3.351s] -- Found rmw_fastrtps_cpp: 6.2.6 (/opt/ros/humble/share/rmw_fastrtps_cpp/cmake)
[3.801s] -- Using RMW implementation 'rmw_fastrtps_cpp' as default
[4.332s] -- Found rclcpp_action: 16.0.8 (/opt/ros/humble/share/rclcpp_action/cmake)
[4.479s] -- Found ament_lint_auto: 0.12.10 (/opt/ros/humble/share/ament_lint_auto/cmake)
[4.859s] -- Added test 'copyright' to check source files copyright and LICENSE
[4.859s] -- Added test 'cppcheck' to perform static code analysis on C / C++ code
[4.859s] -- Configured cppcheck include dirs: 
[4.860s] -- Configured cppcheck exclude dirs and/or files: 
[4.860s] -- Added test 'cpplint' to check C / C++ code against the Google style
[4.860s] -- Configured cpplint exclude dirs and/or files: 
[4.861s] -- Added test 'lint_cmake' to check CMake code style
[4.861s] -- Added test 'uncrustify' to check C / C++ code style
[4.862s] -- Configured uncrustify additional arguments: 
[4.862s] -- Added test 'xmllint' to check XML markup files
[4.867s] -- Configuring done
[4.942s] -- Generating done
[4.954s] -- Build files have been written to: /home/ignatj/ros2_ws/build/examples_rclcpp_minimal_action_server
[4.992s] Invoked command in '/home/ignatj/ros2_ws/build/examples_rclcpp_minimal_action_server' returned '0': CMAKE_PREFIX_PATH=${CMAKE_PREFIX_PATH}:/home/ignatj/ros2_ws/install/launch_testing_examples:/home/ignatj/ros2_ws/install/examples_rclpy_pointcloud_publisher:/home/ignatj/ros2_ws/install/examples_rclpy_minimal_subscriber:/home/ignatj/ros2_ws/install/examples_rclpy_minimal_service:/home/ignatj/ros2_ws/install/examples_rclpy_minimal_publisher:/home/ignatj/ros2_ws/install/examples_rclpy_minimal_client:/home/ignatj/ros2_ws/install/examples_rclpy_minimal_action_server:/home/ignatj/ros2_ws/install/examples_rclpy_minimal_action_client:/home/ignatj/ros2_ws/install/examples_rclpy_guard_conditions:/home/ignatj/ros2_ws/install/examples_rclpy_executors:/opt/ros/humble /usr/bin/cmake /home/ignatj/ros2_ws/src/examples/rclcpp/actions/minimal_action_server -DCMAKE_INSTALL_PREFIX=/home/ignatj/ros2_ws/install/examples_rclcpp_minimal_action_server
[4.994s] Invoking command in '/home/ignatj/ros2_ws/build/examples_rclcpp_minimal_action_server': CMAKE_PREFIX_PATH=${CMAKE_PREFIX_PATH}:/home/ignatj/ros2_ws/install/launch_testing_examples:/home/ignatj/ros2_ws/install/examples_rclpy_pointcloud_publisher:/home/ignatj/ros2_ws/install/examples_rclpy_minimal_subscriber:/home/ignatj/ros2_ws/install/examples_rclpy_minimal_service:/home/ignatj/ros2_ws/install/examples_rclpy_minimal_publisher:/home/ignatj/ros2_ws/install/examples_rclpy_minimal_client:/home/ignatj/ros2_ws/install/examples_rclpy_minimal_action_server:/home/ignatj/ros2_ws/install/examples_rclpy_minimal_action_client:/home/ignatj/ros2_ws/install/examples_rclpy_guard_conditions:/home/ignatj/ros2_ws/install/examples_rclpy_executors:/opt/ros/humble /usr/bin/cmake --build /home/ignatj/ros2_ws/build/examples_rclcpp_minimal_action_server -- -j6 -l6
[5.211s] [35m[1mConsolidate compiler generated dependencies of target action_server_member_functions[0m
[5.215s] [35m[1mConsolidate compiler generated dependencies of target action_server_not_composable[0m
[5.337s] [ 50%] Built target action_server_member_functions
[5.344s] [100%] Built target action_server_not_composable
[5.399s] Invoked command in '/home/ignatj/ros2_ws/build/examples_rclcpp_minimal_action_server' returned '0': CMAKE_PREFIX_PATH=${CMAKE_PREFIX_PATH}:/home/ignatj/ros2_ws/install/launch_testing_examples:/home/ignatj/ros2_ws/install/examples_rclpy_pointcloud_publisher:/home/ignatj/ros2_ws/install/examples_rclpy_minimal_subscriber:/home/ignatj/ros2_ws/install/examples_rclpy_minimal_service:/home/ignatj/ros2_ws/install/examples_rclpy_minimal_publisher:/home/ignatj/ros2_ws/install/examples_rclpy_minimal_client:/home/ignatj/ros2_ws/install/examples_rclpy_minimal_action_server:/home/ignatj/ros2_ws/install/examples_rclpy_minimal_action_client:/home/ignatj/ros2_ws/install/examples_rclpy_guard_conditions:/home/ignatj/ros2_ws/install/examples_rclpy_executors:/opt/ros/humble /usr/bin/cmake --build /home/ignatj/ros2_ws/build/examples_rclcpp_minimal_action_server -- -j6 -l6
[5.621s] Invoking command in '/home/ignatj/ros2_ws/build/examples_rclcpp_minimal_action_server': CMAKE_PREFIX_PATH=${CMAKE_PREFIX_PATH}:/home/ignatj/ros2_ws/install/launch_testing_examples:/home/ignatj/ros2_ws/install/examples_rclpy_pointcloud_publisher:/home/ignatj/ros2_ws/install/examples_rclpy_minimal_subscriber:/home/ignatj/ros2_ws/install/examples_rclpy_minimal_service:/home/ignatj/ros2_ws/install/examples_rclpy_minimal_publisher:/home/ignatj/ros2_ws/install/examples_rclpy_minimal_client:/home/ignatj/ros2_ws/install/examples_rclpy_minimal_action_server:/home/ignatj/ros2_ws/install/examples_rclpy_minimal_action_client:/home/ignatj/ros2_ws/install/examples_rclpy_guard_conditions:/home/ignatj/ros2_ws/install/examples_rclpy_executors:/opt/ros/humble /usr/bin/cmake --install /home/ignatj/ros2_ws/build/examples_rclcpp_minimal_action_server
[5.667s] -- Install configuration: ""
[5.668s] -- Execute custom install script
[5.673s] -- Up-to-date symlink: /home/ignatj/ros2_ws/install/examples_rclcpp_minimal_action_server/lib/examples_rclcpp_minimal_action_server/action_server_not_composable
[5.676s] -- Up-to-date symlink: /home/ignatj/ros2_ws/install/examples_rclcpp_minimal_action_server/lib/examples_rclcpp_minimal_action_server/action_server_member_functions
[5.678s] -- Up-to-date symlink: /home/ignatj/ros2_ws/install/examples_rclcpp_minimal_action_server/share/ament_index/resource_index/package_run_dependencies/examples_rclcpp_minimal_action_server
[5.679s] -- Up-to-date symlink: /home/ignatj/ros2_ws/install/examples_rclcpp_minimal_action_server/share/ament_index/resource_index/parent_prefix_path/examples_rclcpp_minimal_action_server
[5.679s] -- Up-to-date symlink: /home/ignatj/ros2_ws/install/examples_rclcpp_minimal_action_server/share/examples_rclcpp_minimal_action_server/environment/ament_prefix_path.sh
[5.679s] -- Up-to-date symlink: /home/ignatj/ros2_ws/install/examples_rclcpp_minimal_action_server/share/examples_rclcpp_minimal_action_server/environment/ament_prefix_path.dsv
[5.701s] -- Up-to-date symlink: /home/ignatj/ros2_ws/install/examples_rclcpp_minimal_action_server/share/examples_rclcpp_minimal_action_server/environment/path.sh
[5.701s] -- Up-to-date symlink: /home/ignatj/ros2_ws/install/examples_rclcpp_minimal_action_server/share/examples_rclcpp_minimal_action_server/environment/path.dsv
[5.702s] -- Up-to-date symlink: /home/ignatj/ros2_ws/install/examples_rclcpp_minimal_action_server/share/examples_rclcpp_minimal_action_server/local_setup.bash
[5.702s] -- Up-to-date symlink: /home/ignatj/ros2_ws/install/examples_rclcpp_minimal_action_server/share/examples_rclcpp_minimal_action_server/local_setup.sh
[5.703s] -- Up-to-date symlink: /home/ignatj/ros2_ws/install/examples_rclcpp_minimal_action_server/share/examples_rclcpp_minimal_action_server/local_setup.zsh
[5.705s] -- Up-to-date symlink: /home/ignatj/ros2_ws/install/examples_rclcpp_minimal_action_server/share/examples_rclcpp_minimal_action_server/local_setup.dsv
[5.706s] -- Symlinking: /home/ignatj/ros2_ws/install/examples_rclcpp_minimal_action_server/share/examples_rclcpp_minimal_action_server/package.dsv
[5.711s] -- Up-to-date symlink: /home/ignatj/ros2_ws/install/examples_rclcpp_minimal_action_server/share/ament_index/resource_index/packages/examples_rclcpp_minimal_action_server
[5.714s] -- Up-to-date symlink: /home/ignatj/ros2_ws/install/examples_rclcpp_minimal_action_server/share/examples_rclcpp_minimal_action_server/cmake/examples_rclcpp_minimal_action_serverConfig.cmake
[5.718s] -- Up-to-date symlink: /home/ignatj/ros2_ws/install/examples_rclcpp_minimal_action_server/share/examples_rclcpp_minimal_action_server/cmake/examples_rclcpp_minimal_action_serverConfig-version.cmake
[5.719s] -- Up-to-date symlink: /home/ignatj/ros2_ws/install/examples_rclcpp_minimal_action_server/share/examples_rclcpp_minimal_action_server/package.xml
[6.174s] Invoked command in '/home/ignatj/ros2_ws/build/examples_rclcpp_minimal_action_server' returned '0': CMAKE_PREFIX_PATH=${CMAKE_PREFIX_PATH}:/home/ignatj/ros2_ws/install/launch_testing_examples:/home/ignatj/ros2_ws/install/examples_rclpy_pointcloud_publisher:/home/ignatj/ros2_ws/install/examples_rclpy_minimal_subscriber:/home/ignatj/ros2_ws/install/examples_rclpy_minimal_service:/home/ignatj/ros2_ws/install/examples_rclpy_minimal_publisher:/home/ignatj/ros2_ws/install/examples_rclpy_minimal_client:/home/ignatj/ros2_ws/install/examples_rclpy_minimal_action_server:/home/ignatj/ros2_ws/install/examples_rclpy_minimal_action_client:/home/ignatj/ros2_ws/install/examples_rclpy_guard_conditions:/home/ignatj/ros2_ws/install/examples_rclpy_executors:/opt/ros/humble /usr/bin/cmake --install /home/ignatj/ros2_ws/build/examples_rclcpp_minimal_action_server
