[4.547s] Invoking command in '/home/ignatj/ros2_ws/build/examples_rclpy_pointcloud_publisher': PYTHONPATH=/home/ignatj/ros2_ws/build/examples_rclpy_pointcloud_publisher/prefix_override:/home/ignatj/ros2_ws/install/examples_rclpy_pointcloud_publisher/lib/python3.10/site-packages:${PYTHONPATH} /usr/bin/python3 setup.py develop --uninstall --editable --build-directory /home/ignatj/ros2_ws/build/examples_rclpy_pointcloud_publisher/build
[5.411s] /usr/lib/python3/dist-packages/setuptools/command/easy_install.py:158: EasyInstallDeprecationWarning: easy_install command is deprecated. Use build and pip and other standards-based tools.
[5.411s]   warnings.warn(
[5.412s] running develop
[5.417s] /usr/lib/python3/dist-packages/setuptools/command/install.py:34: SetuptoolsDeprecationWarning: setup.py install is deprecated. Use build and pip and other standards-based tools.
[5.417s]   warnings.warn(
[6.034s] Removing /home/ignatj/ros2_ws/install/examples_rclpy_pointcloud_publisher/lib/python3.10/site-packages/examples-rclpy-pointcloud-publisher.egg-link (link to .)
[6.184s] Invoked command in '/home/ignatj/ros2_ws/build/examples_rclpy_pointcloud_publisher' returned '0': PYTHONPATH=/home/ignatj/ros2_ws/build/examples_rclpy_pointcloud_publisher/prefix_override:/home/ignatj/ros2_ws/install/examples_rclpy_pointcloud_publisher/lib/python3.10/site-packages:${PYTHONPATH} /usr/bin/python3 setup.py develop --uninstall --editable --build-directory /home/ignatj/ros2_ws/build/examples_rclpy_pointcloud_publisher/build
[6.185s] Invoking command in '/home/ignatj/ros2_ws/src/examples/rclpy/topics/pointcloud_publisher': PYTHONPATH=/home/ignatj/ros2_ws/build/examples_rclpy_pointcloud_publisher/prefix_override:/home/ignatj/ros2_ws/install/examples_rclpy_pointcloud_publisher/lib/python3.10/site-packages:${PYTHONPATH} /usr/bin/python3 setup.py egg_info --egg-base ../../../../../build/examples_rclpy_pointcloud_publisher build --build-base /home/ignatj/ros2_ws/build/examples_rclpy_pointcloud_publisher/build install --record /home/ignatj/ros2_ws/build/examples_rclpy_pointcloud_publisher/install.log --single-version-externally-managed
[7.102s] running egg_info
[7.108s] writing ../../../../../build/examples_rclpy_pointcloud_publisher/examples_rclpy_pointcloud_publisher.egg-info/PKG-INFO
[7.116s] writing dependency_links to ../../../../../build/examples_rclpy_pointcloud_publisher/examples_rclpy_pointcloud_publisher.egg-info/dependency_links.txt
[7.116s] writing entry points to ../../../../../build/examples_rclpy_pointcloud_publisher/examples_rclpy_pointcloud_publisher.egg-info/entry_points.txt
[7.117s] writing requirements to ../../../../../build/examples_rclpy_pointcloud_publisher/examples_rclpy_pointcloud_publisher.egg-info/requires.txt
[7.124s] writing top-level names to ../../../../../build/examples_rclpy_pointcloud_publisher/examples_rclpy_pointcloud_publisher.egg-info/top_level.txt
[7.127s] reading manifest file '../../../../../build/examples_rclpy_pointcloud_publisher/examples_rclpy_pointcloud_publisher.egg-info/SOURCES.txt'
[7.133s] writing manifest file '../../../../../build/examples_rclpy_pointcloud_publisher/examples_rclpy_pointcloud_publisher.egg-info/SOURCES.txt'
[7.134s] running build
[7.135s] running build_py
[7.170s] /usr/lib/python3/dist-packages/setuptools/command/install.py:34: SetuptoolsDeprecationWarning: setup.py install is deprecated. Use build and pip and other standards-based tools.
[7.170s]   warnings.warn(
[7.170s] running install
[7.171s] running install_lib
[7.171s] creating /home/ignatj/ros2_ws/install/examples_rclpy_pointcloud_publisher/lib/python3.10/site-packages/examples_rclpy_pointcloud_publisher
[7.171s] copying /home/ignatj/ros2_ws/build/examples_rclpy_pointcloud_publisher/build/lib/examples_rclpy_pointcloud_publisher/pointcloud_publisher.py -> /home/ignatj/ros2_ws/install/examples_rclpy_pointcloud_publisher/lib/python3.10/site-packages/examples_rclpy_pointcloud_publisher
[7.171s] copying /home/ignatj/ros2_ws/build/examples_rclpy_pointcloud_publisher/build/lib/examples_rclpy_pointcloud_publisher/__init__.py -> /home/ignatj/ros2_ws/install/examples_rclpy_pointcloud_publisher/lib/python3.10/site-packages/examples_rclpy_pointcloud_publisher
[7.177s] byte-compiling /home/ignatj/ros2_ws/install/examples_rclpy_pointcloud_publisher/lib/python3.10/site-packages/examples_rclpy_pointcloud_publisher/pointcloud_publisher.py to pointcloud_publisher.cpython-310.pyc
[7.178s] byte-compiling /home/ignatj/ros2_ws/install/examples_rclpy_pointcloud_publisher/lib/python3.10/site-packages/examples_rclpy_pointcloud_publisher/__init__.py to __init__.cpython-310.pyc
[7.178s] running install_data
[7.179s] running install_egg_info
[7.180s] Copying ../../../../../build/examples_rclpy_pointcloud_publisher/examples_rclpy_pointcloud_publisher.egg-info to /home/ignatj/ros2_ws/install/examples_rclpy_pointcloud_publisher/lib/python3.10/site-packages/examples_rclpy_pointcloud_publisher-0.15.1-py3.10.egg-info
[7.180s] running install_scripts
[7.238s] Installing pointcloud_publisher script to /home/ignatj/ros2_ws/install/examples_rclpy_pointcloud_publisher/lib/examples_rclpy_pointcloud_publisher
[7.261s] writing list of installed files to '/home/ignatj/ros2_ws/build/examples_rclpy_pointcloud_publisher/install.log'
[7.603s] Invoked command in '/home/ignatj/ros2_ws/src/examples/rclpy/topics/pointcloud_publisher' returned '0': PYTHONPATH=/home/ignatj/ros2_ws/build/examples_rclpy_pointcloud_publisher/prefix_override:/home/ignatj/ros2_ws/install/examples_rclpy_pointcloud_publisher/lib/python3.10/site-packages:${PYTHONPATH} /usr/bin/python3 setup.py egg_info --egg-base ../../../../../build/examples_rclpy_pointcloud_publisher build --build-base /home/ignatj/ros2_ws/build/examples_rclpy_pointcloud_publisher/build install --record /home/ignatj/ros2_ws/build/examples_rclpy_pointcloud_publisher/install.log --single-version-externally-managed
