[2.700s] Invoking command in '/home/ignatj/ros2_ws/build/examples_rclpy_minimal_publisher': PYTHONPATH=/home/ignatj/ros2_ws/build/examples_rclpy_minimal_publisher/prefix_override:/home/ignatj/ros2_ws/install/examples_rclpy_minimal_publisher/lib/python3.10/site-packages:${PYTHONPATH} /usr/bin/python3 setup.py develop --editable --build-directory /home/ignatj/ros2_ws/build/examples_rclpy_minimal_publisher/build --no-deps install_data
[3.554s] running develop
[3.557s] /usr/lib/python3/dist-packages/setuptools/command/easy_install.py:158: EasyInstallDeprecationWarning: easy_install command is deprecated. Use build and pip and other standards-based tools.
[3.558s]   warnings.warn(
[3.559s] /usr/lib/python3/dist-packages/setuptools/command/install.py:34: SetuptoolsDeprecationWarning: setup.py install is deprecated. Use build and pip and other standards-based tools.
[3.560s]   warnings.warn(
[4.327s] running egg_info
[4.328s] creating examples_rclpy_minimal_publisher.egg-info
[4.328s] writing examples_rclpy_minimal_publisher.egg-info/PKG-INFO
[4.330s] writing dependency_links to examples_rclpy_minimal_publisher.egg-info/dependency_links.txt
[4.331s] writing entry points to examples_rclpy_minimal_publisher.egg-info/entry_points.txt
[4.332s] writing requirements to examples_rclpy_minimal_publisher.egg-info/requires.txt
[4.335s] writing top-level names to examples_rclpy_minimal_publisher.egg-info/top_level.txt
[4.336s] writing manifest file 'examples_rclpy_minimal_publisher.egg-info/SOURCES.txt'
[4.353s] reading manifest file 'examples_rclpy_minimal_publisher.egg-info/SOURCES.txt'
[4.356s] writing manifest file 'examples_rclpy_minimal_publisher.egg-info/SOURCES.txt'
[4.360s] running build_ext
[4.361s] Creating /home/ignatj/ros2_ws/install/examples_rclpy_minimal_publisher/lib/python3.10/site-packages/examples-rclpy-minimal-publisher.egg-link (link to .)
[4.365s] Installing publisher_local_function script to /home/ignatj/ros2_ws/install/examples_rclpy_minimal_publisher/lib/examples_rclpy_minimal_publisher
[4.366s] Installing publisher_member_function script to /home/ignatj/ros2_ws/install/examples_rclpy_minimal_publisher/lib/examples_rclpy_minimal_publisher
[4.367s] Installing publisher_old_school script to /home/ignatj/ros2_ws/install/examples_rclpy_minimal_publisher/lib/examples_rclpy_minimal_publisher
[4.369s] 
[4.369s] Installed /home/ignatj/ros2_ws/build/examples_rclpy_minimal_publisher
[4.370s] running install_data
[4.370s] creating /home/ignatj/ros2_ws/install/examples_rclpy_minimal_publisher/share/ament_index
[4.370s] creating /home/ignatj/ros2_ws/install/examples_rclpy_minimal_publisher/share/ament_index/resource_index
[4.371s] creating /home/ignatj/ros2_ws/install/examples_rclpy_minimal_publisher/share/ament_index/resource_index/packages
[4.371s] copying resource/examples_rclpy_minimal_publisher -> /home/ignatj/ros2_ws/install/examples_rclpy_minimal_publisher/share/ament_index/resource_index/packages
[4.372s] copying package.xml -> /home/ignatj/ros2_ws/install/examples_rclpy_minimal_publisher/share/examples_rclpy_minimal_publisher
[5.188s] Invoked command in '/home/ignatj/ros2_ws/build/examples_rclpy_minimal_publisher' returned '0': PYTHONPATH=/home/ignatj/ros2_ws/build/examples_rclpy_minimal_publisher/prefix_override:/home/ignatj/ros2_ws/install/examples_rclpy_minimal_publisher/lib/python3.10/site-packages:${PYTHONPATH} /usr/bin/python3 setup.py develop --editable --build-directory /home/ignatj/ros2_ws/build/examples_rclpy_minimal_publisher/build --no-deps install_data
