[0.401s] Invoking command in '/home/ignatj/ros2_ws/build/turtlesim': CMAKE_PREFIX_PATH=${CMAKE_PREFIX_PATH}:/home/ignatj/ros2_ws/install/turtlebot3_teleop:/home/ignatj/ros2_ws/install/turtlebot3_example:/home/ignatj/ros2_ws/install/my_robot_controller:/opt/ros/humble /usr/bin/cmake --build /home/ignatj/ros2_ws/build/turtlesim -- -j6 -l6
[0.626s] [  1%] Built target turtlesim__cpp
[0.639s] [ 11%] Built target turtlesim__rosidl_generator_c
[0.671s] [ 11%] Built target ament_cmake_python_symlink_turtlesim
[0.797s] [ 21%] Built target turtlesim__rosidl_typesupport_cpp
[0.813s] [ 31%] Built target turtlesim__rosidl_typesupport_introspection_c
[0.876s] [ 41%] Built target turtlesim__rosidl_typesupport_c
[0.889s] [ 51%] Built target turtlesim__rosidl_typesupport_introspection_cpp
[0.902s] [ 61%] Built target turtlesim__rosidl_typesupport_fastrtps_cpp
[0.924s] [ 71%] Built target turtlesim__rosidl_typesupport_fastrtps_c
[1.040s] [ 77%] Built target turtlesim_node
[1.048s] [ 79%] Built target mimic
[1.088s] [ 81%] Built target draw_square
[1.089s] [ 81%] Built target turtlesim
[1.107s] [ 83%] Built target turtle_teleop_key
[1.173s] [ 84%] Built target turtlesim__py
[1.287s] [ 93%] Built target turtlesim__rosidl_generator_py
[1.421s] [ 95%] Built target turtlesim__rosidl_typesupport_fastrtps_c__pyext
[1.446s] [ 97%] Built target turtlesim__rosidl_typesupport_introspection_c__pyext
[1.483s] [100%] Built target turtlesim__rosidl_typesupport_c__pyext
[1.924s] running egg_info
[1.926s] writing turtlesim.egg-info/PKG-INFO
[1.928s] writing dependency_links to turtlesim.egg-info/dependency_links.txt
[1.929s] writing top-level names to turtlesim.egg-info/top_level.txt
[1.937s] reading manifest file 'turtlesim.egg-info/SOURCES.txt'
[1.940s] writing manifest file 'turtlesim.egg-info/SOURCES.txt'
[2.029s] [100%] Built target ament_cmake_python_build_turtlesim_egg
[2.296s] Invoked command in '/home/ignatj/ros2_ws/build/turtlesim' returned '0': CMAKE_PREFIX_PATH=${CMAKE_PREFIX_PATH}:/home/ignatj/ros2_ws/install/turtlebot3_teleop:/home/ignatj/ros2_ws/install/turtlebot3_example:/home/ignatj/ros2_ws/install/my_robot_controller:/opt/ros/humble /usr/bin/cmake --build /home/ignatj/ros2_ws/build/turtlesim -- -j6 -l6
[3.549s] Invoking command in '/home/ignatj/ros2_ws/build/turtlesim': CMAKE_PREFIX_PATH=${CMAKE_PREFIX_PATH}:/home/ignatj/ros2_ws/install/turtlebot3_teleop:/home/ignatj/ros2_ws/install/turtlebot3_example:/home/ignatj/ros2_ws/install/my_robot_controller:/opt/ros/humble /usr/bin/cmake --install /home/ignatj/ros2_ws/build/turtlesim
[3.588s] -- Install configuration: ""
[3.596s] -- Execute custom install script
[3.596s] -- Up-to-date symlink: /home/ignatj/ros2_ws/install/turtlesim/share/ament_index/resource_index/rosidl_interfaces/turtlesim
[3.597s] -- Up-to-date symlink: /home/ignatj/ros2_ws/install/turtlesim/include/turtlesim/turtlesim/action/detail/rotate_absolute__functions.h
[3.597s] -- Up-to-date symlink: /home/ignatj/ros2_ws/install/turtlesim/include/turtlesim/turtlesim/action/detail/rotate_absolute__struct.h
[3.597s] -- Up-to-date symlink: /home/ignatj/ros2_ws/install/turtlesim/include/turtlesim/turtlesim/action/detail/rotate_absolute__type_support.h
[3.598s] -- Up-to-date symlink: /home/ignatj/ros2_ws/install/turtlesim/include/turtlesim/turtlesim/action/rotate_absolute.h
[3.598s] -- Up-to-date symlink: /home/ignatj/ros2_ws/install/turtlesim/include/turtlesim/turtlesim/msg/color.h
[3.598s] -- Up-to-date symlink: /home/ignatj/ros2_ws/install/turtlesim/include/turtlesim/turtlesim/msg/detail/color__functions.h
[3.598s] -- Up-to-date symlink: /home/ignatj/ros2_ws/install/turtlesim/include/turtlesim/turtlesim/msg/detail/color__struct.h
[3.599s] -- Up-to-date symlink: /home/ignatj/ros2_ws/install/turtlesim/include/turtlesim/turtlesim/msg/detail/color__type_support.h
[3.599s] -- Up-to-date symlink: /home/ignatj/ros2_ws/install/turtlesim/include/turtlesim/turtlesim/msg/detail/pose__functions.h
[3.599s] -- Up-to-date symlink: /home/ignatj/ros2_ws/install/turtlesim/include/turtlesim/turtlesim/msg/detail/pose__struct.h
[3.605s] -- Up-to-date symlink: /home/ignatj/ros2_ws/install/turtlesim/include/turtlesim/turtlesim/msg/detail/pose__type_support.h
[3.606s] -- Up-to-date symlink: /home/ignatj/ros2_ws/install/turtlesim/include/turtlesim/turtlesim/msg/pose.h
[3.606s] -- Up-to-date symlink: /home/ignatj/ros2_ws/install/turtlesim/include/turtlesim/turtlesim/msg/rosidl_generator_c__visibility_control.h
[3.606s] -- Up-to-date symlink: /home/ignatj/ros2_ws/install/turtlesim/include/turtlesim/turtlesim/srv/detail/kill__functions.h
[3.606s] -- Up-to-date symlink: /home/ignatj/ros2_ws/install/turtlesim/include/turtlesim/turtlesim/srv/detail/kill__struct.h
[3.606s] -- Up-to-date symlink: /home/ignatj/ros2_ws/install/turtlesim/include/turtlesim/turtlesim/srv/detail/kill__type_support.h
[3.607s] -- Up-to-date symlink: /home/ignatj/ros2_ws/install/turtlesim/include/turtlesim/turtlesim/srv/detail/set_pen__functions.h
[3.607s] -- Up-to-date symlink: /home/ignatj/ros2_ws/install/turtlesim/include/turtlesim/turtlesim/srv/detail/set_pen__struct.h
[3.607s] -- Up-to-date symlink: /home/ignatj/ros2_ws/install/turtlesim/include/turtlesim/turtlesim/srv/detail/set_pen__type_support.h
[3.607s] -- Up-to-date symlink: /home/ignatj/ros2_ws/install/turtlesim/include/turtlesim/turtlesim/srv/detail/spawn__functions.h
[3.607s] -- Up-to-date symlink: /home/ignatj/ros2_ws/install/turtlesim/include/turtlesim/turtlesim/srv/detail/spawn__struct.h
[3.608s] -- Up-to-date symlink: /home/ignatj/ros2_ws/install/turtlesim/include/turtlesim/turtlesim/srv/detail/spawn__type_support.h
[3.609s] -- Up-to-date symlink: /home/ignatj/ros2_ws/install/turtlesim/include/turtlesim/turtlesim/srv/detail/teleport_absolute__functions.h
[3.609s] -- Up-to-date symlink: /home/ignatj/ros2_ws/install/turtlesim/include/turtlesim/turtlesim/srv/detail/teleport_absolute__struct.h
[3.609s] -- Up-to-date symlink: /home/ignatj/ros2_ws/install/turtlesim/include/turtlesim/turtlesim/srv/detail/teleport_absolute__type_support.h
[3.610s] -- Up-to-date symlink: /home/ignatj/ros2_ws/install/turtlesim/include/turtlesim/turtlesim/srv/detail/teleport_relative__functions.h
[3.610s] -- Up-to-date symlink: /home/ignatj/ros2_ws/install/turtlesim/include/turtlesim/turtlesim/srv/detail/teleport_relative__struct.h
[3.610s] -- Up-to-date symlink: /home/ignatj/ros2_ws/install/turtlesim/include/turtlesim/turtlesim/srv/detail/teleport_relative__type_support.h
[3.611s] -- Up-to-date symlink: /home/ignatj/ros2_ws/install/turtlesim/include/turtlesim/turtlesim/srv/kill.h
[3.611s] -- Up-to-date symlink: /home/ignatj/ros2_ws/install/turtlesim/include/turtlesim/turtlesim/srv/set_pen.h
[3.611s] -- Up-to-date symlink: /home/ignatj/ros2_ws/install/turtlesim/include/turtlesim/turtlesim/srv/spawn.h
[3.613s] -- Up-to-date symlink: /home/ignatj/ros2_ws/install/turtlesim/include/turtlesim/turtlesim/srv/teleport_absolute.h
[3.614s] -- Up-to-date symlink: /home/ignatj/ros2_ws/install/turtlesim/include/turtlesim/turtlesim/srv/teleport_relative.h
[3.614s] -- Up-to-date symlink: /home/ignatj/ros2_ws/install/turtlesim/share/turtlesim/environment/library_path.sh
[3.615s] -- Up-to-date symlink: /home/ignatj/ros2_ws/install/turtlesim/share/turtlesim/environment/library_path.dsv
[3.615s] -- Up-to-date symlink: /home/ignatj/ros2_ws/install/turtlesim/include/turtlesim/turtlesim/action/detail/rotate_absolute__rosidl_typesupport_fastrtps_c.h
[3.616s] -- Up-to-date symlink: /home/ignatj/ros2_ws/install/turtlesim/include/turtlesim/turtlesim/msg/detail/color__rosidl_typesupport_fastrtps_c.h
[3.617s] -- Up-to-date symlink: /home/ignatj/ros2_ws/install/turtlesim/include/turtlesim/turtlesim/msg/detail/pose__rosidl_typesupport_fastrtps_c.h
[3.617s] -- Up-to-date symlink: /home/ignatj/ros2_ws/install/turtlesim/include/turtlesim/turtlesim/msg/rosidl_typesupport_fastrtps_c__visibility_control.h
[3.618s] -- Up-to-date symlink: /home/ignatj/ros2_ws/install/turtlesim/include/turtlesim/turtlesim/srv/detail/kill__rosidl_typesupport_fastrtps_c.h
[3.618s] -- Up-to-date symlink: /home/ignatj/ros2_ws/install/turtlesim/include/turtlesim/turtlesim/srv/detail/set_pen__rosidl_typesupport_fastrtps_c.h
[3.620s] -- Up-to-date symlink: /home/ignatj/ros2_ws/install/turtlesim/include/turtlesim/turtlesim/srv/detail/spawn__rosidl_typesupport_fastrtps_c.h
[3.624s] -- Up-to-date symlink: /home/ignatj/ros2_ws/install/turtlesim/include/turtlesim/turtlesim/srv/detail/teleport_absolute__rosidl_typesupport_fastrtps_c.h
[3.629s] -- Up-to-date symlink: /home/ignatj/ros2_ws/install/turtlesim/include/turtlesim/turtlesim/srv/detail/teleport_relative__rosidl_typesupport_fastrtps_c.h
[3.630s] -- Up-to-date symlink: /home/ignatj/ros2_ws/install/turtlesim/include/turtlesim/turtlesim/action/detail/rotate_absolute__builder.hpp
[3.630s] -- Up-to-date symlink: /home/ignatj/ros2_ws/install/turtlesim/include/turtlesim/turtlesim/action/detail/rotate_absolute__struct.hpp
[3.631s] -- Up-to-date symlink: /home/ignatj/ros2_ws/install/turtlesim/include/turtlesim/turtlesim/action/detail/rotate_absolute__traits.hpp
[3.632s] -- Up-to-date symlink: /home/ignatj/ros2_ws/install/turtlesim/include/turtlesim/turtlesim/action/rotate_absolute.hpp
[3.633s] -- Up-to-date symlink: /home/ignatj/ros2_ws/install/turtlesim/include/turtlesim/turtlesim/msg/color.hpp
[3.633s] -- Up-to-date symlink: /home/ignatj/ros2_ws/install/turtlesim/include/turtlesim/turtlesim/msg/detail/color__builder.hpp
[3.634s] -- Up-to-date symlink: /home/ignatj/ros2_ws/install/turtlesim/include/turtlesim/turtlesim/msg/detail/color__struct.hpp
[3.635s] -- Up-to-date symlink: /home/ignatj/ros2_ws/install/turtlesim/include/turtlesim/turtlesim/msg/detail/color__traits.hpp
[3.636s] -- Up-to-date symlink: /home/ignatj/ros2_ws/install/turtlesim/include/turtlesim/turtlesim/msg/detail/pose__builder.hpp
[3.639s] -- Up-to-date symlink: /home/ignatj/ros2_ws/install/turtlesim/include/turtlesim/turtlesim/msg/detail/pose__struct.hpp
[3.639s] -- Up-to-date symlink: /home/ignatj/ros2_ws/install/turtlesim/include/turtlesim/turtlesim/msg/detail/pose__traits.hpp
[3.640s] -- Up-to-date symlink: /home/ignatj/ros2_ws/install/turtlesim/include/turtlesim/turtlesim/msg/pose.hpp
[3.640s] -- Up-to-date symlink: /home/ignatj/ros2_ws/install/turtlesim/include/turtlesim/turtlesim/srv/detail/kill__builder.hpp
[3.640s] -- Up-to-date symlink: /home/ignatj/ros2_ws/install/turtlesim/include/turtlesim/turtlesim/srv/detail/kill__struct.hpp
[3.640s] -- Up-to-date symlink: /home/ignatj/ros2_ws/install/turtlesim/include/turtlesim/turtlesim/srv/detail/kill__traits.hpp
[3.641s] -- Up-to-date symlink: /home/ignatj/ros2_ws/install/turtlesim/include/turtlesim/turtlesim/srv/detail/set_pen__builder.hpp
[3.641s] -- Up-to-date symlink: /home/ignatj/ros2_ws/install/turtlesim/include/turtlesim/turtlesim/srv/detail/set_pen__struct.hpp
[3.641s] -- Up-to-date symlink: /home/ignatj/ros2_ws/install/turtlesim/include/turtlesim/turtlesim/srv/detail/set_pen__traits.hpp
[3.642s] -- Up-to-date symlink: /home/ignatj/ros2_ws/install/turtlesim/include/turtlesim/turtlesim/srv/detail/spawn__builder.hpp
[3.642s] -- Up-to-date symlink: /home/ignatj/ros2_ws/install/turtlesim/include/turtlesim/turtlesim/srv/detail/spawn__struct.hpp
[3.644s] -- Up-to-date symlink: /home/ignatj/ros2_ws/install/turtlesim/include/turtlesim/turtlesim/srv/detail/spawn__traits.hpp
[3.645s] -- Up-to-date symlink: /home/ignatj/ros2_ws/install/turtlesim/include/turtlesim/turtlesim/srv/detail/teleport_absolute__builder.hpp
[3.646s] -- Up-to-date symlink: /home/ignatj/ros2_ws/install/turtlesim/include/turtlesim/turtlesim/srv/detail/teleport_absolute__struct.hpp
[3.646s] -- Up-to-date symlink: /home/ignatj/ros2_ws/install/turtlesim/include/turtlesim/turtlesim/srv/detail/teleport_absolute__traits.hpp
[3.648s] -- Up-to-date symlink: /home/ignatj/ros2_ws/install/turtlesim/include/turtlesim/turtlesim/srv/detail/teleport_relative__builder.hpp
[3.649s] -- Up-to-date symlink: /home/ignatj/ros2_ws/install/turtlesim/include/turtlesim/turtlesim/srv/detail/teleport_relative__struct.hpp
[3.652s] -- Up-to-date symlink: /home/ignatj/ros2_ws/install/turtlesim/include/turtlesim/turtlesim/srv/detail/teleport_relative__traits.hpp
[3.655s] -- Up-to-date symlink: /home/ignatj/ros2_ws/install/turtlesim/include/turtlesim/turtlesim/srv/kill.hpp
[3.655s] -- Up-to-date symlink: /home/ignatj/ros2_ws/install/turtlesim/include/turtlesim/turtlesim/srv/set_pen.hpp
[3.656s] -- Up-to-date symlink: /home/ignatj/ros2_ws/install/turtlesim/include/turtlesim/turtlesim/srv/spawn.hpp
[3.657s] -- Up-to-date symlink: /home/ignatj/ros2_ws/install/turtlesim/include/turtlesim/turtlesim/srv/teleport_absolute.hpp
[3.658s] -- Up-to-date symlink: /home/ignatj/ros2_ws/install/turtlesim/include/turtlesim/turtlesim/srv/teleport_relative.hpp
[3.658s] -- Up-to-date symlink: /home/ignatj/ros2_ws/install/turtlesim/include/turtlesim/turtlesim/action/detail/rotate_absolute__rosidl_typesupport_fastrtps_cpp.hpp
[3.659s] -- Up-to-date symlink: /home/ignatj/ros2_ws/install/turtlesim/include/turtlesim/turtlesim/msg/detail/color__rosidl_typesupport_fastrtps_cpp.hpp
[3.660s] -- Up-to-date symlink: /home/ignatj/ros2_ws/install/turtlesim/include/turtlesim/turtlesim/msg/detail/pose__rosidl_typesupport_fastrtps_cpp.hpp
[3.661s] -- Up-to-date symlink: /home/ignatj/ros2_ws/install/turtlesim/include/turtlesim/turtlesim/msg/rosidl_typesupport_fastrtps_cpp__visibility_control.h
[3.661s] -- Up-to-date symlink: /home/ignatj/ros2_ws/install/turtlesim/include/turtlesim/turtlesim/srv/detail/kill__rosidl_typesupport_fastrtps_cpp.hpp
[3.662s] -- Up-to-date symlink: /home/ignatj/ros2_ws/install/turtlesim/include/turtlesim/turtlesim/srv/detail/set_pen__rosidl_typesupport_fastrtps_cpp.hpp
[3.662s] -- Up-to-date symlink: /home/ignatj/ros2_ws/install/turtlesim/include/turtlesim/turtlesim/srv/detail/spawn__rosidl_typesupport_fastrtps_cpp.hpp
[3.662s] -- Up-to-date symlink: /home/ignatj/ros2_ws/install/turtlesim/include/turtlesim/turtlesim/srv/detail/teleport_absolute__rosidl_typesupport_fastrtps_cpp.hpp
[3.662s] -- Up-to-date symlink: /home/ignatj/ros2_ws/install/turtlesim/include/turtlesim/turtlesim/srv/detail/teleport_relative__rosidl_typesupport_fastrtps_cpp.hpp
[3.663s] -- Up-to-date symlink: /home/ignatj/ros2_ws/install/turtlesim/include/turtlesim/turtlesim/action/detail/rotate_absolute__rosidl_typesupport_introspection_c.h
[3.664s] -- Up-to-date symlink: /home/ignatj/ros2_ws/install/turtlesim/include/turtlesim/turtlesim/msg/detail/color__rosidl_typesupport_introspection_c.h
[3.665s] -- Up-to-date symlink: /home/ignatj/ros2_ws/install/turtlesim/include/turtlesim/turtlesim/msg/detail/pose__rosidl_typesupport_introspection_c.h
[3.665s] -- Up-to-date symlink: /home/ignatj/ros2_ws/install/turtlesim/include/turtlesim/turtlesim/msg/rosidl_typesupport_introspection_c__visibility_control.h
[3.666s] -- Up-to-date symlink: /home/ignatj/ros2_ws/install/turtlesim/include/turtlesim/turtlesim/srv/detail/kill__rosidl_typesupport_introspection_c.h
[3.666s] -- Up-to-date symlink: /home/ignatj/ros2_ws/install/turtlesim/include/turtlesim/turtlesim/srv/detail/set_pen__rosidl_typesupport_introspection_c.h
[3.666s] -- Up-to-date symlink: /home/ignatj/ros2_ws/install/turtlesim/include/turtlesim/turtlesim/srv/detail/spawn__rosidl_typesupport_introspection_c.h
[3.667s] -- Up-to-date symlink: /home/ignatj/ros2_ws/install/turtlesim/include/turtlesim/turtlesim/srv/detail/teleport_absolute__rosidl_typesupport_introspection_c.h
[3.667s] -- Up-to-date symlink: /home/ignatj/ros2_ws/install/turtlesim/include/turtlesim/turtlesim/srv/detail/teleport_relative__rosidl_typesupport_introspection_c.h
[3.667s] -- Up-to-date symlink: /home/ignatj/ros2_ws/install/turtlesim/include/turtlesim/turtlesim/action/detail/rotate_absolute__rosidl_typesupport_introspection_cpp.hpp
[3.667s] -- Up-to-date symlink: /home/ignatj/ros2_ws/install/turtlesim/include/turtlesim/turtlesim/msg/detail/color__rosidl_typesupport_introspection_cpp.hpp
[3.667s] -- Up-to-date symlink: /home/ignatj/ros2_ws/install/turtlesim/include/turtlesim/turtlesim/msg/detail/pose__rosidl_typesupport_introspection_cpp.hpp
[3.668s] -- Up-to-date symlink: /home/ignatj/ros2_ws/install/turtlesim/include/turtlesim/turtlesim/srv/detail/kill__rosidl_typesupport_introspection_cpp.hpp
[3.671s] -- Up-to-date symlink: /home/ignatj/ros2_ws/install/turtlesim/include/turtlesim/turtlesim/srv/detail/set_pen__rosidl_typesupport_introspection_cpp.hpp
[3.673s] -- Up-to-date symlink: /home/ignatj/ros2_ws/install/turtlesim/include/turtlesim/turtlesim/srv/detail/spawn__rosidl_typesupport_introspection_cpp.hpp
[3.674s] -- Up-to-date symlink: /home/ignatj/ros2_ws/install/turtlesim/include/turtlesim/turtlesim/srv/detail/teleport_absolute__rosidl_typesupport_introspection_cpp.hpp
[3.674s] -- Up-to-date symlink: /home/ignatj/ros2_ws/install/turtlesim/include/turtlesim/turtlesim/srv/detail/teleport_relative__rosidl_typesupport_introspection_cpp.hpp
[3.675s] -- Up-to-date symlink: /home/ignatj/ros2_ws/install/turtlesim/share/turtlesim/environment/pythonpath.sh
[3.675s] -- Up-to-date symlink: /home/ignatj/ros2_ws/install/turtlesim/share/turtlesim/environment/pythonpath.dsv
[3.675s] -- Up-to-date symlink: /home/ignatj/ros2_ws/install/turtlesim/local/lib/python3.10/dist-packages/turtlesim-1.4.2-py3.10.egg-info/PKG-INFO
[3.676s] -- Up-to-date symlink: /home/ignatj/ros2_ws/install/turtlesim/local/lib/python3.10/dist-packages/turtlesim-1.4.2-py3.10.egg-info/SOURCES.txt
[3.677s] -- Up-to-date symlink: /home/ignatj/ros2_ws/install/turtlesim/local/lib/python3.10/dist-packages/turtlesim-1.4.2-py3.10.egg-info/dependency_links.txt
[3.677s] -- Up-to-date symlink: /home/ignatj/ros2_ws/install/turtlesim/local/lib/python3.10/dist-packages/turtlesim-1.4.2-py3.10.egg-info/top_level.txt
[3.678s] -- Up-to-date symlink: /home/ignatj/ros2_ws/install/turtlesim/local/lib/python3.10/dist-packages/turtlesim/__init__.py
[3.678s] -- Up-to-date symlink: /home/ignatj/ros2_ws/install/turtlesim/local/lib/python3.10/dist-packages/turtlesim/_turtlesim_s.ep.rosidl_typesupport_c.c
[3.679s] -- Up-to-date symlink: /home/ignatj/ros2_ws/install/turtlesim/local/lib/python3.10/dist-packages/turtlesim/_turtlesim_s.ep.rosidl_typesupport_fastrtps_c.c
[3.681s] -- Up-to-date symlink: /home/ignatj/ros2_ws/install/turtlesim/local/lib/python3.10/dist-packages/turtlesim/_turtlesim_s.ep.rosidl_typesupport_introspection_c.c
[3.682s] -- Up-to-date symlink: /home/ignatj/ros2_ws/install/turtlesim/local/lib/python3.10/dist-packages/turtlesim/action/__init__.py
[3.682s] -- Up-to-date symlink: /home/ignatj/ros2_ws/install/turtlesim/local/lib/python3.10/dist-packages/turtlesim/action/_rotate_absolute.py
[3.683s] -- Up-to-date symlink: /home/ignatj/ros2_ws/install/turtlesim/local/lib/python3.10/dist-packages/turtlesim/action/_rotate_absolute_s.c
[3.683s] -- Up-to-date symlink: /home/ignatj/ros2_ws/install/turtlesim/local/lib/python3.10/dist-packages/turtlesim/libturtlesim__rosidl_generator_py.so
[3.687s] -- Up-to-date symlink: /home/ignatj/ros2_ws/install/turtlesim/local/lib/python3.10/dist-packages/turtlesim/msg/__init__.py
[3.687s] -- Up-to-date symlink: /home/ignatj/ros2_ws/install/turtlesim/local/lib/python3.10/dist-packages/turtlesim/msg/_color.py
[3.689s] -- Up-to-date symlink: /home/ignatj/ros2_ws/install/turtlesim/local/lib/python3.10/dist-packages/turtlesim/msg/_color_s.c
[3.689s] -- Up-to-date symlink: /home/ignatj/ros2_ws/install/turtlesim/local/lib/python3.10/dist-packages/turtlesim/msg/_pose.py
[3.690s] -- Up-to-date symlink: /home/ignatj/ros2_ws/install/turtlesim/local/lib/python3.10/dist-packages/turtlesim/msg/_pose_s.c
[3.690s] -- Up-to-date symlink: /home/ignatj/ros2_ws/install/turtlesim/local/lib/python3.10/dist-packages/turtlesim/srv/__init__.py
[3.691s] -- Up-to-date symlink: /home/ignatj/ros2_ws/install/turtlesim/local/lib/python3.10/dist-packages/turtlesim/srv/_kill.py
[3.691s] -- Up-to-date symlink: /home/ignatj/ros2_ws/install/turtlesim/local/lib/python3.10/dist-packages/turtlesim/srv/_kill_s.c
[3.692s] -- Up-to-date symlink: /home/ignatj/ros2_ws/install/turtlesim/local/lib/python3.10/dist-packages/turtlesim/srv/_set_pen.py
[3.693s] -- Up-to-date symlink: /home/ignatj/ros2_ws/install/turtlesim/local/lib/python3.10/dist-packages/turtlesim/srv/_set_pen_s.c
[3.693s] -- Up-to-date symlink: /home/ignatj/ros2_ws/install/turtlesim/local/lib/python3.10/dist-packages/turtlesim/srv/_spawn.py
[3.694s] -- Up-to-date symlink: /home/ignatj/ros2_ws/install/turtlesim/local/lib/python3.10/dist-packages/turtlesim/srv/_spawn_s.c
[3.694s] -- Up-to-date symlink: /home/ignatj/ros2_ws/install/turtlesim/local/lib/python3.10/dist-packages/turtlesim/srv/_teleport_absolute.py
[3.695s] -- Up-to-date symlink: /home/ignatj/ros2_ws/install/turtlesim/local/lib/python3.10/dist-packages/turtlesim/srv/_teleport_absolute_s.c
[3.695s] -- Up-to-date symlink: /home/ignatj/ros2_ws/install/turtlesim/local/lib/python3.10/dist-packages/turtlesim/srv/_teleport_relative.py
[3.696s] -- Up-to-date symlink: /home/ignatj/ros2_ws/install/turtlesim/local/lib/python3.10/dist-packages/turtlesim/srv/_teleport_relative_s.c
[3.696s] -- Up-to-date symlink: /home/ignatj/ros2_ws/install/turtlesim/local/lib/python3.10/dist-packages/turtlesim/turtlesim_s__rosidl_typesupport_c.cpython-310-x86_64-linux-gnu.so
[3.697s] -- Up-to-date symlink: /home/ignatj/ros2_ws/install/turtlesim/local/lib/python3.10/dist-packages/turtlesim/turtlesim_s__rosidl_typesupport_fastrtps_c.cpython-310-x86_64-linux-gnu.so
[3.697s] -- Up-to-date symlink: /home/ignatj/ros2_ws/install/turtlesim/local/lib/python3.10/dist-packages/turtlesim/turtlesim_s__rosidl_typesupport_introspection_c.cpython-310-x86_64-linux-gnu.so
[3.698s] -- Up-to-date symlink: /home/ignatj/ros2_ws/install/turtlesim/local/lib/python3.10/dist-packages/turtlesim/turtlesim_s__rosidl_typesupport_fastrtps_c.cpython-310-x86_64-linux-gnu.so
[3.699s] -- Up-to-date symlink: /home/ignatj/ros2_ws/install/turtlesim/local/lib/python3.10/dist-packages/turtlesim/turtlesim_s__rosidl_typesupport_introspection_c.cpython-310-x86_64-linux-gnu.so
[3.699s] -- Up-to-date symlink: /home/ignatj/ros2_ws/install/turtlesim/local/lib/python3.10/dist-packages/turtlesim/turtlesim_s__rosidl_typesupport_c.cpython-310-x86_64-linux-gnu.so
[3.700s] -- Up-to-date symlink: /home/ignatj/ros2_ws/install/turtlesim/share/turtlesim/action/RotateAbsolute.idl
[3.700s] -- Up-to-date symlink: /home/ignatj/ros2_ws/install/turtlesim/share/turtlesim/msg/Color.idl
[3.705s] -- Up-to-date symlink: /home/ignatj/ros2_ws/install/turtlesim/share/turtlesim/msg/Pose.idl
[3.706s] -- Up-to-date symlink: /home/ignatj/ros2_ws/install/turtlesim/share/turtlesim/srv/Kill.idl
[3.707s] -- Up-to-date symlink: /home/ignatj/ros2_ws/install/turtlesim/share/turtlesim/srv/SetPen.idl
[3.707s] -- Up-to-date symlink: /home/ignatj/ros2_ws/install/turtlesim/share/turtlesim/srv/Spawn.idl
[3.708s] -- Up-to-date symlink: /home/ignatj/ros2_ws/install/turtlesim/share/turtlesim/srv/TeleportAbsolute.idl
[3.709s] -- Up-to-date symlink: /home/ignatj/ros2_ws/install/turtlesim/share/turtlesim/srv/TeleportRelative.idl
[3.709s] -- Up-to-date symlink: /home/ignatj/ros2_ws/install/turtlesim/share/turtlesim/action/RotateAbsolute.action
[3.710s] -- Up-to-date symlink: /home/ignatj/ros2_ws/install/turtlesim/share/turtlesim/msg/Color.msg
[3.710s] -- Up-to-date symlink: /home/ignatj/ros2_ws/install/turtlesim/share/turtlesim/msg/Pose.msg
[3.711s] -- Up-to-date symlink: /home/ignatj/ros2_ws/install/turtlesim/share/turtlesim/srv/Kill.srv
[3.711s] -- Up-to-date symlink: /home/ignatj/ros2_ws/install/turtlesim/share/turtlesim/srv/Kill_Request.msg
[3.712s] -- Up-to-date symlink: /home/ignatj/ros2_ws/install/turtlesim/share/turtlesim/srv/Kill_Response.msg
[3.713s] -- Up-to-date symlink: /home/ignatj/ros2_ws/install/turtlesim/share/turtlesim/srv/SetPen.srv
[3.714s] -- Up-to-date symlink: /home/ignatj/ros2_ws/install/turtlesim/share/turtlesim/srv/SetPen_Request.msg
[3.714s] -- Up-to-date symlink: /home/ignatj/ros2_ws/install/turtlesim/share/turtlesim/srv/SetPen_Response.msg
[3.714s] -- Up-to-date symlink: /home/ignatj/ros2_ws/install/turtlesim/share/turtlesim/srv/Spawn.srv
[3.715s] -- Up-to-date symlink: /home/ignatj/ros2_ws/install/turtlesim/share/turtlesim/srv/Spawn_Request.msg
[3.715s] -- Up-to-date symlink: /home/ignatj/ros2_ws/install/turtlesim/share/turtlesim/srv/Spawn_Response.msg
[3.715s] -- Up-to-date symlink: /home/ignatj/ros2_ws/install/turtlesim/share/turtlesim/srv/TeleportAbsolute.srv
[3.715s] -- Up-to-date symlink: /home/ignatj/ros2_ws/install/turtlesim/share/turtlesim/srv/TeleportAbsolute_Request.msg
[3.716s] -- Up-to-date symlink: /home/ignatj/ros2_ws/install/turtlesim/share/turtlesim/srv/TeleportAbsolute_Response.msg
[3.716s] -- Up-to-date symlink: /home/ignatj/ros2_ws/install/turtlesim/share/turtlesim/srv/TeleportRelative.srv
[3.716s] -- Up-to-date symlink: /home/ignatj/ros2_ws/install/turtlesim/share/turtlesim/srv/TeleportRelative_Request.msg
[3.717s] -- Up-to-date symlink: /home/ignatj/ros2_ws/install/turtlesim/share/turtlesim/srv/TeleportRelative_Response.msg
[3.717s] -- Up-to-date symlink: /home/ignatj/ros2_ws/install/turtlesim/lib/turtlesim/turtlesim_node
[3.717s] -- Up-to-date symlink: /home/ignatj/ros2_ws/install/turtlesim/lib/turtlesim/turtle_teleop_key
[3.717s] -- Up-to-date symlink: /home/ignatj/ros2_ws/install/turtlesim/lib/turtlesim/draw_square
[3.718s] -- Up-to-date symlink: /home/ignatj/ros2_ws/install/turtlesim/lib/turtlesim/mimic
[3.719s] -- Up-to-date symlink: /home/ignatj/ros2_ws/install/turtlesim/share/turtlesim/launch/multisim.launch.py
[3.720s] -- Up-to-date symlink: /home/ignatj/ros2_ws/install/turtlesim/share/ament_index/resource_index/package_run_dependencies/turtlesim
[3.720s] -- Up-to-date symlink: /home/ignatj/ros2_ws/install/turtlesim/share/ament_index/resource_index/parent_prefix_path/turtlesim
[3.720s] -- Up-to-date symlink: /home/ignatj/ros2_ws/install/turtlesim/share/turtlesim/environment/ament_prefix_path.sh
[3.720s] -- Up-to-date symlink: /home/ignatj/ros2_ws/install/turtlesim/share/turtlesim/environment/ament_prefix_path.dsv
[3.721s] -- Up-to-date symlink: /home/ignatj/ros2_ws/install/turtlesim/share/turtlesim/environment/path.sh
[3.721s] -- Up-to-date symlink: /home/ignatj/ros2_ws/install/turtlesim/share/turtlesim/environment/path.dsv
[3.721s] -- Up-to-date symlink: /home/ignatj/ros2_ws/install/turtlesim/share/turtlesim/local_setup.bash
[3.721s] -- Up-to-date symlink: /home/ignatj/ros2_ws/install/turtlesim/share/turtlesim/local_setup.sh
[3.722s] -- Up-to-date symlink: /home/ignatj/ros2_ws/install/turtlesim/share/turtlesim/local_setup.zsh
[3.722s] -- Up-to-date symlink: /home/ignatj/ros2_ws/install/turtlesim/share/turtlesim/local_setup.dsv
[3.722s] -- Symlinking: /home/ignatj/ros2_ws/install/turtlesim/share/turtlesim/package.dsv
[3.737s] -- Up-to-date symlink: /home/ignatj/ros2_ws/install/turtlesim/share/ament_index/resource_index/packages/turtlesim
[3.738s] -- Up-to-date symlink: /home/ignatj/ros2_ws/install/turtlesim/share/turtlesim/cmake/rosidl_cmake-extras.cmake
[3.738s] -- Up-to-date symlink: /home/ignatj/ros2_ws/install/turtlesim/share/turtlesim/cmake/ament_cmake_export_dependencies-extras.cmake
[3.739s] -- Up-to-date symlink: /home/ignatj/ros2_ws/install/turtlesim/share/turtlesim/cmake/ament_cmake_export_include_directories-extras.cmake
[3.739s] -- Up-to-date symlink: /home/ignatj/ros2_ws/install/turtlesim/share/turtlesim/cmake/ament_cmake_export_libraries-extras.cmake
[3.741s] -- Up-to-date symlink: /home/ignatj/ros2_ws/install/turtlesim/share/turtlesim/cmake/ament_cmake_export_targets-extras.cmake
[3.741s] -- Up-to-date symlink: /home/ignatj/ros2_ws/install/turtlesim/share/turtlesim/cmake/rosidl_cmake_export_typesupport_targets-extras.cmake
[3.742s] -- Up-to-date symlink: /home/ignatj/ros2_ws/install/turtlesim/share/turtlesim/cmake/rosidl_cmake_export_typesupport_libraries-extras.cmake
[3.743s] -- Up-to-date symlink: /home/ignatj/ros2_ws/install/turtlesim/share/turtlesim/cmake/turtlesimConfig.cmake
[3.744s] -- Up-to-date symlink: /home/ignatj/ros2_ws/install/turtlesim/share/turtlesim/cmake/turtlesimConfig-version.cmake
[3.745s] -- Up-to-date symlink: /home/ignatj/ros2_ws/install/turtlesim/share/turtlesim/package.xml
[3.748s] -- Up-to-date: /home/ignatj/ros2_ws/install/turtlesim/lib/libturtlesim__rosidl_generator_c.so
[3.751s] -- Up-to-date: /home/ignatj/ros2_ws/install/turtlesim/lib/libturtlesim__rosidl_typesupport_fastrtps_c.so
[3.751s] -- Up-to-date: /home/ignatj/ros2_ws/install/turtlesim/lib/libturtlesim__rosidl_typesupport_fastrtps_cpp.so
[3.752s] -- Up-to-date: /home/ignatj/ros2_ws/install/turtlesim/lib/libturtlesim__rosidl_typesupport_introspection_c.so
[3.752s] -- Up-to-date: /home/ignatj/ros2_ws/install/turtlesim/lib/libturtlesim__rosidl_typesupport_c.so
[3.754s] -- Up-to-date: /home/ignatj/ros2_ws/install/turtlesim/lib/libturtlesim__rosidl_typesupport_introspection_cpp.so
[3.754s] -- Up-to-date: /home/ignatj/ros2_ws/install/turtlesim/lib/libturtlesim__rosidl_typesupport_cpp.so
[3.841s] Listing '/home/ignatj/ros2_ws/install/turtlesim/local/lib/python3.10/dist-packages/turtlesim'...
[3.842s] Listing '/home/ignatj/ros2_ws/install/turtlesim/local/lib/python3.10/dist-packages/turtlesim/action'...
[3.845s] Listing '/home/ignatj/ros2_ws/install/turtlesim/local/lib/python3.10/dist-packages/turtlesim/msg'...
[3.845s] Listing '/home/ignatj/ros2_ws/install/turtlesim/local/lib/python3.10/dist-packages/turtlesim/srv'...
[3.858s] -- Up-to-date: /home/ignatj/ros2_ws/install/turtlesim/lib/libturtlesim__rosidl_generator_py.so
[3.859s] -- Up-to-date: /home/ignatj/ros2_ws/install/turtlesim/share/turtlesim/images
[3.862s] -- Up-to-date: /home/ignatj/ros2_ws/install/turtlesim/share/turtlesim/images/ardent.png
[3.863s] -- Up-to-date: /home/ignatj/ros2_ws/install/turtlesim/share/turtlesim/images/dashing.png
[3.863s] -- Up-to-date: /home/ignatj/ros2_ws/install/turtlesim/share/turtlesim/images/eloquent.png
[3.864s] -- Up-to-date: /home/ignatj/ros2_ws/install/turtlesim/share/turtlesim/images/bouncy.png
[3.871s] -- Up-to-date: /home/ignatj/ros2_ws/install/turtlesim/share/turtlesim/images/crystal.png
[3.871s] -- Up-to-date: /home/ignatj/ros2_ws/install/turtlesim/share/turtlesim/images/foxy.png
[3.872s] -- Up-to-date: /home/ignatj/ros2_ws/install/turtlesim/share/turtlesim/images/rolling.png
[3.872s] -- Up-to-date: /home/ignatj/ros2_ws/install/turtlesim/share/turtlesim/images/humble.png
[3.876s] -- Up-to-date: /home/ignatj/ros2_ws/install/turtlesim/share/turtlesim/images/galactic.png
[3.877s] -- Up-to-date: /home/ignatj/ros2_ws/install/turtlesim/share/turtlesim/cmake/export_turtlesim__rosidl_generator_cExport.cmake
[3.877s] -- Up-to-date: /home/ignatj/ros2_ws/install/turtlesim/share/turtlesim/cmake/export_turtlesim__rosidl_generator_cExport-noconfig.cmake
[3.878s] -- Up-to-date: /home/ignatj/ros2_ws/install/turtlesim/share/turtlesim/cmake/export_turtlesim__rosidl_typesupport_fastrtps_cExport.cmake
[3.878s] -- Up-to-date: /home/ignatj/ros2_ws/install/turtlesim/share/turtlesim/cmake/export_turtlesim__rosidl_typesupport_fastrtps_cExport-noconfig.cmake
[3.878s] -- Up-to-date: /home/ignatj/ros2_ws/install/turtlesim/share/turtlesim/cmake/export_turtlesim__rosidl_generator_cppExport.cmake
[3.879s] -- Up-to-date: /home/ignatj/ros2_ws/install/turtlesim/share/turtlesim/cmake/export_turtlesim__rosidl_typesupport_fastrtps_cppExport.cmake
[3.883s] -- Up-to-date: /home/ignatj/ros2_ws/install/turtlesim/share/turtlesim/cmake/export_turtlesim__rosidl_typesupport_fastrtps_cppExport-noconfig.cmake
[3.889s] -- Up-to-date: /home/ignatj/ros2_ws/install/turtlesim/share/turtlesim/cmake/turtlesim__rosidl_typesupport_introspection_cExport.cmake
[3.893s] -- Up-to-date: /home/ignatj/ros2_ws/install/turtlesim/share/turtlesim/cmake/turtlesim__rosidl_typesupport_introspection_cExport-noconfig.cmake
[3.893s] -- Up-to-date: /home/ignatj/ros2_ws/install/turtlesim/share/turtlesim/cmake/turtlesim__rosidl_typesupport_cExport.cmake
[3.894s] -- Up-to-date: /home/ignatj/ros2_ws/install/turtlesim/share/turtlesim/cmake/turtlesim__rosidl_typesupport_cExport-noconfig.cmake
[3.895s] -- Up-to-date: /home/ignatj/ros2_ws/install/turtlesim/share/turtlesim/cmake/turtlesim__rosidl_typesupport_introspection_cppExport.cmake
[3.897s] -- Up-to-date: /home/ignatj/ros2_ws/install/turtlesim/share/turtlesim/cmake/turtlesim__rosidl_typesupport_introspection_cppExport-noconfig.cmake
[3.898s] -- Up-to-date: /home/ignatj/ros2_ws/install/turtlesim/share/turtlesim/cmake/turtlesim__rosidl_typesupport_cppExport.cmake
[3.898s] -- Up-to-date: /home/ignatj/ros2_ws/install/turtlesim/share/turtlesim/cmake/turtlesim__rosidl_typesupport_cppExport-noconfig.cmake
[3.899s] -- Up-to-date: /home/ignatj/ros2_ws/install/turtlesim/share/turtlesim/cmake/export_turtlesim__rosidl_generator_pyExport.cmake
[3.899s] -- Up-to-date: /home/ignatj/ros2_ws/install/turtlesim/share/turtlesim/cmake/export_turtlesim__rosidl_generator_pyExport-noconfig.cmake
[4.013s] Invoked command in '/home/ignatj/ros2_ws/build/turtlesim' returned '0': CMAKE_PREFIX_PATH=${CMAKE_PREFIX_PATH}:/home/ignatj/ros2_ws/install/turtlebot3_teleop:/home/ignatj/ros2_ws/install/turtlebot3_example:/home/ignatj/ros2_ws/install/my_robot_controller:/opt/ros/humble /usr/bin/cmake --install /home/ignatj/ros2_ws/build/turtlesim
